[2024-01-06T09:00:06.171+0000] {taskinstance.py:1083} INFO - Dependencies all met for <TaskInstance: dag_v1.print_date scheduled__2024-01-05T09:00:00+00:00 [queued]>
[2024-01-06T09:00:06.249+0000] {taskinstance.py:1083} INFO - Dependencies all met for <TaskInstance: dag_v1.print_date scheduled__2024-01-05T09:00:00+00:00 [queued]>
[2024-01-06T09:00:06.249+0000] {taskinstance.py:1279} INFO - 
--------------------------------------------------------------------------------
[2024-01-06T09:00:06.249+0000] {taskinstance.py:1280} INFO - Starting attempt 1 of 2
[2024-01-06T09:00:06.249+0000] {taskinstance.py:1281} INFO - 
--------------------------------------------------------------------------------
[2024-01-06T09:00:06.392+0000] {taskinstance.py:1300} INFO - Executing <Task(BashOperator): print_date> on 2024-01-05 09:00:00+00:00
[2024-01-06T09:00:06.419+0000] {standard_task_runner.py:55} INFO - Started process 679 to run task
[2024-01-06T09:00:06.433+0000] {standard_task_runner.py:82} INFO - Running: ['***', 'tasks', 'run', 'dag_v1', 'print_date', 'scheduled__2024-01-05T09:00:00+00:00', '--job-id', '413', '--raw', '--subdir', 'DAGS_FOLDER/TestDAG.py', '--cfg-path', '/tmp/tmp6sl5rjqr']
[2024-01-06T09:00:06.433+0000] {standard_task_runner.py:83} INFO - Job 413: Subtask print_date
[2024-01-06T09:00:06.935+0000] {task_command.py:388} INFO - Running <TaskInstance: dag_v1.print_date scheduled__2024-01-05T09:00:00+00:00 [running]> on host 94a41844be4a
[2024-01-06T09:00:07.603+0000] {taskinstance.py:1509} INFO - Exporting the following env vars:
AIRFLOW_CTX_DAG_EMAIL=keeyonghan@hotmail.com
AIRFLOW_CTX_DAG_OWNER=keeyong
AIRFLOW_CTX_DAG_ID=dag_v1
AIRFLOW_CTX_TASK_ID=print_date
AIRFLOW_CTX_EXECUTION_DATE=2024-01-05T09:00:00+00:00
AIRFLOW_CTX_TRY_NUMBER=1
AIRFLOW_CTX_DAG_RUN_ID=scheduled__2024-01-05T09:00:00+00:00
[2024-01-06T09:00:07.639+0000] {subprocess.py:63} INFO - Tmp dir root location: 
 /tmp
[2024-01-06T09:00:07.639+0000] {subprocess.py:75} INFO - Running command: ['/bin/bash', '-c', 'date']
[2024-01-06T09:00:07.761+0000] {subprocess.py:86} INFO - Output:
[2024-01-06T09:00:07.857+0000] {subprocess.py:93} INFO - Sat Jan  6 09:00:07 UTC 2024
[2024-01-06T09:00:07.858+0000] {subprocess.py:97} INFO - Command exited with return code 0
[2024-01-06T09:00:08.000+0000] {taskinstance.py:1323} INFO - Marking task as SUCCESS. dag_id=dag_v1, task_id=print_date, execution_date=20240105T090000, start_date=20240106T090006, end_date=20240106T090008
[2024-01-06T09:00:08.162+0000] {local_task_job.py:208} INFO - Task exited with return code 0
[2024-01-06T09:00:08.277+0000] {taskinstance.py:2578} INFO - 0 downstream tasks scheduled from follow-on schedule check
