[2024-01-17T09:28:39.909+0000] {taskinstance.py:1083} INFO - Dependencies all met for <TaskInstance: jobinfo_slack.postAndReview_sql_and_return_result manual__2024-01-17T09:28:35.465360+00:00 [queued]>
[2024-01-17T09:28:39.929+0000] {taskinstance.py:1083} INFO - Dependencies all met for <TaskInstance: jobinfo_slack.postAndReview_sql_and_return_result manual__2024-01-17T09:28:35.465360+00:00 [queued]>
[2024-01-17T09:28:39.930+0000] {taskinstance.py:1279} INFO - 
--------------------------------------------------------------------------------
[2024-01-17T09:28:39.930+0000] {taskinstance.py:1280} INFO - Starting attempt 1 of 2
[2024-01-17T09:28:39.930+0000] {taskinstance.py:1281} INFO - 
--------------------------------------------------------------------------------
[2024-01-17T09:28:39.956+0000] {taskinstance.py:1300} INFO - Executing <Task(PythonOperator): postAndReview_sql_and_return_result> on 2024-01-17 09:28:35.465360+00:00
[2024-01-17T09:28:39.961+0000] {standard_task_runner.py:55} INFO - Started process 5947 to run task
[2024-01-17T09:28:39.962+0000] {standard_task_runner.py:82} INFO - Running: ['***', 'tasks', 'run', 'jobinfo_slack', 'postAndReview_sql_and_return_result', 'manual__2024-01-17T09:28:35.465360+00:00', '--job-id', '4729', '--raw', '--subdir', 'DAGS_FOLDER/jobinfo_slack.py', '--cfg-path', '/tmp/tmp0fd3ovts']
[2024-01-17T09:28:39.963+0000] {standard_task_runner.py:83} INFO - Job 4729: Subtask postAndReview_sql_and_return_result
[2024-01-17T09:28:40.065+0000] {task_command.py:388} INFO - Running <TaskInstance: jobinfo_slack.postAndReview_sql_and_return_result manual__2024-01-17T09:28:35.465360+00:00 [running]> on host 565f6bcc10b6
[2024-01-17T09:28:40.186+0000] {taskinstance.py:1509} INFO - Exporting the following env vars:
AIRFLOW_CTX_DAG_OWNER=***
AIRFLOW_CTX_DAG_ID=jobinfo_slack
AIRFLOW_CTX_TASK_ID=postAndReview_sql_and_return_result
AIRFLOW_CTX_EXECUTION_DATE=2024-01-17T09:28:35.465360+00:00
AIRFLOW_CTX_TRY_NUMBER=1
AIRFLOW_CTX_DAG_RUN_ID=manual__2024-01-17T09:28:35.465360+00:00
[2024-01-17T09:28:40.197+0000] {base.py:73} INFO - Using connection ID 'rds_conn' for task execution.
[2024-01-17T09:28:40.249+0000] {logging_mixin.py:137} INFO - +----------------------+-----------------------------------------------------------------------------------------------+-------------------------------------------------------------------------------------------------+------------------------------------------------------------------------------------------------------------+
|        회사명        |                                              장점                                             |                                               단점                                              |                                            면접 분위기 및 답변                                             |
+----------------------+-----------------------------------------------------------------------------------------------+-------------------------------------------------------------------------------------------------+------------------------------------------------------------------------------------------------------------+
|        다큐브        |                                           정보 없음                                           |                                            정보 없음                                            |                                                 정보 없음                                                  |
|       데브툴즈       | 출퇴근, 복지가, 주어지지만, 하않이다, 그래도, 개발자들과, 얘기를, 있다는거?, 사수가, 동료들이 |    분위기임, 그대로, 입니다, 가능성이, 보이지, 않습니다, 영향인지, 분위기가, 밝지않고, 어둡고   |            면접을, 대표가, 오히려, 회사의, 말하는, 다르게, 생각보다, 본인이, 도메인에, 다른회사            |
|     레몬클라우드     |                                              없음                                             |                                               없음                                              |  중점으로, 본인의, 경험을, 회사에대해, 얼마나, 관심이있는지를, 면접보고, 주안에, 합/불, 연락준다고했지만   |
|         로민         |     재택근무, 자유로움,, 재택,, 자율출퇴근, 간식,, 일주일에, 특별한, 모임,, 점심회식, 22년    |     때문에, 공감하지, 불만이, 사람들이, 있지만, 내색하지, 22년, 초까지의, 기준입니다, 문제는    |     합니다, 코테는, 열심히, 공부하시면, 통과하실듯, 사전인터뷰에서, 난이도, 질문들을, 역할을, 했는지,      |
|         론픽         |                                           정보 없음                                           |                                            정보 없음                                            |                                                 정보 없음                                                  |
|     롯데헬스케어     |                          아점저, 대기업이지만, 개발일, 비교적, 괜찮음                         |  스타트업이기, 때문에, 대기업보단, 로드가, 잠실역이라, 2호선, 지옥철을, 견뎌야, 4시에, 퇴근해도 |       필요없는, 기술면접은, 질문보다는, CS관련, 질문의, 비중이, 높았습니다, 공부를, 꾸준히, 해두어야       |
|     마크클라우드     |       다양한, 자유로운, 않습니다, 사람이, 경험할, 회사에, 간식이, 선릉역, 않지만, 없어요      |   프로젝트를, 생각합니다, 근무가, 대해서, 존재하지, 않습니다, 없습니다, 업무에, 된다고, 부족한  |         사용했던, 기술에, 이야기, 자연어, 있다고, 3:1, 당황스럽고, 긴장됐음, 실무자분들은, 질문을          |
| 메이븐클라우드서비스 |      개인의, 그럭저럭, 나쁘지않은, 밀리지, 월급이, 나온다, OJT, 기간이, 빡빡한, 프로젝트      |   관리,, 많았음, 구축,, 데이터, 하기엔, 관리가, 고객사에게, 끌려다니며, 개발자들을, 보호해주지  |           부모님, 나이와, 하시는, 형제는, 있는지,, 여부,, 부모님이, 결혼하라고, 안하는지, 질문은           |
|      블랙탠저린      |      가야할지, 있었다, 성장할, 환경과, 능력을, 입증할, 따라오는, 책임감, 학생이라, 뭘해야     |       성장을, 위해서, 희생이, 있어야, 회사의, 목표에, 공감한다면, 괜찮음, 빡세다, 있는만큼      | 없다고, 하였는데, 좌절을, 견뎌낸, 경험담을, 듣고싶어하셨던것, 블랙탠저린, 사전과제지를, 개인적으로, 업무가 |
|      비포플레이      |                                           정보 없음                                           |                                            정보 없음                                            |                                                 정보 없음                                                  |
|     엠투클라우드     |     가정의달이, 있어서, 2주에, 한번씩, 금요일에, 4시에, 가능함, 퇴근함, 있으면, 개발부서는    |      직원을, 대하는, 연봉이, 퇴사율이, 복지가, 식비제공, 연봉낮음, 복지전무, 대표가, 경우가     |           질문에, 복잡한, 절차가, 없어서, 편했음, 가지마세요, 막힘은, 없으나, 날카로운, 당황하지           |
|    올라운드닥터스    |                                           정보 없음                                           |                                            정보 없음                                            |                                                 정보 없음                                                  |
|    월급쟁이부자들    |   있어서, 문화가, 성장할, 좋습니다, 방법을, 있습니다, 자유롭게, 99%, 사람들이, 둥글둥글하고   |       업무가, 성장이라고, 분위기, 온보딩, 필요합니다, 체계가, 공휴일,, 주말,, 새벽,, 아침,      |              답변을, 질문을, 시간을, 똑같은, 성장이, 공부가, 여러번, 회사를, 선택하는, 기준이              |
|     크리에이트립     |                                           정보 없음                                           |                                            정보 없음                                            |                                                 정보 없음                                                  |
|   클라우드호스피탈   |                        들어온다, 월급이, 밀리지, 시간에, 대부분, 아침에                       |                     기업의, 체계가, 잡혀있지, 업무에, 관해서도, 마찬가지이다                    |      답변에, 답했지만,, 답변도, 있었습니다, 하지만, 면접관들께서, 잘못된, 끝까지, 들어주시는, 열리고       |
|    키다리스튜디오    |                                              없음                                             |                                               없음                                              |           면접은, 콘텐츠에, 때문에, 어려운, 질문을, 답변을, 사람을, 느꼈습니다, 이력서를, 평이함           |
|        티니어        |      자유로운, 권한과, 책임,, 문화,, 워라밸,, 사람들,, 야근없음, 분위기와, 문화로, 회사를     | 성장성,, 열심히, 필요없고, 안주하는, 분위기, 문화나, 시스템이, 만들어지고, 중이라, 혼란스러울수 |      면접을, 처음에, 회사에, 들어갔을때, 친목데이, 사진이, 게시판에, 걸려있어서, 신기했어요, 분위기가      |
|       파인더스       |                                              없음                                             |                                               없음                                              |            같습니다, 상당히, 편하게, 가지고, 받았습니다, 회사에, 성장할, 딥러닝, 때문에, 지식을            |
|     파킹클라우드     |   자유로운, 좋았습니다, 사무실이, 깨끗하고, 건물이, 쾌적함, 구내식당, 맛있음, 주차장, 편리함  |   사람은, 인사이동이, 안정적이고, 효율적인, 운영이, 필요해, 체계가, 자기일, 아니라고, 미루기만  |                그리고, 대용량, 그만큼, 사무실, 말했음, 같다고, 연봉을, 못준다, 이렇게, 1차,                |
+----------------------+-----------------------------------------------------------------------------------------------+-------------------------------------------------------------------------------------------------+------------------------------------------------------------------------------------------------------------+
[2024-01-17T09:28:40.250+0000] {python.py:177} INFO - Done. Returned value was: +----------------------+-----------------------------------------------------------------------------------------------+-------------------------------------------------------------------------------------------------+------------------------------------------------------------------------------------------------------------+
|        회사명        |                                              장점                                             |                                               단점                                              |                                            면접 분위기 및 답변                                             |
+----------------------+-----------------------------------------------------------------------------------------------+-------------------------------------------------------------------------------------------------+------------------------------------------------------------------------------------------------------------+
|        다큐브        |                                           정보 없음                                           |                                            정보 없음                                            |                                                 정보 없음                                                  |
|       데브툴즈       | 출퇴근, 복지가, 주어지지만, 하않이다, 그래도, 개발자들과, 얘기를, 있다는거?, 사수가, 동료들이 |    분위기임, 그대로, 입니다, 가능성이, 보이지, 않습니다, 영향인지, 분위기가, 밝지않고, 어둡고   |            면접을, 대표가, 오히려, 회사의, 말하는, 다르게, 생각보다, 본인이, 도메인에, 다른회사            |
|     레몬클라우드     |                                              없음                                             |                                               없음                                              |  중점으로, 본인의, 경험을, 회사에대해, 얼마나, 관심이있는지를, 면접보고, 주안에, 합/불, 연락준다고했지만   |
|         로민         |     재택근무, 자유로움,, 재택,, 자율출퇴근, 간식,, 일주일에, 특별한, 모임,, 점심회식, 22년    |     때문에, 공감하지, 불만이, 사람들이, 있지만, 내색하지, 22년, 초까지의, 기준입니다, 문제는    |     합니다, 코테는, 열심히, 공부하시면, 통과하실듯, 사전인터뷰에서, 난이도, 질문들을, 역할을, 했는지,      |
|         론픽         |                                           정보 없음                                           |                                            정보 없음                                            |                                                 정보 없음                                                  |
|     롯데헬스케어     |                          아점저, 대기업이지만, 개발일, 비교적, 괜찮음                         |  스타트업이기, 때문에, 대기업보단, 로드가, 잠실역이라, 2호선, 지옥철을, 견뎌야, 4시에, 퇴근해도 |       필요없는, 기술면접은, 질문보다는, CS관련, 질문의, 비중이, 높았습니다, 공부를, 꾸준히, 해두어야       |
|     마크클라우드     |       다양한, 자유로운, 않습니다, 사람이, 경험할, 회사에, 간식이, 선릉역, 않지만, 없어요      |   프로젝트를, 생각합니다, 근무가, 대해서, 존재하지, 않습니다, 없습니다, 업무에, 된다고, 부족한  |         사용했던, 기술에, 이야기, 자연어, 있다고, 3:1, 당황스럽고, 긴장됐음, 실무자분들은, 질문을          |
| 메이븐클라우드서비스 |      개인의, 그럭저럭, 나쁘지않은, 밀리지, 월급이, 나온다, OJT, 기간이, 빡빡한, 프로젝트      |   관리,, 많았음, 구축,, 데이터, 하기엔, 관리가, 고객사에게, 끌려다니며, 개발자들을, 보호해주지  |           부모님, 나이와, 하시는, 형제는, 있는지,, 여부,, 부모님이, 결혼하라고, 안하는지, 질문은           |
|      블랙탠저린      |      가야할지, 있었다, 성장할, 환경과, 능력을, 입증할, 따라오는, 책임감, 학생이라, 뭘해야     |       성장을, 위해서, 희생이, 있어야, 회사의, 목표에, 공감한다면, 괜찮음, 빡세다, 있는만큼      | 없다고, 하였는데, 좌절을, 견뎌낸, 경험담을, 듣고싶어하셨던것, 블랙탠저린, 사전과제지를, 개인적으로, 업무가 |
|      비포플레이      |                                           정보 없음                                           |                                            정보 없음                                            |                                                 정보 없음                                                  |
|     엠투클라우드     |     가정의달이, 있어서, 2주에, 한번씩, 금요일에, 4시에, 가능함, 퇴근함, 있으면, 개발부서는    |      직원을, 대하는, 연봉이, 퇴사율이, 복지가, 식비제공, 연봉낮음, 복지전무, 대표가, 경우가     |           질문에, 복잡한, 절차가, 없어서, 편했음, 가지마세요, 막힘은, 없으나, 날카로운, 당황하지           |
|    올라운드닥터스    |                                           정보 없음                                           |                                            정보 없음                                            |                                                 정보 없음                                                  |
|    월급쟁이부자들    |   있어서, 문화가, 성장할, 좋습니다, 방법을, 있습니다, 자유롭게, 99%, 사람들이, 둥글둥글하고   |       업무가, 성장이라고, 분위기, 온보딩, 필요합니다, 체계가, 공휴일,, 주말,, 새벽,, 아침,      |              답변을, 질문을, 시간을, 똑같은, 성장이, 공부가, 여러번, 회사를, 선택하는, 기준이              |
|     크리에이트립     |                                           정보 없음                                           |                                            정보 없음                                            |                                                 정보 없음                                                  |
|   클라우드호스피탈   |                        들어온다, 월급이, 밀리지, 시간에, 대부분, 아침에                       |                     기업의, 체계가, 잡혀있지, 업무에, 관해서도, 마찬가지이다                    |      답변에, 답했지만,, 답변도, 있었습니다, 하지만, 면접관들께서, 잘못된, 끝까지, 들어주시는, 열리고       |
|    키다리스튜디오    |                                              없음                                             |                                               없음                                              |           면접은, 콘텐츠에, 때문에, 어려운, 질문을, 답변을, 사람을, 느꼈습니다, 이력서를, 평이함           |
|        티니어        |      자유로운, 권한과, 책임,, 문화,, 워라밸,, 사람들,, 야근없음, 분위기와, 문화로, 회사를     | 성장성,, 열심히, 필요없고, 안주하는, 분위기, 문화나, 시스템이, 만들어지고, 중이라, 혼란스러울수 |      면접을, 처음에, 회사에, 들어갔을때, 친목데이, 사진이, 게시판에, 걸려있어서, 신기했어요, 분위기가      |
|       파인더스       |                                              없음                                             |                                               없음                                              |            같습니다, 상당히, 편하게, 가지고, 받았습니다, 회사에, 성장할, 딥러닝, 때문에, 지식을            |
|     파킹클라우드     |   자유로운, 좋았습니다, 사무실이, 깨끗하고, 건물이, 쾌적함, 구내식당, 맛있음, 주차장, 편리함  |   사람은, 인사이동이, 안정적이고, 효율적인, 운영이, 필요해, 체계가, 자기일, 아니라고, 미루기만  |                그리고, 대용량, 그만큼, 사무실, 말했음, 같다고, 연봉을, 못준다, 이렇게, 1차,                |
+----------------------+-----------------------------------------------------------------------------------------------+-------------------------------------------------------------------------------------------------+------------------------------------------------------------------------------------------------------------+
[2024-01-17T09:28:40.282+0000] {taskinstance.py:1323} INFO - Marking task as SUCCESS. dag_id=jobinfo_slack, task_id=postAndReview_sql_and_return_result, execution_date=20240117T092835, start_date=20240117T092839, end_date=20240117T092840
[2024-01-17T09:28:40.339+0000] {local_task_job.py:208} INFO - Task exited with return code 0
[2024-01-17T09:28:40.391+0000] {taskinstance.py:2578} INFO - 1 downstream tasks scheduled from follow-on schedule check
