[2024-01-14T02:01:18.731+0000] {taskinstance.py:1083} INFO - Dependencies all met for <TaskInstance: jobinfo_jobplanet.create_summary_s3_to_rds manual__2024-01-14T02:01:06.491213+00:00 [queued]>
[2024-01-14T02:01:18.742+0000] {taskinstance.py:1083} INFO - Dependencies all met for <TaskInstance: jobinfo_jobplanet.create_summary_s3_to_rds manual__2024-01-14T02:01:06.491213+00:00 [queued]>
[2024-01-14T02:01:18.742+0000] {taskinstance.py:1279} INFO - 
--------------------------------------------------------------------------------
[2024-01-14T02:01:18.742+0000] {taskinstance.py:1280} INFO - Starting attempt 1 of 1
[2024-01-14T02:01:18.742+0000] {taskinstance.py:1281} INFO - 
--------------------------------------------------------------------------------
[2024-01-14T02:01:18.766+0000] {taskinstance.py:1300} INFO - Executing <Task(PythonOperator): create_summary_s3_to_rds> on 2024-01-14 02:01:06.491213+00:00
[2024-01-14T02:01:18.771+0000] {standard_task_runner.py:55} INFO - Started process 6894 to run task
[2024-01-14T02:01:18.775+0000] {standard_task_runner.py:82} INFO - Running: ['***', 'tasks', 'run', 'jobinfo_jobplanet', 'create_summary_s3_to_rds', 'manual__2024-01-14T02:01:06.491213+00:00', '--job-id', '401', '--raw', '--subdir', 'DAGS_FOLDER/jobinfo_jobplanet.py', '--cfg-path', '/tmp/tmp3ecbsqas']
[2024-01-14T02:01:18.775+0000] {standard_task_runner.py:83} INFO - Job 401: Subtask create_summary_s3_to_rds
[2024-01-14T02:01:18.961+0000] {task_command.py:388} INFO - Running <TaskInstance: jobinfo_jobplanet.create_summary_s3_to_rds manual__2024-01-14T02:01:06.491213+00:00 [running]> on host 7b77d04f99d6
[2024-01-14T02:01:19.028+0000] {taskinstance.py:1509} INFO - Exporting the following env vars:
AIRFLOW_CTX_DAG_OWNER=***
AIRFLOW_CTX_DAG_ID=jobinfo_jobplanet
AIRFLOW_CTX_TASK_ID=create_summary_s3_to_rds
AIRFLOW_CTX_EXECUTION_DATE=2024-01-14T02:01:06.491213+00:00
AIRFLOW_CTX_TRY_NUMBER=1
AIRFLOW_CTX_DAG_RUN_ID=manual__2024-01-14T02:01:06.491213+00:00
[2024-01-14T02:01:23.594+0000] {jobinfo_jobplanet.py:79} INFO - 11111111111111111
[2024-01-14T02:01:23.655+0000] {jobinfo_jobplanet.py:87} INFO - 2222222222222222222222222
[2024-01-14T02:01:24.298+0000] {jobinfo_jobplanet.py:95} INFO - 33333333333333333
[2024-01-14T02:01:25.336+0000] {jobinfo_jobplanet.py:105} INFO - 4444444444444
[2024-01-14T02:01:25.626+0000] {taskinstance.py:1768} ERROR - Task failed with exception
Traceback (most recent call last):
  File "/home/airflow/.local/lib/python3.7/site-packages/airflow/operators/python.py", line 175, in execute
    return_value = self.execute_callable()
  File "/home/airflow/.local/lib/python3.7/site-packages/airflow/operators/python.py", line 192, in execute_callable
    return self.python_callable(*self.op_args, **self.op_kwargs)
  File "/opt/airflow/dags/jobinfo_jobplanet.py", line 347, in create_summary_s3_to_rds
    'company' : [companies[0]],
IndexError: list index out of range
[2024-01-14T02:01:25.636+0000] {taskinstance.py:1323} INFO - Marking task as FAILED. dag_id=jobinfo_jobplanet, task_id=create_summary_s3_to_rds, execution_date=20240114T020106, start_date=20240114T020118, end_date=20240114T020125
[2024-01-14T02:01:25.667+0000] {standard_task_runner.py:105} ERROR - Failed to execute job 401 for task create_summary_s3_to_rds (list index out of range; 6894)
[2024-01-14T02:01:25.703+0000] {local_task_job.py:208} INFO - Task exited with return code 1
[2024-01-14T02:01:25.943+0000] {taskinstance.py:2578} INFO - 0 downstream tasks scheduled from follow-on schedule check
