[2024-01-17T10:18:20.420+0000] {taskinstance.py:1083} INFO - Dependencies all met for <TaskInstance: jobinfo_jobplanet.read_s3_file manual__2024-01-17T10:18:16.250938+00:00 [queued]>
[2024-01-17T10:18:20.441+0000] {taskinstance.py:1083} INFO - Dependencies all met for <TaskInstance: jobinfo_jobplanet.read_s3_file manual__2024-01-17T10:18:16.250938+00:00 [queued]>
[2024-01-17T10:18:20.442+0000] {taskinstance.py:1279} INFO - 
--------------------------------------------------------------------------------
[2024-01-17T10:18:20.442+0000] {taskinstance.py:1280} INFO - Starting attempt 1 of 1
[2024-01-17T10:18:20.442+0000] {taskinstance.py:1281} INFO - 
--------------------------------------------------------------------------------
[2024-01-17T10:18:20.472+0000] {taskinstance.py:1300} INFO - Executing <Task(PythonOperator): read_s3_file> on 2024-01-17 10:18:16.250938+00:00
[2024-01-17T10:18:20.487+0000] {standard_task_runner.py:55} INFO - Started process 8413 to run task
[2024-01-17T10:18:20.489+0000] {standard_task_runner.py:82} INFO - Running: ['***', 'tasks', 'run', 'jobinfo_jobplanet', 'read_s3_file', 'manual__2024-01-17T10:18:16.250938+00:00', '--job-id', '4741', '--raw', '--subdir', 'DAGS_FOLDER/jobinfo_jobplanet.py', '--cfg-path', '/tmp/tmp0af17j_7']
[2024-01-17T10:18:20.490+0000] {standard_task_runner.py:83} INFO - Job 4741: Subtask read_s3_file
[2024-01-17T10:18:20.553+0000] {task_command.py:388} INFO - Running <TaskInstance: jobinfo_jobplanet.read_s3_file manual__2024-01-17T10:18:16.250938+00:00 [running]> on host 565f6bcc10b6
[2024-01-17T10:18:20.637+0000] {taskinstance.py:1509} INFO - Exporting the following env vars:
AIRFLOW_CTX_DAG_OWNER=***
AIRFLOW_CTX_DAG_ID=jobinfo_jobplanet
AIRFLOW_CTX_TASK_ID=read_s3_file
AIRFLOW_CTX_EXECUTION_DATE=2024-01-17T10:18:16.250938+00:00
AIRFLOW_CTX_TRY_NUMBER=1
AIRFLOW_CTX_DAG_RUN_ID=manual__2024-01-17T10:18:16.250938+00:00
[2024-01-17T10:18:20.745+0000] {jobinfo_jobplanet.py:709} INFO - none
[2024-01-17T10:18:20.818+0000] {python.py:177} INFO - Done. Returned value was: ['path/in/s3/bucket/jobinfo_jumpit.csv', 'path/in/s3/bucket/review_information_다큐브.csv', 'path/in/s3/bucket/review_information_데브툴즈.csv', 'path/in/s3/bucket/review_information_레몬클라우드.csv', 'path/in/s3/bucket/review_information_로민.csv', 'path/in/s3/bucket/review_information_롯데헬스케어.csv', 'path/in/s3/bucket/review_information_마크클라우드.csv', 'path/in/s3/bucket/review_information_블랙탠저린.csv', 'path/in/s3/bucket/review_information_비포플레이.csv', 'path/in/s3/bucket/review_information_엠투클라우드.csv', 'path/in/s3/bucket/review_information_월급쟁이부자들.csv', 'path/in/s3/bucket/review_information_클라우드호스피탈.csv', 'path/in/s3/bucket/review_information_키다리스튜디오.csv', 'path/in/s3/bucket/review_information_티니어.csv', 'path/in/s3/bucket/review_information_파인더스.csv', 'path/in/s3/bucket/review_information_파킹클라우드.csv', 'path/in/s3/bucket/summary.csv']
[2024-01-17T10:18:20.845+0000] {taskinstance.py:1323} INFO - Marking task as SUCCESS. dag_id=jobinfo_jobplanet, task_id=read_s3_file, execution_date=20240117T101816, start_date=20240117T101820, end_date=20240117T101820
[2024-01-17T10:18:20.905+0000] {local_task_job.py:208} INFO - Task exited with return code 0
[2024-01-17T10:18:20.931+0000] {taskinstance.py:2578} INFO - 1 downstream tasks scheduled from follow-on schedule check
