[2024-01-14T13:51:23.549+0000] {taskinstance.py:1083} INFO - Dependencies all met for <TaskInstance: jobinfo_jobplanet.load_jumpit_file manual__2024-01-14T13:51:21.576327+00:00 [queued]>
[2024-01-14T13:51:23.560+0000] {taskinstance.py:1083} INFO - Dependencies all met for <TaskInstance: jobinfo_jobplanet.load_jumpit_file manual__2024-01-14T13:51:21.576327+00:00 [queued]>
[2024-01-14T13:51:23.560+0000] {taskinstance.py:1279} INFO - 
--------------------------------------------------------------------------------
[2024-01-14T13:51:23.560+0000] {taskinstance.py:1280} INFO - Starting attempt 1 of 1
[2024-01-14T13:51:23.560+0000] {taskinstance.py:1281} INFO - 
--------------------------------------------------------------------------------
[2024-01-14T13:51:23.583+0000] {taskinstance.py:1300} INFO - Executing <Task(PythonOperator): load_jumpit_file> on 2024-01-14 13:51:21.576327+00:00
[2024-01-14T13:51:23.600+0000] {standard_task_runner.py:82} INFO - Running: ['***', 'tasks', 'run', 'jobinfo_jobplanet', 'load_jumpit_file', 'manual__2024-01-14T13:51:21.576327+00:00', '--job-id', '502', '--raw', '--subdir', 'DAGS_FOLDER/jobinfo_jobplanet.py', '--cfg-path', '/tmp/tmpy35us4qb']
[2024-01-14T13:51:23.601+0000] {standard_task_runner.py:83} INFO - Job 502: Subtask load_jumpit_file
[2024-01-14T13:51:23.605+0000] {standard_task_runner.py:55} INFO - Started process 1336 to run task
[2024-01-14T13:51:23.763+0000] {task_command.py:388} INFO - Running <TaskInstance: jobinfo_jobplanet.load_jumpit_file manual__2024-01-14T13:51:21.576327+00:00 [running]> on host 565f6bcc10b6
[2024-01-14T13:51:23.846+0000] {taskinstance.py:1509} INFO - Exporting the following env vars:
AIRFLOW_CTX_DAG_OWNER=***
AIRFLOW_CTX_DAG_ID=jobinfo_jobplanet
AIRFLOW_CTX_TASK_ID=load_jumpit_file
AIRFLOW_CTX_EXECUTION_DATE=2024-01-14T13:51:21.576327+00:00
AIRFLOW_CTX_TRY_NUMBER=1
AIRFLOW_CTX_DAG_RUN_ID=manual__2024-01-14T13:51:21.576327+00:00
[2024-01-14T13:51:23.862+0000] {base.py:73} INFO - Using connection ID 's3_conn' for task execution.
[2024-01-14T13:51:24.023+0000] {jobinfo_jobplanet.py:595} INFO - ['오케스트로', '오케스트로', '제니스앤컴퍼니', '제니스앤컴퍼니', '제니스앤컴퍼니', '메이븐클라우드서비스', '엠아이티', '엠아이티', '스윗코리아', '스윗코리아', '파킹클라우드', '오케스트로', '오케스트로', '오케스트로', '오케스트로', '오케스트로', '월급쟁이부자들', '월급쟁이부자들', '로민', '블랙탠저린', '파인더스', '론픽', '비포플레이', '롯데헬스케어', '롯데헬스케어', '올라운드닥터스', '와디즈', '크리에이트립', '데브툴즈', '티니어', '키다리스튜디오', '마크클라우드']
[2024-01-14T13:51:24.025+0000] {python.py:177} INFO - Done. Returned value was: ['오케스트로', '오케스트로', '제니스앤컴퍼니', '제니스앤컴퍼니', '제니스앤컴퍼니', '메이븐클라우드서비스', '엠아이티', '엠아이티', '스윗코리아', '스윗코리아', '파킹클라우드', '오케스트로', '오케스트로', '오케스트로', '오케스트로', '오케스트로', '월급쟁이부자들', '월급쟁이부자들', '로민', '블랙탠저린', '파인더스', '론픽', '비포플레이', '롯데헬스케어', '롯데헬스케어', '올라운드닥터스', '와디즈', '크리에이트립', '데브툴즈', '티니어', '키다리스튜디오', '마크클라우드']
[2024-01-14T13:51:24.046+0000] {taskinstance.py:1323} INFO - Marking task as SUCCESS. dag_id=jobinfo_jobplanet, task_id=load_jumpit_file, execution_date=20240114T135121, start_date=20240114T135123, end_date=20240114T135124
[2024-01-14T13:51:24.070+0000] {local_task_job.py:208} INFO - Task exited with return code 0
[2024-01-14T13:51:24.107+0000] {taskinstance.py:2578} INFO - 1 downstream tasks scheduled from follow-on schedule check
