[2024-01-17T04:22:31.962+0000] {taskinstance.py:1083} INFO - Dependencies all met for <TaskInstance: jumpit_jobinfo.upload_to_s3 manual__2024-01-17T04:21:07.925402+00:00 [queued]>
[2024-01-17T04:22:31.972+0000] {taskinstance.py:1083} INFO - Dependencies all met for <TaskInstance: jumpit_jobinfo.upload_to_s3 manual__2024-01-17T04:21:07.925402+00:00 [queued]>
[2024-01-17T04:22:31.973+0000] {taskinstance.py:1279} INFO - 
--------------------------------------------------------------------------------
[2024-01-17T04:22:31.973+0000] {taskinstance.py:1280} INFO - Starting attempt 1 of 2
[2024-01-17T04:22:31.973+0000] {taskinstance.py:1281} INFO - 
--------------------------------------------------------------------------------
[2024-01-17T04:22:31.990+0000] {taskinstance.py:1300} INFO - Executing <Task(PythonOperator): upload_to_s3> on 2024-01-17 04:21:07.925402+00:00
[2024-01-17T04:22:31.999+0000] {standard_task_runner.py:55} INFO - Started process 23849 to run task
[2024-01-17T04:22:32.001+0000] {standard_task_runner.py:82} INFO - Running: ['***', 'tasks', 'run', 'jumpit_jobinfo', 'upload_to_s3', 'manual__2024-01-17T04:21:07.925402+00:00', '--job-id', '4360', '--raw', '--subdir', 'DAGS_FOLDER/jobinfo_jumpit.py', '--cfg-path', '/tmp/tmp2hmhtn9a']
[2024-01-17T04:22:32.002+0000] {standard_task_runner.py:83} INFO - Job 4360: Subtask upload_to_s3
[2024-01-17T04:22:32.062+0000] {task_command.py:388} INFO - Running <TaskInstance: jumpit_jobinfo.upload_to_s3 manual__2024-01-17T04:21:07.925402+00:00 [running]> on host 565f6bcc10b6
[2024-01-17T04:22:32.142+0000] {taskinstance.py:1509} INFO - Exporting the following env vars:
AIRFLOW_CTX_DAG_OWNER=***
AIRFLOW_CTX_DAG_ID=jumpit_jobinfo
AIRFLOW_CTX_TASK_ID=upload_to_s3
AIRFLOW_CTX_EXECUTION_DATE=2024-01-17T04:21:07.925402+00:00
AIRFLOW_CTX_TRY_NUMBER=1
AIRFLOW_CTX_DAG_RUN_ID=manual__2024-01-17T04:21:07.925402+00:00
[2024-01-17T04:22:32.152+0000] {base.py:73} INFO - Using connection ID 's3_conn' for task execution.
[2024-01-17T04:22:32.153+0000] {connection_wrapper.py:334} INFO - AWS Connection (conn_id='s3_conn', conn_type='aws') credentials retrieved from login and password.
[2024-01-17T04:22:32.848+0000] {jobinfo_jumpit.py:112} INFO - File successfully uploaded to S3. Bucket: legoking, Key: path/in/s3/bucket/jobinfo_jumpit.csv
[2024-01-17T04:22:32.850+0000] {python.py:177} INFO - Done. Returned value was: None
[2024-01-17T04:22:32.859+0000] {taskinstance.py:1323} INFO - Marking task as SUCCESS. dag_id=jumpit_jobinfo, task_id=upload_to_s3, execution_date=20240117T042107, start_date=20240117T042231, end_date=20240117T042232
[2024-01-17T04:22:32.897+0000] {local_task_job.py:208} INFO - Task exited with return code 0
[2024-01-17T04:22:32.919+0000] {taskinstance.py:2578} INFO - 1 downstream tasks scheduled from follow-on schedule check
