[2024-01-15T00:36:56.215+0000] {taskinstance.py:1083} INFO - Dependencies all met for <TaskInstance: jobinfo_jobplanet.load_jumpit_file scheduled__2024-01-12T00:00:00+00:00 [queued]>
[2024-01-15T00:36:56.271+0000] {taskinstance.py:1083} INFO - Dependencies all met for <TaskInstance: jobinfo_jobplanet.load_jumpit_file scheduled__2024-01-12T00:00:00+00:00 [queued]>
[2024-01-15T00:36:56.271+0000] {taskinstance.py:1279} INFO - 
--------------------------------------------------------------------------------
[2024-01-15T00:36:56.271+0000] {taskinstance.py:1280} INFO - Starting attempt 1 of 1
[2024-01-15T00:36:56.271+0000] {taskinstance.py:1281} INFO - 
--------------------------------------------------------------------------------
[2024-01-15T00:36:56.995+0000] {taskinstance.py:1300} INFO - Executing <Task(PythonOperator): load_jumpit_file> on 2024-01-12 00:00:00+00:00
[2024-01-15T00:36:57.045+0000] {standard_task_runner.py:55} INFO - Started process 15332 to run task
[2024-01-15T00:36:57.064+0000] {standard_task_runner.py:82} INFO - Running: ['***', 'tasks', 'run', 'jobinfo_jobplanet', 'load_jumpit_file', 'scheduled__2024-01-12T00:00:00+00:00', '--job-id', '575', '--raw', '--subdir', 'DAGS_FOLDER/jobinfo_jobplanet.py', '--cfg-path', '/tmp/tmpvdvo52al']
[2024-01-15T00:36:57.065+0000] {standard_task_runner.py:83} INFO - Job 575: Subtask load_jumpit_file
[2024-01-15T00:36:57.273+0000] {task_command.py:388} INFO - Running <TaskInstance: jobinfo_jobplanet.load_jumpit_file scheduled__2024-01-12T00:00:00+00:00 [running]> on host 565f6bcc10b6
[2024-01-15T00:36:57.540+0000] {taskinstance.py:1509} INFO - Exporting the following env vars:
AIRFLOW_CTX_DAG_OWNER=***
AIRFLOW_CTX_DAG_ID=jobinfo_jobplanet
AIRFLOW_CTX_TASK_ID=load_jumpit_file
AIRFLOW_CTX_EXECUTION_DATE=2024-01-12T00:00:00+00:00
AIRFLOW_CTX_TRY_NUMBER=1
AIRFLOW_CTX_DAG_RUN_ID=scheduled__2024-01-12T00:00:00+00:00
[2024-01-15T00:36:58.006+0000] {jobinfo_jobplanet.py:668} INFO - ['오케스트로', '오케스트로', '제니스앤컴퍼니', '제니스앤컴퍼니', '제니스앤컴퍼니', '메이븐클라우드서비스', '엠아이티', '엠아이티', '스윗코리아', '스윗코리아', '파킹클라우드', '오케스트로', '오케스트로', '오케스트로', '오케스트로', '오케스트로', '월급쟁이부자들', '월급쟁이부자들', '로민', '블랙탠저린', '파인더스', '론픽', '비포플레이', '롯데헬스케어', '롯데헬스케어', '올라운드닥터스', '와디즈', '크리에이트립', '데브툴즈', '티니어', '키다리스튜디오', '마크클라우드']
[2024-01-15T00:36:58.008+0000] {python.py:177} INFO - Done. Returned value was: ['오케스트로', '오케스트로', '제니스앤컴퍼니', '제니스앤컴퍼니', '제니스앤컴퍼니', '메이븐클라우드서비스', '엠아이티', '엠아이티', '스윗코리아', '스윗코리아', '파킹클라우드', '오케스트로', '오케스트로', '오케스트로', '오케스트로', '오케스트로', '월급쟁이부자들', '월급쟁이부자들', '로민', '블랙탠저린', '파인더스', '론픽', '비포플레이', '롯데헬스케어', '롯데헬스케어', '올라운드닥터스', '와디즈', '크리에이트립', '데브툴즈', '티니어', '키다리스튜디오', '마크클라우드']
[2024-01-15T00:36:58.062+0000] {taskinstance.py:1323} INFO - Marking task as SUCCESS. dag_id=jobinfo_jobplanet, task_id=load_jumpit_file, execution_date=20240112T000000, start_date=20240115T003656, end_date=20240115T003658
[2024-01-15T00:36:58.122+0000] {local_task_job.py:208} INFO - Task exited with return code 0
[2024-01-15T00:36:58.217+0000] {taskinstance.py:2578} INFO - 1 downstream tasks scheduled from follow-on schedule check
