[2024-01-14T08:23:40.919+0000] {taskinstance.py:1083} INFO - Dependencies all met for <TaskInstance: jobinfo_jobplanet.create_infomation_s3 manual__2024-01-14T08:23:34.291141+00:00 [queued]>
[2024-01-14T08:23:40.934+0000] {taskinstance.py:1083} INFO - Dependencies all met for <TaskInstance: jobinfo_jobplanet.create_infomation_s3 manual__2024-01-14T08:23:34.291141+00:00 [queued]>
[2024-01-14T08:23:40.935+0000] {taskinstance.py:1279} INFO - 
--------------------------------------------------------------------------------
[2024-01-14T08:23:40.935+0000] {taskinstance.py:1280} INFO - Starting attempt 1 of 1
[2024-01-14T08:23:40.935+0000] {taskinstance.py:1281} INFO - 
--------------------------------------------------------------------------------
[2024-01-14T08:23:40.957+0000] {taskinstance.py:1300} INFO - Executing <Task(PythonOperator): create_infomation_s3> on 2024-01-14 08:23:34.291141+00:00
[2024-01-14T08:23:40.964+0000] {standard_task_runner.py:55} INFO - Started process 12421 to run task
[2024-01-14T08:23:40.968+0000] {standard_task_runner.py:82} INFO - Running: ['***', 'tasks', 'run', 'jobinfo_jobplanet', 'create_infomation_s3', 'manual__2024-01-14T08:23:34.291141+00:00', '--job-id', '426', '--raw', '--subdir', 'DAGS_FOLDER/jobinfo_jobplanet.py', '--cfg-path', '/tmp/tmp0rcsmqpi']
[2024-01-14T08:23:40.968+0000] {standard_task_runner.py:83} INFO - Job 426: Subtask create_infomation_s3
[2024-01-14T08:23:41.177+0000] {task_command.py:388} INFO - Running <TaskInstance: jobinfo_jobplanet.create_infomation_s3 manual__2024-01-14T08:23:34.291141+00:00 [running]> on host 7b77d04f99d6
[2024-01-14T08:23:41.249+0000] {taskinstance.py:1509} INFO - Exporting the following env vars:
AIRFLOW_CTX_DAG_OWNER=***
AIRFLOW_CTX_DAG_ID=jobinfo_jobplanet
AIRFLOW_CTX_TASK_ID=create_infomation_s3
AIRFLOW_CTX_EXECUTION_DATE=2024-01-14T08:23:34.291141+00:00
AIRFLOW_CTX_TRY_NUMBER=1
AIRFLOW_CTX_DAG_RUN_ID=manual__2024-01-14T08:23:34.291141+00:00
[2024-01-14T08:23:46.091+0000] {jobinfo_jobplanet.py:79} INFO - 11111111111111111
[2024-01-14T08:23:46.152+0000] {jobinfo_jobplanet.py:87} INFO - 2222222222222222222222222
[2024-01-14T08:23:46.630+0000] {taskinstance.py:1768} ERROR - Task failed with exception
Traceback (most recent call last):
  File "/home/airflow/.local/lib/python3.7/site-packages/airflow/operators/python.py", line 175, in execute
    return_value = self.execute_callable()
  File "/home/airflow/.local/lib/python3.7/site-packages/airflow/operators/python.py", line 192, in execute_callable
    return self.python_callable(*self.op_args, **self.op_kwargs)
  File "/opt/airflow/dags/jobinfo_jobplanet.py", line 116, in create_infomation_s3
    driver = jobplanet_login()
  File "/opt/airflow/dags/jobinfo_jobplanet.py", line 93, in jobplanet_login
    logging.info(driver.get(id_input))
  File "/home/airflow/.local/lib/python3.7/site-packages/selenium/webdriver/remote/webdriver.py", line 354, in get
    self.execute(Command.GET, {"url": url})
  File "/home/airflow/.local/lib/python3.7/site-packages/selenium/webdriver/remote/webdriver.py", line 345, in execute
    self.error_handler.check_response(response)
  File "/home/airflow/.local/lib/python3.7/site-packages/selenium/webdriver/remote/errorhandler.py", line 229, in check_response
    raise exception_class(message, screen, stacktrace)
selenium.common.exceptions.InvalidArgumentException: Message: invalid argument: 'url' must be a string
  (Session info: chrome-headless-shell=120.0.6099.109)
Stacktrace:
#0 0x55ee4b349f83 <unknown>
#1 0x55ee4b002cf7 <unknown>
#2 0x55ee4b09b889 <unknown>
#3 0x55ee4b07c0b2 <unknown>
#4 0x55ee4b09b006 <unknown>
#5 0x55ee4b07be53 <unknown>
#6 0x55ee4b043dd4 <unknown>
#7 0x55ee4b0451de <unknown>
#8 0x55ee4b30e531 <unknown>
#9 0x55ee4b312455 <unknown>
#10 0x55ee4b2faf55 <unknown>
#11 0x55ee4b3130ef <unknown>
#12 0x55ee4b2de99f <unknown>
#13 0x55ee4b337008 <unknown>
#14 0x55ee4b3371d7 <unknown>
#15 0x55ee4b349124 <unknown>
#16 0x7f749923bac3 <unknown>

[2024-01-14T08:23:46.645+0000] {taskinstance.py:1323} INFO - Marking task as FAILED. dag_id=jobinfo_jobplanet, task_id=create_infomation_s3, execution_date=20240114T082334, start_date=20240114T082340, end_date=20240114T082346
[2024-01-14T08:23:46.683+0000] {standard_task_runner.py:105} ERROR - Failed to execute job 426 for task create_infomation_s3 (Message: invalid argument: 'url' must be a string
  (Session info: chrome-headless-shell=120.0.6099.109)
Stacktrace:
#0 0x55ee4b349f83 <unknown>
#1 0x55ee4b002cf7 <unknown>
#2 0x55ee4b09b889 <unknown>
#3 0x55ee4b07c0b2 <unknown>
#4 0x55ee4b09b006 <unknown>
#5 0x55ee4b07be53 <unknown>
#6 0x55ee4b043dd4 <unknown>
#7 0x55ee4b0451de <unknown>
#8 0x55ee4b30e531 <unknown>
#9 0x55ee4b312455 <unknown>
#10 0x55ee4b2faf55 <unknown>
#11 0x55ee4b3130ef <unknown>
#12 0x55ee4b2de99f <unknown>
#13 0x55ee4b337008 <unknown>
#14 0x55ee4b3371d7 <unknown>
#15 0x55ee4b349124 <unknown>
#16 0x7f749923bac3 <unknown>
; 12421)
[2024-01-14T08:23:46.740+0000] {local_task_job.py:208} INFO - Task exited with return code 1
[2024-01-14T08:23:46.945+0000] {taskinstance.py:2578} INFO - 0 downstream tasks scheduled from follow-on schedule check
