[2024-01-13T06:31:31.191+0000] {taskinstance.py:1083} INFO - Dependencies all met for <TaskInstance: jumpit_jobinfo.save_to_csv scheduled__2024-01-11T09:00:00+00:00 [queued]>
[2024-01-13T06:31:31.199+0000] {taskinstance.py:1083} INFO - Dependencies all met for <TaskInstance: jumpit_jobinfo.save_to_csv scheduled__2024-01-11T09:00:00+00:00 [queued]>
[2024-01-13T06:31:31.199+0000] {taskinstance.py:1279} INFO - 
--------------------------------------------------------------------------------
[2024-01-13T06:31:31.199+0000] {taskinstance.py:1280} INFO - Starting attempt 1 of 2
[2024-01-13T06:31:31.199+0000] {taskinstance.py:1281} INFO - 
--------------------------------------------------------------------------------
[2024-01-13T06:31:31.218+0000] {taskinstance.py:1300} INFO - Executing <Task(PythonOperator): save_to_csv> on 2024-01-11 09:00:00+00:00
[2024-01-13T06:31:31.223+0000] {standard_task_runner.py:55} INFO - Started process 67 to run task
[2024-01-13T06:31:31.225+0000] {standard_task_runner.py:82} INFO - Running: ['***', 'tasks', 'run', 'jumpit_jobinfo', 'save_to_csv', 'scheduled__2024-01-11T09:00:00+00:00', '--job-id', '252', '--raw', '--subdir', 'DAGS_FOLDER/jobinfo_jumpit.py', '--cfg-path', '/tmp/tmpir1qnmem']
[2024-01-13T06:31:31.225+0000] {standard_task_runner.py:83} INFO - Job 252: Subtask save_to_csv
[2024-01-13T06:31:31.280+0000] {task_command.py:388} INFO - Running <TaskInstance: jumpit_jobinfo.save_to_csv scheduled__2024-01-11T09:00:00+00:00 [running]> on host 28d6a5d0c640
[2024-01-13T06:31:31.365+0000] {taskinstance.py:1509} INFO - Exporting the following env vars:
AIRFLOW_CTX_DAG_OWNER=***
AIRFLOW_CTX_DAG_ID=jumpit_jobinfo
AIRFLOW_CTX_TASK_ID=save_to_csv
AIRFLOW_CTX_EXECUTION_DATE=2024-01-11T09:00:00+00:00
AIRFLOW_CTX_TRY_NUMBER=1
AIRFLOW_CTX_DAG_RUN_ID=scheduled__2024-01-11T09:00:00+00:00
[2024-01-13T06:31:31.380+0000] {jobinfo_jumpit.py:88} INFO - Attempting to write to: /opt/***/dags/jumpit.csv
[2024-01-13T06:31:31.380+0000] {jobinfo_jumpit.py:98} INFO - File successfully written to: /opt/***/dags/jumpit.csv
[2024-01-13T06:31:31.398+0000] {python.py:177} INFO - Done. Returned value was: /opt/***/dags/jumpit.csv
[2024-01-13T06:31:31.418+0000] {taskinstance.py:1323} INFO - Marking task as SUCCESS. dag_id=jumpit_jobinfo, task_id=save_to_csv, execution_date=20240111T090000, start_date=20240113T063131, end_date=20240113T063131
[2024-01-13T06:31:31.451+0000] {local_task_job.py:208} INFO - Task exited with return code 0
[2024-01-13T06:31:31.478+0000] {taskinstance.py:2578} INFO - 1 downstream tasks scheduled from follow-on schedule check
