[2024-01-14T10:23:03.774+0000] {taskinstance.py:1083} INFO - Dependencies all met for <TaskInstance: jobinfo_jobplanet.create_infomation_s3 manual__2024-01-14T10:22:57.299154+00:00 [queued]>
[2024-01-14T10:23:03.786+0000] {taskinstance.py:1083} INFO - Dependencies all met for <TaskInstance: jobinfo_jobplanet.create_infomation_s3 manual__2024-01-14T10:22:57.299154+00:00 [queued]>
[2024-01-14T10:23:03.786+0000] {taskinstance.py:1279} INFO - 
--------------------------------------------------------------------------------
[2024-01-14T10:23:03.786+0000] {taskinstance.py:1280} INFO - Starting attempt 1 of 1
[2024-01-14T10:23:03.786+0000] {taskinstance.py:1281} INFO - 
--------------------------------------------------------------------------------
[2024-01-14T10:23:03.827+0000] {taskinstance.py:1300} INFO - Executing <Task(PythonOperator): create_infomation_s3> on 2024-01-14 10:22:57.299154+00:00
[2024-01-14T10:23:03.836+0000] {standard_task_runner.py:55} INFO - Started process 18353 to run task
[2024-01-14T10:23:03.840+0000] {standard_task_runner.py:82} INFO - Running: ['***', 'tasks', 'run', 'jobinfo_jobplanet', 'create_infomation_s3', 'manual__2024-01-14T10:22:57.299154+00:00', '--job-id', '433', '--raw', '--subdir', 'DAGS_FOLDER/jobinfo_jobplanet.py', '--cfg-path', '/tmp/tmpdxmggzi1']
[2024-01-14T10:23:03.841+0000] {standard_task_runner.py:83} INFO - Job 433: Subtask create_infomation_s3
[2024-01-14T10:23:04.251+0000] {task_command.py:388} INFO - Running <TaskInstance: jobinfo_jobplanet.create_infomation_s3 manual__2024-01-14T10:22:57.299154+00:00 [running]> on host 7b77d04f99d6
[2024-01-14T10:23:04.356+0000] {taskinstance.py:1509} INFO - Exporting the following env vars:
AIRFLOW_CTX_DAG_OWNER=***
AIRFLOW_CTX_DAG_ID=jobinfo_jobplanet
AIRFLOW_CTX_TASK_ID=create_infomation_s3
AIRFLOW_CTX_EXECUTION_DATE=2024-01-14T10:22:57.299154+00:00
AIRFLOW_CTX_TRY_NUMBER=1
AIRFLOW_CTX_DAG_RUN_ID=manual__2024-01-14T10:22:57.299154+00:00
[2024-01-14T10:23:08.685+0000] {jobinfo_jobplanet.py:91} INFO - 11111111111111111
[2024-01-14T10:23:08.721+0000] {jobinfo_jobplanet.py:99} INFO - 2222222222222222222222222
[2024-01-14T10:23:08.748+0000] {jobinfo_jobplanet.py:106} INFO - user_email
[2024-01-14T10:23:09.420+0000] {jobinfo_jobplanet.py:110} INFO - 33333333333333333
[2024-01-14T10:23:09.482+0000] {jobinfo_jobplanet.py:114} INFO - user_password
[2024-01-14T10:23:09.946+0000] {jobinfo_jobplanet.py:121} INFO - driver
[2024-01-14T10:23:10.331+0000] {jobinfo_jobplanet.py:123} INFO - driver
[2024-01-14T10:23:10.349+0000] {jobinfo_jobplanet.py:125} INFO - 4444444444444
[2024-01-14T10:23:10.457+0000] {logging_mixin.py:137} INFO - Companies from XCom: []
[2024-01-14T10:23:10.472+0000] {python.py:177} INFO - Done. Returned value was: None
[2024-01-14T10:23:10.485+0000] {taskinstance.py:1323} INFO - Marking task as SUCCESS. dag_id=jobinfo_jobplanet, task_id=create_infomation_s3, execution_date=20240114T102257, start_date=20240114T102303, end_date=20240114T102310
[2024-01-14T10:23:10.541+0000] {local_task_job.py:208} INFO - Task exited with return code 0
[2024-01-14T10:23:10.739+0000] {taskinstance.py:2578} INFO - 1 downstream tasks scheduled from follow-on schedule check
