[2024-01-16T17:01:13.332+0000] {taskinstance.py:1083} INFO - Dependencies all met for <TaskInstance: jobinfo_jobplanet.read_s3_file manual__2024-01-16T17:01:09.684408+00:00 [queued]>
[2024-01-16T17:01:13.342+0000] {taskinstance.py:1083} INFO - Dependencies all met for <TaskInstance: jobinfo_jobplanet.read_s3_file manual__2024-01-16T17:01:09.684408+00:00 [queued]>
[2024-01-16T17:01:13.342+0000] {taskinstance.py:1279} INFO - 
--------------------------------------------------------------------------------
[2024-01-16T17:01:13.343+0000] {taskinstance.py:1280} INFO - Starting attempt 1 of 1
[2024-01-16T17:01:13.343+0000] {taskinstance.py:1281} INFO - 
--------------------------------------------------------------------------------
[2024-01-16T17:01:13.531+0000] {taskinstance.py:1300} INFO - Executing <Task(PythonOperator): read_s3_file> on 2024-01-16 17:01:09.684408+00:00
[2024-01-16T17:01:13.542+0000] {standard_task_runner.py:55} INFO - Started process 10402 to run task
[2024-01-16T17:01:13.544+0000] {standard_task_runner.py:82} INFO - Running: ['***', 'tasks', 'run', 'jobinfo_jobplanet', 'read_s3_file', 'manual__2024-01-16T17:01:09.684408+00:00', '--job-id', '4301', '--raw', '--subdir', 'DAGS_FOLDER/jobinfo_jobplanet.py', '--cfg-path', '/tmp/tmp95laan8i']
[2024-01-16T17:01:13.545+0000] {standard_task_runner.py:83} INFO - Job 4301: Subtask read_s3_file
[2024-01-16T17:01:13.611+0000] {task_command.py:388} INFO - Running <TaskInstance: jobinfo_jobplanet.read_s3_file manual__2024-01-16T17:01:09.684408+00:00 [running]> on host 565f6bcc10b6
[2024-01-16T17:01:13.699+0000] {taskinstance.py:1509} INFO - Exporting the following env vars:
AIRFLOW_CTX_DAG_OWNER=***
AIRFLOW_CTX_DAG_ID=jobinfo_jobplanet
AIRFLOW_CTX_TASK_ID=read_s3_file
AIRFLOW_CTX_EXECUTION_DATE=2024-01-16T17:01:09.684408+00:00
AIRFLOW_CTX_TRY_NUMBER=1
AIRFLOW_CTX_DAG_RUN_ID=manual__2024-01-16T17:01:09.684408+00:00
[2024-01-16T17:01:13.794+0000] {jobinfo_jobplanet.py:694} INFO - none
[2024-01-16T17:01:13.861+0000] {python.py:177} INFO - Done. Returned value was: ['path/in/s3/bucket/jobinfo_jumpit.csv', 'path/in/s3/bucket/review_information_데브툴즈.csv', 'path/in/s3/bucket/review_information_로민.csv', 'path/in/s3/bucket/review_information_롯데헬스케어.csv', 'path/in/s3/bucket/review_information_마크클라우드.csv', 'path/in/s3/bucket/review_information_메이븐클라우드서비스.csv', 'path/in/s3/bucket/review_information_블랙탠저린.csv', 'path/in/s3/bucket/review_information_비포플레이.csv', 'path/in/s3/bucket/review_information_스윗코리아.csv', 'path/in/s3/bucket/review_information_엠아이티.csv', 'path/in/s3/bucket/review_information_오케스트로.csv', 'path/in/s3/bucket/review_information_제니스앤컴퍼니.csv', 'path/in/s3/bucket/review_information_크리에이트립.csv', 'path/in/s3/bucket/review_information_키다리스튜디오.csv', 'path/in/s3/bucket/review_information_티니어.csv', 'path/in/s3/bucket/review_information_파인더스.csv', 'path/in/s3/bucket/review_information_파킹클라우드.csv', 'path/in/s3/bucket/summary.csv']
[2024-01-16T17:01:13.888+0000] {taskinstance.py:1323} INFO - Marking task as SUCCESS. dag_id=jobinfo_jobplanet, task_id=read_s3_file, execution_date=20240116T170109, start_date=20240116T170113, end_date=20240116T170113
[2024-01-16T17:01:13.936+0000] {local_task_job.py:208} INFO - Task exited with return code 0
[2024-01-16T17:01:13.968+0000] {taskinstance.py:2578} INFO - 1 downstream tasks scheduled from follow-on schedule check
