[2024-01-15T13:11:10.055+0000] {taskinstance.py:1083} INFO - Dependencies all met for <TaskInstance: jobinfo_slack.postAndReview_sql_and_return_result manual__2024-01-15T13:11:06.409025+00:00 [queued]>
[2024-01-15T13:11:10.064+0000] {taskinstance.py:1083} INFO - Dependencies all met for <TaskInstance: jobinfo_slack.postAndReview_sql_and_return_result manual__2024-01-15T13:11:06.409025+00:00 [queued]>
[2024-01-15T13:11:10.064+0000] {taskinstance.py:1279} INFO - 
--------------------------------------------------------------------------------
[2024-01-15T13:11:10.065+0000] {taskinstance.py:1280} INFO - Starting attempt 1 of 2
[2024-01-15T13:11:10.065+0000] {taskinstance.py:1281} INFO - 
--------------------------------------------------------------------------------
[2024-01-15T13:11:10.083+0000] {taskinstance.py:1300} INFO - Executing <Task(PythonOperator): postAndReview_sql_and_return_result> on 2024-01-15 13:11:06.409025+00:00
[2024-01-15T13:11:10.088+0000] {standard_task_runner.py:55} INFO - Started process 38715 to run task
[2024-01-15T13:11:10.091+0000] {standard_task_runner.py:82} INFO - Running: ['***', 'tasks', 'run', 'jobinfo_slack', 'postAndReview_sql_and_return_result', 'manual__2024-01-15T13:11:06.409025+00:00', '--job-id', '635', '--raw', '--subdir', 'DAGS_FOLDER/jobinfo_slack.py', '--cfg-path', '/tmp/tmpecbwih2f']
[2024-01-15T13:11:10.091+0000] {standard_task_runner.py:83} INFO - Job 635: Subtask postAndReview_sql_and_return_result
[2024-01-15T13:11:10.148+0000] {task_command.py:388} INFO - Running <TaskInstance: jobinfo_slack.postAndReview_sql_and_return_result manual__2024-01-15T13:11:06.409025+00:00 [running]> on host 565f6bcc10b6
[2024-01-15T13:11:10.248+0000] {taskinstance.py:1509} INFO - Exporting the following env vars:
AIRFLOW_CTX_DAG_OWNER=***
AIRFLOW_CTX_DAG_ID=jobinfo_slack
AIRFLOW_CTX_TASK_ID=postAndReview_sql_and_return_result
AIRFLOW_CTX_EXECUTION_DATE=2024-01-15T13:11:06.409025+00:00
AIRFLOW_CTX_TRY_NUMBER=1
AIRFLOW_CTX_DAG_RUN_ID=manual__2024-01-15T13:11:06.409025+00:00
[2024-01-15T13:11:10.259+0000] {base.py:73} INFO - Using connection ID 'rds_conn' for task execution.
[2024-01-15T13:11:10.302+0000] {logging_mixin.py:137} INFO - +----------------------+--------------------------------------------------------------------------------+--------------------------------------------------------------------------+----------------------------------------------------------------------+
|        회사명        |                                      장점                                      |                                   단점                                   |                         면접 분위기 및 답변                          |
+----------------------+--------------------------------------------------------------------------------+--------------------------------------------------------------------------+----------------------------------------------------------------------+
|      오케스트로      |                                   정보 없음                                    |                                정보 없음                                 |                              정보 없음                               |
|    워트인텔리전스    |                                   회사, 성장                                   |                          회사, 장점, 생각, 친절                          |                      질문, 부분들, 관련, 질문들                      |
|       페이히어       |          지원, 점심, 복지, 제공, 환경, 강남역, 회사, 업무, 직원, 휴가          |      문제, 생각, 마인드, 야근, 개발, 그것, 복잡, 안정성, 기능, 기업      |     분위기, 면접, 준비, 편안, 긴장, 느낌, 답변, 1차, 생각, 진행      |
|       무브멘토       |    확실, 9-6환경,, 야근, 주말근무, 특수, 상황, 근무환경, 분위기, 자유, 편안    |                                   회사                                   |                                                                      |
|         웅진         |                               본사, 정규직, 제공                               |                            뒷받침, 포괄임금제                            |       질문, 면접, 불편, 경험, 기술적, 대답, 분위기, 꼬리, 답변       |
|      비포플레이      |         재택근무, 문제, 사람, 경영진, 장점, 강남역, 근무, 사무실, 사용         |     문제, 사람, 기획, 개발, 시스템, 대표, 직원들, 압박, 사람들, 일정     |                               개인면접                               |
|     롯데헬스케어     |                          아점저, 대기업, 개발, 비교적                          |  스타트업, 때문, 대기업보, 로드, 잠실역, 2호, 지옥철, 오후, 4시, 퇴근해  |                 관련, 질문, 부족, 필요, 면접관, 경험                 |
|     마크클라우드     |   사람, 자유, 연차, 선릉역, 자유로운, 분위기, 사용, 아이스크림, 다양한, 생각   |        사람, 야근, 회사, 대표, 수당, 업무, 생각, 근무, 직원, 리뷰        |                              질문, 긴장                              |
|       딥노이드       |     연차, 가능, 분위기, 사람, 자유로운, 업무, 성장, 연차사용, 자유, 수평적     |        회사, 복지, 사람, 업무, 체계, 연봉, 상장, 사업, 실력, 직원        |     면접관, 답변, 질문, 면접, 연봉, 문제, 경험, 대답, 수준, 제시     |
|      스윗코리아      |          회사, 자유, 지원, 연차, 복지, 문화, 사용, 신경, 기업, 대부분          |        필요, 회사, 업무, 사람, 성장, 대표, 경우, 기획, 문화, 체계        |       답변, 설명, 경험, 생각, 프로젝트, 상세, 자기, 경력, 질문       |
|    휴맥스모빌리티    |       연차, 자유, 사용, 눈치, 사내카페, 워라밸, 워라벨, 보장, 복지, 등등       |   회사, 모빌리티, 사람, 사업, 체계, 업무, 방향성, 진행, 부족한, 대부분   |                        면접, 편안, 결과, 질문                        |
| 메이븐클라우드서비스 |          지원, 연봉, 회사, 환경, 월급, 근무, 제공, 목소리, 업무, 경험          | 회사, 직원들, 관리, 대표, 프로젝트, 사이트, 업무, 대다수, 정치, 고객사에 |                          분위기, 공간, 질문                          |
|     와이더플래닛     |       점심, 제공, 연차, 역삼역, 트래픽, 경험, 월급, 분위기, 워라벨, 장점       |     회사, 사람, 퇴사, 데이터, 연봉, 오래걸림, 처리, 필요, 개발, 천지     |     질문, 답변, 면접, 태도, 평이한, 느낌, 1차, 사람, 무시, 진행      |
|     브레인커머스     |                                                                                |                                                                          | 면접, 질문, 부분, 분위기, 답변, 이력서, 자기소개, 면접관, 불쾌, 생각 |
|       플래티어       |       복지, 회사, 연차, 대표, 사람, 직원들, 대부분, 자유로운, 사용, 명절       |      사람, 회사, 근무, 단점, 하나, 부분, 업무, 프로젝트, 경우, 비슷      |     면접, 분위기, 답변, 편안, 이력서, 기술면접, 질문, 자리, 합격     |
|      메이크스타      |      연차, 사옥, 분위기, 사용, 눈치, 5만원, 케이팝, 업무, 자유로운, 깨끗       |      사람, 회사, 직원들, 업무, 연봉, 복지, 태도, 본인들, 특정, 시간      |                  질문, 인터뷰, 전문적, 소개, 면접자                  |
|      오케스트로      |         회사, 파크원, 점심, 식대, 사무, 분위기, 여의, 건물, 위치, 제공         |      연봉, 사람, 회사, 솔루션, 근무, 일부, 신입, 경력, 직원들, 생각      | 질문, 면접, 면접관, 경험, 분위기, 2차, 자기소개, 이력서, 회사, 사람  |
|     크리에이트립     |         사람, 분위기, 복지, 성장, 연차, 업무, 실력, 사람들, 문제, 해결         |   사람, 야근, 사람들, 평가, 업무, 강도, 스타트업, 의사결정, 근무, 한계   |     면접, 대표, 질문, 경험, 여기, 준비, 이력서, 고민, 2차, 사람      |
|       파인더스       |                                                                                |                                                                          |    회사, 생각, 문제, 면접, 진행, 평가, 때문, 면접자, 분위기, 설명    |
|    키다리스튜디오    |                                                                                |                                                                          |      면접, 생각, 진행, 질문, 답변, 대답, 준비, 시간, 관련, 과제      |
|     파킹클라우드     |       자유로운, 분위기, 자유, 깨끗, 사무실, 시간, 퇴근, 가능, 연차, 건물       |        사람, 복지, 체계, 업무, 회사, 연차, 이사, 상황, 현명, 생각        |   면접, 대용량, 트래픽, 이직, 경험, 진짜, 연봉, 못준다, 최악, 안주   |
|    월급쟁이부자들    |         회사, 성장, 직원들, 사람, 분위기, 목표, 생각, 일할, 월부, 환경         |     회사, 성장, 업무, 야근, 수준, 필요, 때문, 분위기, 고인물, 온보딩     |                     면접, 설명, 진행, 안내, 입사                     |
|       엠아이티       |        연차, 사이트, 야근, 사용, 근무, 눈치, 본사, 운영, 자유, 근무환경        |   사이트, 급여, 쿠팡, 계약직, 복지, 연봉, 연봉협상, 근무, 업무, 워라벨   |                       면접, 고객사, 직원, 교육                       |
|        와디즈        |                                                                                |                                                                          |                       질문, 분위기, 꼬리, 제품                       |
|    제니스앤컴퍼니    |                                                                                |                                                                          |                               개인면접                               |
|    메이븐클라우드    |          지원, 연봉, 회사, 환경, 월급, 근무, 제공, 목소리, 업무, 경험          | 회사, 직원들, 관리, 대표, 프로젝트, 사이트, 업무, 대다수, 정치, 고객사에 |                          분위기, 공간, 질문                          |
|         로민         | 가능, 재택근무, 연차, 지원, 야근수당, 자유, 사용, 자율출퇴근제, 사람들, 분위기 |      야근, 업무, 회사, 수행, 때문, 개발, 주변, 월급, 목표, 프로젝트      |    질문들, 경험, 면접관, 느낌, 회사, 생각, 정도, 면접, 질문, 공부    |
|        티니어        |           회사, 자유로운, 문화, 야근, 분위기, 점심, 사람, 성장, 의지           |                                사람, 다들                                |                              면접, 생각                              |
|       데브툴즈       |                         지원, 복지, 개발, 회사, 출퇴근                         |                     대표, 분위기, 성장, 직원들, 인원                     |    면접, 대표, 진행, 회사, 생각, 질문, 기술면접, 개발, 기술, 관련    |
+----------------------+--------------------------------------------------------------------------------+--------------------------------------------------------------------------+----------------------------------------------------------------------+
[2024-01-15T13:11:10.303+0000] {python.py:177} INFO - Done. Returned value was: +----------------------+--------------------------------------------------------------------------------+--------------------------------------------------------------------------+----------------------------------------------------------------------+
|        회사명        |                                      장점                                      |                                   단점                                   |                         면접 분위기 및 답변                          |
+----------------------+--------------------------------------------------------------------------------+--------------------------------------------------------------------------+----------------------------------------------------------------------+
|      오케스트로      |                                   정보 없음                                    |                                정보 없음                                 |                              정보 없음                               |
|    워트인텔리전스    |                                   회사, 성장                                   |                          회사, 장점, 생각, 친절                          |                      질문, 부분들, 관련, 질문들                      |
|       페이히어       |          지원, 점심, 복지, 제공, 환경, 강남역, 회사, 업무, 직원, 휴가          |      문제, 생각, 마인드, 야근, 개발, 그것, 복잡, 안정성, 기능, 기업      |     분위기, 면접, 준비, 편안, 긴장, 느낌, 답변, 1차, 생각, 진행      |
|       무브멘토       |    확실, 9-6환경,, 야근, 주말근무, 특수, 상황, 근무환경, 분위기, 자유, 편안    |                                   회사                                   |                                                                      |
|         웅진         |                               본사, 정규직, 제공                               |                            뒷받침, 포괄임금제                            |       질문, 면접, 불편, 경험, 기술적, 대답, 분위기, 꼬리, 답변       |
|      비포플레이      |         재택근무, 문제, 사람, 경영진, 장점, 강남역, 근무, 사무실, 사용         |     문제, 사람, 기획, 개발, 시스템, 대표, 직원들, 압박, 사람들, 일정     |                               개인면접                               |
|     롯데헬스케어     |                          아점저, 대기업, 개발, 비교적                          |  스타트업, 때문, 대기업보, 로드, 잠실역, 2호, 지옥철, 오후, 4시, 퇴근해  |                 관련, 질문, 부족, 필요, 면접관, 경험                 |
|     마크클라우드     |   사람, 자유, 연차, 선릉역, 자유로운, 분위기, 사용, 아이스크림, 다양한, 생각   |        사람, 야근, 회사, 대표, 수당, 업무, 생각, 근무, 직원, 리뷰        |                              질문, 긴장                              |
|       딥노이드       |     연차, 가능, 분위기, 사람, 자유로운, 업무, 성장, 연차사용, 자유, 수평적     |        회사, 복지, 사람, 업무, 체계, 연봉, 상장, 사업, 실력, 직원        |     면접관, 답변, 질문, 면접, 연봉, 문제, 경험, 대답, 수준, 제시     |
|      스윗코리아      |          회사, 자유, 지원, 연차, 복지, 문화, 사용, 신경, 기업, 대부분          |        필요, 회사, 업무, 사람, 성장, 대표, 경우, 기획, 문화, 체계        |       답변, 설명, 경험, 생각, 프로젝트, 상세, 자기, 경력, 질문       |
|    휴맥스모빌리티    |       연차, 자유, 사용, 눈치, 사내카페, 워라밸, 워라벨, 보장, 복지, 등등       |   회사, 모빌리티, 사람, 사업, 체계, 업무, 방향성, 진행, 부족한, 대부분   |                        면접, 편안, 결과, 질문                        |
| 메이븐클라우드서비스 |          지원, 연봉, 회사, 환경, 월급, 근무, 제공, 목소리, 업무, 경험          | 회사, 직원들, 관리, 대표, 프로젝트, 사이트, 업무, 대다수, 정치, 고객사에 |                          분위기, 공간, 질문                          |
|     와이더플래닛     |       점심, 제공, 연차, 역삼역, 트래픽, 경험, 월급, 분위기, 워라벨, 장점       |     회사, 사람, 퇴사, 데이터, 연봉, 오래걸림, 처리, 필요, 개발, 천지     |     질문, 답변, 면접, 태도, 평이한, 느낌, 1차, 사람, 무시, 진행      |
|     브레인커머스     |                                                                                |                                                                          | 면접, 질문, 부분, 분위기, 답변, 이력서, 자기소개, 면접관, 불쾌, 생각 |
|       플래티어       |       복지, 회사, 연차, 대표, 사람, 직원들, 대부분, 자유로운, 사용, 명절       |      사람, 회사, 근무, 단점, 하나, 부분, 업무, 프로젝트, 경우, 비슷      |     면접, 분위기, 답변, 편안, 이력서, 기술면접, 질문, 자리, 합격     |
|      메이크스타      |      연차, 사옥, 분위기, 사용, 눈치, 5만원, 케이팝, 업무, 자유로운, 깨끗       |      사람, 회사, 직원들, 업무, 연봉, 복지, 태도, 본인들, 특정, 시간      |                  질문, 인터뷰, 전문적, 소개, 면접자                  |
|      오케스트로      |         회사, 파크원, 점심, 식대, 사무, 분위기, 여의, 건물, 위치, 제공         |      연봉, 사람, 회사, 솔루션, 근무, 일부, 신입, 경력, 직원들, 생각      | 질문, 면접, 면접관, 경험, 분위기, 2차, 자기소개, 이력서, 회사, 사람  |
|     크리에이트립     |         사람, 분위기, 복지, 성장, 연차, 업무, 실력, 사람들, 문제, 해결         |   사람, 야근, 사람들, 평가, 업무, 강도, 스타트업, 의사결정, 근무, 한계   |     면접, 대표, 질문, 경험, 여기, 준비, 이력서, 고민, 2차, 사람      |
|       파인더스       |                                                                                |                                                                          |    회사, 생각, 문제, 면접, 진행, 평가, 때문, 면접자, 분위기, 설명    |
|    키다리스튜디오    |                                                                                |                                                                          |      면접, 생각, 진행, 질문, 답변, 대답, 준비, 시간, 관련, 과제      |
|     파킹클라우드     |       자유로운, 분위기, 자유, 깨끗, 사무실, 시간, 퇴근, 가능, 연차, 건물       |        사람, 복지, 체계, 업무, 회사, 연차, 이사, 상황, 현명, 생각        |   면접, 대용량, 트래픽, 이직, 경험, 진짜, 연봉, 못준다, 최악, 안주   |
|    월급쟁이부자들    |         회사, 성장, 직원들, 사람, 분위기, 목표, 생각, 일할, 월부, 환경         |     회사, 성장, 업무, 야근, 수준, 필요, 때문, 분위기, 고인물, 온보딩     |                     면접, 설명, 진행, 안내, 입사                     |
|       엠아이티       |        연차, 사이트, 야근, 사용, 근무, 눈치, 본사, 운영, 자유, 근무환경        |   사이트, 급여, 쿠팡, 계약직, 복지, 연봉, 연봉협상, 근무, 업무, 워라벨   |                       면접, 고객사, 직원, 교육                       |
|        와디즈        |                                                                                |                                                                          |                       질문, 분위기, 꼬리, 제품                       |
|    제니스앤컴퍼니    |                                                                                |                                                                          |                               개인면접                               |
|    메이븐클라우드    |          지원, 연봉, 회사, 환경, 월급, 근무, 제공, 목소리, 업무, 경험          | 회사, 직원들, 관리, 대표, 프로젝트, 사이트, 업무, 대다수, 정치, 고객사에 |                          분위기, 공간, 질문                          |
|         로민         | 가능, 재택근무, 연차, 지원, 야근수당, 자유, 사용, 자율출퇴근제, 사람들, 분위기 |      야근, 업무, 회사, 수행, 때문, 개발, 주변, 월급, 목표, 프로젝트      |    질문들, 경험, 면접관, 느낌, 회사, 생각, 정도, 면접, 질문, 공부    |
|        티니어        |           회사, 자유로운, 문화, 야근, 분위기, 점심, 사람, 성장, 의지           |                                사람, 다들                                |                              면접, 생각                              |
|       데브툴즈       |                         지원, 복지, 개발, 회사, 출퇴근                         |                     대표, 분위기, 성장, 직원들, 인원                     |    면접, 대표, 진행, 회사, 생각, 질문, 기술면접, 개발, 기술, 관련    |
+----------------------+--------------------------------------------------------------------------------+--------------------------------------------------------------------------+----------------------------------------------------------------------+
[2024-01-15T13:11:10.329+0000] {taskinstance.py:1323} INFO - Marking task as SUCCESS. dag_id=jobinfo_slack, task_id=postAndReview_sql_and_return_result, execution_date=20240115T131106, start_date=20240115T131110, end_date=20240115T131110
[2024-01-15T13:11:10.383+0000] {local_task_job.py:208} INFO - Task exited with return code 0
[2024-01-15T13:11:10.415+0000] {taskinstance.py:2578} INFO - 1 downstream tasks scheduled from follow-on schedule check
