[2024-01-14T15:43:10.728+0000] {taskinstance.py:1083} INFO - Dependencies all met for <TaskInstance: jobinfo_jobplanet.jobplanet_login manual__2024-01-14T15:43:03.033677+00:00 [queued]>
[2024-01-14T15:43:10.737+0000] {taskinstance.py:1083} INFO - Dependencies all met for <TaskInstance: jobinfo_jobplanet.jobplanet_login manual__2024-01-14T15:43:03.033677+00:00 [queued]>
[2024-01-14T15:43:10.738+0000] {taskinstance.py:1279} INFO - 
--------------------------------------------------------------------------------
[2024-01-14T15:43:10.738+0000] {taskinstance.py:1280} INFO - Starting attempt 1 of 1
[2024-01-14T15:43:10.738+0000] {taskinstance.py:1281} INFO - 
--------------------------------------------------------------------------------
[2024-01-14T15:43:10.771+0000] {taskinstance.py:1300} INFO - Executing <Task(PythonOperator): jobplanet_login> on 2024-01-14 15:43:03.033677+00:00
[2024-01-14T15:43:10.794+0000] {standard_task_runner.py:55} INFO - Started process 6847 to run task
[2024-01-14T15:43:10.805+0000] {standard_task_runner.py:82} INFO - Running: ['***', 'tasks', 'run', 'jobinfo_jobplanet', 'jobplanet_login', 'manual__2024-01-14T15:43:03.033677+00:00', '--job-id', '535', '--raw', '--subdir', 'DAGS_FOLDER/jobinfo_jobplanet.py', '--cfg-path', '/tmp/tmpadz6vko4']
[2024-01-14T15:43:10.806+0000] {standard_task_runner.py:83} INFO - Job 535: Subtask jobplanet_login
[2024-01-14T15:43:10.884+0000] {task_command.py:388} INFO - Running <TaskInstance: jobinfo_jobplanet.jobplanet_login manual__2024-01-14T15:43:03.033677+00:00 [running]> on host 565f6bcc10b6
[2024-01-14T15:43:11.011+0000] {taskinstance.py:1509} INFO - Exporting the following env vars:
AIRFLOW_CTX_DAG_OWNER=***
AIRFLOW_CTX_DAG_ID=jobinfo_jobplanet
AIRFLOW_CTX_TASK_ID=jobplanet_login
AIRFLOW_CTX_EXECUTION_DATE=2024-01-14T15:43:03.033677+00:00
AIRFLOW_CTX_TRY_NUMBER=1
AIRFLOW_CTX_DAG_RUN_ID=manual__2024-01-14T15:43:03.033677+00:00
[2024-01-14T15:43:14.850+0000] {jobinfo_jobplanet.py:76} INFO - *********************************
[2024-01-14T15:43:14.925+0000] {jobinfo_jobplanet.py:82} INFO - 12212121313442342354534634534534534534523423443423
[2024-01-14T15:43:14.926+0000] {jobinfo_jobplanet.py:83} INFO - <selenium.webdriver.remote.webdriver.WebDriver (session="253aaadf5bba0ff8838afb939ce76a6c")>
[2024-01-14T15:43:15.190+0000] {jobinfo_jobplanet.py:86} INFO - 890u8987978078978978079078097807897809789789789789789797
[2024-01-14T15:43:15.660+0000] {jobinfo_jobplanet.py:89} INFO - ^^^^^^^^^^^^^^^^^^^^^^^^^^^^^^^^^^^^^^^^^^^^^^^^^^^^^^^^^^^^^^^^^^^^^^^^^^^^^^^^^^^^^^
[2024-01-14T15:43:16.470+0000] {jobinfo_jobplanet.py:100} INFO - 3333333333333333333333333
[2024-01-14T15:43:16.526+0000] {jobinfo_jobplanet.py:106} INFO - 4444444444444444444444444444
[2024-01-14T15:43:16.531+0000] {jobinfo_jobplanet.py:108} INFO - ['오케스트로', '오케스트로', '제니스앤컴퍼니', '제니스앤컴퍼니', '제니스앤컴퍼니', '메이븐클라우드서비스', '엠아이티', '엠아이티', '스윗코리아', '스윗코리아', '파킹클라우드', '오케스트로', '오케스트로', '오케스트로', '오케스트로', '오케스트로', '월급쟁이부자들', '월급쟁이부자들', '로민', '블랙탠저린', '파인더스', '론픽', '비포플레이', '롯데헬스케어', '롯데헬스케어', '올라운드닥터스', '와디즈', '크리에이트립', '데브툴즈', '티니어', '키다리스튜디오', '마크클라우드']
[2024-01-14T15:43:16.531+0000] {jobinfo_jobplanet.py:109} INFO - ['path/in/s3/bucket/jobinfo_jumpit.csv', 'path/in/s3/bucket/jobinfo_jumpit_v2.csv', 'path/in/s3/bucket/review_information_데브툴즈.csv', 'path/in/s3/bucket/review_information_로민.csv', 'path/in/s3/bucket/review_information_롯데헬스케어.csv', 'path/in/s3/bucket/review_information_마크클라우드.csv', 'path/in/s3/bucket/review_information_메이븐클라우드서비스.csv', 'path/in/s3/bucket/review_information_블랙탠저린.csv', 'path/in/s3/bucket/review_information_비포플레이.csv', 'path/in/s3/bucket/review_information_스윗코리아.csv', 'path/in/s3/bucket/review_information_엠아이티.csv', 'path/in/s3/bucket/review_information_오케스트로.csv', 'path/in/s3/bucket/review_information_월급쟁이부자들.csv', 'path/in/s3/bucket/review_information_제니스앤컴퍼니.csv', 'path/in/s3/bucket/review_information_크리에이트립.csv', 'path/in/s3/bucket/review_information_키다리스튜디오.csv', 'path/in/s3/bucket/review_information_티니어.csv', 'path/in/s3/bucket/review_information_파인더스.csv', 'path/in/s3/bucket/review_information_파킹클라우드.csv', 'path/in/s3/bucket/summary.csv']
[2024-01-14T15:43:16.531+0000] {jobinfo_jobplanet.py:110} INFO - 시작
[2024-01-14T15:43:16.531+0000] {jobinfo_jobplanet.py:114} INFO - 오케스트로 있음
[2024-01-14T15:43:16.531+0000] {jobinfo_jobplanet.py:114} INFO - 오케스트로 있음
[2024-01-14T15:43:16.531+0000] {jobinfo_jobplanet.py:114} INFO - 제니스앤컴퍼니 있음
[2024-01-14T15:43:16.532+0000] {jobinfo_jobplanet.py:114} INFO - 제니스앤컴퍼니 있음
[2024-01-14T15:43:16.532+0000] {jobinfo_jobplanet.py:114} INFO - 제니스앤컴퍼니 있음
[2024-01-14T15:43:16.532+0000] {jobinfo_jobplanet.py:114} INFO - 메이븐클라우드서비스 있음
[2024-01-14T15:43:16.532+0000] {jobinfo_jobplanet.py:114} INFO - 엠아이티 있음
[2024-01-14T15:43:16.532+0000] {jobinfo_jobplanet.py:114} INFO - 엠아이티 있음
[2024-01-14T15:43:16.532+0000] {jobinfo_jobplanet.py:114} INFO - 스윗코리아 있음
[2024-01-14T15:43:16.532+0000] {jobinfo_jobplanet.py:114} INFO - 스윗코리아 있음
[2024-01-14T15:43:16.532+0000] {jobinfo_jobplanet.py:114} INFO - 파킹클라우드 있음
[2024-01-14T15:43:16.532+0000] {jobinfo_jobplanet.py:114} INFO - 오케스트로 있음
[2024-01-14T15:43:16.532+0000] {jobinfo_jobplanet.py:114} INFO - 오케스트로 있음
[2024-01-14T15:43:16.532+0000] {jobinfo_jobplanet.py:114} INFO - 오케스트로 있음
[2024-01-14T15:43:16.532+0000] {jobinfo_jobplanet.py:114} INFO - 오케스트로 있음
[2024-01-14T15:43:16.532+0000] {jobinfo_jobplanet.py:114} INFO - 오케스트로 있음
[2024-01-14T15:43:16.532+0000] {jobinfo_jobplanet.py:114} INFO - 월급쟁이부자들 있음
[2024-01-14T15:43:16.533+0000] {jobinfo_jobplanet.py:114} INFO - 월급쟁이부자들 있음
[2024-01-14T15:43:16.533+0000] {jobinfo_jobplanet.py:114} INFO - 로민 있음
[2024-01-14T15:43:16.533+0000] {jobinfo_jobplanet.py:114} INFO - 블랙탠저린 있음
[2024-01-14T15:43:16.533+0000] {jobinfo_jobplanet.py:114} INFO - 파인더스 있음
[2024-01-14T15:43:16.566+0000] {jobinfo_jobplanet.py:121} INFO - 론픽 파일이 없음
[2024-01-14T15:43:21.485+0000] {jobinfo_jobplanet.py:139} INFO - 론픽의 정보는 없어서 파일 생성을 못한다.
[2024-01-14T15:43:21.485+0000] {jobinfo_jobplanet.py:140} INFO - ['path/in/s3/bucket/jobinfo_jumpit.csv', 'path/in/s3/bucket/jobinfo_jumpit_v2.csv', 'path/in/s3/bucket/review_information_데브툴즈.csv', 'path/in/s3/bucket/review_information_로민.csv', 'path/in/s3/bucket/review_information_롯데헬스케어.csv', 'path/in/s3/bucket/review_information_마크클라우드.csv', 'path/in/s3/bucket/review_information_메이븐클라우드서비스.csv', 'path/in/s3/bucket/review_information_블랙탠저린.csv', 'path/in/s3/bucket/review_information_비포플레이.csv', 'path/in/s3/bucket/review_information_스윗코리아.csv', 'path/in/s3/bucket/review_information_엠아이티.csv', 'path/in/s3/bucket/review_information_오케스트로.csv', 'path/in/s3/bucket/review_information_월급쟁이부자들.csv', 'path/in/s3/bucket/review_information_제니스앤컴퍼니.csv', 'path/in/s3/bucket/review_information_크리에이트립.csv', 'path/in/s3/bucket/review_information_키다리스튜디오.csv', 'path/in/s3/bucket/review_information_티니어.csv', 'path/in/s3/bucket/review_information_파인더스.csv', 'path/in/s3/bucket/review_information_파킹클라우드.csv', 'path/in/s3/bucket/summary.csv']
[2024-01-14T15:43:21.486+0000] {jobinfo_jobplanet.py:114} INFO - 비포플레이 있음
[2024-01-14T15:43:21.486+0000] {jobinfo_jobplanet.py:114} INFO - 롯데헬스케어 있음
[2024-01-14T15:43:21.486+0000] {jobinfo_jobplanet.py:114} INFO - 롯데헬스케어 있음
[2024-01-14T15:43:21.528+0000] {jobinfo_jobplanet.py:121} INFO - 올라운드닥터스 파일이 없음
[2024-01-14T15:43:22.365+0000] {jobinfo_jobplanet.py:125} INFO - 올라운드닥터스 검색을 위해 검색창에 입력했습니다.
[2024-01-14T15:43:25.039+0000] {jobinfo_jobplanet.py:128} INFO - 올라운드닥터스 검색하기
[2024-01-14T15:43:27.122+0000] {jobinfo_jobplanet.py:139} INFO - 올라운드닥터스의 정보는 없어서 파일 생성을 못한다.
[2024-01-14T15:43:27.122+0000] {jobinfo_jobplanet.py:140} INFO - ['path/in/s3/bucket/jobinfo_jumpit.csv', 'path/in/s3/bucket/jobinfo_jumpit_v2.csv', 'path/in/s3/bucket/review_information_데브툴즈.csv', 'path/in/s3/bucket/review_information_로민.csv', 'path/in/s3/bucket/review_information_롯데헬스케어.csv', 'path/in/s3/bucket/review_information_마크클라우드.csv', 'path/in/s3/bucket/review_information_메이븐클라우드서비스.csv', 'path/in/s3/bucket/review_information_블랙탠저린.csv', 'path/in/s3/bucket/review_information_비포플레이.csv', 'path/in/s3/bucket/review_information_스윗코리아.csv', 'path/in/s3/bucket/review_information_엠아이티.csv', 'path/in/s3/bucket/review_information_오케스트로.csv', 'path/in/s3/bucket/review_information_월급쟁이부자들.csv', 'path/in/s3/bucket/review_information_제니스앤컴퍼니.csv', 'path/in/s3/bucket/review_information_크리에이트립.csv', 'path/in/s3/bucket/review_information_키다리스튜디오.csv', 'path/in/s3/bucket/review_information_티니어.csv', 'path/in/s3/bucket/review_information_파인더스.csv', 'path/in/s3/bucket/review_information_파킹클라우드.csv', 'path/in/s3/bucket/summary.csv']
[2024-01-14T15:43:27.125+0000] {jobinfo_jobplanet.py:121} INFO - 와디즈 파일이 없음
[2024-01-14T15:43:27.483+0000] {jobinfo_jobplanet.py:125} INFO - 와디즈 검색을 위해 검색창에 입력했습니다.
[2024-01-14T15:43:29.311+0000] {jobinfo_jobplanet.py:128} INFO - 와디즈 검색하기
[2024-01-14T15:43:29.612+0000] {jobinfo_jobplanet.py:133} INFO - 와디즈 회사 정보를 알기 위해 상세정보 클릭합니다.
[2024-01-14T15:43:53.219+0000] {base.py:73} INFO - Using connection ID 's3_conn' for task execution.
[2024-01-14T15:43:53.408+0000] {jobinfo_jobplanet.py:679} INFO - File path/in/s3/bucket/review_information_와디즈.csv uploaded to S3 successfully.
[2024-01-14T15:43:53.409+0000] {jobinfo_jobplanet.py:140} INFO - ['path/in/s3/bucket/jobinfo_jumpit.csv', 'path/in/s3/bucket/jobinfo_jumpit_v2.csv', 'path/in/s3/bucket/review_information_데브툴즈.csv', 'path/in/s3/bucket/review_information_로민.csv', 'path/in/s3/bucket/review_information_롯데헬스케어.csv', 'path/in/s3/bucket/review_information_마크클라우드.csv', 'path/in/s3/bucket/review_information_메이븐클라우드서비스.csv', 'path/in/s3/bucket/review_information_블랙탠저린.csv', 'path/in/s3/bucket/review_information_비포플레이.csv', 'path/in/s3/bucket/review_information_스윗코리아.csv', 'path/in/s3/bucket/review_information_엠아이티.csv', 'path/in/s3/bucket/review_information_오케스트로.csv', 'path/in/s3/bucket/review_information_월급쟁이부자들.csv', 'path/in/s3/bucket/review_information_제니스앤컴퍼니.csv', 'path/in/s3/bucket/review_information_크리에이트립.csv', 'path/in/s3/bucket/review_information_키다리스튜디오.csv', 'path/in/s3/bucket/review_information_티니어.csv', 'path/in/s3/bucket/review_information_파인더스.csv', 'path/in/s3/bucket/review_information_파킹클라우드.csv', 'path/in/s3/bucket/summary.csv', 'path/in/s3/bucket/review_information_와디즈.csv']
[2024-01-14T15:43:53.410+0000] {jobinfo_jobplanet.py:114} INFO - 크리에이트립 있음
[2024-01-14T15:43:53.410+0000] {jobinfo_jobplanet.py:114} INFO - 데브툴즈 있음
[2024-01-14T15:43:53.410+0000] {jobinfo_jobplanet.py:114} INFO - 티니어 있음
[2024-01-14T15:43:53.412+0000] {jobinfo_jobplanet.py:114} INFO - 키다리스튜디오 있음
[2024-01-14T15:43:53.413+0000] {jobinfo_jobplanet.py:114} INFO - 마크클라우드 있음
[2024-01-14T15:43:53.425+0000] {base.py:73} INFO - Using connection ID 's3_conn' for task execution.
[2024-01-14T15:43:53.504+0000] {base.py:73} INFO - Using connection ID 's3_conn' for task execution.
[2024-01-14T15:43:53.588+0000] {jobinfo_jobplanet.py:518} INFO - 제니스앤컴퍼니dml wordcloud start
[2024-01-14T15:43:53.588+0000] {jobinfo_jobplanet.py:630} INFO - 제니스앤컴퍼니 정보 없ㅇ,ㅡ
[2024-01-14T15:43:53.589+0000] {jobinfo_jobplanet.py:631} INFO - Failed to read CSV file from S3: No JVM shared library file (libjvm.so) found. Try setting up the JAVA_HOME environment variable properly.
[2024-01-14T15:44:06.611+0000] {base.py:73} INFO - Using connection ID 's3_conn' for task execution.
[2024-01-14T15:44:06.720+0000] {jobinfo_jobplanet.py:518} INFO - 제니스앤컴퍼니dml wordcloud start
[2024-01-14T15:44:06.720+0000] {jobinfo_jobplanet.py:630} INFO - 제니스앤컴퍼니 정보 없ㅇ,ㅡ
[2024-01-14T15:44:06.720+0000] {jobinfo_jobplanet.py:631} INFO - Failed to read CSV file from S3: No JVM shared library file (libjvm.so) found. Try setting up the JAVA_HOME environment variable properly.
[2024-01-14T15:44:21.039+0000] {base.py:73} INFO - Using connection ID 's3_conn' for task execution.
[2024-01-14T15:44:21.190+0000] {jobinfo_jobplanet.py:518} INFO - 제니스앤컴퍼니dml wordcloud start
[2024-01-14T15:44:21.190+0000] {jobinfo_jobplanet.py:630} INFO - 제니스앤컴퍼니 정보 없ㅇ,ㅡ
[2024-01-14T15:44:21.190+0000] {jobinfo_jobplanet.py:631} INFO - Failed to read CSV file from S3: No JVM shared library file (libjvm.so) found. Try setting up the JAVA_HOME environment variable properly.
[2024-01-14T15:44:33.685+0000] {base.py:73} INFO - Using connection ID 's3_conn' for task execution.
[2024-01-14T15:44:33.803+0000] {jobinfo_jobplanet.py:518} INFO - 메이븐클라우드서비스dml wordcloud start
[2024-01-14T15:44:33.803+0000] {jobinfo_jobplanet.py:630} INFO - 메이븐클라우드서비스 정보 없ㅇ,ㅡ
[2024-01-14T15:44:33.803+0000] {jobinfo_jobplanet.py:631} INFO - Failed to read CSV file from S3: No JVM shared library file (libjvm.so) found. Try setting up the JAVA_HOME environment variable properly.
[2024-01-14T15:44:48.838+0000] {base.py:73} INFO - Using connection ID 's3_conn' for task execution.
[2024-01-14T15:44:48.969+0000] {jobinfo_jobplanet.py:518} INFO - 엠아이티dml wordcloud start
[2024-01-14T15:44:48.969+0000] {jobinfo_jobplanet.py:630} INFO - 엠아이티 정보 없ㅇ,ㅡ
[2024-01-14T15:44:48.969+0000] {jobinfo_jobplanet.py:631} INFO - Failed to read CSV file from S3: No JVM shared library file (libjvm.so) found. Try setting up the JAVA_HOME environment variable properly.
[2024-01-14T15:45:04.447+0000] {base.py:73} INFO - Using connection ID 's3_conn' for task execution.
[2024-01-14T15:45:04.517+0000] {jobinfo_jobplanet.py:518} INFO - 엠아이티dml wordcloud start
[2024-01-14T15:45:04.517+0000] {jobinfo_jobplanet.py:630} INFO - 엠아이티 정보 없ㅇ,ㅡ
[2024-01-14T15:45:04.518+0000] {jobinfo_jobplanet.py:631} INFO - Failed to read CSV file from S3: No JVM shared library file (libjvm.so) found. Try setting up the JAVA_HOME environment variable properly.
[2024-01-14T15:45:25.688+0000] {base.py:73} INFO - Using connection ID 's3_conn' for task execution.
[2024-01-14T15:45:25.801+0000] {jobinfo_jobplanet.py:518} INFO - 스윗코리아dml wordcloud start
[2024-01-14T15:45:25.804+0000] {jobinfo_jobplanet.py:630} INFO - 스윗코리아 정보 없ㅇ,ㅡ
[2024-01-14T15:45:25.804+0000] {jobinfo_jobplanet.py:631} INFO - Failed to read CSV file from S3: No JVM shared library file (libjvm.so) found. Try setting up the JAVA_HOME environment variable properly.
[2024-01-14T15:45:42.517+0000] {base.py:73} INFO - Using connection ID 's3_conn' for task execution.
[2024-01-14T15:45:42.613+0000] {jobinfo_jobplanet.py:518} INFO - 스윗코리아dml wordcloud start
[2024-01-14T15:45:42.613+0000] {jobinfo_jobplanet.py:630} INFO - 스윗코리아 정보 없ㅇ,ㅡ
[2024-01-14T15:45:42.613+0000] {jobinfo_jobplanet.py:631} INFO - Failed to read CSV file from S3: No JVM shared library file (libjvm.so) found. Try setting up the JAVA_HOME environment variable properly.
[2024-01-14T15:46:01.663+0000] {base.py:73} INFO - Using connection ID 's3_conn' for task execution.
[2024-01-14T15:46:01.789+0000] {jobinfo_jobplanet.py:518} INFO - 파킹클라우드dml wordcloud start
[2024-01-14T15:46:01.790+0000] {jobinfo_jobplanet.py:630} INFO - 파킹클라우드 정보 없ㅇ,ㅡ
[2024-01-14T15:46:01.790+0000] {jobinfo_jobplanet.py:631} INFO - Failed to read CSV file from S3: No JVM shared library file (libjvm.so) found. Try setting up the JAVA_HOME environment variable properly.
[2024-01-14T15:46:20.273+0000] {base.py:73} INFO - Using connection ID 's3_conn' for task execution.
[2024-01-14T15:46:20.407+0000] {jobinfo_jobplanet.py:518} INFO - 월급쟁이부자들dml wordcloud start
[2024-01-14T15:46:20.407+0000] {jobinfo_jobplanet.py:630} INFO - 월급쟁이부자들 정보 없ㅇ,ㅡ
[2024-01-14T15:46:20.407+0000] {jobinfo_jobplanet.py:631} INFO - Failed to read CSV file from S3: No JVM shared library file (libjvm.so) found. Try setting up the JAVA_HOME environment variable properly.
[2024-01-14T15:46:34.691+0000] {base.py:73} INFO - Using connection ID 's3_conn' for task execution.
[2024-01-14T15:46:34.843+0000] {jobinfo_jobplanet.py:518} INFO - 월급쟁이부자들dml wordcloud start
[2024-01-14T15:46:34.844+0000] {jobinfo_jobplanet.py:630} INFO - 월급쟁이부자들 정보 없ㅇ,ㅡ
[2024-01-14T15:46:34.844+0000] {jobinfo_jobplanet.py:631} INFO - Failed to read CSV file from S3: No JVM shared library file (libjvm.so) found. Try setting up the JAVA_HOME environment variable properly.
[2024-01-14T15:46:51.410+0000] {base.py:73} INFO - Using connection ID 's3_conn' for task execution.
[2024-01-14T15:46:51.532+0000] {jobinfo_jobplanet.py:518} INFO - 로민dml wordcloud start
[2024-01-14T15:46:51.533+0000] {jobinfo_jobplanet.py:630} INFO - 로민 정보 없ㅇ,ㅡ
[2024-01-14T15:46:51.533+0000] {jobinfo_jobplanet.py:631} INFO - Failed to read CSV file from S3: No JVM shared library file (libjvm.so) found. Try setting up the JAVA_HOME environment variable properly.
[2024-01-14T15:47:03.772+0000] {base.py:73} INFO - Using connection ID 's3_conn' for task execution.
[2024-01-14T15:47:03.887+0000] {jobinfo_jobplanet.py:518} INFO - 블랙탠저린dml wordcloud start
[2024-01-14T15:47:03.888+0000] {jobinfo_jobplanet.py:630} INFO - 블랙탠저린 정보 없ㅇ,ㅡ
[2024-01-14T15:47:03.888+0000] {jobinfo_jobplanet.py:631} INFO - Failed to read CSV file from S3: No JVM shared library file (libjvm.so) found. Try setting up the JAVA_HOME environment variable properly.
[2024-01-14T15:47:16.605+0000] {base.py:73} INFO - Using connection ID 's3_conn' for task execution.
[2024-01-14T15:47:16.726+0000] {jobinfo_jobplanet.py:518} INFO - 파인더스dml wordcloud start
[2024-01-14T15:47:16.727+0000] {jobinfo_jobplanet.py:630} INFO - 파인더스 정보 없ㅇ,ㅡ
[2024-01-14T15:47:16.727+0000] {jobinfo_jobplanet.py:631} INFO - Failed to read CSV file from S3: No JVM shared library file (libjvm.so) found. Try setting up the JAVA_HOME environment variable properly.
[2024-01-14T15:47:31.547+0000] {base.py:73} INFO - Using connection ID 's3_conn' for task execution.
[2024-01-14T15:47:31.642+0000] {jobinfo_jobplanet.py:630} INFO - 론픽 정보 없ㅇ,ㅡ
[2024-01-14T15:47:31.643+0000] {jobinfo_jobplanet.py:631} INFO - Failed to read CSV file from S3: An error occurred (NoSuchKey) when calling the GetObject operation: The specified key does not exist.
[2024-01-14T15:47:46.392+0000] {base.py:73} INFO - Using connection ID 's3_conn' for task execution.
[2024-01-14T15:47:46.514+0000] {jobinfo_jobplanet.py:518} INFO - 비포플레이dml wordcloud start
[2024-01-14T15:47:46.515+0000] {jobinfo_jobplanet.py:630} INFO - 비포플레이 정보 없ㅇ,ㅡ
[2024-01-14T15:47:46.515+0000] {jobinfo_jobplanet.py:631} INFO - Failed to read CSV file from S3: No JVM shared library file (libjvm.so) found. Try setting up the JAVA_HOME environment variable properly.
[2024-01-14T15:48:01.867+0000] {base.py:73} INFO - Using connection ID 's3_conn' for task execution.
[2024-01-14T15:48:01.979+0000] {jobinfo_jobplanet.py:518} INFO - 롯데헬스케어dml wordcloud start
[2024-01-14T15:48:01.981+0000] {jobinfo_jobplanet.py:630} INFO - 롯데헬스케어 정보 없ㅇ,ㅡ
[2024-01-14T15:48:01.981+0000] {jobinfo_jobplanet.py:631} INFO - Failed to read CSV file from S3: No JVM shared library file (libjvm.so) found. Try setting up the JAVA_HOME environment variable properly.
[2024-01-14T15:48:16.957+0000] {base.py:73} INFO - Using connection ID 's3_conn' for task execution.
[2024-01-14T15:48:17.071+0000] {jobinfo_jobplanet.py:518} INFO - 롯데헬스케어dml wordcloud start
[2024-01-14T15:48:17.072+0000] {jobinfo_jobplanet.py:630} INFO - 롯데헬스케어 정보 없ㅇ,ㅡ
[2024-01-14T15:48:17.072+0000] {jobinfo_jobplanet.py:631} INFO - Failed to read CSV file from S3: No JVM shared library file (libjvm.so) found. Try setting up the JAVA_HOME environment variable properly.
[2024-01-14T15:48:35.113+0000] {base.py:73} INFO - Using connection ID 's3_conn' for task execution.
[2024-01-14T15:48:35.191+0000] {jobinfo_jobplanet.py:630} INFO - 올라운드닥터스 정보 없ㅇ,ㅡ
[2024-01-14T15:48:35.191+0000] {jobinfo_jobplanet.py:631} INFO - Failed to read CSV file from S3: An error occurred (NoSuchKey) when calling the GetObject operation: The specified key does not exist.
[2024-01-14T15:48:51.892+0000] {base.py:73} INFO - Using connection ID 's3_conn' for task execution.
[2024-01-14T15:48:51.977+0000] {jobinfo_jobplanet.py:518} INFO - 와디즈dml wordcloud start
[2024-01-14T15:48:51.977+0000] {jobinfo_jobplanet.py:630} INFO - 와디즈 정보 없ㅇ,ㅡ
[2024-01-14T15:48:51.977+0000] {jobinfo_jobplanet.py:631} INFO - Failed to read CSV file from S3: No JVM shared library file (libjvm.so) found. Try setting up the JAVA_HOME environment variable properly.
[2024-01-14T15:49:11.005+0000] {base.py:73} INFO - Using connection ID 's3_conn' for task execution.
[2024-01-14T15:49:11.128+0000] {jobinfo_jobplanet.py:518} INFO - 크리에이트립dml wordcloud start
[2024-01-14T15:49:11.129+0000] {jobinfo_jobplanet.py:630} INFO - 크리에이트립 정보 없ㅇ,ㅡ
[2024-01-14T15:49:11.129+0000] {jobinfo_jobplanet.py:631} INFO - Failed to read CSV file from S3: No JVM shared library file (libjvm.so) found. Try setting up the JAVA_HOME environment variable properly.
[2024-01-14T15:49:26.323+0000] {base.py:73} INFO - Using connection ID 's3_conn' for task execution.
[2024-01-14T15:49:26.794+0000] {jobinfo_jobplanet.py:518} INFO - 데브툴즈dml wordcloud start
[2024-01-14T15:49:26.863+0000] {jobinfo_jobplanet.py:630} INFO - 데브툴즈 정보 없ㅇ,ㅡ
[2024-01-14T15:49:26.884+0000] {jobinfo_jobplanet.py:631} INFO - Failed to read CSV file from S3: No JVM shared library file (libjvm.so) found. Try setting up the JAVA_HOME environment variable properly.
[2024-01-14T15:49:47.695+0000] {base.py:73} INFO - Using connection ID 's3_conn' for task execution.
[2024-01-14T15:49:47.868+0000] {jobinfo_jobplanet.py:518} INFO - 티니어dml wordcloud start
[2024-01-14T15:49:47.869+0000] {jobinfo_jobplanet.py:630} INFO - 티니어 정보 없ㅇ,ㅡ
[2024-01-14T15:49:47.869+0000] {jobinfo_jobplanet.py:631} INFO - Failed to read CSV file from S3: No JVM shared library file (libjvm.so) found. Try setting up the JAVA_HOME environment variable properly.
[2024-01-14T15:50:02.372+0000] {base.py:73} INFO - Using connection ID 's3_conn' for task execution.
[2024-01-14T15:50:02.495+0000] {jobinfo_jobplanet.py:518} INFO - 키다리스튜디오dml wordcloud start
[2024-01-14T15:50:02.495+0000] {jobinfo_jobplanet.py:630} INFO - 키다리스튜디오 정보 없ㅇ,ㅡ
[2024-01-14T15:50:02.496+0000] {jobinfo_jobplanet.py:631} INFO - Failed to read CSV file from S3: No JVM shared library file (libjvm.so) found. Try setting up the JAVA_HOME environment variable properly.
[2024-01-14T15:50:19.449+0000] {base.py:73} INFO - Using connection ID 's3_conn' for task execution.
[2024-01-14T15:50:19.577+0000] {jobinfo_jobplanet.py:518} INFO - 마크클라우드dml wordcloud start
[2024-01-14T15:50:19.578+0000] {jobinfo_jobplanet.py:630} INFO - 마크클라우드 정보 없ㅇ,ㅡ
[2024-01-14T15:50:19.578+0000] {jobinfo_jobplanet.py:631} INFO - Failed to read CSV file from S3: No JVM shared library file (libjvm.so) found. Try setting up the JAVA_HOME environment variable properly.
[2024-01-14T15:50:35.077+0000] {python.py:177} INFO - Done. Returned value was: None
[2024-01-14T15:50:35.096+0000] {taskinstance.py:1323} INFO - Marking task as SUCCESS. dag_id=jobinfo_jobplanet, task_id=jobplanet_login, execution_date=20240114T154303, start_date=20240114T154310, end_date=20240114T155035
[2024-01-14T15:50:35.137+0000] {local_task_job.py:208} INFO - Task exited with return code 0
[2024-01-14T15:50:35.170+0000] {taskinstance.py:2578} INFO - 1 downstream tasks scheduled from follow-on schedule check
