[2024-01-14T15:59:21.600+0000] {taskinstance.py:1083} INFO - Dependencies all met for <TaskInstance: jobinfo_jobplanet.s3_to_rds manual__2024-01-14T15:51:45.394740+00:00 [queued]>
[2024-01-14T15:59:21.608+0000] {taskinstance.py:1083} INFO - Dependencies all met for <TaskInstance: jobinfo_jobplanet.s3_to_rds manual__2024-01-14T15:51:45.394740+00:00 [queued]>
[2024-01-14T15:59:21.608+0000] {taskinstance.py:1279} INFO - 
--------------------------------------------------------------------------------
[2024-01-14T15:59:21.608+0000] {taskinstance.py:1280} INFO - Starting attempt 1 of 1
[2024-01-14T15:59:21.609+0000] {taskinstance.py:1281} INFO - 
--------------------------------------------------------------------------------
[2024-01-14T15:59:21.629+0000] {taskinstance.py:1300} INFO - Executing <Task(PythonOperator): s3_to_rds> on 2024-01-14 15:51:45.394740+00:00
[2024-01-14T15:59:21.636+0000] {standard_task_runner.py:55} INFO - Started process 7610 to run task
[2024-01-14T15:59:21.640+0000] {standard_task_runner.py:82} INFO - Running: ['***', 'tasks', 'run', 'jobinfo_jobplanet', 's3_to_rds', 'manual__2024-01-14T15:51:45.394740+00:00', '--job-id', '540', '--raw', '--subdir', 'DAGS_FOLDER/jobinfo_jobplanet.py', '--cfg-path', '/tmp/tmp09773qi4']
[2024-01-14T15:59:21.641+0000] {standard_task_runner.py:83} INFO - Job 540: Subtask s3_to_rds
[2024-01-14T15:59:21.697+0000] {task_command.py:388} INFO - Running <TaskInstance: jobinfo_jobplanet.s3_to_rds manual__2024-01-14T15:51:45.394740+00:00 [running]> on host 565f6bcc10b6
[2024-01-14T15:59:21.787+0000] {taskinstance.py:1509} INFO - Exporting the following env vars:
AIRFLOW_CTX_DAG_OWNER=***
AIRFLOW_CTX_DAG_ID=jobinfo_jobplanet
AIRFLOW_CTX_TASK_ID=s3_to_rds
AIRFLOW_CTX_EXECUTION_DATE=2024-01-14T15:51:45.394740+00:00
AIRFLOW_CTX_TRY_NUMBER=1
AIRFLOW_CTX_DAG_RUN_ID=manual__2024-01-14T15:51:45.394740+00:00
[2024-01-14T15:59:21.813+0000] {base.py:73} INFO - Using connection ID 's3_conn' for task execution.
[2024-01-14T15:59:22.007+0000] {base.py:73} INFO - Using connection ID 'rds_conn' for task execution.
[2024-01-14T15:59:22.150+0000] {python.py:177} INFO - Done. Returned value was: None
[2024-01-14T15:59:22.158+0000] {taskinstance.py:1323} INFO - Marking task as SUCCESS. dag_id=jobinfo_jobplanet, task_id=s3_to_rds, execution_date=20240114T155145, start_date=20240114T155921, end_date=20240114T155922
[2024-01-14T15:59:22.212+0000] {local_task_job.py:208} INFO - Task exited with return code 0
[2024-01-14T15:59:22.233+0000] {taskinstance.py:2578} INFO - 0 downstream tasks scheduled from follow-on schedule check
