[2024-01-14T08:30:49.925+0000] {taskinstance.py:1083} INFO - Dependencies all met for <TaskInstance: jobinfo_jobplanet.create_summary_s3_to_rds manual__2024-01-14T08:30:33.950273+00:00 [queued]>
[2024-01-14T08:30:49.934+0000] {taskinstance.py:1083} INFO - Dependencies all met for <TaskInstance: jobinfo_jobplanet.create_summary_s3_to_rds manual__2024-01-14T08:30:33.950273+00:00 [queued]>
[2024-01-14T08:30:49.934+0000] {taskinstance.py:1279} INFO - 
--------------------------------------------------------------------------------
[2024-01-14T08:30:49.934+0000] {taskinstance.py:1280} INFO - Starting attempt 1 of 1
[2024-01-14T08:30:49.935+0000] {taskinstance.py:1281} INFO - 
--------------------------------------------------------------------------------
[2024-01-14T08:30:49.953+0000] {taskinstance.py:1300} INFO - Executing <Task(PythonOperator): create_summary_s3_to_rds> on 2024-01-14 08:30:33.950273+00:00
[2024-01-14T08:30:49.960+0000] {standard_task_runner.py:55} INFO - Started process 12779 to run task
[2024-01-14T08:30:49.964+0000] {standard_task_runner.py:82} INFO - Running: ['***', 'tasks', 'run', 'jobinfo_jobplanet', 'create_summary_s3_to_rds', 'manual__2024-01-14T08:30:33.950273+00:00', '--job-id', '430', '--raw', '--subdir', 'DAGS_FOLDER/jobinfo_jobplanet.py', '--cfg-path', '/tmp/tmpikewihdb']
[2024-01-14T08:30:49.964+0000] {standard_task_runner.py:83} INFO - Job 430: Subtask create_summary_s3_to_rds
[2024-01-14T08:30:50.172+0000] {task_command.py:388} INFO - Running <TaskInstance: jobinfo_jobplanet.create_summary_s3_to_rds manual__2024-01-14T08:30:33.950273+00:00 [running]> on host 7b77d04f99d6
[2024-01-14T08:30:50.248+0000] {taskinstance.py:1509} INFO - Exporting the following env vars:
AIRFLOW_CTX_DAG_OWNER=***
AIRFLOW_CTX_DAG_ID=jobinfo_jobplanet
AIRFLOW_CTX_TASK_ID=create_summary_s3_to_rds
AIRFLOW_CTX_EXECUTION_DATE=2024-01-14T08:30:33.950273+00:00
AIRFLOW_CTX_TRY_NUMBER=1
AIRFLOW_CTX_DAG_RUN_ID=manual__2024-01-14T08:30:33.950273+00:00
[2024-01-14T08:30:54.768+0000] {jobinfo_jobplanet.py:79} INFO - 11111111111111111
[2024-01-14T08:30:54.806+0000] {jobinfo_jobplanet.py:87} INFO - 2222222222222222222222222
[2024-01-14T08:30:54.989+0000] {jobinfo_jobplanet.py:94} INFO - user_email
[2024-01-14T08:30:55.876+0000] {jobinfo_jobplanet.py:99} INFO - 33333333333333333
[2024-01-14T08:30:55.958+0000] {jobinfo_jobplanet.py:103} INFO - user_password
[2024-01-14T08:30:56.420+0000] {jobinfo_jobplanet.py:112} INFO - driver
[2024-01-14T08:30:56.764+0000] {jobinfo_jobplanet.py:114} INFO - driver
[2024-01-14T08:30:56.783+0000] {jobinfo_jobplanet.py:116} INFO - 4444444444444
[2024-01-14T08:30:57.113+0000] {python.py:177} INFO - Done. Returned value was: None
[2024-01-14T08:30:57.122+0000] {taskinstance.py:1323} INFO - Marking task as SUCCESS. dag_id=jobinfo_jobplanet, task_id=create_summary_s3_to_rds, execution_date=20240114T083033, start_date=20240114T083049, end_date=20240114T083057
[2024-01-14T08:30:57.175+0000] {local_task_job.py:208} INFO - Task exited with return code 0
[2024-01-14T08:30:57.489+0000] {taskinstance.py:2578} INFO - 0 downstream tasks scheduled from follow-on schedule check
