[2024-01-17T04:22:54.387+0000] {taskinstance.py:1083} INFO - Dependencies all met for <TaskInstance: jumpit_jobinfo.s3_to_rds manual__2024-01-17T04:22:41.481263+00:00 [queued]>
[2024-01-17T04:22:54.397+0000] {taskinstance.py:1083} INFO - Dependencies all met for <TaskInstance: jumpit_jobinfo.s3_to_rds manual__2024-01-17T04:22:41.481263+00:00 [queued]>
[2024-01-17T04:22:54.397+0000] {taskinstance.py:1279} INFO - 
--------------------------------------------------------------------------------
[2024-01-17T04:22:54.397+0000] {taskinstance.py:1280} INFO - Starting attempt 1 of 2
[2024-01-17T04:22:54.397+0000] {taskinstance.py:1281} INFO - 
--------------------------------------------------------------------------------
[2024-01-17T04:22:54.416+0000] {taskinstance.py:1300} INFO - Executing <Task(PythonOperator): s3_to_rds> on 2024-01-17 04:22:41.481263+00:00
[2024-01-17T04:22:54.426+0000] {standard_task_runner.py:55} INFO - Started process 23888 to run task
[2024-01-17T04:22:54.430+0000] {standard_task_runner.py:82} INFO - Running: ['***', 'tasks', 'run', 'jumpit_jobinfo', 's3_to_rds', 'manual__2024-01-17T04:22:41.481263+00:00', '--job-id', '4365', '--raw', '--subdir', 'DAGS_FOLDER/jobinfo_jumpit.py', '--cfg-path', '/tmp/tmp935j0e04']
[2024-01-17T04:22:54.430+0000] {standard_task_runner.py:83} INFO - Job 4365: Subtask s3_to_rds
[2024-01-17T04:22:54.503+0000] {task_command.py:388} INFO - Running <TaskInstance: jumpit_jobinfo.s3_to_rds manual__2024-01-17T04:22:41.481263+00:00 [running]> on host 565f6bcc10b6
[2024-01-17T04:22:54.591+0000] {taskinstance.py:1509} INFO - Exporting the following env vars:
AIRFLOW_CTX_DAG_OWNER=***
AIRFLOW_CTX_DAG_ID=jumpit_jobinfo
AIRFLOW_CTX_TASK_ID=s3_to_rds
AIRFLOW_CTX_EXECUTION_DATE=2024-01-17T04:22:41.481263+00:00
AIRFLOW_CTX_TRY_NUMBER=1
AIRFLOW_CTX_DAG_RUN_ID=manual__2024-01-17T04:22:41.481263+00:00
[2024-01-17T04:22:54.600+0000] {base.py:73} INFO - Using connection ID 's3_conn' for task execution.
[2024-01-17T04:22:54.746+0000] {base.py:73} INFO - Using connection ID 'rds_conn' for task execution.
[2024-01-17T04:22:55.009+0000] {python.py:177} INFO - Done. Returned value was: None
[2024-01-17T04:22:55.018+0000] {taskinstance.py:1323} INFO - Marking task as SUCCESS. dag_id=jumpit_jobinfo, task_id=s3_to_rds, execution_date=20240117T042241, start_date=20240117T042254, end_date=20240117T042255
[2024-01-17T04:22:55.046+0000] {local_task_job.py:208} INFO - Task exited with return code 0
[2024-01-17T04:22:55.062+0000] {taskinstance.py:2578} INFO - 0 downstream tasks scheduled from follow-on schedule check
