[2024-01-15T11:46:06.042+0000] {taskinstance.py:1083} INFO - Dependencies all met for <TaskInstance: jobinfo_jobplanet.jobplanet_login scheduled__2024-01-14T11:46:00+00:00 [queued]>
[2024-01-15T11:46:06.053+0000] {taskinstance.py:1083} INFO - Dependencies all met for <TaskInstance: jobinfo_jobplanet.jobplanet_login scheduled__2024-01-14T11:46:00+00:00 [queued]>
[2024-01-15T11:46:06.053+0000] {taskinstance.py:1279} INFO - 
--------------------------------------------------------------------------------
[2024-01-15T11:46:06.053+0000] {taskinstance.py:1280} INFO - Starting attempt 1 of 1
[2024-01-15T11:46:06.053+0000] {taskinstance.py:1281} INFO - 
--------------------------------------------------------------------------------
[2024-01-15T11:46:06.239+0000] {taskinstance.py:1300} INFO - Executing <Task(PythonOperator): jobplanet_login> on 2024-01-14 11:46:00+00:00
[2024-01-15T11:46:06.247+0000] {standard_task_runner.py:55} INFO - Started process 34517 to run task
[2024-01-15T11:46:06.250+0000] {standard_task_runner.py:82} INFO - Running: ['***', 'tasks', 'run', 'jobinfo_jobplanet', 'jobplanet_login', 'scheduled__2024-01-14T11:46:00+00:00', '--job-id', '601', '--raw', '--subdir', 'DAGS_FOLDER/jobinfo_jobplanet.py', '--cfg-path', '/tmp/tmp7gewit5o']
[2024-01-15T11:46:06.251+0000] {standard_task_runner.py:83} INFO - Job 601: Subtask jobplanet_login
[2024-01-15T11:46:06.315+0000] {task_command.py:388} INFO - Running <TaskInstance: jobinfo_jobplanet.jobplanet_login scheduled__2024-01-14T11:46:00+00:00 [running]> on host 565f6bcc10b6
[2024-01-15T11:46:06.409+0000] {taskinstance.py:1509} INFO - Exporting the following env vars:
AIRFLOW_CTX_DAG_OWNER=***
AIRFLOW_CTX_DAG_ID=jobinfo_jobplanet
AIRFLOW_CTX_TASK_ID=jobplanet_login
AIRFLOW_CTX_EXECUTION_DATE=2024-01-14T11:46:00+00:00
AIRFLOW_CTX_TRY_NUMBER=1
AIRFLOW_CTX_DAG_RUN_ID=scheduled__2024-01-14T11:46:00+00:00
[2024-01-15T11:46:09.861+0000] {jobinfo_jobplanet.py:76} INFO - *********************************
[2024-01-15T11:46:09.916+0000] {jobinfo_jobplanet.py:82} INFO - 12212121313442342354534634534534534534523423443423
[2024-01-15T11:46:09.917+0000] {jobinfo_jobplanet.py:83} INFO - <selenium.webdriver.remote.webdriver.WebDriver (session="f909d0bc334e8db667559edbcc1363aa")>
[2024-01-15T11:46:10.156+0000] {jobinfo_jobplanet.py:86} INFO - 890u8987978078978978079078097807897809789789789789789797
[2024-01-15T11:46:10.676+0000] {jobinfo_jobplanet.py:89} INFO - ^^^^^^^^^^^^^^^^^^^^^^^^^^^^^^^^^^^^^^^^^^^^^^^^^^^^^^^^^^^^^^^^^^^^^^^^^^^^^^^^^^^^^^
[2024-01-15T11:46:11.831+0000] {jobinfo_jobplanet.py:100} INFO - 3333333333333333333333333
[2024-01-15T11:46:11.924+0000] {jobinfo_jobplanet.py:106} INFO - 4444444444444444444444444444
[2024-01-15T11:46:11.932+0000] {jobinfo_jobplanet.py:108} INFO - ['오케스트로', '오케스트로', '제니스앤컴퍼니', '제니스앤컴퍼니', '제니스앤컴퍼니', '메이븐클라우드서비스', '엠아이티', '엠아이티', '스윗코리아', '스윗코리아', '파킹클라우드', '오케스트로', '오케스트로', '오케스트로', '오케스트로', '오케스트로', '월급쟁이부자들', '월급쟁이부자들', '로민', '블랙탠저린', '파인더스', '론픽', '비포플레이', '롯데헬스케어', '롯데헬스케어', '올라운드닥터스', '크리에이트립', '데브툴즈', '티니어', '키다리스튜디오', '마크클라우드', '다큐브']
[2024-01-15T11:46:11.934+0000] {jobinfo_jobplanet.py:109} INFO - ['path/in/s3/bucket/jobinfo_jumpit.csv', 'path/in/s3/bucket/review_information_데브툴즈.csv', 'path/in/s3/bucket/review_information_로민.csv', 'path/in/s3/bucket/review_information_롯데헬스케어.csv', 'path/in/s3/bucket/review_information_마크클라우드.csv', 'path/in/s3/bucket/review_information_메이븐클라우드.csv', 'path/in/s3/bucket/review_information_메이븐클라우드서비스.csv', 'path/in/s3/bucket/review_information_블랙탠저린.csv', 'path/in/s3/bucket/review_information_비포플레이.csv', 'path/in/s3/bucket/review_information_스윗코리아.csv', 'path/in/s3/bucket/review_information_엠아이티.csv', 'path/in/s3/bucket/review_information_오케스트로.csv', 'path/in/s3/bucket/review_information_와디즈.csv', 'path/in/s3/bucket/review_information_월급쟁이부자들.csv', 'path/in/s3/bucket/review_information_제니스앤컴퍼니.csv', 'path/in/s3/bucket/review_information_크리에이트립.csv', 'path/in/s3/bucket/review_information_키다리스튜디오.csv', 'path/in/s3/bucket/review_information_티니어.csv', 'path/in/s3/bucket/review_information_파인더스.csv', 'path/in/s3/bucket/review_information_파킹클라우드.csv', 'path/in/s3/bucket/summary.csv']
[2024-01-15T11:46:11.935+0000] {jobinfo_jobplanet.py:110} INFO - 시작
[2024-01-15T11:46:11.936+0000] {jobinfo_jobplanet.py:115} INFO - 오케스트로 있음
[2024-01-15T11:46:11.950+0000] {jobinfo_jobplanet.py:115} INFO - 오케스트로 있음
[2024-01-15T11:46:11.952+0000] {jobinfo_jobplanet.py:115} INFO - 제니스앤컴퍼니 있음
[2024-01-15T11:46:11.952+0000] {jobinfo_jobplanet.py:115} INFO - 제니스앤컴퍼니 있음
[2024-01-15T11:46:11.952+0000] {jobinfo_jobplanet.py:115} INFO - 제니스앤컴퍼니 있음
[2024-01-15T11:46:11.953+0000] {jobinfo_jobplanet.py:115} INFO - 메이븐클라우드서비스 있음
[2024-01-15T11:46:11.953+0000] {jobinfo_jobplanet.py:115} INFO - 엠아이티 있음
[2024-01-15T11:46:11.953+0000] {jobinfo_jobplanet.py:115} INFO - 엠아이티 있음
[2024-01-15T11:46:11.954+0000] {jobinfo_jobplanet.py:115} INFO - 스윗코리아 있음
[2024-01-15T11:46:11.955+0000] {jobinfo_jobplanet.py:115} INFO - 스윗코리아 있음
[2024-01-15T11:46:11.955+0000] {jobinfo_jobplanet.py:115} INFO - 파킹클라우드 있음
[2024-01-15T11:46:11.956+0000] {jobinfo_jobplanet.py:115} INFO - 오케스트로 있음
[2024-01-15T11:46:11.956+0000] {jobinfo_jobplanet.py:115} INFO - 오케스트로 있음
[2024-01-15T11:46:11.957+0000] {jobinfo_jobplanet.py:115} INFO - 오케스트로 있음
[2024-01-15T11:46:11.957+0000] {jobinfo_jobplanet.py:115} INFO - 오케스트로 있음
[2024-01-15T11:46:11.958+0000] {jobinfo_jobplanet.py:115} INFO - 오케스트로 있음
[2024-01-15T11:46:11.958+0000] {jobinfo_jobplanet.py:115} INFO - 월급쟁이부자들 있음
[2024-01-15T11:46:11.958+0000] {jobinfo_jobplanet.py:115} INFO - 월급쟁이부자들 있음
[2024-01-15T11:46:11.959+0000] {jobinfo_jobplanet.py:115} INFO - 로민 있음
[2024-01-15T11:46:11.959+0000] {jobinfo_jobplanet.py:115} INFO - 블랙탠저린 있음
[2024-01-15T11:46:11.959+0000] {jobinfo_jobplanet.py:115} INFO - 파인더스 있음
[2024-01-15T11:46:12.056+0000] {jobinfo_jobplanet.py:122} INFO - 론픽 파일이 없음
[2024-01-15T11:46:16.507+0000] {jobinfo_jobplanet.py:126} INFO - 론픽 검색을 위해 검색창에 입력했습니다.
[2024-01-15T11:46:19.898+0000] {jobinfo_jobplanet.py:129} INFO - 론픽 검색하기
[2024-01-15T11:46:21.994+0000] {jobinfo_jobplanet.py:142} INFO - 론픽의 정보는 없어서 파일 생성을 못한다.
[2024-01-15T11:46:21.995+0000] {jobinfo_jobplanet.py:146} INFO - ['path/in/s3/bucket/jobinfo_jumpit.csv', 'path/in/s3/bucket/review_information_데브툴즈.csv', 'path/in/s3/bucket/review_information_로민.csv', 'path/in/s3/bucket/review_information_롯데헬스케어.csv', 'path/in/s3/bucket/review_information_마크클라우드.csv', 'path/in/s3/bucket/review_information_메이븐클라우드.csv', 'path/in/s3/bucket/review_information_메이븐클라우드서비스.csv', 'path/in/s3/bucket/review_information_블랙탠저린.csv', 'path/in/s3/bucket/review_information_비포플레이.csv', 'path/in/s3/bucket/review_information_스윗코리아.csv', 'path/in/s3/bucket/review_information_엠아이티.csv', 'path/in/s3/bucket/review_information_오케스트로.csv', 'path/in/s3/bucket/review_information_와디즈.csv', 'path/in/s3/bucket/review_information_월급쟁이부자들.csv', 'path/in/s3/bucket/review_information_제니스앤컴퍼니.csv', 'path/in/s3/bucket/review_information_크리에이트립.csv', 'path/in/s3/bucket/review_information_키다리스튜디오.csv', 'path/in/s3/bucket/review_information_티니어.csv', 'path/in/s3/bucket/review_information_파인더스.csv', 'path/in/s3/bucket/review_information_파킹클라우드.csv', 'path/in/s3/bucket/summary.csv']
[2024-01-15T11:46:21.995+0000] {jobinfo_jobplanet.py:115} INFO - 비포플레이 있음
[2024-01-15T11:46:21.995+0000] {jobinfo_jobplanet.py:115} INFO - 롯데헬스케어 있음
[2024-01-15T11:46:21.996+0000] {jobinfo_jobplanet.py:115} INFO - 롯데헬스케어 있음
[2024-01-15T11:46:21.999+0000] {jobinfo_jobplanet.py:122} INFO - 올라운드닥터스 파일이 없음
[2024-01-15T11:46:22.413+0000] {jobinfo_jobplanet.py:126} INFO - 올라운드닥터스 검색을 위해 검색창에 입력했습니다.
[2024-01-15T11:46:26.657+0000] {jobinfo_jobplanet.py:129} INFO - 올라운드닥터스 검색하기
[2024-01-15T11:46:28.715+0000] {jobinfo_jobplanet.py:142} INFO - 올라운드닥터스의 정보는 없어서 파일 생성을 못한다.
[2024-01-15T11:46:28.715+0000] {jobinfo_jobplanet.py:146} INFO - ['path/in/s3/bucket/jobinfo_jumpit.csv', 'path/in/s3/bucket/review_information_데브툴즈.csv', 'path/in/s3/bucket/review_information_로민.csv', 'path/in/s3/bucket/review_information_롯데헬스케어.csv', 'path/in/s3/bucket/review_information_마크클라우드.csv', 'path/in/s3/bucket/review_information_메이븐클라우드.csv', 'path/in/s3/bucket/review_information_메이븐클라우드서비스.csv', 'path/in/s3/bucket/review_information_블랙탠저린.csv', 'path/in/s3/bucket/review_information_비포플레이.csv', 'path/in/s3/bucket/review_information_스윗코리아.csv', 'path/in/s3/bucket/review_information_엠아이티.csv', 'path/in/s3/bucket/review_information_오케스트로.csv', 'path/in/s3/bucket/review_information_와디즈.csv', 'path/in/s3/bucket/review_information_월급쟁이부자들.csv', 'path/in/s3/bucket/review_information_제니스앤컴퍼니.csv', 'path/in/s3/bucket/review_information_크리에이트립.csv', 'path/in/s3/bucket/review_information_키다리스튜디오.csv', 'path/in/s3/bucket/review_information_티니어.csv', 'path/in/s3/bucket/review_information_파인더스.csv', 'path/in/s3/bucket/review_information_파킹클라우드.csv', 'path/in/s3/bucket/summary.csv']
[2024-01-15T11:46:28.715+0000] {jobinfo_jobplanet.py:115} INFO - 크리에이트립 있음
[2024-01-15T11:46:28.716+0000] {jobinfo_jobplanet.py:115} INFO - 데브툴즈 있음
[2024-01-15T11:46:28.716+0000] {jobinfo_jobplanet.py:115} INFO - 티니어 있음
[2024-01-15T11:46:28.716+0000] {jobinfo_jobplanet.py:115} INFO - 키다리스튜디오 있음
[2024-01-15T11:46:28.716+0000] {jobinfo_jobplanet.py:115} INFO - 마크클라우드 있음
[2024-01-15T11:46:28.720+0000] {jobinfo_jobplanet.py:122} INFO - 다큐브 파일이 없음
[2024-01-15T11:46:29.115+0000] {jobinfo_jobplanet.py:126} INFO - 다큐브 검색을 위해 검색창에 입력했습니다.
[2024-01-15T11:46:32.541+0000] {jobinfo_jobplanet.py:129} INFO - 다큐브 검색하기
[2024-01-15T11:46:34.592+0000] {jobinfo_jobplanet.py:142} INFO - 다큐브의 정보는 없어서 파일 생성을 못한다.
[2024-01-15T11:46:34.592+0000] {jobinfo_jobplanet.py:146} INFO - ['path/in/s3/bucket/jobinfo_jumpit.csv', 'path/in/s3/bucket/review_information_데브툴즈.csv', 'path/in/s3/bucket/review_information_로민.csv', 'path/in/s3/bucket/review_information_롯데헬스케어.csv', 'path/in/s3/bucket/review_information_마크클라우드.csv', 'path/in/s3/bucket/review_information_메이븐클라우드.csv', 'path/in/s3/bucket/review_information_메이븐클라우드서비스.csv', 'path/in/s3/bucket/review_information_블랙탠저린.csv', 'path/in/s3/bucket/review_information_비포플레이.csv', 'path/in/s3/bucket/review_information_스윗코리아.csv', 'path/in/s3/bucket/review_information_엠아이티.csv', 'path/in/s3/bucket/review_information_오케스트로.csv', 'path/in/s3/bucket/review_information_와디즈.csv', 'path/in/s3/bucket/review_information_월급쟁이부자들.csv', 'path/in/s3/bucket/review_information_제니스앤컴퍼니.csv', 'path/in/s3/bucket/review_information_크리에이트립.csv', 'path/in/s3/bucket/review_information_키다리스튜디오.csv', 'path/in/s3/bucket/review_information_티니어.csv', 'path/in/s3/bucket/review_information_파인더스.csv', 'path/in/s3/bucket/review_information_파킹클라우드.csv', 'path/in/s3/bucket/summary.csv']
[2024-01-15T11:46:34.905+0000] {jobinfo_jobplanet.py:525} INFO -                                   review_summary  ... result_date
0                    업무 능력을 확장시키기에 성장하기 좋은 환경입니다  ...        3일 후
1                   스타트업이 뭔지, 빠른 성장이 뭔지 알 수 있는 곳  ...     no data
2  여러가지 업무를 경험할 수 있습니다 그게 장점일지 단점일지는 본인의 판단에 따라…  ...     no data
3             빠르게 성장하는 스타트업, 패션 이커머스 앱을 혁신할 수 있음  ...     no data

[4 rows x 8 columns]
[2024-01-15T11:46:52.171+0000] {jobinfo_jobplanet.py:515} INFO - 블랙탠저린 salary information not find
[2024-01-15T11:46:52.414+0000] {jobinfo_jobplanet.py:648} INFO - 론픽 정보 없ㅇ,ㅡ
[2024-01-15T11:46:52.415+0000] {jobinfo_jobplanet.py:649} INFO - Failed to read CSV file from S3: An error occurred (NoSuchKey) when calling the GetObject operation: The specified key does not exist.
[2024-01-15T11:47:09.525+0000] {jobinfo_jobplanet.py:515} INFO - 론픽 salary information not find
[2024-01-15T11:47:09.627+0000] {jobinfo_jobplanet.py:648} INFO - 올라운드닥터스 정보 없ㅇ,ㅡ
[2024-01-15T11:47:09.628+0000] {jobinfo_jobplanet.py:649} INFO - Failed to read CSV file from S3: An error occurred (NoSuchKey) when calling the GetObject operation: The specified key does not exist.
[2024-01-15T11:47:24.939+0000] {jobinfo_jobplanet.py:515} INFO - 올라운드닥터스 salary information not find
[2024-01-15T11:47:25.096+0000] {jobinfo_jobplanet.py:648} INFO - 다큐브 정보 없ㅇ,ㅡ
[2024-01-15T11:47:25.096+0000] {jobinfo_jobplanet.py:649} INFO - Failed to read CSV file from S3: An error occurred (NoSuchKey) when calling the GetObject operation: The specified key does not exist.
[2024-01-15T11:47:39.906+0000] {jobinfo_jobplanet.py:515} INFO - 다큐브 salary information not find
[2024-01-15T11:47:40.022+0000] {python.py:177} INFO - Done. Returned value was: None
[2024-01-15T11:47:40.034+0000] {taskinstance.py:1323} INFO - Marking task as SUCCESS. dag_id=jobinfo_jobplanet, task_id=jobplanet_login, execution_date=20240114T114600, start_date=20240115T114606, end_date=20240115T114740
[2024-01-15T11:47:40.063+0000] {local_task_job.py:208} INFO - Task exited with return code 0
[2024-01-15T11:47:40.084+0000] {taskinstance.py:2578} INFO - 1 downstream tasks scheduled from follow-on schedule check
