[2024-01-14T22:43:24.776+0000] {taskinstance.py:1083} INFO - Dependencies all met for <TaskInstance: jobinfo_jobplanet.jobplanet_login manual__2024-01-14T22:43:17.092571+00:00 [queued]>
[2024-01-14T22:43:24.786+0000] {taskinstance.py:1083} INFO - Dependencies all met for <TaskInstance: jobinfo_jobplanet.jobplanet_login manual__2024-01-14T22:43:17.092571+00:00 [queued]>
[2024-01-14T22:43:24.786+0000] {taskinstance.py:1279} INFO - 
--------------------------------------------------------------------------------
[2024-01-14T22:43:24.786+0000] {taskinstance.py:1280} INFO - Starting attempt 1 of 1
[2024-01-14T22:43:24.786+0000] {taskinstance.py:1281} INFO - 
--------------------------------------------------------------------------------
[2024-01-14T22:43:24.802+0000] {taskinstance.py:1300} INFO - Executing <Task(PythonOperator): jobplanet_login> on 2024-01-14 22:43:17.092571+00:00
[2024-01-14T22:43:24.809+0000] {standard_task_runner.py:55} INFO - Started process 9780 to run task
[2024-01-14T22:43:24.812+0000] {standard_task_runner.py:82} INFO - Running: ['***', 'tasks', 'run', 'jobinfo_jobplanet', 'jobplanet_login', 'manual__2024-01-14T22:43:17.092571+00:00', '--job-id', '548', '--raw', '--subdir', 'DAGS_FOLDER/jobinfo_jobplanet.py', '--cfg-path', '/tmp/tmp1635_4jg']
[2024-01-14T22:43:24.812+0000] {standard_task_runner.py:83} INFO - Job 548: Subtask jobplanet_login
[2024-01-14T22:43:24.883+0000] {task_command.py:388} INFO - Running <TaskInstance: jobinfo_jobplanet.jobplanet_login manual__2024-01-14T22:43:17.092571+00:00 [running]> on host 565f6bcc10b6
[2024-01-14T22:43:24.964+0000] {taskinstance.py:1509} INFO - Exporting the following env vars:
AIRFLOW_CTX_DAG_OWNER=***
AIRFLOW_CTX_DAG_ID=jobinfo_jobplanet
AIRFLOW_CTX_TASK_ID=jobplanet_login
AIRFLOW_CTX_EXECUTION_DATE=2024-01-14T22:43:17.092571+00:00
AIRFLOW_CTX_TRY_NUMBER=1
AIRFLOW_CTX_DAG_RUN_ID=manual__2024-01-14T22:43:17.092571+00:00
[2024-01-14T22:43:29.069+0000] {jobinfo_jobplanet.py:78} INFO - *********************************
[2024-01-14T22:43:29.087+0000] {jobinfo_jobplanet.py:84} INFO - 12212121313442342354534634534534534534523423443423
[2024-01-14T22:43:29.087+0000] {jobinfo_jobplanet.py:85} INFO - <selenium.webdriver.remote.webdriver.WebDriver (session="09c88f08421150b8772705ef55e0ab53")>
[2024-01-14T22:43:29.226+0000] {jobinfo_jobplanet.py:88} INFO - 890u8987978078978978079078097807897809789789789789789797
[2024-01-14T22:43:29.734+0000] {jobinfo_jobplanet.py:91} INFO - ^^^^^^^^^^^^^^^^^^^^^^^^^^^^^^^^^^^^^^^^^^^^^^^^^^^^^^^^^^^^^^^^^^^^^^^^^^^^^^^^^^^^^^
[2024-01-14T22:43:30.422+0000] {jobinfo_jobplanet.py:102} INFO - 3333333333333333333333333
[2024-01-14T22:43:30.455+0000] {jobinfo_jobplanet.py:108} INFO - 4444444444444444444444444444
[2024-01-14T22:43:30.461+0000] {jobinfo_jobplanet.py:110} INFO - ['오케스트로', '오케스트로', '제니스앤컴퍼니', '제니스앤컴퍼니', '제니스앤컴퍼니', '메이븐클라우드서비스', '엠아이티', '엠아이티', '스윗코리아', '스윗코리아', '파킹클라우드', '오케스트로', '오케스트로', '오케스트로', '오케스트로', '오케스트로', '월급쟁이부자들', '월급쟁이부자들', '로민', '블랙탠저린', '파인더스', '론픽', '비포플레이', '롯데헬스케어', '롯데헬스케어', '올라운드닥터스', '와디즈', '크리에이트립', '데브툴즈', '티니어', '키다리스튜디오', '마크클라우드']
[2024-01-14T22:43:30.462+0000] {jobinfo_jobplanet.py:111} INFO - ['path/in/s3/bucket/jobinfo_jumpit.csv', 'path/in/s3/bucket/jobinfo_jumpit_v2.csv', 'path/in/s3/bucket/review_information_데브툴즈.csv', 'path/in/s3/bucket/review_information_로민.csv', 'path/in/s3/bucket/review_information_롯데헬스케어.csv', 'path/in/s3/bucket/review_information_마크클라우드.csv', 'path/in/s3/bucket/review_information_메이븐클라우드서비스.csv', 'path/in/s3/bucket/review_information_블랙탠저린.csv', 'path/in/s3/bucket/review_information_비포플레이.csv', 'path/in/s3/bucket/review_information_스윗코리아.csv', 'path/in/s3/bucket/review_information_엠아이티.csv', 'path/in/s3/bucket/review_information_오케스트로.csv', 'path/in/s3/bucket/review_information_와디즈.csv', 'path/in/s3/bucket/review_information_월급쟁이부자들.csv', 'path/in/s3/bucket/review_information_제니스앤컴퍼니.csv', 'path/in/s3/bucket/review_information_크리에이트립.csv', 'path/in/s3/bucket/review_information_키다리스튜디오.csv', 'path/in/s3/bucket/review_information_티니어.csv', 'path/in/s3/bucket/review_information_파인더스.csv', 'path/in/s3/bucket/review_information_파킹클라우드.csv', 'path/in/s3/bucket/summary.csv']
[2024-01-14T22:43:30.462+0000] {jobinfo_jobplanet.py:112} INFO - 시작
[2024-01-14T22:43:30.462+0000] {jobinfo_jobplanet.py:116} INFO - 오케스트로 있음
[2024-01-14T22:43:30.463+0000] {jobinfo_jobplanet.py:116} INFO - 오케스트로 있음
[2024-01-14T22:43:30.463+0000] {jobinfo_jobplanet.py:116} INFO - 제니스앤컴퍼니 있음
[2024-01-14T22:43:30.464+0000] {jobinfo_jobplanet.py:116} INFO - 제니스앤컴퍼니 있음
[2024-01-14T22:43:30.464+0000] {jobinfo_jobplanet.py:116} INFO - 제니스앤컴퍼니 있음
[2024-01-14T22:43:30.464+0000] {jobinfo_jobplanet.py:116} INFO - 메이븐클라우드서비스 있음
[2024-01-14T22:43:30.465+0000] {jobinfo_jobplanet.py:116} INFO - 엠아이티 있음
[2024-01-14T22:43:30.465+0000] {jobinfo_jobplanet.py:116} INFO - 엠아이티 있음
[2024-01-14T22:43:30.465+0000] {jobinfo_jobplanet.py:116} INFO - 스윗코리아 있음
[2024-01-14T22:43:30.465+0000] {jobinfo_jobplanet.py:116} INFO - 스윗코리아 있음
[2024-01-14T22:43:30.467+0000] {jobinfo_jobplanet.py:116} INFO - 파킹클라우드 있음
[2024-01-14T22:43:30.467+0000] {jobinfo_jobplanet.py:116} INFO - 오케스트로 있음
[2024-01-14T22:43:30.467+0000] {jobinfo_jobplanet.py:116} INFO - 오케스트로 있음
[2024-01-14T22:43:30.467+0000] {jobinfo_jobplanet.py:116} INFO - 오케스트로 있음
[2024-01-14T22:43:30.468+0000] {jobinfo_jobplanet.py:116} INFO - 오케스트로 있음
[2024-01-14T22:43:30.468+0000] {jobinfo_jobplanet.py:116} INFO - 오케스트로 있음
[2024-01-14T22:43:30.468+0000] {jobinfo_jobplanet.py:116} INFO - 월급쟁이부자들 있음
[2024-01-14T22:43:30.469+0000] {jobinfo_jobplanet.py:116} INFO - 월급쟁이부자들 있음
[2024-01-14T22:43:30.469+0000] {jobinfo_jobplanet.py:116} INFO - 로민 있음
[2024-01-14T22:43:30.469+0000] {jobinfo_jobplanet.py:116} INFO - 블랙탠저린 있음
[2024-01-14T22:43:30.469+0000] {jobinfo_jobplanet.py:116} INFO - 파인더스 있음
[2024-01-14T22:43:30.478+0000] {jobinfo_jobplanet.py:123} INFO - 론픽 파일이 없음
[2024-01-14T22:43:30.520+0000] {jobinfo_jobplanet.py:141} INFO - 론픽의 정보는 없어서 파일 생성을 못한다.
[2024-01-14T22:43:30.520+0000] {jobinfo_jobplanet.py:142} INFO - ['path/in/s3/bucket/jobinfo_jumpit.csv', 'path/in/s3/bucket/jobinfo_jumpit_v2.csv', 'path/in/s3/bucket/review_information_데브툴즈.csv', 'path/in/s3/bucket/review_information_로민.csv', 'path/in/s3/bucket/review_information_롯데헬스케어.csv', 'path/in/s3/bucket/review_information_마크클라우드.csv', 'path/in/s3/bucket/review_information_메이븐클라우드서비스.csv', 'path/in/s3/bucket/review_information_블랙탠저린.csv', 'path/in/s3/bucket/review_information_비포플레이.csv', 'path/in/s3/bucket/review_information_스윗코리아.csv', 'path/in/s3/bucket/review_information_엠아이티.csv', 'path/in/s3/bucket/review_information_오케스트로.csv', 'path/in/s3/bucket/review_information_와디즈.csv', 'path/in/s3/bucket/review_information_월급쟁이부자들.csv', 'path/in/s3/bucket/review_information_제니스앤컴퍼니.csv', 'path/in/s3/bucket/review_information_크리에이트립.csv', 'path/in/s3/bucket/review_information_키다리스튜디오.csv', 'path/in/s3/bucket/review_information_티니어.csv', 'path/in/s3/bucket/review_information_파인더스.csv', 'path/in/s3/bucket/review_information_파킹클라우드.csv', 'path/in/s3/bucket/summary.csv']
[2024-01-14T22:43:30.520+0000] {jobinfo_jobplanet.py:116} INFO - 비포플레이 있음
[2024-01-14T22:43:30.521+0000] {jobinfo_jobplanet.py:116} INFO - 롯데헬스케어 있음
[2024-01-14T22:43:30.521+0000] {jobinfo_jobplanet.py:116} INFO - 롯데헬스케어 있음
[2024-01-14T22:43:30.528+0000] {jobinfo_jobplanet.py:123} INFO - 올라운드닥터스 파일이 없음
[2024-01-14T22:43:30.551+0000] {jobinfo_jobplanet.py:141} INFO - 올라운드닥터스의 정보는 없어서 파일 생성을 못한다.
[2024-01-14T22:43:30.552+0000] {jobinfo_jobplanet.py:142} INFO - ['path/in/s3/bucket/jobinfo_jumpit.csv', 'path/in/s3/bucket/jobinfo_jumpit_v2.csv', 'path/in/s3/bucket/review_information_데브툴즈.csv', 'path/in/s3/bucket/review_information_로민.csv', 'path/in/s3/bucket/review_information_롯데헬스케어.csv', 'path/in/s3/bucket/review_information_마크클라우드.csv', 'path/in/s3/bucket/review_information_메이븐클라우드서비스.csv', 'path/in/s3/bucket/review_information_블랙탠저린.csv', 'path/in/s3/bucket/review_information_비포플레이.csv', 'path/in/s3/bucket/review_information_스윗코리아.csv', 'path/in/s3/bucket/review_information_엠아이티.csv', 'path/in/s3/bucket/review_information_오케스트로.csv', 'path/in/s3/bucket/review_information_와디즈.csv', 'path/in/s3/bucket/review_information_월급쟁이부자들.csv', 'path/in/s3/bucket/review_information_제니스앤컴퍼니.csv', 'path/in/s3/bucket/review_information_크리에이트립.csv', 'path/in/s3/bucket/review_information_키다리스튜디오.csv', 'path/in/s3/bucket/review_information_티니어.csv', 'path/in/s3/bucket/review_information_파인더스.csv', 'path/in/s3/bucket/review_information_파킹클라우드.csv', 'path/in/s3/bucket/summary.csv']
[2024-01-14T22:43:30.552+0000] {jobinfo_jobplanet.py:116} INFO - 와디즈 있음
[2024-01-14T22:43:30.552+0000] {jobinfo_jobplanet.py:116} INFO - 크리에이트립 있음
[2024-01-14T22:43:30.552+0000] {jobinfo_jobplanet.py:116} INFO - 데브툴즈 있음
[2024-01-14T22:43:30.553+0000] {jobinfo_jobplanet.py:116} INFO - 티니어 있음
[2024-01-14T22:43:30.553+0000] {jobinfo_jobplanet.py:116} INFO - 키다리스튜디오 있음
[2024-01-14T22:43:30.553+0000] {jobinfo_jobplanet.py:116} INFO - 마크클라우드 있음
[2024-01-14T22:43:30.813+0000] {jobinfo_jobplanet.py:521} INFO - 제니스앤컴퍼니dml wordcloud start
[2024-01-14T22:43:30.813+0000] {jobinfo_jobplanet.py:633} INFO - 제니스앤컴퍼니 정보 없ㅇ,ㅡ
[2024-01-14T22:43:30.813+0000] {jobinfo_jobplanet.py:634} INFO - Failed to read CSV file from S3: No JVM shared library file (libjvm.so) found. Try setting up the JAVA_HOME environment variable properly.
[2024-01-14T22:43:49.565+0000] {jobinfo_jobplanet.py:521} INFO - 제니스앤컴퍼니dml wordcloud start
[2024-01-14T22:43:49.565+0000] {jobinfo_jobplanet.py:633} INFO - 제니스앤컴퍼니 정보 없ㅇ,ㅡ
[2024-01-14T22:43:49.565+0000] {jobinfo_jobplanet.py:634} INFO - Failed to read CSV file from S3: No JVM shared library file (libjvm.so) found. Try setting up the JAVA_HOME environment variable properly.
[2024-01-14T22:44:02.422+0000] {jobinfo_jobplanet.py:521} INFO - 제니스앤컴퍼니dml wordcloud start
[2024-01-14T22:44:02.423+0000] {jobinfo_jobplanet.py:633} INFO - 제니스앤컴퍼니 정보 없ㅇ,ㅡ
[2024-01-14T22:44:02.423+0000] {jobinfo_jobplanet.py:634} INFO - Failed to read CSV file from S3: No JVM shared library file (libjvm.so) found. Try setting up the JAVA_HOME environment variable properly.
[2024-01-14T22:44:18.522+0000] {jobinfo_jobplanet.py:521} INFO - 메이븐클라우드서비스dml wordcloud start
[2024-01-14T22:44:18.522+0000] {jobinfo_jobplanet.py:633} INFO - 메이븐클라우드서비스 정보 없ㅇ,ㅡ
[2024-01-14T22:44:18.522+0000] {jobinfo_jobplanet.py:634} INFO - Failed to read CSV file from S3: No JVM shared library file (libjvm.so) found. Try setting up the JAVA_HOME environment variable properly.
[2024-01-14T22:44:31.737+0000] {jobinfo_jobplanet.py:521} INFO - 엠아이티dml wordcloud start
[2024-01-14T22:44:31.737+0000] {jobinfo_jobplanet.py:633} INFO - 엠아이티 정보 없ㅇ,ㅡ
[2024-01-14T22:44:31.737+0000] {jobinfo_jobplanet.py:634} INFO - Failed to read CSV file from S3: No JVM shared library file (libjvm.so) found. Try setting up the JAVA_HOME environment variable properly.
[2024-01-14T22:44:49.931+0000] {jobinfo_jobplanet.py:521} INFO - 엠아이티dml wordcloud start
[2024-01-14T22:44:49.931+0000] {jobinfo_jobplanet.py:633} INFO - 엠아이티 정보 없ㅇ,ㅡ
[2024-01-14T22:44:49.931+0000] {jobinfo_jobplanet.py:634} INFO - Failed to read CSV file from S3: No JVM shared library file (libjvm.so) found. Try setting up the JAVA_HOME environment variable properly.
[2024-01-14T22:45:04.183+0000] {jobinfo_jobplanet.py:521} INFO - 스윗코리아dml wordcloud start
[2024-01-14T22:45:04.184+0000] {jobinfo_jobplanet.py:633} INFO - 스윗코리아 정보 없ㅇ,ㅡ
[2024-01-14T22:45:04.184+0000] {jobinfo_jobplanet.py:634} INFO - Failed to read CSV file from S3: No JVM shared library file (libjvm.so) found. Try setting up the JAVA_HOME environment variable properly.
[2024-01-14T22:45:23.425+0000] {jobinfo_jobplanet.py:521} INFO - 스윗코리아dml wordcloud start
[2024-01-14T22:45:23.425+0000] {jobinfo_jobplanet.py:633} INFO - 스윗코리아 정보 없ㅇ,ㅡ
[2024-01-14T22:45:23.425+0000] {jobinfo_jobplanet.py:634} INFO - Failed to read CSV file from S3: No JVM shared library file (libjvm.so) found. Try setting up the JAVA_HOME environment variable properly.
[2024-01-14T22:45:39.333+0000] {jobinfo_jobplanet.py:521} INFO - 파킹클라우드dml wordcloud start
[2024-01-14T22:45:39.334+0000] {jobinfo_jobplanet.py:633} INFO - 파킹클라우드 정보 없ㅇ,ㅡ
[2024-01-14T22:45:39.334+0000] {jobinfo_jobplanet.py:634} INFO - Failed to read CSV file from S3: No JVM shared library file (libjvm.so) found. Try setting up the JAVA_HOME environment variable properly.
[2024-01-14T22:46:01.713+0000] {jobinfo_jobplanet.py:521} INFO - 월급쟁이부자들dml wordcloud start
[2024-01-14T22:46:01.714+0000] {jobinfo_jobplanet.py:633} INFO - 월급쟁이부자들 정보 없ㅇ,ㅡ
[2024-01-14T22:46:01.714+0000] {jobinfo_jobplanet.py:634} INFO - Failed to read CSV file from S3: No JVM shared library file (libjvm.so) found. Try setting up the JAVA_HOME environment variable properly.
[2024-01-14T22:46:17.979+0000] {jobinfo_jobplanet.py:521} INFO - 월급쟁이부자들dml wordcloud start
[2024-01-14T22:46:17.979+0000] {jobinfo_jobplanet.py:633} INFO - 월급쟁이부자들 정보 없ㅇ,ㅡ
[2024-01-14T22:46:17.979+0000] {jobinfo_jobplanet.py:634} INFO - Failed to read CSV file from S3: No JVM shared library file (libjvm.so) found. Try setting up the JAVA_HOME environment variable properly.
[2024-01-14T22:46:35.406+0000] {jobinfo_jobplanet.py:521} INFO - 로민dml wordcloud start
[2024-01-14T22:46:35.407+0000] {jobinfo_jobplanet.py:633} INFO - 로민 정보 없ㅇ,ㅡ
[2024-01-14T22:46:35.407+0000] {jobinfo_jobplanet.py:634} INFO - Failed to read CSV file from S3: No JVM shared library file (libjvm.so) found. Try setting up the JAVA_HOME environment variable properly.
[2024-01-14T22:46:53.073+0000] {jobinfo_jobplanet.py:521} INFO - 블랙탠저린dml wordcloud start
[2024-01-14T22:46:53.074+0000] {jobinfo_jobplanet.py:633} INFO - 블랙탠저린 정보 없ㅇ,ㅡ
[2024-01-14T22:46:53.074+0000] {jobinfo_jobplanet.py:634} INFO - Failed to read CSV file from S3: No JVM shared library file (libjvm.so) found. Try setting up the JAVA_HOME environment variable properly.
[2024-01-14T22:47:06.736+0000] {jobinfo_jobplanet.py:521} INFO - 파인더스dml wordcloud start
[2024-01-14T22:47:06.737+0000] {jobinfo_jobplanet.py:633} INFO - 파인더스 정보 없ㅇ,ㅡ
[2024-01-14T22:47:06.737+0000] {jobinfo_jobplanet.py:634} INFO - Failed to read CSV file from S3: No JVM shared library file (libjvm.so) found. Try setting up the JAVA_HOME environment variable properly.
[2024-01-14T22:47:19.809+0000] {jobinfo_jobplanet.py:633} INFO - 론픽 정보 없ㅇ,ㅡ
[2024-01-14T22:47:19.809+0000] {jobinfo_jobplanet.py:634} INFO - Failed to read CSV file from S3: An error occurred (NoSuchKey) when calling the GetObject operation: The specified key does not exist.
[2024-01-14T22:47:36.969+0000] {jobinfo_jobplanet.py:511} INFO - 론픽 salary information not find
[2024-01-14T22:47:37.110+0000] {jobinfo_jobplanet.py:521} INFO - 비포플레이dml wordcloud start
[2024-01-14T22:47:37.110+0000] {jobinfo_jobplanet.py:633} INFO - 비포플레이 정보 없ㅇ,ㅡ
[2024-01-14T22:47:37.110+0000] {jobinfo_jobplanet.py:634} INFO - Failed to read CSV file from S3: No JVM shared library file (libjvm.so) found. Try setting up the JAVA_HOME environment variable properly.
[2024-01-14T22:48:00.426+0000] {jobinfo_jobplanet.py:521} INFO - 롯데헬스케어dml wordcloud start
[2024-01-14T22:48:00.427+0000] {jobinfo_jobplanet.py:633} INFO - 롯데헬스케어 정보 없ㅇ,ㅡ
[2024-01-14T22:48:00.427+0000] {jobinfo_jobplanet.py:634} INFO - Failed to read CSV file from S3: No JVM shared library file (libjvm.so) found. Try setting up the JAVA_HOME environment variable properly.
[2024-01-14T22:48:18.381+0000] {jobinfo_jobplanet.py:511} INFO - 롯데헬스케어 salary information not find
[2024-01-14T22:48:18.495+0000] {jobinfo_jobplanet.py:521} INFO - 롯데헬스케어dml wordcloud start
[2024-01-14T22:48:18.495+0000] {jobinfo_jobplanet.py:633} INFO - 롯데헬스케어 정보 없ㅇ,ㅡ
[2024-01-14T22:48:18.496+0000] {jobinfo_jobplanet.py:634} INFO - Failed to read CSV file from S3: No JVM shared library file (libjvm.so) found. Try setting up the JAVA_HOME environment variable properly.
[2024-01-14T22:48:37.565+0000] {jobinfo_jobplanet.py:511} INFO - 롯데헬스케어 salary information not find
[2024-01-14T22:48:37.669+0000] {jobinfo_jobplanet.py:633} INFO - 올라운드닥터스 정보 없ㅇ,ㅡ
[2024-01-14T22:48:37.669+0000] {jobinfo_jobplanet.py:634} INFO - Failed to read CSV file from S3: An error occurred (NoSuchKey) when calling the GetObject operation: The specified key does not exist.
[2024-01-14T22:48:54.326+0000] {jobinfo_jobplanet.py:511} INFO - 올라운드닥터스 salary information not find
[2024-01-14T22:48:54.517+0000] {jobinfo_jobplanet.py:521} INFO - 와디즈dml wordcloud start
[2024-01-14T22:48:54.517+0000] {jobinfo_jobplanet.py:633} INFO - 와디즈 정보 없ㅇ,ㅡ
[2024-01-14T22:48:54.517+0000] {jobinfo_jobplanet.py:634} INFO - Failed to read CSV file from S3: No JVM shared library file (libjvm.so) found. Try setting up the JAVA_HOME environment variable properly.
[2024-01-14T22:49:11.181+0000] {jobinfo_jobplanet.py:511} INFO - 와디즈 salary information not find
[2024-01-14T22:49:11.293+0000] {jobinfo_jobplanet.py:521} INFO - 크리에이트립dml wordcloud start
[2024-01-14T22:49:11.293+0000] {jobinfo_jobplanet.py:633} INFO - 크리에이트립 정보 없ㅇ,ㅡ
[2024-01-14T22:49:11.294+0000] {jobinfo_jobplanet.py:634} INFO - Failed to read CSV file from S3: No JVM shared library file (libjvm.so) found. Try setting up the JAVA_HOME environment variable properly.
[2024-01-14T22:49:27.125+0000] {jobinfo_jobplanet.py:511} INFO - 크리에이트립 salary information not find
[2024-01-14T22:49:27.241+0000] {jobinfo_jobplanet.py:521} INFO - 데브툴즈dml wordcloud start
[2024-01-14T22:49:27.241+0000] {jobinfo_jobplanet.py:633} INFO - 데브툴즈 정보 없ㅇ,ㅡ
[2024-01-14T22:49:27.242+0000] {jobinfo_jobplanet.py:634} INFO - Failed to read CSV file from S3: No JVM shared library file (libjvm.so) found. Try setting up the JAVA_HOME environment variable properly.
[2024-01-14T22:49:41.761+0000] {jobinfo_jobplanet.py:511} INFO - 데브툴즈 salary information not find
[2024-01-14T22:49:41.869+0000] {jobinfo_jobplanet.py:521} INFO - 티니어dml wordcloud start
[2024-01-14T22:49:41.870+0000] {jobinfo_jobplanet.py:633} INFO - 티니어 정보 없ㅇ,ㅡ
[2024-01-14T22:49:41.870+0000] {jobinfo_jobplanet.py:634} INFO - Failed to read CSV file from S3: No JVM shared library file (libjvm.so) found. Try setting up the JAVA_HOME environment variable properly.
[2024-01-14T22:49:57.561+0000] {jobinfo_jobplanet.py:511} INFO - 티니어 salary information not find
[2024-01-14T22:49:57.681+0000] {jobinfo_jobplanet.py:521} INFO - 키다리스튜디오dml wordcloud start
[2024-01-14T22:49:57.682+0000] {jobinfo_jobplanet.py:633} INFO - 키다리스튜디오 정보 없ㅇ,ㅡ
[2024-01-14T22:49:57.682+0000] {jobinfo_jobplanet.py:634} INFO - Failed to read CSV file from S3: No JVM shared library file (libjvm.so) found. Try setting up the JAVA_HOME environment variable properly.
[2024-01-14T22:50:14.199+0000] {jobinfo_jobplanet.py:511} INFO - 키다리스튜디오 salary information not find
[2024-01-14T22:50:14.326+0000] {jobinfo_jobplanet.py:521} INFO - 마크클라우드dml wordcloud start
[2024-01-14T22:50:14.326+0000] {jobinfo_jobplanet.py:633} INFO - 마크클라우드 정보 없ㅇ,ㅡ
[2024-01-14T22:50:14.326+0000] {jobinfo_jobplanet.py:634} INFO - Failed to read CSV file from S3: No JVM shared library file (libjvm.so) found. Try setting up the JAVA_HOME environment variable properly.
[2024-01-14T22:50:31.810+0000] {jobinfo_jobplanet.py:511} INFO - 마크클라우드 salary information not find
[2024-01-14T22:50:32.035+0000] {python.py:177} INFO - Done. Returned value was: None
[2024-01-14T22:50:32.044+0000] {taskinstance.py:1323} INFO - Marking task as SUCCESS. dag_id=jobinfo_jobplanet, task_id=jobplanet_login, execution_date=20240114T224317, start_date=20240114T224324, end_date=20240114T225032
[2024-01-14T22:50:32.076+0000] {local_task_job.py:208} INFO - Task exited with return code 0
[2024-01-14T22:50:32.096+0000] {taskinstance.py:2578} INFO - 1 downstream tasks scheduled from follow-on schedule check
