[2024-01-13T10:08:29.952+0000] {taskinstance.py:1083} INFO - Dependencies all met for <TaskInstance: jobinfo_jobplanet.create_infomation_s3 manual__2024-01-13T10:08:21.565020+00:00 [queued]>
[2024-01-13T10:08:29.971+0000] {taskinstance.py:1083} INFO - Dependencies all met for <TaskInstance: jobinfo_jobplanet.create_infomation_s3 manual__2024-01-13T10:08:21.565020+00:00 [queued]>
[2024-01-13T10:08:29.971+0000] {taskinstance.py:1279} INFO - 
--------------------------------------------------------------------------------
[2024-01-13T10:08:29.971+0000] {taskinstance.py:1280} INFO - Starting attempt 1 of 1
[2024-01-13T10:08:29.971+0000] {taskinstance.py:1281} INFO - 
--------------------------------------------------------------------------------
[2024-01-13T10:08:29.996+0000] {taskinstance.py:1300} INFO - Executing <Task(PythonOperator): create_infomation_s3> on 2024-01-13 10:08:21.565020+00:00
[2024-01-13T10:08:30.002+0000] {standard_task_runner.py:55} INFO - Started process 570 to run task
[2024-01-13T10:08:30.004+0000] {standard_task_runner.py:82} INFO - Running: ['***', 'tasks', 'run', 'jobinfo_jobplanet', 'create_infomation_s3', 'manual__2024-01-13T10:08:21.565020+00:00', '--job-id', '315', '--raw', '--subdir', 'DAGS_FOLDER/jobinfo_jobplanet.py', '--cfg-path', '/tmp/tmpbakkl4wx']
[2024-01-13T10:08:30.004+0000] {standard_task_runner.py:83} INFO - Job 315: Subtask create_infomation_s3
[2024-01-13T10:08:30.502+0000] {task_command.py:388} INFO - Running <TaskInstance: jobinfo_jobplanet.create_infomation_s3 manual__2024-01-13T10:08:21.565020+00:00 [running]> on host 9d92fdf7265b
[2024-01-13T10:08:30.640+0000] {taskinstance.py:1509} INFO - Exporting the following env vars:
AIRFLOW_CTX_DAG_OWNER=***
AIRFLOW_CTX_DAG_ID=jobinfo_jobplanet
AIRFLOW_CTX_TASK_ID=create_infomation_s3
AIRFLOW_CTX_EXECUTION_DATE=2024-01-13T10:08:21.565020+00:00
AIRFLOW_CTX_TRY_NUMBER=1
AIRFLOW_CTX_DAG_RUN_ID=manual__2024-01-13T10:08:21.565020+00:00
[2024-01-13T10:08:30.641+0000] {taskinstance.py:1768} ERROR - Task failed with exception
Traceback (most recent call last):
  File "/home/airflow/.local/lib/python3.7/site-packages/airflow/operators/python.py", line 175, in execute
    return_value = self.execute_callable()
  File "/home/airflow/.local/lib/python3.7/site-packages/airflow/operators/python.py", line 192, in execute_callable
    return self.python_callable(*self.op_args, **self.op_kwargs)
  File "/opt/airflow/dags/jobinfo_jobplanet.py", line 79, in create_infomation_s3
    driver = jobplanet_login()
  File "/opt/airflow/dags/jobinfo_jobplanet.py", line 48, in jobplanet_login
    print(driver)
UnboundLocalError: local variable 'driver' referenced before assignment
[2024-01-13T10:08:30.650+0000] {taskinstance.py:1323} INFO - Marking task as FAILED. dag_id=jobinfo_jobplanet, task_id=create_infomation_s3, execution_date=20240113T100821, start_date=20240113T100829, end_date=20240113T100830
[2024-01-13T10:08:30.692+0000] {standard_task_runner.py:105} ERROR - Failed to execute job 315 for task create_infomation_s3 (local variable 'driver' referenced before assignment; 570)
[2024-01-13T10:08:30.710+0000] {local_task_job.py:208} INFO - Task exited with return code 1
[2024-01-13T10:08:31.136+0000] {taskinstance.py:2578} INFO - 0 downstream tasks scheduled from follow-on schedule check
