[2024-01-14T12:56:25.587+0000] {taskinstance.py:1083} INFO - Dependencies all met for <TaskInstance: jobinfo_jobplanet.jobplanet_login manual__2024-01-14T12:55:52.778468+00:00 [queued]>
[2024-01-14T12:56:25.737+0000] {taskinstance.py:1083} INFO - Dependencies all met for <TaskInstance: jobinfo_jobplanet.jobplanet_login manual__2024-01-14T12:55:52.778468+00:00 [queued]>
[2024-01-14T12:56:25.738+0000] {taskinstance.py:1279} INFO - 
--------------------------------------------------------------------------------
[2024-01-14T12:56:25.750+0000] {taskinstance.py:1280} INFO - Starting attempt 1 of 1
[2024-01-14T12:56:25.751+0000] {taskinstance.py:1281} INFO - 
--------------------------------------------------------------------------------
[2024-01-14T12:56:26.423+0000] {taskinstance.py:1300} INFO - Executing <Task(PythonOperator): jobplanet_login> on 2024-01-14 12:55:52.778468+00:00
[2024-01-14T12:56:26.456+0000] {standard_task_runner.py:55} INFO - Started process 25648 to run task
[2024-01-14T12:56:26.471+0000] {standard_task_runner.py:82} INFO - Running: ['***', 'tasks', 'run', 'jobinfo_jobplanet', 'jobplanet_login', 'manual__2024-01-14T12:55:52.778468+00:00', '--job-id', '491', '--raw', '--subdir', 'DAGS_FOLDER/jobinfo_jobplanet.py', '--cfg-path', '/tmp/tmpcgdijxww']
[2024-01-14T12:56:26.487+0000] {standard_task_runner.py:83} INFO - Job 491: Subtask jobplanet_login
[2024-01-14T12:56:26.700+0000] {task_command.py:388} INFO - Running <TaskInstance: jobinfo_jobplanet.jobplanet_login manual__2024-01-14T12:55:52.778468+00:00 [running]> on host 7b77d04f99d6
[2024-01-14T12:56:27.348+0000] {taskinstance.py:1509} INFO - Exporting the following env vars:
AIRFLOW_CTX_DAG_OWNER=***
AIRFLOW_CTX_DAG_ID=jobinfo_jobplanet
AIRFLOW_CTX_TASK_ID=jobplanet_login
AIRFLOW_CTX_EXECUTION_DATE=2024-01-14T12:55:52.778468+00:00
AIRFLOW_CTX_TRY_NUMBER=1
AIRFLOW_CTX_DAG_RUN_ID=manual__2024-01-14T12:55:52.778468+00:00
[2024-01-14T13:01:27.533+0000] {taskinstance.py:1768} ERROR - Task failed with exception
Traceback (most recent call last):
  File "/home/airflow/.local/lib/python3.7/site-packages/airflow/operators/python.py", line 175, in execute
    return_value = self.execute_callable()
  File "/home/airflow/.local/lib/python3.7/site-packages/airflow/operators/python.py", line 192, in execute_callable
    return self.python_callable(*self.op_args, **self.op_kwargs)
  File "/opt/airflow/dags/jobinfo_jobplanet.py", line 73, in jobplanet_login
    with webdriver.Remote(f'{remote_webdriver}:4444/wd/hub', options=options) as driver:
  File "/home/airflow/.local/lib/python3.7/site-packages/selenium/webdriver/remote/webdriver.py", line 206, in __init__
    self.start_session(capabilities)
  File "/home/airflow/.local/lib/python3.7/site-packages/selenium/webdriver/remote/webdriver.py", line 290, in start_session
    response = self.execute(Command.NEW_SESSION, caps)["value"]
  File "/home/airflow/.local/lib/python3.7/site-packages/selenium/webdriver/remote/webdriver.py", line 345, in execute
    self.error_handler.check_response(response)
  File "/home/airflow/.local/lib/python3.7/site-packages/selenium/webdriver/remote/errorhandler.py", line 229, in check_response
    raise exception_class(message, screen, stacktrace)
selenium.common.exceptions.SessionNotCreatedException: Message: Could not start a new session. New session request timed out 
Host info: host: '8f75bdcd2576', ip: '172.20.0.9'
Build info: version: '4.16.1', revision: '9b4c83354e'
System info: os.name: 'Linux', os.arch: 'amd64', os.version: '5.15.133.1-microsoft-standard-WSL2', java.version: '11.0.21'
Driver info: driver.version: unknown
Stacktrace:
    at org.openqa.selenium.grid.sessionqueue.local.LocalNewSessionQueue.addToQueue (LocalNewSessionQueue.java:221)
    at org.openqa.selenium.grid.sessionqueue.NewSessionQueue.lambda$new$0 (NewSessionQueue.java:68)
    at org.openqa.selenium.remote.http.Route$TemplatizedRoute.handle (Route.java:193)
    at org.openqa.selenium.remote.http.Route.execute (Route.java:69)
    at org.openqa.selenium.remote.http.Route$CombinedRoute.handle (Route.java:345)
    at org.openqa.selenium.remote.http.Route.execute (Route.java:69)
    at org.openqa.selenium.grid.sessionqueue.NewSessionQueue.execute (NewSessionQueue.java:128)
    at org.openqa.selenium.remote.tracing.SpanWrappedHttpHandler.execute (SpanWrappedHttpHandler.java:87)
    at org.openqa.selenium.remote.http.Filter$1.execute (Filter.java:63)
    at org.openqa.selenium.remote.http.Route$CombinedRoute.handle (Route.java:345)
    at org.openqa.selenium.remote.http.Route.execute (Route.java:69)
    at org.openqa.selenium.grid.router.Router.execute (Router.java:87)
    at org.openqa.selenium.grid.web.EnsureSpecCompliantResponseHeaders.lambda$apply$0 (EnsureSpecCompliantResponseHeaders.java:34)
    at org.openqa.selenium.remote.http.Filter$1.execute (Filter.java:63)
    at org.openqa.selenium.remote.http.Route$CombinedRoute.handle (Route.java:345)
    at org.openqa.selenium.remote.http.Route.execute (Route.java:69)
    at org.openqa.selenium.remote.http.Route$NestedRoute.handle (Route.java:271)
    at org.openqa.selenium.remote.http.Route.execute (Route.java:69)
    at org.openqa.selenium.remote.http.Route$CombinedRoute.handle (Route.java:345)
    at org.openqa.selenium.remote.http.Route.execute (Route.java:69)
    at org.openqa.selenium.remote.http.Route$CombinedRoute.handle (Route.java:345)
    at org.openqa.selenium.remote.http.Route.execute (Route.java:69)
    at org.openqa.selenium.remote.http.Route$CombinedRoute.handle (Route.java:345)
    at org.openqa.selenium.remote.http.Route.execute (Route.java:69)
    at org.openqa.selenium.remote.http.Route$CombinedRoute.handle (Route.java:345)
    at org.openqa.selenium.remote.http.Route.execute (Route.java:69)
    at org.openqa.selenium.remote.AddWebDriverSpecHeaders.lambda$apply$0 (AddWebDriverSpecHeaders.java:35)
    at org.openqa.selenium.remote.ErrorFilter.lambda$apply$0 (ErrorFilter.java:44)
    at org.openqa.selenium.remote.http.Filter$1.execute (Filter.java:63)
    at org.openqa.selenium.remote.ErrorFilter.lambda$apply$0 (ErrorFilter.java:44)
    at org.openqa.selenium.remote.http.Filter$1.execute (Filter.java:63)
    at org.openqa.selenium.netty.server.SeleniumHandler.lambda$channelRead0$0 (SeleniumHandler.java:44)
    at java.util.concurrent.Executors$RunnableAdapter.call (Executors.java:515)
    at java.util.concurrent.FutureTask.run (FutureTask.java:264)
    at java.util.concurrent.ThreadPoolExecutor.runWorker (ThreadPoolExecutor.java:1128)
    at java.util.concurrent.ThreadPoolExecutor$Worker.run (ThreadPoolExecutor.java:628)
    at java.lang.Thread.run (Thread.java:829)
[2024-01-14T13:01:27.610+0000] {taskinstance.py:1323} INFO - Marking task as FAILED. dag_id=jobinfo_jobplanet, task_id=jobplanet_login, execution_date=20240114T125552, start_date=20240114T125625, end_date=20240114T130127
[2024-01-14T13:01:27.700+0000] {standard_task_runner.py:105} ERROR - Failed to execute job 491 for task jobplanet_login (Message: Could not start a new session. New session request timed out 
Host info: host: '8f75bdcd2576', ip: '172.20.0.9'
Build info: version: '4.16.1', revision: '9b4c83354e'
System info: os.name: 'Linux', os.arch: 'amd64', os.version: '5.15.133.1-microsoft-standard-WSL2', java.version: '11.0.21'
Driver info: driver.version: unknown
Stacktrace:
    at org.openqa.selenium.grid.sessionqueue.local.LocalNewSessionQueue.addToQueue (LocalNewSessionQueue.java:221)
    at org.openqa.selenium.grid.sessionqueue.NewSessionQueue.lambda$new$0 (NewSessionQueue.java:68)
    at org.openqa.selenium.remote.http.Route$TemplatizedRoute.handle (Route.java:193)
    at org.openqa.selenium.remote.http.Route.execute (Route.java:69)
    at org.openqa.selenium.remote.http.Route$CombinedRoute.handle (Route.java:345)
    at org.openqa.selenium.remote.http.Route.execute (Route.java:69)
    at org.openqa.selenium.grid.sessionqueue.NewSessionQueue.execute (NewSessionQueue.java:128)
    at org.openqa.selenium.remote.tracing.SpanWrappedHttpHandler.execute (SpanWrappedHttpHandler.java:87)
    at org.openqa.selenium.remote.http.Filter$1.execute (Filter.java:63)
    at org.openqa.selenium.remote.http.Route$CombinedRoute.handle (Route.java:345)
    at org.openqa.selenium.remote.http.Route.execute (Route.java:69)
    at org.openqa.selenium.grid.router.Router.execute (Router.java:87)
    at org.openqa.selenium.grid.web.EnsureSpecCompliantResponseHeaders.lambda$apply$0 (EnsureSpecCompliantResponseHeaders.java:34)
    at org.openqa.selenium.remote.http.Filter$1.execute (Filter.java:63)
    at org.openqa.selenium.remote.http.Route$CombinedRoute.handle (Route.java:345)
    at org.openqa.selenium.remote.http.Route.execute (Route.java:69)
    at org.openqa.selenium.remote.http.Route$NestedRoute.handle (Route.java:271)
    at org.openqa.selenium.remote.http.Route.execute (Route.java:69)
    at org.openqa.selenium.remote.http.Route$CombinedRoute.handle (Route.java:345)
    at org.openqa.selenium.remote.http.Route.execute (Route.java:69)
    at org.openqa.selenium.remote.http.Route$CombinedRoute.handle (Route.java:345)
    at org.openqa.selenium.remote.http.Route.execute (Route.java:69)
    at org.openqa.selenium.remote.http.Route$CombinedRoute.handle (Route.java:345)
    at org.openqa.selenium.remote.http.Route.execute (Route.java:69)
    at org.openqa.selenium.remote.http.Route$CombinedRoute.handle (Route.java:345)
    at org.openqa.selenium.remote.http.Route.execute (Route.java:69)
    at org.openqa.selenium.remote.AddWebDriverSpecHeaders.lambda$apply$0 (AddWebDriverSpecHeaders.java:35)
    at org.openqa.selenium.remote.ErrorFilter.lambda$apply$0 (ErrorFilter.java:44)
    at org.openqa.selenium.remote.http.Filter$1.execute (Filter.java:63)
    at org.openqa.selenium.remote.ErrorFilter.lambda$apply$0 (ErrorFilter.java:44)
    at org.openqa.selenium.remote.http.Filter$1.execute (Filter.java:63)
    at org.openqa.selenium.netty.server.SeleniumHandler.lambda$channelRead0$0 (SeleniumHandler.java:44)
    at java.util.concurrent.Executors$RunnableAdapter.call (Executors.java:515)
    at java.util.concurrent.FutureTask.run (FutureTask.java:264)
    at java.util.concurrent.ThreadPoolExecutor.runWorker (ThreadPoolExecutor.java:1128)
    at java.util.concurrent.ThreadPoolExecutor$Worker.run (ThreadPoolExecutor.java:628)
    at java.lang.Thread.run (Thread.java:829); 25648)
[2024-01-14T13:01:27.736+0000] {local_task_job.py:208} INFO - Task exited with return code 1
[2024-01-14T13:01:27.911+0000] {taskinstance.py:2578} INFO - 0 downstream tasks scheduled from follow-on schedule check
