[2024-01-15T11:35:26.084+0000] {taskinstance.py:1083} INFO - Dependencies all met for <TaskInstance: jumpit_jobinfo.s3_to_rds scheduled__2024-01-14T11:35:00+00:00 [queued]>
[2024-01-15T11:35:26.098+0000] {taskinstance.py:1083} INFO - Dependencies all met for <TaskInstance: jumpit_jobinfo.s3_to_rds scheduled__2024-01-14T11:35:00+00:00 [queued]>
[2024-01-15T11:35:26.098+0000] {taskinstance.py:1279} INFO - 
--------------------------------------------------------------------------------
[2024-01-15T11:35:26.098+0000] {taskinstance.py:1280} INFO - Starting attempt 1 of 2
[2024-01-15T11:35:26.099+0000] {taskinstance.py:1281} INFO - 
--------------------------------------------------------------------------------
[2024-01-15T11:35:26.133+0000] {taskinstance.py:1300} INFO - Executing <Task(PythonOperator): s3_to_rds> on 2024-01-14 11:35:00+00:00
[2024-01-15T11:35:26.144+0000] {standard_task_runner.py:55} INFO - Started process 33969 to run task
[2024-01-15T11:35:26.151+0000] {standard_task_runner.py:82} INFO - Running: ['***', 'tasks', 'run', 'jumpit_jobinfo', 's3_to_rds', 'scheduled__2024-01-14T11:35:00+00:00', '--job-id', '591', '--raw', '--subdir', 'DAGS_FOLDER/jobinfo_jumpit.py', '--cfg-path', '/tmp/tmpita2imts']
[2024-01-15T11:35:26.152+0000] {standard_task_runner.py:83} INFO - Job 591: Subtask s3_to_rds
[2024-01-15T11:35:26.257+0000] {task_command.py:388} INFO - Running <TaskInstance: jumpit_jobinfo.s3_to_rds scheduled__2024-01-14T11:35:00+00:00 [running]> on host 565f6bcc10b6
[2024-01-15T11:35:26.388+0000] {taskinstance.py:1509} INFO - Exporting the following env vars:
AIRFLOW_CTX_DAG_OWNER=***
AIRFLOW_CTX_DAG_ID=jumpit_jobinfo
AIRFLOW_CTX_TASK_ID=s3_to_rds
AIRFLOW_CTX_EXECUTION_DATE=2024-01-14T11:35:00+00:00
AIRFLOW_CTX_TRY_NUMBER=1
AIRFLOW_CTX_DAG_RUN_ID=scheduled__2024-01-14T11:35:00+00:00
[2024-01-15T11:35:26.450+0000] {base.py:73} INFO - Using connection ID 's3_conn' for task execution.
[2024-01-15T11:35:26.849+0000] {base.py:73} INFO - Using connection ID 'rds_conn' for task execution.
[2024-01-15T11:35:27.001+0000] {taskinstance.py:1768} ERROR - Task failed with exception
Traceback (most recent call last):
  File "/home/airflow/.local/lib/python3.7/site-packages/airflow/operators/python.py", line 175, in execute
    return_value = self.execute_callable()
  File "/home/airflow/.local/lib/python3.7/site-packages/airflow/operators/python.py", line 192, in execute_callable
    return self.python_callable(*self.op_args, **self.op_kwargs)
  File "/opt/airflow/dags/jobinfo_jumpit.py", line 134, in s3_to_rds
    cursor.execute(delete_query)
  File "/home/airflow/.local/lib/python3.7/site-packages/MySQLdb/cursors.py", line 206, in execute
    res = self._query(query)
  File "/home/airflow/.local/lib/python3.7/site-packages/MySQLdb/cursors.py", line 319, in _query
    db.query(q)
  File "/home/airflow/.local/lib/python3.7/site-packages/MySQLdb/connections.py", line 254, in query
    _mysql.connection.query(self, query)
MySQLdb.OperationalError: (1046, 'No database selected')
[2024-01-15T11:35:27.009+0000] {taskinstance.py:1323} INFO - Marking task as UP_FOR_RETRY. dag_id=jumpit_jobinfo, task_id=s3_to_rds, execution_date=20240114T113500, start_date=20240115T113526, end_date=20240115T113527
[2024-01-15T11:35:27.045+0000] {standard_task_runner.py:105} ERROR - Failed to execute job 591 for task s3_to_rds ((1046, 'No database selected'); 33969)
[2024-01-15T11:35:27.104+0000] {local_task_job.py:208} INFO - Task exited with return code 1
[2024-01-15T11:35:27.153+0000] {taskinstance.py:2578} INFO - 0 downstream tasks scheduled from follow-on schedule check
