[2024-01-14T23:34:47.460+0000] {taskinstance.py:1083} INFO - Dependencies all met for <TaskInstance: jobinfo_jobplanet.jobplanet_login manual__2024-01-14T23:34:41.034239+00:00 [queued]>
[2024-01-14T23:34:47.476+0000] {taskinstance.py:1083} INFO - Dependencies all met for <TaskInstance: jobinfo_jobplanet.jobplanet_login manual__2024-01-14T23:34:41.034239+00:00 [queued]>
[2024-01-14T23:34:47.476+0000] {taskinstance.py:1279} INFO - 
--------------------------------------------------------------------------------
[2024-01-14T23:34:47.476+0000] {taskinstance.py:1280} INFO - Starting attempt 1 of 1
[2024-01-14T23:34:47.476+0000] {taskinstance.py:1281} INFO - 
--------------------------------------------------------------------------------
[2024-01-14T23:34:47.493+0000] {taskinstance.py:1300} INFO - Executing <Task(PythonOperator): jobplanet_login> on 2024-01-14 23:34:41.034239+00:00
[2024-01-14T23:34:47.502+0000] {standard_task_runner.py:55} INFO - Started process 12308 to run task
[2024-01-14T23:34:47.504+0000] {standard_task_runner.py:82} INFO - Running: ['***', 'tasks', 'run', 'jobinfo_jobplanet', 'jobplanet_login', 'manual__2024-01-14T23:34:41.034239+00:00', '--job-id', '556', '--raw', '--subdir', 'DAGS_FOLDER/jobinfo_jobplanet.py', '--cfg-path', '/tmp/tmpk0p2zgja']
[2024-01-14T23:34:47.504+0000] {standard_task_runner.py:83} INFO - Job 556: Subtask jobplanet_login
[2024-01-14T23:34:47.570+0000] {task_command.py:388} INFO - Running <TaskInstance: jobinfo_jobplanet.jobplanet_login manual__2024-01-14T23:34:41.034239+00:00 [running]> on host 565f6bcc10b6
[2024-01-14T23:34:47.639+0000] {taskinstance.py:1509} INFO - Exporting the following env vars:
AIRFLOW_CTX_DAG_OWNER=***
AIRFLOW_CTX_DAG_ID=jobinfo_jobplanet
AIRFLOW_CTX_TASK_ID=jobplanet_login
AIRFLOW_CTX_EXECUTION_DATE=2024-01-14T23:34:41.034239+00:00
AIRFLOW_CTX_TRY_NUMBER=1
AIRFLOW_CTX_DAG_RUN_ID=manual__2024-01-14T23:34:41.034239+00:00
[2024-01-14T23:34:51.920+0000] {jobinfo_jobplanet.py:78} INFO - *********************************
[2024-01-14T23:34:51.955+0000] {jobinfo_jobplanet.py:84} INFO - 12212121313442342354534634534534534534523423443423
[2024-01-14T23:34:51.956+0000] {jobinfo_jobplanet.py:85} INFO - <selenium.webdriver.remote.webdriver.WebDriver (session="6147f8756f4ae9ca782dbedde5fa6da1")>
[2024-01-14T23:34:52.254+0000] {jobinfo_jobplanet.py:88} INFO - 890u8987978078978978079078097807897809789789789789789797
[2024-01-14T23:34:52.749+0000] {jobinfo_jobplanet.py:91} INFO - ^^^^^^^^^^^^^^^^^^^^^^^^^^^^^^^^^^^^^^^^^^^^^^^^^^^^^^^^^^^^^^^^^^^^^^^^^^^^^^^^^^^^^^
[2024-01-14T23:34:53.571+0000] {jobinfo_jobplanet.py:102} INFO - 3333333333333333333333333
[2024-01-14T23:34:53.620+0000] {jobinfo_jobplanet.py:108} INFO - 4444444444444444444444444444
[2024-01-14T23:34:53.627+0000] {jobinfo_jobplanet.py:110} INFO - ['오케스트로', '오케스트로', '제니스앤컴퍼니', '제니스앤컴퍼니', '제니스앤컴퍼니', '메이븐클라우드서비스', '엠아이티', '엠아이티', '스윗코리아', '스윗코리아', '파킹클라우드', '오케스트로', '오케스트로', '오케스트로', '오케스트로', '오케스트로', '월급쟁이부자들', '월급쟁이부자들', '로민', '블랙탠저린', '파인더스', '론픽', '비포플레이', '롯데헬스케어', '롯데헬스케어', '올라운드닥터스', '와디즈', '크리에이트립', '데브툴즈', '티니어', '키다리스튜디오', '마크클라우드']
[2024-01-14T23:34:53.627+0000] {jobinfo_jobplanet.py:111} INFO - ['path/in/s3/bucket/jobinfo_jumpit.csv', 'path/in/s3/bucket/jobinfo_jumpit_v2.csv', 'path/in/s3/bucket/review_information_데브툴즈.csv', 'path/in/s3/bucket/review_information_로민.csv', 'path/in/s3/bucket/review_information_롯데헬스케어.csv', 'path/in/s3/bucket/review_information_마크클라우드.csv', 'path/in/s3/bucket/review_information_메이븐클라우드서비스.csv', 'path/in/s3/bucket/review_information_블랙탠저린.csv', 'path/in/s3/bucket/review_information_비포플레이.csv', 'path/in/s3/bucket/review_information_스윗코리아.csv', 'path/in/s3/bucket/review_information_엠아이티.csv', 'path/in/s3/bucket/review_information_오케스트로.csv', 'path/in/s3/bucket/review_information_와디즈.csv', 'path/in/s3/bucket/review_information_월급쟁이부자들.csv', 'path/in/s3/bucket/review_information_제니스앤컴퍼니.csv', 'path/in/s3/bucket/review_information_크리에이트립.csv', 'path/in/s3/bucket/review_information_키다리스튜디오.csv', 'path/in/s3/bucket/review_information_티니어.csv', 'path/in/s3/bucket/review_information_파인더스.csv', 'path/in/s3/bucket/review_information_파킹클라우드.csv', 'path/in/s3/bucket/summary.csv']
[2024-01-14T23:34:53.627+0000] {jobinfo_jobplanet.py:112} INFO - 시작
[2024-01-14T23:34:53.628+0000] {jobinfo_jobplanet.py:116} INFO - 오케스트로 있음
[2024-01-14T23:34:53.628+0000] {jobinfo_jobplanet.py:116} INFO - 오케스트로 있음
[2024-01-14T23:34:53.628+0000] {jobinfo_jobplanet.py:116} INFO - 제니스앤컴퍼니 있음
[2024-01-14T23:34:53.628+0000] {jobinfo_jobplanet.py:116} INFO - 제니스앤컴퍼니 있음
[2024-01-14T23:34:53.628+0000] {jobinfo_jobplanet.py:116} INFO - 제니스앤컴퍼니 있음
[2024-01-14T23:34:53.628+0000] {jobinfo_jobplanet.py:116} INFO - 메이븐클라우드서비스 있음
[2024-01-14T23:34:53.628+0000] {jobinfo_jobplanet.py:116} INFO - 엠아이티 있음
[2024-01-14T23:34:53.628+0000] {jobinfo_jobplanet.py:116} INFO - 엠아이티 있음
[2024-01-14T23:34:53.628+0000] {jobinfo_jobplanet.py:116} INFO - 스윗코리아 있음
[2024-01-14T23:34:53.629+0000] {jobinfo_jobplanet.py:116} INFO - 스윗코리아 있음
[2024-01-14T23:34:53.629+0000] {jobinfo_jobplanet.py:116} INFO - 파킹클라우드 있음
[2024-01-14T23:34:53.629+0000] {jobinfo_jobplanet.py:116} INFO - 오케스트로 있음
[2024-01-14T23:34:53.629+0000] {jobinfo_jobplanet.py:116} INFO - 오케스트로 있음
[2024-01-14T23:34:53.629+0000] {jobinfo_jobplanet.py:116} INFO - 오케스트로 있음
[2024-01-14T23:34:53.629+0000] {jobinfo_jobplanet.py:116} INFO - 오케스트로 있음
[2024-01-14T23:34:53.629+0000] {jobinfo_jobplanet.py:116} INFO - 오케스트로 있음
[2024-01-14T23:34:53.629+0000] {jobinfo_jobplanet.py:116} INFO - 월급쟁이부자들 있음
[2024-01-14T23:34:53.629+0000] {jobinfo_jobplanet.py:116} INFO - 월급쟁이부자들 있음
[2024-01-14T23:34:53.629+0000] {jobinfo_jobplanet.py:116} INFO - 로민 있음
[2024-01-14T23:34:53.630+0000] {jobinfo_jobplanet.py:116} INFO - 블랙탠저린 있음
[2024-01-14T23:34:53.630+0000] {jobinfo_jobplanet.py:116} INFO - 파인더스 있음
[2024-01-14T23:34:53.685+0000] {jobinfo_jobplanet.py:123} INFO - 론픽 파일이 없음
[2024-01-14T23:34:55.768+0000] {jobinfo_jobplanet.py:142} INFO - 론픽의 정보는 없어서 파일 생성을 못한다.
[2024-01-14T23:34:55.768+0000] {jobinfo_jobplanet.py:144} INFO - ['path/in/s3/bucket/jobinfo_jumpit.csv', 'path/in/s3/bucket/jobinfo_jumpit_v2.csv', 'path/in/s3/bucket/review_information_데브툴즈.csv', 'path/in/s3/bucket/review_information_로민.csv', 'path/in/s3/bucket/review_information_롯데헬스케어.csv', 'path/in/s3/bucket/review_information_마크클라우드.csv', 'path/in/s3/bucket/review_information_메이븐클라우드서비스.csv', 'path/in/s3/bucket/review_information_블랙탠저린.csv', 'path/in/s3/bucket/review_information_비포플레이.csv', 'path/in/s3/bucket/review_information_스윗코리아.csv', 'path/in/s3/bucket/review_information_엠아이티.csv', 'path/in/s3/bucket/review_information_오케스트로.csv', 'path/in/s3/bucket/review_information_와디즈.csv', 'path/in/s3/bucket/review_information_월급쟁이부자들.csv', 'path/in/s3/bucket/review_information_제니스앤컴퍼니.csv', 'path/in/s3/bucket/review_information_크리에이트립.csv', 'path/in/s3/bucket/review_information_키다리스튜디오.csv', 'path/in/s3/bucket/review_information_티니어.csv', 'path/in/s3/bucket/review_information_파인더스.csv', 'path/in/s3/bucket/review_information_파킹클라우드.csv', 'path/in/s3/bucket/summary.csv']
[2024-01-14T23:34:55.768+0000] {jobinfo_jobplanet.py:116} INFO - 비포플레이 있음
[2024-01-14T23:34:55.768+0000] {jobinfo_jobplanet.py:116} INFO - 롯데헬스케어 있음
[2024-01-14T23:34:55.768+0000] {jobinfo_jobplanet.py:116} INFO - 롯데헬스케어 있음
[2024-01-14T23:34:55.796+0000] {jobinfo_jobplanet.py:123} INFO - 올라운드닥터스 파일이 없음
[2024-01-14T23:34:56.269+0000] {jobinfo_jobplanet.py:127} INFO - 올라운드닥터스 검색을 위해 검색창에 입력했습니다.
[2024-01-14T23:34:59.896+0000] {jobinfo_jobplanet.py:130} INFO - 올라운드닥터스 검색하기
[2024-01-14T23:35:01.951+0000] {jobinfo_jobplanet.py:142} INFO - 올라운드닥터스의 정보는 없어서 파일 생성을 못한다.
[2024-01-14T23:35:01.951+0000] {jobinfo_jobplanet.py:144} INFO - ['path/in/s3/bucket/jobinfo_jumpit.csv', 'path/in/s3/bucket/jobinfo_jumpit_v2.csv', 'path/in/s3/bucket/review_information_데브툴즈.csv', 'path/in/s3/bucket/review_information_로민.csv', 'path/in/s3/bucket/review_information_롯데헬스케어.csv', 'path/in/s3/bucket/review_information_마크클라우드.csv', 'path/in/s3/bucket/review_information_메이븐클라우드서비스.csv', 'path/in/s3/bucket/review_information_블랙탠저린.csv', 'path/in/s3/bucket/review_information_비포플레이.csv', 'path/in/s3/bucket/review_information_스윗코리아.csv', 'path/in/s3/bucket/review_information_엠아이티.csv', 'path/in/s3/bucket/review_information_오케스트로.csv', 'path/in/s3/bucket/review_information_와디즈.csv', 'path/in/s3/bucket/review_information_월급쟁이부자들.csv', 'path/in/s3/bucket/review_information_제니스앤컴퍼니.csv', 'path/in/s3/bucket/review_information_크리에이트립.csv', 'path/in/s3/bucket/review_information_키다리스튜디오.csv', 'path/in/s3/bucket/review_information_티니어.csv', 'path/in/s3/bucket/review_information_파인더스.csv', 'path/in/s3/bucket/review_information_파킹클라우드.csv', 'path/in/s3/bucket/summary.csv']
[2024-01-14T23:35:01.951+0000] {jobinfo_jobplanet.py:116} INFO - 와디즈 있음
[2024-01-14T23:35:01.952+0000] {jobinfo_jobplanet.py:116} INFO - 크리에이트립 있음
[2024-01-14T23:35:01.952+0000] {jobinfo_jobplanet.py:116} INFO - 데브툴즈 있음
[2024-01-14T23:35:01.952+0000] {jobinfo_jobplanet.py:116} INFO - 티니어 있음
[2024-01-14T23:35:01.952+0000] {jobinfo_jobplanet.py:116} INFO - 키다리스튜디오 있음
[2024-01-14T23:35:01.953+0000] {jobinfo_jobplanet.py:116} INFO - 마크클라우드 있음
[2024-01-14T23:35:02.326+0000] {jobinfo_jobplanet.py:523} INFO - 제니스앤컴퍼니dml wordcloud start
[2024-01-14T23:35:02.327+0000] {jobinfo_jobplanet.py:524} INFO -   review_summary    merit  ...    hire_way result_date
0        no data  no data  ...  그룹면접, 개인면접     no data
1        no data  no data  ...        개인면접       30일 후
2        no data  no data  ...        개인면접        5일 후
3        no data  no data  ...     no data     no data
4        no data  no data  ...     no data     no data

[5 rows x 8 columns]
[2024-01-14T23:35:02.338+0000] {jobinfo_jobplanet.py:636} INFO - 제니스앤컴퍼니 정보 없ㅇ,ㅡ
[2024-01-14T23:35:02.338+0000] {jobinfo_jobplanet.py:637} INFO - Failed to read CSV file from S3: No JVM shared library file (libjvm.so) found. Try setting up the JAVA_HOME environment variable properly.
[2024-01-14T23:35:15.978+0000] {jobinfo_jobplanet.py:523} INFO - 제니스앤컴퍼니dml wordcloud start
[2024-01-14T23:35:15.978+0000] {jobinfo_jobplanet.py:524} INFO -   review_summary    merit  ...    hire_way result_date
0        no data  no data  ...  그룹면접, 개인면접     no data
1        no data  no data  ...        개인면접       30일 후
2        no data  no data  ...        개인면접        5일 후
3        no data  no data  ...     no data     no data
4        no data  no data  ...     no data     no data

[5 rows x 8 columns]
[2024-01-14T23:35:16.000+0000] {jobinfo_jobplanet.py:636} INFO - 제니스앤컴퍼니 정보 없ㅇ,ㅡ
[2024-01-14T23:35:16.000+0000] {jobinfo_jobplanet.py:637} INFO - Failed to read CSV file from S3: No JVM shared library file (libjvm.so) found. Try setting up the JAVA_HOME environment variable properly.
[2024-01-14T23:35:29.133+0000] {jobinfo_jobplanet.py:523} INFO - 제니스앤컴퍼니dml wordcloud start
[2024-01-14T23:35:29.133+0000] {jobinfo_jobplanet.py:524} INFO -   review_summary    merit  ...    hire_way result_date
0        no data  no data  ...  그룹면접, 개인면접     no data
1        no data  no data  ...        개인면접       30일 후
2        no data  no data  ...        개인면접        5일 후
3        no data  no data  ...     no data     no data
4        no data  no data  ...     no data     no data

[5 rows x 8 columns]
[2024-01-14T23:35:29.144+0000] {jobinfo_jobplanet.py:636} INFO - 제니스앤컴퍼니 정보 없ㅇ,ㅡ
[2024-01-14T23:35:29.145+0000] {jobinfo_jobplanet.py:637} INFO - Failed to read CSV file from S3: No JVM shared library file (libjvm.so) found. Try setting up the JAVA_HOME environment variable properly.
[2024-01-14T23:35:40.924+0000] {jobinfo_jobplanet.py:523} INFO - 메이븐클라우드서비스dml wordcloud start
[2024-01-14T23:35:40.925+0000] {jobinfo_jobplanet.py:524} INFO -                             review_summary  ... result_date
0           대안이 없으면 다닐 수도 있겠지만 추천하지는 않는 회사  ...     no data
1       주체적인 개인의 의견과 편의를 최대한 들어주려고 노력하는 회사  ...       14일 후
2           SI 기업 그 잡채 10년 운용했으나 회사 체계가 없음  ...        7일 후
3                    보통 나름 인지도가 있는 회사지만 쏘쏘  ...        1일 후
4  팀별로 매우 분위기가 달랐던 것으로 기억함 팀장에 따라 좌우되는 분위기  ...        7일 후

[5 rows x 8 columns]
[2024-01-14T23:35:40.968+0000] {jobinfo_jobplanet.py:636} INFO - 메이븐클라우드서비스 정보 없ㅇ,ㅡ
[2024-01-14T23:35:40.972+0000] {jobinfo_jobplanet.py:637} INFO - Failed to read CSV file from S3: No JVM shared library file (libjvm.so) found. Try setting up the JAVA_HOME environment variable properly.
[2024-01-14T23:35:56.969+0000] {jobinfo_jobplanet.py:523} INFO - 엠아이티dml wordcloud start
[2024-01-14T23:35:56.969+0000] {jobinfo_jobplanet.py:524} INFO -                          review_summary  ... result_date
0  직원에 대한 복지가 하나도 없다 그리고 각자 알아서 생활하면 된다  ...        3일 후
1              쿠팡 사이트는 절대로 가지 마십시오 헬입니다  ...     no data
2                  상당히 자유로운분위기이며 워라벨 좋음  ...        2일 후
3                  파견직 대우의 한계는 못벗어나는 기업  ...        0일 후
4  급여가 적으나 워라벨은 좋음(파견 나가는 회사마다 다를 수 있음)  ...        5일 후

[5 rows x 8 columns]
[2024-01-14T23:35:56.982+0000] {jobinfo_jobplanet.py:636} INFO - 엠아이티 정보 없ㅇ,ㅡ
[2024-01-14T23:35:56.982+0000] {jobinfo_jobplanet.py:637} INFO - Failed to read CSV file from S3: No JVM shared library file (libjvm.so) found. Try setting up the JAVA_HOME environment variable properly.
[2024-01-14T23:36:10.775+0000] {jobinfo_jobplanet.py:523} INFO - 엠아이티dml wordcloud start
[2024-01-14T23:36:10.777+0000] {jobinfo_jobplanet.py:524} INFO -                          review_summary  ... result_date
0  직원에 대한 복지가 하나도 없다 그리고 각자 알아서 생활하면 된다  ...        3일 후
1              쿠팡 사이트는 절대로 가지 마십시오 헬입니다  ...     no data
2                  상당히 자유로운분위기이며 워라벨 좋음  ...        2일 후
3                  파견직 대우의 한계는 못벗어나는 기업  ...        0일 후
4  급여가 적으나 워라벨은 좋음(파견 나가는 회사마다 다를 수 있음)  ...        5일 후

[5 rows x 8 columns]
[2024-01-14T23:36:10.801+0000] {jobinfo_jobplanet.py:636} INFO - 엠아이티 정보 없ㅇ,ㅡ
[2024-01-14T23:36:10.802+0000] {jobinfo_jobplanet.py:637} INFO - Failed to read CSV file from S3: No JVM shared library file (libjvm.so) found. Try setting up the JAVA_HOME environment variable properly.
[2024-01-14T23:36:24.123+0000] {jobinfo_jobplanet.py:523} INFO - 스윗코리아dml wordcloud start
[2024-01-14T23:36:24.124+0000] {jobinfo_jobplanet.py:524} INFO -                                     review_summary  ... result_date
0                       스타트업의강점은점점사라지고 임원진의 입김만 남아  ...        7일 후
1        다양한 기술스택을 접할 수 있고 새로운 프로젝트가 많이 생겨 경험쌓기 좋다  ...     no data
2               정치판에 업무 프로세스도 엉망 팀바팀 심함 몰상식한 동료 많음  ...     no data
3                  함께 일하는 사람들이 상식적이며, 분위기가 밝고 좋습니다  ...     no data
4  무난무난한 회사입니다 크게 모나지 않게 다닐 수 있습니다 너무 많이 바라지 않으면 됨  ...     no data

[5 rows x 8 columns]
[2024-01-14T23:36:24.150+0000] {jobinfo_jobplanet.py:636} INFO - 스윗코리아 정보 없ㅇ,ㅡ
[2024-01-14T23:36:24.150+0000] {jobinfo_jobplanet.py:637} INFO - Failed to read CSV file from S3: No JVM shared library file (libjvm.so) found. Try setting up the JAVA_HOME environment variable properly.
[2024-01-14T23:36:36.048+0000] {jobinfo_jobplanet.py:523} INFO - 스윗코리아dml wordcloud start
[2024-01-14T23:36:36.049+0000] {jobinfo_jobplanet.py:524} INFO -                                     review_summary  ... result_date
0                       스타트업의강점은점점사라지고 임원진의 입김만 남아  ...        7일 후
1        다양한 기술스택을 접할 수 있고 새로운 프로젝트가 많이 생겨 경험쌓기 좋다  ...     no data
2               정치판에 업무 프로세스도 엉망 팀바팀 심함 몰상식한 동료 많음  ...     no data
3                  함께 일하는 사람들이 상식적이며, 분위기가 밝고 좋습니다  ...     no data
4  무난무난한 회사입니다 크게 모나지 않게 다닐 수 있습니다 너무 많이 바라지 않으면 됨  ...     no data

[5 rows x 8 columns]
[2024-01-14T23:36:36.066+0000] {jobinfo_jobplanet.py:636} INFO - 스윗코리아 정보 없ㅇ,ㅡ
[2024-01-14T23:36:36.067+0000] {jobinfo_jobplanet.py:637} INFO - Failed to read CSV file from S3: No JVM shared library file (libjvm.so) found. Try setting up the JAVA_HOME environment variable properly.
[2024-01-14T23:36:50.118+0000] {jobinfo_jobplanet.py:523} INFO - 파킹클라우드dml wordcloud start
[2024-01-14T23:36:50.118+0000] {jobinfo_jobplanet.py:524} INFO -                             review_summary  ... result_date
0  젊고 자유로운 분위기, 시키지 않아도 척척 해내는 알잘딱깔센 인재 필요  ...     no data
1                       엄청 최악은 아니지만 좋지도 않은  ...     no data
2                     우당탕탕 성장하는 기업 사람들은 좋다  ...     no data
3                     그저 일 안해도 월급이 나오는 회사요  ...     no data
4                사내 복지좀 줄이지 말고 직원들좀 신경써주세요  ...     no data

[5 rows x 8 columns]
[2024-01-14T23:36:50.161+0000] {jobinfo_jobplanet.py:636} INFO - 파킹클라우드 정보 없ㅇ,ㅡ
[2024-01-14T23:36:50.161+0000] {jobinfo_jobplanet.py:637} INFO - Failed to read CSV file from S3: No JVM shared library file (libjvm.so) found. Try setting up the JAVA_HOME environment variable properly.
[2024-01-14T23:37:05.428+0000] {jobinfo_jobplanet.py:523} INFO - 월급쟁이부자들dml wordcloud start
[2024-01-14T23:37:05.429+0000] {jobinfo_jobplanet.py:524} INFO -                                       review_summary  ... result_date
0              상식선 이상으로 일을 많이 할 자세가 되어있다면 너무너무 좋은 회사  ...        7일 후
1                      워라밸이 개선되고 있다 월부에서는 부자가 될 수 있다  ...       28일 후
2                       성장에 진심, 넘사인 분들이 넘치는 팬덤 강한 회사  ...        3일 후
3  성장하는 이유를 입사하자마자 느낄 수 있다 여기 오려고 커리어를 쌓았다고 생각이 들...  ...     no data
4    내가 원하는 모든 것들을 이룰 수 있는 기업, 내부 직원들의 만족도가 매우 높은 기업  ...     no data

[5 rows x 8 columns]
[2024-01-14T23:37:05.453+0000] {jobinfo_jobplanet.py:636} INFO - 월급쟁이부자들 정보 없ㅇ,ㅡ
[2024-01-14T23:37:05.453+0000] {jobinfo_jobplanet.py:637} INFO - Failed to read CSV file from S3: No JVM shared library file (libjvm.so) found. Try setting up the JAVA_HOME environment variable properly.
[2024-01-14T23:37:19.733+0000] {jobinfo_jobplanet.py:523} INFO - 월급쟁이부자들dml wordcloud start
[2024-01-14T23:37:19.734+0000] {jobinfo_jobplanet.py:524} INFO -                                       review_summary  ... result_date
0              상식선 이상으로 일을 많이 할 자세가 되어있다면 너무너무 좋은 회사  ...        7일 후
1                      워라밸이 개선되고 있다 월부에서는 부자가 될 수 있다  ...       28일 후
2                       성장에 진심, 넘사인 분들이 넘치는 팬덤 강한 회사  ...        3일 후
3  성장하는 이유를 입사하자마자 느낄 수 있다 여기 오려고 커리어를 쌓았다고 생각이 들...  ...     no data
4    내가 원하는 모든 것들을 이룰 수 있는 기업, 내부 직원들의 만족도가 매우 높은 기업  ...     no data

[5 rows x 8 columns]
[2024-01-14T23:37:19.749+0000] {jobinfo_jobplanet.py:636} INFO - 월급쟁이부자들 정보 없ㅇ,ㅡ
[2024-01-14T23:37:19.749+0000] {jobinfo_jobplanet.py:637} INFO - Failed to read CSV file from S3: No JVM shared library file (libjvm.so) found. Try setting up the JAVA_HOME environment variable properly.
[2024-01-14T23:37:33.968+0000] {jobinfo_jobplanet.py:523} INFO - 로민dml wordcloud start
[2024-01-14T23:37:33.968+0000] {jobinfo_jobplanet.py:524} INFO -                                       review_summary  ... result_date
0  직원들을 존중해주려고 노력하시는 회사입니다 22년 초까지의 기준이지만 지금도 비슷하...  ...     no data
1                업무강도는 강하지만 사람좋고 복지좋은 회사 지하철역에서도 가까움  ...        2일 후
2                              성장통을 겪고 있는 전형적인 스타트업?  ...        1일 후
3                             전반적으로 업무 환경이 나쁘지 않았습니다  ...     no data
4  ML팀 기준, 몸과 마음이 많이 힘든 회사 정말 많은 야근 팀 인원 수가 6명에서 ...  ...     no data

[5 rows x 8 columns]
[2024-01-14T23:37:33.978+0000] {jobinfo_jobplanet.py:636} INFO - 로민 정보 없ㅇ,ㅡ
[2024-01-14T23:37:33.978+0000] {jobinfo_jobplanet.py:637} INFO - Failed to read CSV file from S3: No JVM shared library file (libjvm.so) found. Try setting up the JAVA_HOME environment variable properly.
[2024-01-14T23:37:46.889+0000] {jobinfo_jobplanet.py:523} INFO - 블랙탠저린dml wordcloud start
[2024-01-14T23:37:46.889+0000] {jobinfo_jobplanet.py:524} INFO -                                   review_summary  ... result_date
0                    업무 능력을 확장시키기에 성장하기 좋은 환경입니다  ...        3일 후
1                   스타트업이 뭔지, 빠른 성장이 뭔지 알 수 있는 곳  ...     no data
2  여러가지 업무를 경험할 수 있습니다 그게 장점일지 단점일지는 본인의 판단에 따라…  ...     no data
3             빠르게 성장하는 스타트업, 패션 이커머스 앱을 혁신할 수 있음  ...     no data

[4 rows x 8 columns]
[2024-01-14T23:37:46.907+0000] {jobinfo_jobplanet.py:636} INFO - 블랙탠저린 정보 없ㅇ,ㅡ
[2024-01-14T23:37:46.907+0000] {jobinfo_jobplanet.py:637} INFO - Failed to read CSV file from S3: No JVM shared library file (libjvm.so) found. Try setting up the JAVA_HOME environment variable properly.
[2024-01-14T23:37:59.985+0000] {jobinfo_jobplanet.py:523} INFO - 파인더스dml wordcloud start
[2024-01-14T23:37:59.986+0000] {jobinfo_jobplanet.py:524} INFO -   review_summary    merit  ...      hire_way result_date
0        no data  no data  ...          개인면접       20일 후
1        no data  no data  ...    토론면접, 개인면접        5일 후
2        no data  no data  ...  케이스 면접, 개인면접        3일 후
3        no data  no data  ...       no data     no data
4        no data  no data  ...       no data     no data

[5 rows x 8 columns]
[2024-01-14T23:37:59.994+0000] {jobinfo_jobplanet.py:636} INFO - 파인더스 정보 없ㅇ,ㅡ
[2024-01-14T23:37:59.994+0000] {jobinfo_jobplanet.py:637} INFO - Failed to read CSV file from S3: No JVM shared library file (libjvm.so) found. Try setting up the JAVA_HOME environment variable properly.
[2024-01-14T23:38:10.962+0000] {jobinfo_jobplanet.py:636} INFO - 론픽 정보 없ㅇ,ㅡ
[2024-01-14T23:38:10.962+0000] {jobinfo_jobplanet.py:637} INFO - Failed to read CSV file from S3: An error occurred (NoSuchKey) when calling the GetObject operation: The specified key does not exist.
[2024-01-14T23:38:24.592+0000] {jobinfo_jobplanet.py:513} INFO - 론픽 salary information not find
[2024-01-14T23:38:24.751+0000] {jobinfo_jobplanet.py:523} INFO - 비포플레이dml wordcloud start
[2024-01-14T23:38:24.755+0000] {jobinfo_jobplanet.py:524} INFO -                                       review_summary  ... result_date
0      SI업체에 가깝습니다 의심병 걸려서 마이크로 매니징 대표가 팀원들을 힘들게 합니다  ...     no data
1                     하루하루 내일이 걱정되는 회사입니다 1점도 아까운 기업  ...     no data
2                              여러가지 일을 할 수 있는 곳입니다!!  ...     no data
3               자유로운 환경에서 자기가 원하는 기술 스택으로 개발해 볼 수 있음  ...     no data
4  직원을 정말 소모품만도 못하게 다루는 기업 정말 갈곳이 없는게 아니라면 다시 생각해...  ...     no data

[5 rows x 8 columns]
[2024-01-14T23:38:24.776+0000] {jobinfo_jobplanet.py:636} INFO - 비포플레이 정보 없ㅇ,ㅡ
[2024-01-14T23:38:24.777+0000] {jobinfo_jobplanet.py:637} INFO - Failed to read CSV file from S3: No JVM shared library file (libjvm.so) found. Try setting up the JAVA_HOME environment variable properly.
[2024-01-14T23:38:37.960+0000] {jobinfo_jobplanet.py:523} INFO - 롯데헬스케어dml wordcloud start
[2024-01-14T23:38:37.961+0000] {jobinfo_jobplanet.py:524} INFO -                          review_summary  ... result_date
0  대기업과 스타트업 장단점이 혼재되어있다 장점도 2배, 단점도 2배  ...        3일 후
1                               no data  ...     no data
2                               no data  ...     no data
3                               no data  ...     no data
4                               no data  ...     no data

[5 rows x 8 columns]
[2024-01-14T23:38:37.972+0000] {jobinfo_jobplanet.py:636} INFO - 롯데헬스케어 정보 없ㅇ,ㅡ
[2024-01-14T23:38:37.972+0000] {jobinfo_jobplanet.py:637} INFO - Failed to read CSV file from S3: No JVM shared library file (libjvm.so) found. Try setting up the JAVA_HOME environment variable properly.
[2024-01-14T23:38:51.874+0000] {jobinfo_jobplanet.py:513} INFO - 롯데헬스케어 salary information not find
[2024-01-14T23:38:51.992+0000] {jobinfo_jobplanet.py:523} INFO - 롯데헬스케어dml wordcloud start
[2024-01-14T23:38:51.992+0000] {jobinfo_jobplanet.py:524} INFO -                          review_summary  ... result_date
0  대기업과 스타트업 장단점이 혼재되어있다 장점도 2배, 단점도 2배  ...        3일 후
1                               no data  ...     no data
2                               no data  ...     no data
3                               no data  ...     no data
4                               no data  ...     no data

[5 rows x 8 columns]
[2024-01-14T23:38:52.002+0000] {jobinfo_jobplanet.py:636} INFO - 롯데헬스케어 정보 없ㅇ,ㅡ
[2024-01-14T23:38:52.003+0000] {jobinfo_jobplanet.py:637} INFO - Failed to read CSV file from S3: No JVM shared library file (libjvm.so) found. Try setting up the JAVA_HOME environment variable properly.
[2024-01-14T23:39:07.609+0000] {jobinfo_jobplanet.py:513} INFO - 롯데헬스케어 salary information not find
[2024-01-14T23:39:07.706+0000] {jobinfo_jobplanet.py:636} INFO - 올라운드닥터스 정보 없ㅇ,ㅡ
[2024-01-14T23:39:07.706+0000] {jobinfo_jobplanet.py:637} INFO - Failed to read CSV file from S3: An error occurred (NoSuchKey) when calling the GetObject operation: The specified key does not exist.
[2024-01-14T23:39:22.707+0000] {jobinfo_jobplanet.py:513} INFO - 올라운드닥터스 salary information not find
[2024-01-14T23:39:23.130+0000] {jobinfo_jobplanet.py:523} INFO - 와디즈dml wordcloud start
[2024-01-14T23:39:23.136+0000] {jobinfo_jobplanet.py:524} INFO -   review_summary    merit  ...      hire_way result_date
0        no data  no data  ...          개인면접       14일 후
1        no data  no data  ...  인/적성검사, 개인면접       10일 후
2        no data  no data  ...  인/적성검사, 개인면접        3일 후
3        no data  no data  ...          개인면접     no data
4        no data  no data  ...       no data     no data

[5 rows x 8 columns]
[2024-01-14T23:39:23.194+0000] {jobinfo_jobplanet.py:636} INFO - 와디즈 정보 없ㅇ,ㅡ
[2024-01-14T23:39:23.194+0000] {jobinfo_jobplanet.py:637} INFO - Failed to read CSV file from S3: No JVM shared library file (libjvm.so) found. Try setting up the JAVA_HOME environment variable properly.
[2024-01-14T23:39:38.676+0000] {jobinfo_jobplanet.py:513} INFO - 와디즈 salary information not find
[2024-01-14T23:39:38.776+0000] {jobinfo_jobplanet.py:523} INFO - 크리에이트립dml wordcloud start
[2024-01-14T23:39:38.776+0000] {jobinfo_jobplanet.py:524} INFO -                review_summary  ... result_date
0        일한만큼 돈 주는 회사 밥먹기 불편함  ...     no data
1  대기업에서 운영하는 브랜드로 시스템이 체계적이다  ...     no data
2         근무환경이나 직원들 분위기는 좋아여  ...     no data
3    흔한 프렌차이즈 매장 그 자체라고 생각합니다  ...     no data
4       서비스직으로 일할 만한 기업으로 괜찮다  ...     no data

[5 rows x 8 columns]
[2024-01-14T23:39:38.784+0000] {jobinfo_jobplanet.py:636} INFO - 크리에이트립 정보 없ㅇ,ㅡ
[2024-01-14T23:39:38.784+0000] {jobinfo_jobplanet.py:637} INFO - Failed to read CSV file from S3: No JVM shared library file (libjvm.so) found. Try setting up the JAVA_HOME environment variable properly.
[2024-01-14T23:39:54.313+0000] {jobinfo_jobplanet.py:513} INFO - 크리에이트립 salary information not find
[2024-01-14T23:39:54.424+0000] {jobinfo_jobplanet.py:523} INFO - 데브툴즈dml wordcloud start
[2024-01-14T23:39:54.424+0000] {jobinfo_jobplanet.py:524} INFO -                                       review_summary  ... result_date
0                     약간 공장같은 분위기에 여길 다녀도 될까 의아한 환경?  ...        2일 후
1  대표가 직원들을 전혀 존중해 주지 않는 회사, 그것으로 인해 직원들이 못 버티고 계...  ...        0일 후
2                               다양한 개발환경을 경험할 수 있는 곳  ...     no data
3                               대우받으며 보람차게 일할 수 있는 곳  ...     no data
4  개발자 중심의 회사이기에 개인별 업무에 독립성이 강한반면, 모두 관계가 좋고 서로를...  ...     no data

[5 rows x 8 columns]
[2024-01-14T23:39:54.433+0000] {jobinfo_jobplanet.py:636} INFO - 데브툴즈 정보 없ㅇ,ㅡ
[2024-01-14T23:39:54.433+0000] {jobinfo_jobplanet.py:637} INFO - Failed to read CSV file from S3: No JVM shared library file (libjvm.so) found. Try setting up the JAVA_HOME environment variable properly.
[2024-01-14T23:40:08.512+0000] {jobinfo_jobplanet.py:513} INFO - 데브툴즈 salary information not find
[2024-01-14T23:40:08.612+0000] {jobinfo_jobplanet.py:523} INFO - 티니어dml wordcloud start
[2024-01-14T23:40:08.612+0000] {jobinfo_jobplanet.py:524} INFO -                            review_summary  ... result_date
0  누구에게나 평등하게 발언권이 주어지고, 합리적인 의견을 수용하는 기업  ...        1일 후
1             워라벨이 좋고 업무 강도가 높지 않고 문화가 좋다  ...        0일 후
2  인턴으로 있었지만 스타트업의 좋은 점을 깨달을 수 있었던 회사였습니다  ...     no data
3                    합리적고 긍정적인 사람들이 모인 조직  ...     no data
4       다양한 경험을 쌓으며 수평적인 문화 속에서 클 수 있는 환경  ...     no data

[5 rows x 8 columns]
[2024-01-14T23:40:08.620+0000] {jobinfo_jobplanet.py:636} INFO - 티니어 정보 없ㅇ,ㅡ
[2024-01-14T23:40:08.620+0000] {jobinfo_jobplanet.py:637} INFO - Failed to read CSV file from S3: No JVM shared library file (libjvm.so) found. Try setting up the JAVA_HOME environment variable properly.
[2024-01-14T23:40:23.916+0000] {jobinfo_jobplanet.py:513} INFO - 티니어 salary information not find
[2024-01-14T23:40:24.038+0000] {jobinfo_jobplanet.py:523} INFO - 키다리스튜디오dml wordcloud start
[2024-01-14T23:40:24.039+0000] {jobinfo_jobplanet.py:524} INFO -   review_summary    merit  ...            hire_way result_date
0        no data  no data  ...  인/적성검사, PT면접, 개인면접       14일 후
1        no data  no data  ...        인/적성검사, 개인면접       14일 후
2        no data  no data  ...        인/적성검사, 개인면접       30일 후
3        no data  no data  ...    인/적성검사, 개인면접, 기타        1일 후
4        no data  no data  ...                5일 후     no data

[5 rows x 8 columns]
[2024-01-14T23:40:24.053+0000] {jobinfo_jobplanet.py:636} INFO - 키다리스튜디오 정보 없ㅇ,ㅡ
[2024-01-14T23:40:24.053+0000] {jobinfo_jobplanet.py:637} INFO - Failed to read CSV file from S3: No JVM shared library file (libjvm.so) found. Try setting up the JAVA_HOME environment variable properly.
[2024-01-14T23:40:39.132+0000] {jobinfo_jobplanet.py:513} INFO - 키다리스튜디오 salary information not find
[2024-01-14T23:40:39.249+0000] {jobinfo_jobplanet.py:523} INFO - 마크클라우드dml wordcloud start
[2024-01-14T23:40:39.250+0000] {jobinfo_jobplanet.py:524} INFO -                                       review_summary  ... result_date
0                              많은 것을 경험해볼 수 있는 회사입니다  ...     no data
1                              많은 것을 경험해볼 수 있는 회사입니다  ...        2일 후
2  사람과 사람으로 만나면 좋은 사람들 / 직장에서 동료로 만나면 힘든 사람들 / 체계...  ...     no data
3                신입이 경력을 쌓기에는 좋다 근데 더 좋은 곳으로 갔으면 좋겠다  ...     no data
4                              체계는 없지만 처음 시작하기 좋은 회사  ...     no data

[5 rows x 8 columns]
[2024-01-14T23:40:39.259+0000] {jobinfo_jobplanet.py:636} INFO - 마크클라우드 정보 없ㅇ,ㅡ
[2024-01-14T23:40:39.260+0000] {jobinfo_jobplanet.py:637} INFO - Failed to read CSV file from S3: No JVM shared library file (libjvm.so) found. Try setting up the JAVA_HOME environment variable properly.
[2024-01-14T23:40:54.160+0000] {jobinfo_jobplanet.py:513} INFO - 마크클라우드 salary information not find
[2024-01-14T23:40:54.311+0000] {python.py:177} INFO - Done. Returned value was: None
[2024-01-14T23:40:54.319+0000] {taskinstance.py:1323} INFO - Marking task as SUCCESS. dag_id=jobinfo_jobplanet, task_id=jobplanet_login, execution_date=20240114T233441, start_date=20240114T233447, end_date=20240114T234054
[2024-01-14T23:40:54.374+0000] {local_task_job.py:208} INFO - Task exited with return code 0
[2024-01-14T23:40:54.393+0000] {taskinstance.py:2578} INFO - 1 downstream tasks scheduled from follow-on schedule check
