[2024-01-14T08:17:04.654+0000] {taskinstance.py:1083} INFO - Dependencies all met for <TaskInstance: jobinfo_jobplanet.create_summary_s3_to_rds manual__2024-01-14T08:16:47.586463+00:00 [queued]>
[2024-01-14T08:17:04.663+0000] {taskinstance.py:1083} INFO - Dependencies all met for <TaskInstance: jobinfo_jobplanet.create_summary_s3_to_rds manual__2024-01-14T08:16:47.586463+00:00 [queued]>
[2024-01-14T08:17:04.663+0000] {taskinstance.py:1279} INFO - 
--------------------------------------------------------------------------------
[2024-01-14T08:17:04.663+0000] {taskinstance.py:1280} INFO - Starting attempt 1 of 1
[2024-01-14T08:17:04.663+0000] {taskinstance.py:1281} INFO - 
--------------------------------------------------------------------------------
[2024-01-14T08:17:04.679+0000] {taskinstance.py:1300} INFO - Executing <Task(PythonOperator): create_summary_s3_to_rds> on 2024-01-14 08:16:47.586463+00:00
[2024-01-14T08:17:04.686+0000] {standard_task_runner.py:55} INFO - Started process 12075 to run task
[2024-01-14T08:17:04.690+0000] {standard_task_runner.py:82} INFO - Running: ['***', 'tasks', 'run', 'jobinfo_jobplanet', 'create_summary_s3_to_rds', 'manual__2024-01-14T08:16:47.586463+00:00', '--job-id', '417', '--raw', '--subdir', 'DAGS_FOLDER/jobinfo_jobplanet.py', '--cfg-path', '/tmp/tmp7ajv9sqa']
[2024-01-14T08:17:04.690+0000] {standard_task_runner.py:83} INFO - Job 417: Subtask create_summary_s3_to_rds
[2024-01-14T08:17:04.894+0000] {task_command.py:388} INFO - Running <TaskInstance: jobinfo_jobplanet.create_summary_s3_to_rds manual__2024-01-14T08:16:47.586463+00:00 [running]> on host 7b77d04f99d6
[2024-01-14T08:17:04.977+0000] {taskinstance.py:1509} INFO - Exporting the following env vars:
AIRFLOW_CTX_DAG_OWNER=***
AIRFLOW_CTX_DAG_ID=jobinfo_jobplanet
AIRFLOW_CTX_TASK_ID=create_summary_s3_to_rds
AIRFLOW_CTX_EXECUTION_DATE=2024-01-14T08:16:47.586463+00:00
AIRFLOW_CTX_TRY_NUMBER=1
AIRFLOW_CTX_DAG_RUN_ID=manual__2024-01-14T08:16:47.586463+00:00
[2024-01-14T08:17:09.507+0000] {jobinfo_jobplanet.py:79} INFO - 11111111111111111
[2024-01-14T08:17:09.560+0000] {jobinfo_jobplanet.py:87} INFO - 2222222222222222222222222
[2024-01-14T08:17:09.691+0000] {jobinfo_jobplanet.py:93} INFO - driver.page_source
[2024-01-14T08:17:10.112+0000] {jobinfo_jobplanet.py:95} INFO - driver.page_source
[2024-01-14T08:17:10.117+0000] {jobinfo_jobplanet.py:97} INFO - 33333333333333333
[2024-01-14T08:17:10.132+0000] {jobinfo_jobplanet.py:100} INFO - driver
[2024-01-14T08:17:10.434+0000] {jobinfo_jobplanet.py:102} INFO - driver
[2024-01-14T08:17:10.459+0000] {jobinfo_jobplanet.py:107} INFO - driver
[2024-01-14T08:17:10.880+0000] {jobinfo_jobplanet.py:109} INFO - driver
[2024-01-14T08:17:10.904+0000] {jobinfo_jobplanet.py:111} INFO - 4444444444444
[2024-01-14T08:17:11.061+0000] {logging_mixin.py:137} INFO - Companies list is empty. Exiting the function.
[2024-01-14T08:17:11.061+0000] {python.py:177} INFO - Done. Returned value was: None
[2024-01-14T08:17:11.072+0000] {taskinstance.py:1323} INFO - Marking task as SUCCESS. dag_id=jobinfo_jobplanet, task_id=create_summary_s3_to_rds, execution_date=20240114T081647, start_date=20240114T081704, end_date=20240114T081711
[2024-01-14T08:17:11.115+0000] {local_task_job.py:208} INFO - Task exited with return code 0
[2024-01-14T08:17:11.290+0000] {taskinstance.py:2578} INFO - 0 downstream tasks scheduled from follow-on schedule check
