[2024-01-17T08:26:31.551+0000] {taskinstance.py:1083} INFO - Dependencies all met for <TaskInstance: jobinfo_jobplanet.read_s3_file manual__2024-01-17T08:26:26.917406+00:00 [queued]>
[2024-01-17T08:26:31.583+0000] {taskinstance.py:1083} INFO - Dependencies all met for <TaskInstance: jobinfo_jobplanet.read_s3_file manual__2024-01-17T08:26:26.917406+00:00 [queued]>
[2024-01-17T08:26:31.584+0000] {taskinstance.py:1279} INFO - 
--------------------------------------------------------------------------------
[2024-01-17T08:26:31.584+0000] {taskinstance.py:1280} INFO - Starting attempt 1 of 1
[2024-01-17T08:26:31.584+0000] {taskinstance.py:1281} INFO - 
--------------------------------------------------------------------------------
[2024-01-17T08:26:31.639+0000] {taskinstance.py:1300} INFO - Executing <Task(PythonOperator): read_s3_file> on 2024-01-17 08:26:26.917406+00:00
[2024-01-17T08:26:31.687+0000] {standard_task_runner.py:55} INFO - Started process 2871 to run task
[2024-01-17T08:26:31.688+0000] {standard_task_runner.py:82} INFO - Running: ['***', 'tasks', 'run', 'jobinfo_jobplanet', 'read_s3_file', 'manual__2024-01-17T08:26:26.917406+00:00', '--job-id', '4714', '--raw', '--subdir', 'DAGS_FOLDER/jobinfo_jobplanet.py', '--cfg-path', '/tmp/tmpkfr3520n']
[2024-01-17T08:26:31.689+0000] {standard_task_runner.py:83} INFO - Job 4714: Subtask read_s3_file
[2024-01-17T08:26:31.902+0000] {task_command.py:388} INFO - Running <TaskInstance: jobinfo_jobplanet.read_s3_file manual__2024-01-17T08:26:26.917406+00:00 [running]> on host 565f6bcc10b6
[2024-01-17T08:26:32.109+0000] {taskinstance.py:1509} INFO - Exporting the following env vars:
AIRFLOW_CTX_DAG_OWNER=***
AIRFLOW_CTX_DAG_ID=jobinfo_jobplanet
AIRFLOW_CTX_TASK_ID=read_s3_file
AIRFLOW_CTX_EXECUTION_DATE=2024-01-17T08:26:26.917406+00:00
AIRFLOW_CTX_TRY_NUMBER=1
AIRFLOW_CTX_DAG_RUN_ID=manual__2024-01-17T08:26:26.917406+00:00
[2024-01-17T08:26:32.235+0000] {jobinfo_jobplanet.py:703} INFO - none
[2024-01-17T08:26:32.298+0000] {python.py:177} INFO - Done. Returned value was: ['path/in/s3/bucket/jobinfo_jumpit.csv', 'path/in/s3/bucket/summary.csv']
[2024-01-17T08:26:32.324+0000] {taskinstance.py:1323} INFO - Marking task as SUCCESS. dag_id=jobinfo_jobplanet, task_id=read_s3_file, execution_date=20240117T082626, start_date=20240117T082631, end_date=20240117T082632
[2024-01-17T08:26:32.369+0000] {local_task_job.py:208} INFO - Task exited with return code 0
[2024-01-17T08:26:32.398+0000] {taskinstance.py:2578} INFO - 1 downstream tasks scheduled from follow-on schedule check
