[2024-01-16T06:45:40.862+0000] {taskinstance.py:1083} INFO - Dependencies all met for <TaskInstance: jobinfo_slack.send_slack_postAndReview manual__2024-01-16T06:42:30.653220+00:00 [queued]>
[2024-01-16T06:45:40.871+0000] {taskinstance.py:1083} INFO - Dependencies all met for <TaskInstance: jobinfo_slack.send_slack_postAndReview manual__2024-01-16T06:42:30.653220+00:00 [queued]>
[2024-01-16T06:45:40.872+0000] {taskinstance.py:1279} INFO - 
--------------------------------------------------------------------------------
[2024-01-16T06:45:40.872+0000] {taskinstance.py:1280} INFO - Starting attempt 1 of 2
[2024-01-16T06:45:40.872+0000] {taskinstance.py:1281} INFO - 
--------------------------------------------------------------------------------
[2024-01-16T06:45:40.889+0000] {taskinstance.py:1300} INFO - Executing <Task(SlackWebhookOperator): send_slack_postAndReview> on 2024-01-16 06:42:30.653220+00:00
[2024-01-16T06:45:40.894+0000] {standard_task_runner.py:55} INFO - Started process 64634 to run task
[2024-01-16T06:45:40.896+0000] {standard_task_runner.py:82} INFO - Running: ['***', 'tasks', 'run', 'jobinfo_slack', 'send_slack_postAndReview', 'manual__2024-01-16T06:42:30.653220+00:00', '--job-id', '751', '--raw', '--subdir', 'DAGS_FOLDER/jobinfo_slack.py', '--cfg-path', '/tmp/tmpr0gund6z']
[2024-01-16T06:45:40.897+0000] {standard_task_runner.py:83} INFO - Job 751: Subtask send_slack_postAndReview
[2024-01-16T06:45:40.957+0000] {task_command.py:388} INFO - Running <TaskInstance: jobinfo_slack.send_slack_postAndReview manual__2024-01-16T06:42:30.653220+00:00 [running]> on host 565f6bcc10b6
[2024-01-16T06:45:41.052+0000] {taskinstance.py:1509} INFO - Exporting the following env vars:
AIRFLOW_CTX_DAG_OWNER=***
AIRFLOW_CTX_DAG_ID=jobinfo_slack
AIRFLOW_CTX_TASK_ID=send_slack_postAndReview
AIRFLOW_CTX_EXECUTION_DATE=2024-01-16T06:42:30.653220+00:00
AIRFLOW_CTX_TRY_NUMBER=1
AIRFLOW_CTX_DAG_RUN_ID=manual__2024-01-16T06:42:30.653220+00:00
[2024-01-16T06:45:41.053+0000] {warnings.py:110} WARNING - /home/***/.local/lib/python3.7/site-packages/***/providers/slack/operators/slack_webhook.py:173: UserWarning: Found unexpected keyword-argument(s) 'link_names' in `send` method. This argument(s) have no effect.
  link_names=self.link_names,

[2024-01-16T06:45:41.061+0000] {base.py:73} INFO - Using connection ID 'slack_conn' for task execution.
[2024-01-16T06:45:41.062+0000] {warnings.py:110} WARNING - /home/***/.local/lib/python3.7/site-packages/***/providers/slack/hooks/slack_webhook.py:226: DeprecationWarning: Found Slack Webhook Token URL in Connection 'slack_conn' `host` and `password` field is empty. This behaviour deprecated and could expose you token in the UI and will be removed in a future releases.
  return WebhookClient(**self._get_conn_params())

[2024-01-16T06:45:41.483+0000] {taskinstance.py:1323} INFO - Marking task as SUCCESS. dag_id=jobinfo_slack, task_id=send_slack_postAndReview, execution_date=20240116T064230, start_date=20240116T064540, end_date=20240116T064541
[2024-01-16T06:45:41.513+0000] {local_task_job.py:208} INFO - Task exited with return code 0
[2024-01-16T06:45:41.538+0000] {taskinstance.py:2578} INFO - 1 downstream tasks scheduled from follow-on schedule check
