[2024-01-06T09:00:12.536+0000] {taskinstance.py:1083} INFO - Dependencies all met for <TaskInstance: dag_v1.ls scheduled__2024-01-05T09:00:00+00:00 [queued]>
[2024-01-06T09:00:12.608+0000] {taskinstance.py:1083} INFO - Dependencies all met for <TaskInstance: dag_v1.ls scheduled__2024-01-05T09:00:00+00:00 [queued]>
[2024-01-06T09:00:12.608+0000] {taskinstance.py:1279} INFO - 
--------------------------------------------------------------------------------
[2024-01-06T09:00:12.608+0000] {taskinstance.py:1280} INFO - Starting attempt 1 of 2
[2024-01-06T09:00:12.608+0000] {taskinstance.py:1281} INFO - 
--------------------------------------------------------------------------------
[2024-01-06T09:00:12.718+0000] {taskinstance.py:1300} INFO - Executing <Task(BashOperator): ls> on 2024-01-05 09:00:00+00:00
[2024-01-06T09:00:12.741+0000] {standard_task_runner.py:82} INFO - Running: ['***', 'tasks', 'run', 'dag_v1', 'ls', 'scheduled__2024-01-05T09:00:00+00:00', '--job-id', '414', '--raw', '--subdir', 'DAGS_FOLDER/TestDAG.py', '--cfg-path', '/tmp/tmpcc8ba7wa']
[2024-01-06T09:00:12.741+0000] {standard_task_runner.py:83} INFO - Job 414: Subtask ls
[2024-01-06T09:00:12.767+0000] {standard_task_runner.py:55} INFO - Started process 683 to run task
[2024-01-06T09:00:13.190+0000] {task_command.py:388} INFO - Running <TaskInstance: dag_v1.ls scheduled__2024-01-05T09:00:00+00:00 [running]> on host 94a41844be4a
[2024-01-06T09:00:13.798+0000] {taskinstance.py:1509} INFO - Exporting the following env vars:
AIRFLOW_CTX_DAG_EMAIL=keeyonghan@hotmail.com
AIRFLOW_CTX_DAG_OWNER=keeyong
AIRFLOW_CTX_DAG_ID=dag_v1
AIRFLOW_CTX_TASK_ID=ls
AIRFLOW_CTX_EXECUTION_DATE=2024-01-05T09:00:00+00:00
AIRFLOW_CTX_TRY_NUMBER=1
AIRFLOW_CTX_DAG_RUN_ID=scheduled__2024-01-05T09:00:00+00:00
[2024-01-06T09:00:13.799+0000] {subprocess.py:63} INFO - Tmp dir root location: 
 /tmp
[2024-01-06T09:00:13.810+0000] {subprocess.py:75} INFO - Running command: ['/bin/bash', '-c', 'ls /tmp']
[2024-01-06T09:00:13.874+0000] {subprocess.py:86} INFO - Output:
[2024-01-06T09:00:13.915+0000] {subprocess.py:93} INFO - ***tmpk3tyjo11
[2024-01-06T09:00:13.920+0000] {subprocess.py:93} INFO - pymp-5j_z_oy3
[2024-01-06T09:00:13.920+0000] {subprocess.py:93} INFO - pymp-_xvu95m9
[2024-01-06T09:00:13.920+0000] {subprocess.py:93} INFO - pymp-xref_wfh
[2024-01-06T09:00:13.920+0000] {subprocess.py:93} INFO - tmp28dlnu96
[2024-01-06T09:00:13.920+0000] {subprocess.py:93} INFO - tmpa1dfb2iq
[2024-01-06T09:00:13.920+0000] {subprocess.py:93} INFO - tmpp0m37ffz
[2024-01-06T09:00:13.921+0000] {subprocess.py:97} INFO - Command exited with return code 0
[2024-01-06T09:00:14.042+0000] {taskinstance.py:1323} INFO - Marking task as SUCCESS. dag_id=dag_v1, task_id=ls, execution_date=20240105T090000, start_date=20240106T090012, end_date=20240106T090014
[2024-01-06T09:00:14.093+0000] {local_task_job.py:208} INFO - Task exited with return code 0
[2024-01-06T09:00:14.130+0000] {taskinstance.py:2578} INFO - 0 downstream tasks scheduled from follow-on schedule check
