[2024-01-14T14:02:12.411+0000] {taskinstance.py:1083} INFO - Dependencies all met for <TaskInstance: jobinfo_jobplanet.jobplanet_login manual__2024-01-14T14:02:05.769731+00:00 [queued]>
[2024-01-14T14:02:12.420+0000] {taskinstance.py:1083} INFO - Dependencies all met for <TaskInstance: jobinfo_jobplanet.jobplanet_login manual__2024-01-14T14:02:05.769731+00:00 [queued]>
[2024-01-14T14:02:12.421+0000] {taskinstance.py:1279} INFO - 
--------------------------------------------------------------------------------
[2024-01-14T14:02:12.421+0000] {taskinstance.py:1280} INFO - Starting attempt 1 of 1
[2024-01-14T14:02:12.421+0000] {taskinstance.py:1281} INFO - 
--------------------------------------------------------------------------------
[2024-01-14T14:02:12.438+0000] {taskinstance.py:1300} INFO - Executing <Task(PythonOperator): jobplanet_login> on 2024-01-14 14:02:05.769731+00:00
[2024-01-14T14:02:12.446+0000] {standard_task_runner.py:55} INFO - Started process 1871 to run task
[2024-01-14T14:02:12.450+0000] {standard_task_runner.py:82} INFO - Running: ['***', 'tasks', 'run', 'jobinfo_jobplanet', 'jobplanet_login', 'manual__2024-01-14T14:02:05.769731+00:00', '--job-id', '507', '--raw', '--subdir', 'DAGS_FOLDER/jobinfo_jobplanet.py', '--cfg-path', '/tmp/tmpzrygus_d']
[2024-01-14T14:02:12.450+0000] {standard_task_runner.py:83} INFO - Job 507: Subtask jobplanet_login
[2024-01-14T14:02:12.507+0000] {task_command.py:388} INFO - Running <TaskInstance: jobinfo_jobplanet.jobplanet_login manual__2024-01-14T14:02:05.769731+00:00 [running]> on host 565f6bcc10b6
[2024-01-14T14:02:12.606+0000] {taskinstance.py:1509} INFO - Exporting the following env vars:
AIRFLOW_CTX_DAG_OWNER=***
AIRFLOW_CTX_DAG_ID=jobinfo_jobplanet
AIRFLOW_CTX_TASK_ID=jobplanet_login
AIRFLOW_CTX_EXECUTION_DATE=2024-01-14T14:02:05.769731+00:00
AIRFLOW_CTX_TRY_NUMBER=1
AIRFLOW_CTX_DAG_RUN_ID=manual__2024-01-14T14:02:05.769731+00:00
[2024-01-14T14:02:13.312+0000] {jobinfo_jobplanet.py:76} INFO - *********************************
[2024-01-14T14:02:13.350+0000] {jobinfo_jobplanet.py:82} INFO - 12212121313442342354534634534534534534523423443423
[2024-01-14T14:02:13.353+0000] {jobinfo_jobplanet.py:83} INFO - <selenium.webdriver.remote.webdriver.WebDriver (session="b9e28f69895d1c8f194d1a7b319aaa5c")>
[2024-01-14T14:02:17.471+0000] {jobinfo_jobplanet.py:86} INFO - 890u8987978078978978079078097807897809789789789789789797
[2024-01-14T14:02:17.867+0000] {jobinfo_jobplanet.py:89} INFO - ^^^^^^^^^^^^^^^^^^^^^^^^^^^^^^^^^^^^^^^^^^^^^^^^^^^^^^^^^^^^^^^^^^^^^^^^^^^^^^^^^^^^^^
[2024-01-14T14:02:18.639+0000] {jobinfo_jobplanet.py:100} INFO - 3333333333333333333333333
[2024-01-14T14:02:18.683+0000] {jobinfo_jobplanet.py:106} INFO - 4444444444444444444444444444
[2024-01-14T14:02:18.688+0000] {jobinfo_jobplanet.py:108} INFO - ['오케스트로', '오케스트로', '제니스앤컴퍼니', '제니스앤컴퍼니', '제니스앤컴퍼니', '메이븐클라우드서비스', '엠아이티', '엠아이티', '스윗코리아', '스윗코리아', '파킹클라우드', '오케스트로', '오케스트로', '오케스트로', '오케스트로', '오케스트로', '월급쟁이부자들', '월급쟁이부자들', '로민', '블랙탠저린', '파인더스', '론픽', '비포플레이', '롯데헬스케어', '롯데헬스케어', '올라운드닥터스', '와디즈', '크리에이트립', '데브툴즈', '티니어', '키다리스튜디오', '마크클라우드']
[2024-01-14T14:02:18.689+0000] {jobinfo_jobplanet.py:109} INFO - ['path/in/s3/bucket/jobinfo_jumpit.csv', 'path/in/s3/bucket/jobinfo_jumpit_v2.csv', 'path/in/s3/bucket/review_information_데브툴즈.csv', 'path/in/s3/bucket/review_information_로민.csv', 'path/in/s3/bucket/review_information_롯데헬스케어.csv', 'path/in/s3/bucket/review_information_마크클라우드.csv', 'path/in/s3/bucket/review_information_메이븐클라우드서비스.csv', 'path/in/s3/bucket/review_information_블랙탠저린.csv', 'path/in/s3/bucket/review_information_비포플레이.csv', 'path/in/s3/bucket/review_information_스윗코리아.csv', 'path/in/s3/bucket/review_information_엠아이티.csv', 'path/in/s3/bucket/review_information_오케스트로.csv', 'path/in/s3/bucket/review_information_월급쟁이부자들.csv', 'path/in/s3/bucket/review_information_제니스앤컴퍼니.csv', 'path/in/s3/bucket/review_information_키다리스튜디오.csv', 'path/in/s3/bucket/review_information_티니어.csv', 'path/in/s3/bucket/review_information_파인더스.csv', 'path/in/s3/bucket/review_information_파킹클라우드.csv', 'path/in/s3/bucket/summary.csv']
[2024-01-14T14:02:18.689+0000] {jobinfo_jobplanet.py:110} INFO - 시작
[2024-01-14T14:02:18.689+0000] {jobinfo_jobplanet.py:114} INFO - 오케스트로 있음
[2024-01-14T14:02:18.690+0000] {jobinfo_jobplanet.py:114} INFO - 오케스트로 있음
[2024-01-14T14:02:18.690+0000] {jobinfo_jobplanet.py:114} INFO - 제니스앤컴퍼니 있음
[2024-01-14T14:02:18.691+0000] {jobinfo_jobplanet.py:114} INFO - 제니스앤컴퍼니 있음
[2024-01-14T14:02:18.691+0000] {jobinfo_jobplanet.py:114} INFO - 제니스앤컴퍼니 있음
[2024-01-14T14:02:18.691+0000] {jobinfo_jobplanet.py:114} INFO - 메이븐클라우드서비스 있음
[2024-01-14T14:02:18.691+0000] {jobinfo_jobplanet.py:114} INFO - 엠아이티 있음
[2024-01-14T14:02:18.692+0000] {jobinfo_jobplanet.py:114} INFO - 엠아이티 있음
[2024-01-14T14:02:18.692+0000] {jobinfo_jobplanet.py:114} INFO - 스윗코리아 있음
[2024-01-14T14:02:18.692+0000] {jobinfo_jobplanet.py:114} INFO - 스윗코리아 있음
[2024-01-14T14:02:18.692+0000] {jobinfo_jobplanet.py:114} INFO - 파킹클라우드 있음
[2024-01-14T14:02:18.693+0000] {jobinfo_jobplanet.py:114} INFO - 오케스트로 있음
[2024-01-14T14:02:18.693+0000] {jobinfo_jobplanet.py:114} INFO - 오케스트로 있음
[2024-01-14T14:02:18.693+0000] {jobinfo_jobplanet.py:114} INFO - 오케스트로 있음
[2024-01-14T14:02:18.693+0000] {jobinfo_jobplanet.py:114} INFO - 오케스트로 있음
[2024-01-14T14:02:18.694+0000] {jobinfo_jobplanet.py:114} INFO - 오케스트로 있음
[2024-01-14T14:02:18.694+0000] {jobinfo_jobplanet.py:114} INFO - 월급쟁이부자들 있음
[2024-01-14T14:02:18.694+0000] {jobinfo_jobplanet.py:114} INFO - 월급쟁이부자들 있음
[2024-01-14T14:02:18.694+0000] {jobinfo_jobplanet.py:114} INFO - 로민 있음
[2024-01-14T14:02:18.695+0000] {jobinfo_jobplanet.py:114} INFO - 블랙탠저린 있음
[2024-01-14T14:02:18.695+0000] {jobinfo_jobplanet.py:114} INFO - 파인더스 있음
[2024-01-14T14:02:18.709+0000] {jobinfo_jobplanet.py:121} INFO - 론픽 파일이 없음
[2024-01-14T14:02:18.739+0000] {jobinfo_jobplanet.py:139} INFO - 론픽의 정보는 없어서 파일 생성을 못한다.
[2024-01-14T14:02:18.739+0000] {jobinfo_jobplanet.py:140} INFO - ['path/in/s3/bucket/jobinfo_jumpit.csv', 'path/in/s3/bucket/jobinfo_jumpit_v2.csv', 'path/in/s3/bucket/review_information_데브툴즈.csv', 'path/in/s3/bucket/review_information_로민.csv', 'path/in/s3/bucket/review_information_롯데헬스케어.csv', 'path/in/s3/bucket/review_information_마크클라우드.csv', 'path/in/s3/bucket/review_information_메이븐클라우드서비스.csv', 'path/in/s3/bucket/review_information_블랙탠저린.csv', 'path/in/s3/bucket/review_information_비포플레이.csv', 'path/in/s3/bucket/review_information_스윗코리아.csv', 'path/in/s3/bucket/review_information_엠아이티.csv', 'path/in/s3/bucket/review_information_오케스트로.csv', 'path/in/s3/bucket/review_information_월급쟁이부자들.csv', 'path/in/s3/bucket/review_information_제니스앤컴퍼니.csv', 'path/in/s3/bucket/review_information_키다리스튜디오.csv', 'path/in/s3/bucket/review_information_티니어.csv', 'path/in/s3/bucket/review_information_파인더스.csv', 'path/in/s3/bucket/review_information_파킹클라우드.csv', 'path/in/s3/bucket/summary.csv']
[2024-01-14T14:02:18.740+0000] {jobinfo_jobplanet.py:114} INFO - 비포플레이 있음
[2024-01-14T14:02:18.740+0000] {jobinfo_jobplanet.py:114} INFO - 롯데헬스케어 있음
[2024-01-14T14:02:18.740+0000] {jobinfo_jobplanet.py:114} INFO - 롯데헬스케어 있음
[2024-01-14T14:02:18.748+0000] {jobinfo_jobplanet.py:121} INFO - 올라운드닥터스 파일이 없음
[2024-01-14T14:02:18.771+0000] {jobinfo_jobplanet.py:139} INFO - 올라운드닥터스의 정보는 없어서 파일 생성을 못한다.
[2024-01-14T14:02:18.771+0000] {jobinfo_jobplanet.py:140} INFO - ['path/in/s3/bucket/jobinfo_jumpit.csv', 'path/in/s3/bucket/jobinfo_jumpit_v2.csv', 'path/in/s3/bucket/review_information_데브툴즈.csv', 'path/in/s3/bucket/review_information_로민.csv', 'path/in/s3/bucket/review_information_롯데헬스케어.csv', 'path/in/s3/bucket/review_information_마크클라우드.csv', 'path/in/s3/bucket/review_information_메이븐클라우드서비스.csv', 'path/in/s3/bucket/review_information_블랙탠저린.csv', 'path/in/s3/bucket/review_information_비포플레이.csv', 'path/in/s3/bucket/review_information_스윗코리아.csv', 'path/in/s3/bucket/review_information_엠아이티.csv', 'path/in/s3/bucket/review_information_오케스트로.csv', 'path/in/s3/bucket/review_information_월급쟁이부자들.csv', 'path/in/s3/bucket/review_information_제니스앤컴퍼니.csv', 'path/in/s3/bucket/review_information_키다리스튜디오.csv', 'path/in/s3/bucket/review_information_티니어.csv', 'path/in/s3/bucket/review_information_파인더스.csv', 'path/in/s3/bucket/review_information_파킹클라우드.csv', 'path/in/s3/bucket/summary.csv']
[2024-01-14T14:02:18.776+0000] {jobinfo_jobplanet.py:121} INFO - 와디즈 파일이 없음
[2024-01-14T14:02:18.796+0000] {jobinfo_jobplanet.py:139} INFO - 와디즈의 정보는 없어서 파일 생성을 못한다.
[2024-01-14T14:02:18.797+0000] {jobinfo_jobplanet.py:140} INFO - ['path/in/s3/bucket/jobinfo_jumpit.csv', 'path/in/s3/bucket/jobinfo_jumpit_v2.csv', 'path/in/s3/bucket/review_information_데브툴즈.csv', 'path/in/s3/bucket/review_information_로민.csv', 'path/in/s3/bucket/review_information_롯데헬스케어.csv', 'path/in/s3/bucket/review_information_마크클라우드.csv', 'path/in/s3/bucket/review_information_메이븐클라우드서비스.csv', 'path/in/s3/bucket/review_information_블랙탠저린.csv', 'path/in/s3/bucket/review_information_비포플레이.csv', 'path/in/s3/bucket/review_information_스윗코리아.csv', 'path/in/s3/bucket/review_information_엠아이티.csv', 'path/in/s3/bucket/review_information_오케스트로.csv', 'path/in/s3/bucket/review_information_월급쟁이부자들.csv', 'path/in/s3/bucket/review_information_제니스앤컴퍼니.csv', 'path/in/s3/bucket/review_information_키다리스튜디오.csv', 'path/in/s3/bucket/review_information_티니어.csv', 'path/in/s3/bucket/review_information_파인더스.csv', 'path/in/s3/bucket/review_information_파킹클라우드.csv', 'path/in/s3/bucket/summary.csv']
[2024-01-14T14:02:18.801+0000] {jobinfo_jobplanet.py:121} INFO - 크리에이트립 파일이 없음
[2024-01-14T14:02:20.793+0000] {jobinfo_jobplanet.py:139} INFO - 크리에이트립의 정보는 없어서 파일 생성을 못한다.
[2024-01-14T14:02:20.794+0000] {jobinfo_jobplanet.py:140} INFO - ['path/in/s3/bucket/jobinfo_jumpit.csv', 'path/in/s3/bucket/jobinfo_jumpit_v2.csv', 'path/in/s3/bucket/review_information_데브툴즈.csv', 'path/in/s3/bucket/review_information_로민.csv', 'path/in/s3/bucket/review_information_롯데헬스케어.csv', 'path/in/s3/bucket/review_information_마크클라우드.csv', 'path/in/s3/bucket/review_information_메이븐클라우드서비스.csv', 'path/in/s3/bucket/review_information_블랙탠저린.csv', 'path/in/s3/bucket/review_information_비포플레이.csv', 'path/in/s3/bucket/review_information_스윗코리아.csv', 'path/in/s3/bucket/review_information_엠아이티.csv', 'path/in/s3/bucket/review_information_오케스트로.csv', 'path/in/s3/bucket/review_information_월급쟁이부자들.csv', 'path/in/s3/bucket/review_information_제니스앤컴퍼니.csv', 'path/in/s3/bucket/review_information_키다리스튜디오.csv', 'path/in/s3/bucket/review_information_티니어.csv', 'path/in/s3/bucket/review_information_파인더스.csv', 'path/in/s3/bucket/review_information_파킹클라우드.csv', 'path/in/s3/bucket/summary.csv']
[2024-01-14T14:02:20.794+0000] {jobinfo_jobplanet.py:114} INFO - 데브툴즈 있음
[2024-01-14T14:02:20.794+0000] {jobinfo_jobplanet.py:114} INFO - 티니어 있음
[2024-01-14T14:02:20.794+0000] {jobinfo_jobplanet.py:114} INFO - 키다리스튜디오 있음
[2024-01-14T14:02:20.795+0000] {jobinfo_jobplanet.py:114} INFO - 마크클라우드 있음
[2024-01-14T14:02:20.877+0000] {taskinstance.py:1768} ERROR - Task failed with exception
Traceback (most recent call last):
  File "/home/airflow/.local/lib/python3.7/site-packages/airflow/operators/python.py", line 175, in execute
    return_value = self.execute_callable()
  File "/home/airflow/.local/lib/python3.7/site-packages/airflow/operators/python.py", line 192, in execute_callable
    return self.python_callable(*self.op_args, **self.op_kwargs)
  File "/opt/airflow/dags/jobinfo_jobplanet.py", line 142, in jobplanet_login
    return driver
  File "/home/airflow/.local/lib/python3.7/site-packages/selenium/webdriver/remote/webdriver.py", line 220, in __exit__
    self.quit()
  File "/home/airflow/.local/lib/python3.7/site-packages/selenium/webdriver/remote/webdriver.py", line 467, in quit
    self.execute(Command.QUIT)
  File "/home/airflow/.local/lib/python3.7/site-packages/selenium/webdriver/remote/webdriver.py", line 345, in execute
    self.error_handler.check_response(response)
  File "/home/airflow/.local/lib/python3.7/site-packages/selenium/webdriver/remote/errorhandler.py", line 229, in check_response
    raise exception_class(message, screen, stacktrace)
selenium.common.exceptions.InvalidSessionIdException: Message: Unable to find session with ID: b9e28f69895d1c8f194d1a7b319aaa5c
Build info: version: '4.16.1', revision: '9b4c83354e'
System info: os.name: 'Linux', os.arch: 'amd64', os.version: '5.15.133.1-microsoft-standard-WSL2', java.version: '11.0.21'
Driver info: driver.version: unknown
Stacktrace:
org.openqa.selenium.NoSuchSessionException: Unable to find session with ID: b9e28f69895d1c8f194d1a7b319aaa5c
Build info: version: '4.16.1', revision: '9b4c83354e'
System info: os.name: 'Linux', os.arch: 'amd64', os.version: '5.15.133.1-microsoft-standard-WSL2', java.version: '11.0.21'
Driver info: driver.version: unknown
	at org.openqa.selenium.grid.sessionmap.local.LocalSessionMap.get(LocalSessionMap.java:132)
	at org.openqa.selenium.grid.sessionmap.SessionMap.getUri(SessionMap.java:84)
	at org.openqa.selenium.grid.router.HandleSession.lambda$loadSessionId$4(HandleSession.java:223)
	at io.opentelemetry.context.Context.lambda$wrap$2(Context.java:224)
	at org.openqa.selenium.grid.router.HandleSession.execute(HandleSession.java:180)
	at org.openqa.selenium.remote.http.Route$PredicatedRoute.handle(Route.java:382)
	at org.openqa.selenium.remote.http.Route.execute(Route.java:69)
	at org.openqa.selenium.remote.http.Route$CombinedRoute.handle(Route.java:345)
	at org.openqa.selenium.remote.http.Route.execute(Route.java:69)
	at org.openqa.selenium.grid.router.Router.execute(Router.java:87)
	at org.openqa.selenium.grid.web.EnsureSpecCompliantResponseHeaders.lambda$apply$0(EnsureSpecCompliantResponseHeaders.java:34)
	at org.openqa.selenium.remote.http.Filter$1.execute(Filter.java:63)
	at org.openqa.selenium.remote.http.Route$CombinedRoute.handle(Route.java:345)
	at org.openqa.selenium.remote.http.Route.execute(Route.java:69)
	at org.openqa.selenium.remote.http.Route$NestedRoute.handle(Route.java:271)
	at org.openqa.selenium.remote.http.Route.execute(Route.java:69)
	at org.openqa.selenium.remote.http.Route$CombinedRoute.handle(Route.java:345)
	at org.openqa.selenium.remote.http.Route.execute(Route.java:69)
	at org.openqa.selenium.remote.http.Route$CombinedRoute.handle(Route.java:345)
	at org.openqa.selenium.remote.http.Route.execute(Route.java:69)
	at org.openqa.selenium.remote.http.Route$CombinedRoute.handle(Route.java:345)
	at org.openqa.selenium.remote.http.Route.execute(Route.java:69)
	at org.openqa.selenium.remote.http.Route$CombinedRoute.handle(Route.java:345)
	at org.openqa.selenium.remote.http.Route.execute(Route.java:69)
	at org.openqa.selenium.remote.AddWebDriverSpecHeaders.lambda$apply$0(AddWebDriverSpecHeaders.java:35)
	at org.openqa.selenium.remote.ErrorFilter.lambda$apply$0(ErrorFilter.java:44)
	at org.openqa.selenium.remote.http.Filter$1.execute(Filter.java:63)
	at org.openqa.selenium.remote.ErrorFilter.lambda$apply$0(ErrorFilter.java:44)
	at org.openqa.selenium.remote.http.Filter$1.execute(Filter.java:63)
	at org.openqa.selenium.netty.server.SeleniumHandler.lambda$channelRead0$0(SeleniumHandler.java:44)
	at java.base/java.util.concurrent.Executors$RunnableAdapter.call(Executors.java:515)
	at java.base/java.util.concurrent.FutureTask.run(FutureTask.java:264)
	at java.base/java.util.concurrent.ThreadPoolExecutor.runWorker(ThreadPoolExecutor.java:1128)
	at java.base/java.util.concurrent.ThreadPoolExecutor$Worker.run(ThreadPoolExecutor.java:628)
	at java.base/java.lang.Thread.run(Thread.java:829)

[2024-01-14T14:02:20.886+0000] {taskinstance.py:1323} INFO - Marking task as FAILED. dag_id=jobinfo_jobplanet, task_id=jobplanet_login, execution_date=20240114T140205, start_date=20240114T140212, end_date=20240114T140220
[2024-01-14T14:02:20.900+0000] {standard_task_runner.py:105} ERROR - Failed to execute job 507 for task jobplanet_login (Message: Unable to find session with ID: b9e28f69895d1c8f194d1a7b319aaa5c
Build info: version: '4.16.1', revision: '9b4c83354e'
System info: os.name: 'Linux', os.arch: 'amd64', os.version: '5.15.133.1-microsoft-standard-WSL2', java.version: '11.0.21'
Driver info: driver.version: unknown
Stacktrace:
org.openqa.selenium.NoSuchSessionException: Unable to find session with ID: b9e28f69895d1c8f194d1a7b319aaa5c
Build info: version: '4.16.1', revision: '9b4c83354e'
System info: os.name: 'Linux', os.arch: 'amd64', os.version: '5.15.133.1-microsoft-standard-WSL2', java.version: '11.0.21'
Driver info: driver.version: unknown
	at org.openqa.selenium.grid.sessionmap.local.LocalSessionMap.get(LocalSessionMap.java:132)
	at org.openqa.selenium.grid.sessionmap.SessionMap.getUri(SessionMap.java:84)
	at org.openqa.selenium.grid.router.HandleSession.lambda$loadSessionId$4(HandleSession.java:223)
	at io.opentelemetry.context.Context.lambda$wrap$2(Context.java:224)
	at org.openqa.selenium.grid.router.HandleSession.execute(HandleSession.java:180)
	at org.openqa.selenium.remote.http.Route$PredicatedRoute.handle(Route.java:382)
	at org.openqa.selenium.remote.http.Route.execute(Route.java:69)
	at org.openqa.selenium.remote.http.Route$CombinedRoute.handle(Route.java:345)
	at org.openqa.selenium.remote.http.Route.execute(Route.java:69)
	at org.openqa.selenium.grid.router.Router.execute(Router.java:87)
	at org.openqa.selenium.grid.web.EnsureSpecCompliantResponseHeaders.lambda$apply$0(EnsureSpecCompliantResponseHeaders.java:34)
	at org.openqa.selenium.remote.http.Filter$1.execute(Filter.java:63)
	at org.openqa.selenium.remote.http.Route$CombinedRoute.handle(Route.java:345)
	at org.openqa.selenium.remote.http.Route.execute(Route.java:69)
	at org.openqa.selenium.remote.http.Route$NestedRoute.handle(Route.java:271)
	at org.openqa.selenium.remote.http.Route.execute(Route.java:69)
	at org.openqa.selenium.remote.http.Route$CombinedRoute.handle(Route.java:345)
	at org.openqa.selenium.remote.http.Route.execute(Route.java:69)
	at org.openqa.selenium.remote.http.Route$CombinedRoute.handle(Route.java:345)
	at org.openqa.selenium.remote.http.Route.execute(Route.java:69)
	at org.openqa.selenium.remote.http.Route$CombinedRoute.handle(Route.java:345)
	at org.openqa.selenium.remote.http.Route.execute(Route.java:69)
	at org.openqa.selenium.remote.http.Route$CombinedRoute.handle(Route.java:345)
	at org.openqa.selenium.remote.http.Route.execute(Route.java:69)
	at org.openqa.selenium.remote.AddWebDriverSpecHeaders.lambda$apply$0(AddWebDriverSpecHeaders.java:35)
	at org.openqa.selenium.remote.ErrorFilter.lambda$apply$0(ErrorFilter.java:44)
	at org.openqa.selenium.remote.http.Filter$1.execute(Filter.java:63)
	at org.openqa.selenium.remote.ErrorFilter.lambda$apply$0(ErrorFilter.java:44)
	at org.openqa.selenium.remote.http.Filter$1.execute(Filter.java:63)
	at org.openqa.selenium.netty.server.SeleniumHandler.lambda$channelRead0$0(SeleniumHandler.java:44)
	at java.base/java.util.concurrent.Executors$RunnableAdapter.call(Executors.java:515)
	at java.base/java.util.concurrent.FutureTask.run(FutureTask.java:264)
	at java.base/java.util.concurrent.ThreadPoolExecutor.runWorker(ThreadPoolExecutor.java:1128)
	at java.base/java.util.concurrent.ThreadPoolExecutor$Worker.run(ThreadPoolExecutor.java:628)
	at java.base/java.lang.Thread.run(Thread.java:829)
; 1871)
[2024-01-14T14:02:20.913+0000] {local_task_job.py:208} INFO - Task exited with return code 1
[2024-01-14T14:02:20.939+0000] {taskinstance.py:2578} INFO - 0 downstream tasks scheduled from follow-on schedule check
