[2024-01-14T12:56:15.113+0000] {taskinstance.py:1083} INFO - Dependencies all met for <TaskInstance: jobinfo_jobplanet.read_s3_file manual__2024-01-14T12:55:52.778468+00:00 [queued]>
[2024-01-14T12:56:15.181+0000] {taskinstance.py:1083} INFO - Dependencies all met for <TaskInstance: jobinfo_jobplanet.read_s3_file manual__2024-01-14T12:55:52.778468+00:00 [queued]>
[2024-01-14T12:56:15.183+0000] {taskinstance.py:1279} INFO - 
--------------------------------------------------------------------------------
[2024-01-14T12:56:15.201+0000] {taskinstance.py:1280} INFO - Starting attempt 1 of 1
[2024-01-14T12:56:15.205+0000] {taskinstance.py:1281} INFO - 
--------------------------------------------------------------------------------
[2024-01-14T12:56:15.320+0000] {taskinstance.py:1300} INFO - Executing <Task(PythonOperator): read_s3_file> on 2024-01-14 12:55:52.778468+00:00
[2024-01-14T12:56:15.348+0000] {standard_task_runner.py:82} INFO - Running: ['***', 'tasks', 'run', 'jobinfo_jobplanet', 'read_s3_file', 'manual__2024-01-14T12:55:52.778468+00:00', '--job-id', '490', '--raw', '--subdir', 'DAGS_FOLDER/jobinfo_jobplanet.py', '--cfg-path', '/tmp/tmp38nwbbv9']
[2024-01-14T12:56:15.348+0000] {standard_task_runner.py:83} INFO - Job 490: Subtask read_s3_file
[2024-01-14T12:56:15.350+0000] {standard_task_runner.py:55} INFO - Started process 25636 to run task
[2024-01-14T12:56:15.798+0000] {task_command.py:388} INFO - Running <TaskInstance: jobinfo_jobplanet.read_s3_file manual__2024-01-14T12:55:52.778468+00:00 [running]> on host 7b77d04f99d6
[2024-01-14T12:56:16.084+0000] {taskinstance.py:1509} INFO - Exporting the following env vars:
AIRFLOW_CTX_DAG_OWNER=***
AIRFLOW_CTX_DAG_ID=jobinfo_jobplanet
AIRFLOW_CTX_TASK_ID=read_s3_file
AIRFLOW_CTX_EXECUTION_DATE=2024-01-14T12:55:52.778468+00:00
AIRFLOW_CTX_TRY_NUMBER=1
AIRFLOW_CTX_DAG_RUN_ID=manual__2024-01-14T12:55:52.778468+00:00
[2024-01-14T12:56:16.121+0000] {base.py:73} INFO - Using connection ID 's3_conn' for task execution.
[2024-01-14T12:56:16.553+0000] {jobinfo_jobplanet.py:603} INFO - none
[2024-01-14T12:56:16.702+0000] {python.py:177} INFO - Done. Returned value was: ['path/in/s3/bucket/jobinfo_jumpit.csv', 'path/in/s3/bucket/jobinfo_jumpit_v2.csv', 'path/in/s3/bucket/review_information_롯데헬스케어.csv', 'path/in/s3/bucket/review_information_메이븐클라우드서비스.csv', 'path/in/s3/bucket/review_information_블랙탠저린.csv', 'path/in/s3/bucket/review_information_스윗코리아.csv', 'path/in/s3/bucket/review_information_엠아이티.csv', 'path/in/s3/bucket/review_information_오케스트로.csv', 'path/in/s3/bucket/review_information_월급쟁이부자들.csv', 'path/in/s3/bucket/review_information_제니스앤컴퍼니.csv', 'path/in/s3/bucket/review_information_파인더스.csv', 'path/in/s3/bucket/summary.csv']
[2024-01-14T12:56:16.801+0000] {taskinstance.py:1323} INFO - Marking task as SUCCESS. dag_id=jobinfo_jobplanet, task_id=read_s3_file, execution_date=20240114T125552, start_date=20240114T125615, end_date=20240114T125616
[2024-01-14T12:56:16.900+0000] {local_task_job.py:208} INFO - Task exited with return code 0
[2024-01-14T12:56:17.224+0000] {taskinstance.py:2578} INFO - 1 downstream tasks scheduled from follow-on schedule check
