[2024-01-17T04:22:49.586+0000] {taskinstance.py:1083} INFO - Dependencies all met for <TaskInstance: jumpit_jobinfo.save_to_csv manual__2024-01-17T04:22:41.481263+00:00 [queued]>
[2024-01-17T04:22:49.597+0000] {taskinstance.py:1083} INFO - Dependencies all met for <TaskInstance: jumpit_jobinfo.save_to_csv manual__2024-01-17T04:22:41.481263+00:00 [queued]>
[2024-01-17T04:22:49.597+0000] {taskinstance.py:1279} INFO - 
--------------------------------------------------------------------------------
[2024-01-17T04:22:49.597+0000] {taskinstance.py:1280} INFO - Starting attempt 1 of 2
[2024-01-17T04:22:49.598+0000] {taskinstance.py:1281} INFO - 
--------------------------------------------------------------------------------
[2024-01-17T04:22:49.627+0000] {taskinstance.py:1300} INFO - Executing <Task(PythonOperator): save_to_csv> on 2024-01-17 04:22:41.481263+00:00
[2024-01-17T04:22:49.635+0000] {standard_task_runner.py:55} INFO - Started process 23880 to run task
[2024-01-17T04:22:49.639+0000] {standard_task_runner.py:82} INFO - Running: ['***', 'tasks', 'run', 'jumpit_jobinfo', 'save_to_csv', 'manual__2024-01-17T04:22:41.481263+00:00', '--job-id', '4363', '--raw', '--subdir', 'DAGS_FOLDER/jobinfo_jumpit.py', '--cfg-path', '/tmp/tmpsh0g6pqy']
[2024-01-17T04:22:49.640+0000] {standard_task_runner.py:83} INFO - Job 4363: Subtask save_to_csv
[2024-01-17T04:22:49.705+0000] {task_command.py:388} INFO - Running <TaskInstance: jumpit_jobinfo.save_to_csv manual__2024-01-17T04:22:41.481263+00:00 [running]> on host 565f6bcc10b6
[2024-01-17T04:22:49.788+0000] {taskinstance.py:1509} INFO - Exporting the following env vars:
AIRFLOW_CTX_DAG_OWNER=***
AIRFLOW_CTX_DAG_ID=jumpit_jobinfo
AIRFLOW_CTX_TASK_ID=save_to_csv
AIRFLOW_CTX_EXECUTION_DATE=2024-01-17T04:22:41.481263+00:00
AIRFLOW_CTX_TRY_NUMBER=1
AIRFLOW_CTX_DAG_RUN_ID=manual__2024-01-17T04:22:41.481263+00:00
[2024-01-17T04:22:49.801+0000] {jobinfo_jumpit.py:87} INFO - Attempting to write to: /opt/***/dags/jumpit.csv
[2024-01-17T04:22:49.802+0000] {jobinfo_jumpit.py:97} INFO - File successfully written to: /opt/***/dags/jumpit.csv
[2024-01-17T04:22:49.817+0000] {python.py:177} INFO - Done. Returned value was: /opt/***/dags/jumpit.csv
[2024-01-17T04:22:49.839+0000] {taskinstance.py:1323} INFO - Marking task as SUCCESS. dag_id=jumpit_jobinfo, task_id=save_to_csv, execution_date=20240117T042241, start_date=20240117T042249, end_date=20240117T042249
[2024-01-17T04:22:49.866+0000] {local_task_job.py:208} INFO - Task exited with return code 0
[2024-01-17T04:22:49.894+0000] {taskinstance.py:2578} INFO - 1 downstream tasks scheduled from follow-on schedule check
