[2024-01-15T11:35:22.600+0000] {taskinstance.py:1083} INFO - Dependencies all met for <TaskInstance: jumpit_jobinfo.upload_to_s3 scheduled__2024-01-14T11:35:00+00:00 [queued]>
[2024-01-15T11:35:22.650+0000] {taskinstance.py:1083} INFO - Dependencies all met for <TaskInstance: jumpit_jobinfo.upload_to_s3 scheduled__2024-01-14T11:35:00+00:00 [queued]>
[2024-01-15T11:35:22.650+0000] {taskinstance.py:1279} INFO - 
--------------------------------------------------------------------------------
[2024-01-15T11:35:22.650+0000] {taskinstance.py:1280} INFO - Starting attempt 1 of 2
[2024-01-15T11:35:22.650+0000] {taskinstance.py:1281} INFO - 
--------------------------------------------------------------------------------
[2024-01-15T11:35:22.702+0000] {taskinstance.py:1300} INFO - Executing <Task(PythonOperator): upload_to_s3> on 2024-01-14 11:35:00+00:00
[2024-01-15T11:35:22.843+0000] {standard_task_runner.py:55} INFO - Started process 33964 to run task
[2024-01-15T11:35:22.848+0000] {standard_task_runner.py:82} INFO - Running: ['***', 'tasks', 'run', 'jumpit_jobinfo', 'upload_to_s3', 'scheduled__2024-01-14T11:35:00+00:00', '--job-id', '590', '--raw', '--subdir', 'DAGS_FOLDER/jobinfo_jumpit.py', '--cfg-path', '/tmp/tmpul35ngvf']
[2024-01-15T11:35:22.848+0000] {standard_task_runner.py:83} INFO - Job 590: Subtask upload_to_s3
[2024-01-15T11:35:23.092+0000] {task_command.py:388} INFO - Running <TaskInstance: jumpit_jobinfo.upload_to_s3 scheduled__2024-01-14T11:35:00+00:00 [running]> on host 565f6bcc10b6
[2024-01-15T11:35:23.219+0000] {taskinstance.py:1509} INFO - Exporting the following env vars:
AIRFLOW_CTX_DAG_OWNER=***
AIRFLOW_CTX_DAG_ID=jumpit_jobinfo
AIRFLOW_CTX_TASK_ID=upload_to_s3
AIRFLOW_CTX_EXECUTION_DATE=2024-01-14T11:35:00+00:00
AIRFLOW_CTX_TRY_NUMBER=1
AIRFLOW_CTX_DAG_RUN_ID=scheduled__2024-01-14T11:35:00+00:00
[2024-01-15T11:35:23.241+0000] {base.py:73} INFO - Using connection ID 's3_conn' for task execution.
[2024-01-15T11:35:23.242+0000] {connection_wrapper.py:334} INFO - AWS Connection (conn_id='s3_conn', conn_type='aws') credentials retrieved from login and password.
[2024-01-15T11:35:24.108+0000] {jobinfo_jumpit.py:112} INFO - File successfully uploaded to S3. Bucket: legoking, Key: path/in/s3/bucket/jobinfo_jumpit.csv
[2024-01-15T11:35:24.109+0000] {python.py:177} INFO - Done. Returned value was: None
[2024-01-15T11:35:24.127+0000] {taskinstance.py:1323} INFO - Marking task as SUCCESS. dag_id=jumpit_jobinfo, task_id=upload_to_s3, execution_date=20240114T113500, start_date=20240115T113522, end_date=20240115T113524
[2024-01-15T11:35:24.187+0000] {local_task_job.py:208} INFO - Task exited with return code 0
[2024-01-15T11:35:24.208+0000] {taskinstance.py:2578} INFO - 1 downstream tasks scheduled from follow-on schedule check
