[2024-01-06T06:41:12.247+0000] {taskinstance.py:1083} INFO - Dependencies all met for <TaskInstance: dag_v1.print_date scheduled__2024-01-04T09:00:00+00:00 [queued]>
[2024-01-06T06:41:12.468+0000] {taskinstance.py:1083} INFO - Dependencies all met for <TaskInstance: dag_v1.print_date scheduled__2024-01-04T09:00:00+00:00 [queued]>
[2024-01-06T06:41:12.468+0000] {taskinstance.py:1279} INFO - 
--------------------------------------------------------------------------------
[2024-01-06T06:41:12.468+0000] {taskinstance.py:1280} INFO - Starting attempt 1 of 2
[2024-01-06T06:41:12.468+0000] {taskinstance.py:1281} INFO - 
--------------------------------------------------------------------------------
[2024-01-06T06:41:12.790+0000] {taskinstance.py:1300} INFO - Executing <Task(BashOperator): print_date> on 2024-01-04 09:00:00+00:00
[2024-01-06T06:41:12.818+0000] {taskinstance.py:1077} INFO - Dependencies not met for <TaskInstance: dag_v1.print_date scheduled__2024-01-04T09:00:00+00:00 [running]>, dependency 'Task Instance Not Running' FAILED: Task is in the running state
[2024-01-06T06:41:12.819+0000] {taskinstance.py:1077} INFO - Dependencies not met for <TaskInstance: dag_v1.print_date scheduled__2024-01-04T09:00:00+00:00 [running]>, dependency 'Task Instance State' FAILED: Task is in the 'running' state.
[2024-01-06T06:41:12.835+0000] {standard_task_runner.py:55} INFO - Started process 83 to run task
[2024-01-06T06:41:12.868+0000] {taskinstance.py:1077} INFO - Dependencies not met for <TaskInstance: dag_v1.print_date scheduled__2024-01-04T09:00:00+00:00 [running]>, dependency 'Task Instance Not Running' FAILED: Task is in the running state
[2024-01-06T06:41:12.868+0000] {taskinstance.py:1077} INFO - Dependencies not met for <TaskInstance: dag_v1.print_date scheduled__2024-01-04T09:00:00+00:00 [running]>, dependency 'Task Instance State' FAILED: Task is in the 'running' state.
[2024-01-06T06:41:12.871+0000] {local_task_job.py:147} INFO - Task is not able to be run
[2024-01-06T06:41:12.928+0000] {local_task_job.py:147} INFO - Task is not able to be run
[2024-01-06T06:41:12.962+0000] {standard_task_runner.py:82} INFO - Running: ['***', 'tasks', 'run', 'dag_v1', 'print_date', 'scheduled__2024-01-04T09:00:00+00:00', '--job-id', '371', '--raw', '--subdir', 'DAGS_FOLDER/TestDAG.py', '--cfg-path', '/tmp/tmpkolk3vts']
[2024-01-06T06:41:12.962+0000] {standard_task_runner.py:83} INFO - Job 371: Subtask print_date
[2024-01-06T06:41:13.812+0000] {task_command.py:388} INFO - Running <TaskInstance: dag_v1.print_date scheduled__2024-01-04T09:00:00+00:00 [running]> on host 94a41844be4a
[2024-01-06T06:41:14.406+0000] {taskinstance.py:1509} INFO - Exporting the following env vars:
AIRFLOW_CTX_DAG_EMAIL=keeyonghan@hotmail.com
AIRFLOW_CTX_DAG_OWNER=keeyong
AIRFLOW_CTX_DAG_ID=dag_v1
AIRFLOW_CTX_TASK_ID=print_date
AIRFLOW_CTX_EXECUTION_DATE=2024-01-04T09:00:00+00:00
AIRFLOW_CTX_TRY_NUMBER=1
AIRFLOW_CTX_DAG_RUN_ID=scheduled__2024-01-04T09:00:00+00:00
[2024-01-06T06:41:14.407+0000] {subprocess.py:63} INFO - Tmp dir root location: 
 /tmp
[2024-01-06T06:41:14.407+0000] {subprocess.py:75} INFO - Running command: ['/bin/bash', '-c', 'date']
[2024-01-06T06:41:14.500+0000] {subprocess.py:86} INFO - Output:
[2024-01-06T06:41:14.521+0000] {subprocess.py:93} INFO - Sat Jan  6 06:41:14 UTC 2024
[2024-01-06T06:41:14.521+0000] {subprocess.py:97} INFO - Command exited with return code 0
[2024-01-06T06:41:14.638+0000] {taskinstance.py:1323} INFO - Marking task as SUCCESS. dag_id=dag_v1, task_id=print_date, execution_date=20240104T090000, start_date=20240106T064112, end_date=20240106T064114
[2024-01-06T06:41:14.739+0000] {local_task_job.py:208} INFO - Task exited with return code 0
[2024-01-06T06:41:14.850+0000] {taskinstance.py:2578} INFO - 2 downstream tasks scheduled from follow-on schedule check
