[2024-01-16T06:50:28.961+0000] {taskinstance.py:1083} INFO - Dependencies all met for <TaskInstance: jobinfo_jobplanet.jobplanet_login manual__2024-01-16T06:50:22.785732+00:00 [queued]>
[2024-01-16T06:50:28.971+0000] {taskinstance.py:1083} INFO - Dependencies all met for <TaskInstance: jobinfo_jobplanet.jobplanet_login manual__2024-01-16T06:50:22.785732+00:00 [queued]>
[2024-01-16T06:50:28.971+0000] {taskinstance.py:1279} INFO - 
--------------------------------------------------------------------------------
[2024-01-16T06:50:28.971+0000] {taskinstance.py:1280} INFO - Starting attempt 1 of 1
[2024-01-16T06:50:28.971+0000] {taskinstance.py:1281} INFO - 
--------------------------------------------------------------------------------
[2024-01-16T06:50:29.163+0000] {taskinstance.py:1300} INFO - Executing <Task(PythonOperator): jobplanet_login> on 2024-01-16 06:50:22.785732+00:00
[2024-01-16T06:50:29.170+0000] {standard_task_runner.py:55} INFO - Started process 64889 to run task
[2024-01-16T06:50:29.172+0000] {standard_task_runner.py:82} INFO - Running: ['***', 'tasks', 'run', 'jobinfo_jobplanet', 'jobplanet_login', 'manual__2024-01-16T06:50:22.785732+00:00', '--job-id', '755', '--raw', '--subdir', 'DAGS_FOLDER/jobinfo_jobplanet.py', '--cfg-path', '/tmp/tmp74ck_jkk']
[2024-01-16T06:50:29.172+0000] {standard_task_runner.py:83} INFO - Job 755: Subtask jobplanet_login
[2024-01-16T06:50:29.227+0000] {task_command.py:388} INFO - Running <TaskInstance: jobinfo_jobplanet.jobplanet_login manual__2024-01-16T06:50:22.785732+00:00 [running]> on host 565f6bcc10b6
[2024-01-16T06:50:29.303+0000] {taskinstance.py:1509} INFO - Exporting the following env vars:
AIRFLOW_CTX_DAG_OWNER=***
AIRFLOW_CTX_DAG_ID=jobinfo_jobplanet
AIRFLOW_CTX_TASK_ID=jobplanet_login
AIRFLOW_CTX_EXECUTION_DATE=2024-01-16T06:50:22.785732+00:00
AIRFLOW_CTX_TRY_NUMBER=1
AIRFLOW_CTX_DAG_RUN_ID=manual__2024-01-16T06:50:22.785732+00:00
[2024-01-16T06:50:31.846+0000] {jobinfo_jobplanet.py:76} INFO - *********************************
[2024-01-16T06:50:31.915+0000] {jobinfo_jobplanet.py:82} INFO - 12212121313442342354534634534534534534523423443423
[2024-01-16T06:50:31.915+0000] {jobinfo_jobplanet.py:83} INFO - <selenium.webdriver.remote.webdriver.WebDriver (session="19896b0bfc9a60662a4081fca5ee4afd")>
[2024-01-16T06:50:32.117+0000] {jobinfo_jobplanet.py:86} INFO - 890u8987978078978978079078097807897809789789789789789797
[2024-01-16T06:50:32.511+0000] {jobinfo_jobplanet.py:89} INFO - ^^^^^^^^^^^^^^^^^^^^^^^^^^^^^^^^^^^^^^^^^^^^^^^^^^^^^^^^^^^^^^^^^^^^^^^^^^^^^^^^^^^^^^
[2024-01-16T06:50:33.191+0000] {jobinfo_jobplanet.py:100} INFO - 3333333333333333333333333
[2024-01-16T06:50:33.225+0000] {jobinfo_jobplanet.py:106} INFO - 4444444444444444444444444444
[2024-01-16T06:50:33.232+0000] {jobinfo_jobplanet.py:109} INFO - ['데브툴즈', '제니스앤컴퍼니', '다큐브', '론픽', '월급쟁이부자들', '롯데헬스케어', '오케스트로', '키다리스튜디오', '티니어', '로민', '크리에이트립', '엠아이티', '마크클라우드', '메이븐클라우드서비스', '스윗코리아', '파킹클라우드', '비포플레이', '파인더스', '올라운드닥터스', '블랙탠저린']
[2024-01-16T06:50:33.232+0000] {jobinfo_jobplanet.py:110} INFO - ['path/in/s3/bucket/jobinfo_jumpit.csv', 'path/in/s3/bucket/review_information_데브툴즈.csv', 'path/in/s3/bucket/review_information_로민.csv', 'path/in/s3/bucket/review_information_롯데헬스케어.csv', 'path/in/s3/bucket/review_information_마크클라우드.csv', 'path/in/s3/bucket/review_information_메이븐클라우드.csv', 'path/in/s3/bucket/review_information_메이븐클라우드서비스.csv', 'path/in/s3/bucket/review_information_블랙탠저린.csv', 'path/in/s3/bucket/review_information_비포플레이.csv', 'path/in/s3/bucket/review_information_스윗코리아.csv', 'path/in/s3/bucket/review_information_엠아이티.csv', 'path/in/s3/bucket/review_information_오케스트로.csv', 'path/in/s3/bucket/review_information_와디즈.csv', 'path/in/s3/bucket/review_information_월급쟁이부자들.csv', 'path/in/s3/bucket/review_information_제니스앤컴퍼니.csv', 'path/in/s3/bucket/review_information_크리에이트립.csv', 'path/in/s3/bucket/review_information_키다리스튜디오.csv', 'path/in/s3/bucket/review_information_티니어.csv', 'path/in/s3/bucket/review_information_파인더스.csv', 'path/in/s3/bucket/review_information_파킹클라우드.csv', 'path/in/s3/bucket/summary.csv']
[2024-01-16T06:50:33.233+0000] {jobinfo_jobplanet.py:111} INFO - 시작
[2024-01-16T06:50:33.233+0000] {jobinfo_jobplanet.py:116} INFO - 데브툴즈 있음
[2024-01-16T06:50:33.233+0000] {jobinfo_jobplanet.py:116} INFO - 제니스앤컴퍼니 있음
[2024-01-16T06:50:33.241+0000] {jobinfo_jobplanet.py:123} INFO - 다큐브 파일이 없음
[2024-01-16T06:50:36.206+0000] {jobinfo_jobplanet.py:144} INFO - 다큐브의 정보는 없어서 파일 생성을 못한다.
[2024-01-16T06:50:36.206+0000] {jobinfo_jobplanet.py:148} INFO - ['path/in/s3/bucket/jobinfo_jumpit.csv', 'path/in/s3/bucket/review_information_데브툴즈.csv', 'path/in/s3/bucket/review_information_로민.csv', 'path/in/s3/bucket/review_information_롯데헬스케어.csv', 'path/in/s3/bucket/review_information_마크클라우드.csv', 'path/in/s3/bucket/review_information_메이븐클라우드.csv', 'path/in/s3/bucket/review_information_메이븐클라우드서비스.csv', 'path/in/s3/bucket/review_information_블랙탠저린.csv', 'path/in/s3/bucket/review_information_비포플레이.csv', 'path/in/s3/bucket/review_information_스윗코리아.csv', 'path/in/s3/bucket/review_information_엠아이티.csv', 'path/in/s3/bucket/review_information_오케스트로.csv', 'path/in/s3/bucket/review_information_와디즈.csv', 'path/in/s3/bucket/review_information_월급쟁이부자들.csv', 'path/in/s3/bucket/review_information_제니스앤컴퍼니.csv', 'path/in/s3/bucket/review_information_크리에이트립.csv', 'path/in/s3/bucket/review_information_키다리스튜디오.csv', 'path/in/s3/bucket/review_information_티니어.csv', 'path/in/s3/bucket/review_information_파인더스.csv', 'path/in/s3/bucket/review_information_파킹클라우드.csv', 'path/in/s3/bucket/summary.csv']
[2024-01-16T06:50:36.240+0000] {jobinfo_jobplanet.py:123} INFO - 론픽 파일이 없음
[2024-01-16T06:50:37.241+0000] {jobinfo_jobplanet.py:128} INFO - 론픽 검색을 위해 검색창에 입력했습니다.
[2024-01-16T06:50:41.120+0000] {jobinfo_jobplanet.py:131} INFO - 론픽 검색하기
[2024-01-16T06:50:43.210+0000] {jobinfo_jobplanet.py:144} INFO - 론픽의 정보는 없어서 파일 생성을 못한다.
[2024-01-16T06:50:43.210+0000] {jobinfo_jobplanet.py:148} INFO - ['path/in/s3/bucket/jobinfo_jumpit.csv', 'path/in/s3/bucket/review_information_데브툴즈.csv', 'path/in/s3/bucket/review_information_로민.csv', 'path/in/s3/bucket/review_information_롯데헬스케어.csv', 'path/in/s3/bucket/review_information_마크클라우드.csv', 'path/in/s3/bucket/review_information_메이븐클라우드.csv', 'path/in/s3/bucket/review_information_메이븐클라우드서비스.csv', 'path/in/s3/bucket/review_information_블랙탠저린.csv', 'path/in/s3/bucket/review_information_비포플레이.csv', 'path/in/s3/bucket/review_information_스윗코리아.csv', 'path/in/s3/bucket/review_information_엠아이티.csv', 'path/in/s3/bucket/review_information_오케스트로.csv', 'path/in/s3/bucket/review_information_와디즈.csv', 'path/in/s3/bucket/review_information_월급쟁이부자들.csv', 'path/in/s3/bucket/review_information_제니스앤컴퍼니.csv', 'path/in/s3/bucket/review_information_크리에이트립.csv', 'path/in/s3/bucket/review_information_키다리스튜디오.csv', 'path/in/s3/bucket/review_information_티니어.csv', 'path/in/s3/bucket/review_information_파인더스.csv', 'path/in/s3/bucket/review_information_파킹클라우드.csv', 'path/in/s3/bucket/summary.csv']
[2024-01-16T06:50:43.210+0000] {jobinfo_jobplanet.py:116} INFO - 월급쟁이부자들 있음
[2024-01-16T06:50:43.211+0000] {jobinfo_jobplanet.py:116} INFO - 롯데헬스케어 있음
[2024-01-16T06:50:43.211+0000] {jobinfo_jobplanet.py:116} INFO - 오케스트로 있음
[2024-01-16T06:50:43.211+0000] {jobinfo_jobplanet.py:116} INFO - 키다리스튜디오 있음
[2024-01-16T06:50:43.211+0000] {jobinfo_jobplanet.py:116} INFO - 티니어 있음
[2024-01-16T06:50:43.211+0000] {jobinfo_jobplanet.py:116} INFO - 로민 있음
[2024-01-16T06:50:43.211+0000] {jobinfo_jobplanet.py:116} INFO - 크리에이트립 있음
[2024-01-16T06:50:43.211+0000] {jobinfo_jobplanet.py:116} INFO - 엠아이티 있음
[2024-01-16T06:50:43.211+0000] {jobinfo_jobplanet.py:116} INFO - 마크클라우드 있음
[2024-01-16T06:50:43.211+0000] {jobinfo_jobplanet.py:116} INFO - 메이븐클라우드서비스 있음
[2024-01-16T06:50:43.211+0000] {jobinfo_jobplanet.py:116} INFO - 스윗코리아 있음
[2024-01-16T06:50:43.211+0000] {jobinfo_jobplanet.py:116} INFO - 파킹클라우드 있음
[2024-01-16T06:50:43.211+0000] {jobinfo_jobplanet.py:116} INFO - 비포플레이 있음
[2024-01-16T06:50:43.211+0000] {jobinfo_jobplanet.py:116} INFO - 파인더스 있음
[2024-01-16T06:50:43.216+0000] {jobinfo_jobplanet.py:123} INFO - 올라운드닥터스 파일이 없음
[2024-01-16T06:50:43.586+0000] {jobinfo_jobplanet.py:128} INFO - 올라운드닥터스 검색을 위해 검색창에 입력했습니다.
[2024-01-16T06:50:45.202+0000] {jobinfo_jobplanet.py:131} INFO - 올라운드닥터스 검색하기
[2024-01-16T06:50:47.231+0000] {jobinfo_jobplanet.py:144} INFO - 올라운드닥터스의 정보는 없어서 파일 생성을 못한다.
[2024-01-16T06:50:47.231+0000] {jobinfo_jobplanet.py:148} INFO - ['path/in/s3/bucket/jobinfo_jumpit.csv', 'path/in/s3/bucket/review_information_데브툴즈.csv', 'path/in/s3/bucket/review_information_로민.csv', 'path/in/s3/bucket/review_information_롯데헬스케어.csv', 'path/in/s3/bucket/review_information_마크클라우드.csv', 'path/in/s3/bucket/review_information_메이븐클라우드.csv', 'path/in/s3/bucket/review_information_메이븐클라우드서비스.csv', 'path/in/s3/bucket/review_information_블랙탠저린.csv', 'path/in/s3/bucket/review_information_비포플레이.csv', 'path/in/s3/bucket/review_information_스윗코리아.csv', 'path/in/s3/bucket/review_information_엠아이티.csv', 'path/in/s3/bucket/review_information_오케스트로.csv', 'path/in/s3/bucket/review_information_와디즈.csv', 'path/in/s3/bucket/review_information_월급쟁이부자들.csv', 'path/in/s3/bucket/review_information_제니스앤컴퍼니.csv', 'path/in/s3/bucket/review_information_크리에이트립.csv', 'path/in/s3/bucket/review_information_키다리스튜디오.csv', 'path/in/s3/bucket/review_information_티니어.csv', 'path/in/s3/bucket/review_information_파인더스.csv', 'path/in/s3/bucket/review_information_파킹클라우드.csv', 'path/in/s3/bucket/summary.csv']
[2024-01-16T06:50:47.231+0000] {jobinfo_jobplanet.py:116} INFO - 블랙탠저린 있음
[2024-01-16T06:50:47.553+0000] {jobinfo_jobplanet.py:651} INFO - 다큐브 정보 없ㅇ,ㅡ
[2024-01-16T06:50:47.554+0000] {jobinfo_jobplanet.py:652} INFO - Failed to read CSV file from S3: An error occurred (NoSuchKey) when calling the GetObject operation: The specified key does not exist.
[2024-01-16T06:51:04.396+0000] {jobinfo_jobplanet.py:651} INFO - 론픽 정보 없ㅇ,ㅡ
[2024-01-16T06:51:04.397+0000] {jobinfo_jobplanet.py:652} INFO - Failed to read CSV file from S3: An error occurred (NoSuchKey) when calling the GetObject operation: The specified key does not exist.
[2024-01-16T06:51:21.789+0000] {jobinfo_jobplanet.py:518} INFO - 론픽 salary information not find
[2024-01-16T06:51:21.908+0000] {jobinfo_jobplanet.py:651} INFO - 올라운드닥터스 정보 없ㅇ,ㅡ
[2024-01-16T06:51:21.908+0000] {jobinfo_jobplanet.py:652} INFO - Failed to read CSV file from S3: An error occurred (NoSuchKey) when calling the GetObject operation: The specified key does not exist.
[2024-01-16T06:51:37.682+0000] {jobinfo_jobplanet.py:518} INFO - 올라운드닥터스 salary information not find
[2024-01-16T06:51:37.787+0000] {jobinfo_jobplanet.py:528} INFO -                                   review_summary  ... result_date
0                    업무 능력을 확장시키기에 성장하기 좋은 환경입니다  ...        3일 후
1                   스타트업이 뭔지, 빠른 성장이 뭔지 알 수 있는 곳  ...     no data
2  여러가지 업무를 경험할 수 있습니다 그게 장점일지 단점일지는 본인의 판단에 따라…  ...     no data
3             빠르게 성장하는 스타트업, 패션 이커머스 앱을 혁신할 수 있음  ...     no data

[4 rows x 8 columns]
[2024-01-16T06:51:49.463+0000] {python.py:177} INFO - Done. Returned value was: None
[2024-01-16T06:51:49.472+0000] {taskinstance.py:1323} INFO - Marking task as SUCCESS. dag_id=jobinfo_jobplanet, task_id=jobplanet_login, execution_date=20240116T065022, start_date=20240116T065028, end_date=20240116T065149
[2024-01-16T06:51:49.536+0000] {local_task_job.py:208} INFO - Task exited with return code 0
[2024-01-16T06:51:49.557+0000] {taskinstance.py:2578} INFO - 1 downstream tasks scheduled from follow-on schedule check
