[2024-01-17T04:04:31.262+0000] {taskinstance.py:1083} INFO - Dependencies all met for <TaskInstance: jobinfo_jobplanet.jobplanet_login manual__2024-01-17T04:04:24.887627+00:00 [queued]>
[2024-01-17T04:04:31.276+0000] {taskinstance.py:1083} INFO - Dependencies all met for <TaskInstance: jobinfo_jobplanet.jobplanet_login manual__2024-01-17T04:04:24.887627+00:00 [queued]>
[2024-01-17T04:04:31.277+0000] {taskinstance.py:1279} INFO - 
--------------------------------------------------------------------------------
[2024-01-17T04:04:31.277+0000] {taskinstance.py:1280} INFO - Starting attempt 1 of 1
[2024-01-17T04:04:31.277+0000] {taskinstance.py:1281} INFO - 
--------------------------------------------------------------------------------
[2024-01-17T04:04:31.301+0000] {taskinstance.py:1300} INFO - Executing <Task(PythonOperator): jobplanet_login> on 2024-01-17 04:04:24.887627+00:00
[2024-01-17T04:04:31.311+0000] {standard_task_runner.py:55} INFO - Started process 22957 to run task
[2024-01-17T04:04:31.313+0000] {standard_task_runner.py:82} INFO - Running: ['***', 'tasks', 'run', 'jobinfo_jobplanet', 'jobplanet_login', 'manual__2024-01-17T04:04:24.887627+00:00', '--job-id', '4349', '--raw', '--subdir', 'DAGS_FOLDER/jobinfo_jobplanet.py', '--cfg-path', '/tmp/tmpk1exj990']
[2024-01-17T04:04:31.314+0000] {standard_task_runner.py:83} INFO - Job 4349: Subtask jobplanet_login
[2024-01-17T04:04:31.415+0000] {task_command.py:388} INFO - Running <TaskInstance: jobinfo_jobplanet.jobplanet_login manual__2024-01-17T04:04:24.887627+00:00 [running]> on host 565f6bcc10b6
[2024-01-17T04:04:31.513+0000] {taskinstance.py:1509} INFO - Exporting the following env vars:
AIRFLOW_CTX_DAG_OWNER=***
AIRFLOW_CTX_DAG_ID=jobinfo_jobplanet
AIRFLOW_CTX_TASK_ID=jobplanet_login
AIRFLOW_CTX_EXECUTION_DATE=2024-01-17T04:04:24.887627+00:00
AIRFLOW_CTX_TRY_NUMBER=1
AIRFLOW_CTX_DAG_RUN_ID=manual__2024-01-17T04:04:24.887627+00:00
[2024-01-17T04:04:38.991+0000] {jobinfo_jobplanet.py:103} INFO - ['오케스트로', '오케스트로', '제니스앤컴퍼니', '제니스앤컴퍼니', '제니스앤컴퍼니', '메이븐클라우드서비스', '엠아이티', '엠아이티', '스윗코리아', '스윗코리아', '파킹클라우드', '오케스트로', '오케스트로', '오케스트로', '오케스트로', '오케스트로', '월급쟁이부자들', '월급쟁이부자들', '로민', '블랙탠저린', '파인더스', '론픽', '비포플레이', '롯데헬스케어', '롯데헬스케어', '올라운드닥터스', '크리에이트립', '데브툴즈', '티니어', '키다리스튜디오', '마크클라우드', '다큐브']
[2024-01-17T04:04:38.991+0000] {jobinfo_jobplanet.py:104} INFO - ['path/in/s3/bucket/jobinfo_jumpit.csv', 'path/in/s3/bucket/review_information_다큐브.csv', 'path/in/s3/bucket/review_information_데브툴즈.csv', 'path/in/s3/bucket/review_information_로민.csv', 'path/in/s3/bucket/review_information_롯데헬스케어.csv', 'path/in/s3/bucket/review_information_마크클라우드.csv', 'path/in/s3/bucket/review_information_메이븐클라우드서비스.csv', 'path/in/s3/bucket/review_information_블랙탠저린.csv', 'path/in/s3/bucket/review_information_비포플레이.csv', 'path/in/s3/bucket/review_information_스윗코리아.csv', 'path/in/s3/bucket/review_information_엠아이티.csv', 'path/in/s3/bucket/review_information_오케스트로.csv', 'path/in/s3/bucket/review_information_월급쟁이부자들.csv', 'path/in/s3/bucket/review_information_제니스앤컴퍼니.csv', 'path/in/s3/bucket/review_information_크리에이트립.csv', 'path/in/s3/bucket/review_information_키다리스튜디오.csv', 'path/in/s3/bucket/review_information_티니어.csv', 'path/in/s3/bucket/review_information_파인더스.csv', 'path/in/s3/bucket/review_information_파킹클라우드.csv']
[2024-01-17T04:04:38.992+0000] {jobinfo_jobplanet.py:105} INFO - 시작
[2024-01-17T04:04:38.992+0000] {jobinfo_jobplanet.py:110} INFO - 오케스트로 있음
[2024-01-17T04:04:38.992+0000] {jobinfo_jobplanet.py:110} INFO - 오케스트로 있음
[2024-01-17T04:04:38.992+0000] {jobinfo_jobplanet.py:110} INFO - 제니스앤컴퍼니 있음
[2024-01-17T04:04:38.993+0000] {jobinfo_jobplanet.py:110} INFO - 제니스앤컴퍼니 있음
[2024-01-17T04:04:38.993+0000] {jobinfo_jobplanet.py:110} INFO - 제니스앤컴퍼니 있음
[2024-01-17T04:04:38.993+0000] {jobinfo_jobplanet.py:110} INFO - 메이븐클라우드서비스 있음
[2024-01-17T04:04:38.993+0000] {jobinfo_jobplanet.py:110} INFO - 엠아이티 있음
[2024-01-17T04:04:38.994+0000] {jobinfo_jobplanet.py:110} INFO - 엠아이티 있음
[2024-01-17T04:04:38.994+0000] {jobinfo_jobplanet.py:110} INFO - 스윗코리아 있음
[2024-01-17T04:04:38.994+0000] {jobinfo_jobplanet.py:110} INFO - 스윗코리아 있음
[2024-01-17T04:04:38.994+0000] {jobinfo_jobplanet.py:110} INFO - 파킹클라우드 있음
[2024-01-17T04:04:38.995+0000] {jobinfo_jobplanet.py:110} INFO - 오케스트로 있음
[2024-01-17T04:04:38.995+0000] {jobinfo_jobplanet.py:110} INFO - 오케스트로 있음
[2024-01-17T04:04:38.995+0000] {jobinfo_jobplanet.py:110} INFO - 오케스트로 있음
[2024-01-17T04:04:38.995+0000] {jobinfo_jobplanet.py:110} INFO - 오케스트로 있음
[2024-01-17T04:04:38.995+0000] {jobinfo_jobplanet.py:110} INFO - 오케스트로 있음
[2024-01-17T04:04:38.996+0000] {jobinfo_jobplanet.py:110} INFO - 월급쟁이부자들 있음
[2024-01-17T04:04:38.996+0000] {jobinfo_jobplanet.py:110} INFO - 월급쟁이부자들 있음
[2024-01-17T04:04:38.996+0000] {jobinfo_jobplanet.py:110} INFO - 로민 있음
[2024-01-17T04:04:38.996+0000] {jobinfo_jobplanet.py:110} INFO - 블랙탠저린 있음
[2024-01-17T04:04:38.997+0000] {jobinfo_jobplanet.py:110} INFO - 파인더스 있음
[2024-01-17T04:04:39.027+0000] {jobinfo_jobplanet.py:117} INFO - 론픽 파일이 없음
[2024-01-17T04:04:41.603+0000] {jobinfo_jobplanet.py:138} INFO - 론픽의 정보는 없어서 파일 생성을 못한다.
[2024-01-17T04:04:41.604+0000] {jobinfo_jobplanet.py:142} INFO - ['path/in/s3/bucket/jobinfo_jumpit.csv', 'path/in/s3/bucket/review_information_다큐브.csv', 'path/in/s3/bucket/review_information_데브툴즈.csv', 'path/in/s3/bucket/review_information_로민.csv', 'path/in/s3/bucket/review_information_롯데헬스케어.csv', 'path/in/s3/bucket/review_information_마크클라우드.csv', 'path/in/s3/bucket/review_information_메이븐클라우드서비스.csv', 'path/in/s3/bucket/review_information_블랙탠저린.csv', 'path/in/s3/bucket/review_information_비포플레이.csv', 'path/in/s3/bucket/review_information_스윗코리아.csv', 'path/in/s3/bucket/review_information_엠아이티.csv', 'path/in/s3/bucket/review_information_오케스트로.csv', 'path/in/s3/bucket/review_information_월급쟁이부자들.csv', 'path/in/s3/bucket/review_information_제니스앤컴퍼니.csv', 'path/in/s3/bucket/review_information_크리에이트립.csv', 'path/in/s3/bucket/review_information_키다리스튜디오.csv', 'path/in/s3/bucket/review_information_티니어.csv', 'path/in/s3/bucket/review_information_파인더스.csv', 'path/in/s3/bucket/review_information_파킹클라우드.csv']
[2024-01-17T04:04:41.604+0000] {jobinfo_jobplanet.py:110} INFO - 비포플레이 있음
[2024-01-17T04:04:41.604+0000] {jobinfo_jobplanet.py:110} INFO - 롯데헬스케어 있음
[2024-01-17T04:04:41.605+0000] {jobinfo_jobplanet.py:110} INFO - 롯데헬스케어 있음
[2024-01-17T04:04:41.669+0000] {jobinfo_jobplanet.py:117} INFO - 올라운드닥터스 파일이 없음
[2024-01-17T04:04:42.480+0000] {jobinfo_jobplanet.py:122} INFO - 올라운드닥터스 검색을 위해 검색창에 입력했습니다.
[2024-01-17T04:04:45.505+0000] {jobinfo_jobplanet.py:125} INFO - 올라운드닥터스 검색하기
[2024-01-17T04:04:47.575+0000] {jobinfo_jobplanet.py:138} INFO - 올라운드닥터스의 정보는 없어서 파일 생성을 못한다.
[2024-01-17T04:04:47.575+0000] {jobinfo_jobplanet.py:142} INFO - ['path/in/s3/bucket/jobinfo_jumpit.csv', 'path/in/s3/bucket/review_information_다큐브.csv', 'path/in/s3/bucket/review_information_데브툴즈.csv', 'path/in/s3/bucket/review_information_로민.csv', 'path/in/s3/bucket/review_information_롯데헬스케어.csv', 'path/in/s3/bucket/review_information_마크클라우드.csv', 'path/in/s3/bucket/review_information_메이븐클라우드서비스.csv', 'path/in/s3/bucket/review_information_블랙탠저린.csv', 'path/in/s3/bucket/review_information_비포플레이.csv', 'path/in/s3/bucket/review_information_스윗코리아.csv', 'path/in/s3/bucket/review_information_엠아이티.csv', 'path/in/s3/bucket/review_information_오케스트로.csv', 'path/in/s3/bucket/review_information_월급쟁이부자들.csv', 'path/in/s3/bucket/review_information_제니스앤컴퍼니.csv', 'path/in/s3/bucket/review_information_크리에이트립.csv', 'path/in/s3/bucket/review_information_키다리스튜디오.csv', 'path/in/s3/bucket/review_information_티니어.csv', 'path/in/s3/bucket/review_information_파인더스.csv', 'path/in/s3/bucket/review_information_파킹클라우드.csv']
[2024-01-17T04:04:47.575+0000] {jobinfo_jobplanet.py:110} INFO - 크리에이트립 있음
[2024-01-17T04:04:47.575+0000] {jobinfo_jobplanet.py:110} INFO - 데브툴즈 있음
[2024-01-17T04:04:47.575+0000] {jobinfo_jobplanet.py:110} INFO - 티니어 있음
[2024-01-17T04:04:47.576+0000] {jobinfo_jobplanet.py:110} INFO - 키다리스튜디오 있음
[2024-01-17T04:04:47.576+0000] {jobinfo_jobplanet.py:110} INFO - 마크클라우드 있음
[2024-01-17T04:04:47.577+0000] {jobinfo_jobplanet.py:110} INFO - 다큐브 있음
[2024-01-17T04:04:47.882+0000] {jobinfo_jobplanet.py:524} INFO -                                       review_summary  ... result_date
0                           시설이랑 식대는 좋지만 업무처리는 꽝인 회사  ...     no data
1                       허위광고, 과대포장으로 투자 땡기니까 달달하신가요?  ...     no data
2  일단 업무도 모르는 것들이 팀장을 하고 있음 피드백 느림, 권위주의적, 사람 조지기...  ...     no data
3                          더이상 소프트웨어 기업이 아닌 서버와 사람장사  ...     no data
4                                 적당히 다닐만한 회사라고 생각한다  ...     no data

[5 rows x 8 columns]
[2024-01-17T04:04:47.906+0000] {jobinfo_jobplanet.py:658} INFO - 오케스트로 정보 없ㅇ,ㅡ
[2024-01-17T04:04:47.909+0000] {jobinfo_jobplanet.py:659} INFO - Failed to read CSV file from S3: No JVM shared library file (libjvm.so) found. Try setting up the JAVA_HOME environment variable properly.
[2024-01-17T04:05:03.388+0000] {jobinfo_jobplanet.py:709} INFO - Error uploading file to S3: Unicode-objects must be encoded before hashing
[2024-01-17T04:05:03.496+0000] {jobinfo_jobplanet.py:176} INFO - Failed to read CSV file from S3: An error occurred (NoSuchKey) when calling the GetObject operation: The specified key does not exist.
[2024-01-17T04:05:03.614+0000] {taskinstance.py:1768} ERROR - Task failed with exception
Traceback (most recent call last):
  File "/home/airflow/.local/lib/python3.7/site-packages/airflow/operators/python.py", line 175, in execute
    return_value = self.execute_callable()
  File "/home/airflow/.local/lib/python3.7/site-packages/airflow/operators/python.py", line 192, in execute_callable
    return self.python_callable(*self.op_args, **self.op_kwargs)
  File "/opt/airflow/dags/jobinfo_jobplanet.py", line 178, in jobplanet_login
    summary_company = df['company'].tolist()
UnboundLocalError: local variable 'df' referenced before assignment
[2024-01-17T04:05:03.632+0000] {taskinstance.py:1323} INFO - Marking task as FAILED. dag_id=jobinfo_jobplanet, task_id=jobplanet_login, execution_date=20240117T040424, start_date=20240117T040431, end_date=20240117T040503
[2024-01-17T04:05:03.660+0000] {standard_task_runner.py:105} ERROR - Failed to execute job 4349 for task jobplanet_login (local variable 'df' referenced before assignment; 22957)
[2024-01-17T04:05:03.691+0000] {local_task_job.py:208} INFO - Task exited with return code 1
[2024-01-17T04:05:03.740+0000] {taskinstance.py:2578} INFO - 0 downstream tasks scheduled from follow-on schedule check
