[2024-01-13T06:31:33.415+0000] {taskinstance.py:1083} INFO - Dependencies all met for <TaskInstance: jumpit_jobinfo.upload_to_s3 scheduled__2024-01-11T09:00:00+00:00 [queued]>
[2024-01-13T06:31:33.423+0000] {taskinstance.py:1083} INFO - Dependencies all met for <TaskInstance: jumpit_jobinfo.upload_to_s3 scheduled__2024-01-11T09:00:00+00:00 [queued]>
[2024-01-13T06:31:33.423+0000] {taskinstance.py:1279} INFO - 
--------------------------------------------------------------------------------
[2024-01-13T06:31:33.423+0000] {taskinstance.py:1280} INFO - Starting attempt 1 of 2
[2024-01-13T06:31:33.423+0000] {taskinstance.py:1281} INFO - 
--------------------------------------------------------------------------------
[2024-01-13T06:31:33.438+0000] {taskinstance.py:1300} INFO - Executing <Task(PythonOperator): upload_to_s3> on 2024-01-11 09:00:00+00:00
[2024-01-13T06:31:33.443+0000] {standard_task_runner.py:55} INFO - Started process 70 to run task
[2024-01-13T06:31:33.446+0000] {standard_task_runner.py:82} INFO - Running: ['***', 'tasks', 'run', 'jumpit_jobinfo', 'upload_to_s3', 'scheduled__2024-01-11T09:00:00+00:00', '--job-id', '253', '--raw', '--subdir', 'DAGS_FOLDER/jobinfo_jumpit.py', '--cfg-path', '/tmp/tmp4syoh02v']
[2024-01-13T06:31:33.447+0000] {standard_task_runner.py:83} INFO - Job 253: Subtask upload_to_s3
[2024-01-13T06:31:33.499+0000] {task_command.py:388} INFO - Running <TaskInstance: jumpit_jobinfo.upload_to_s3 scheduled__2024-01-11T09:00:00+00:00 [running]> on host 28d6a5d0c640
[2024-01-13T06:31:33.582+0000] {taskinstance.py:1509} INFO - Exporting the following env vars:
AIRFLOW_CTX_DAG_OWNER=***
AIRFLOW_CTX_DAG_ID=jumpit_jobinfo
AIRFLOW_CTX_TASK_ID=upload_to_s3
AIRFLOW_CTX_EXECUTION_DATE=2024-01-11T09:00:00+00:00
AIRFLOW_CTX_TRY_NUMBER=1
AIRFLOW_CTX_DAG_RUN_ID=scheduled__2024-01-11T09:00:00+00:00
[2024-01-13T06:31:33.603+0000] {base.py:73} INFO - Using connection ID 's3_conn' for task execution.
[2024-01-13T06:31:33.603+0000] {connection_wrapper.py:334} INFO - AWS Connection (conn_id='s3_conn', conn_type='aws') credentials retrieved from login and password.
[2024-01-13T06:31:34.463+0000] {jobinfo_jumpit.py:113} INFO - File successfully uploaded to S3. Bucket: legoking, Key: path/in/s3/bucket/jobinfo_jumpit_v2.csv
[2024-01-13T06:31:34.464+0000] {python.py:177} INFO - Done. Returned value was: None
[2024-01-13T06:31:34.472+0000] {taskinstance.py:1323} INFO - Marking task as SUCCESS. dag_id=jumpit_jobinfo, task_id=upload_to_s3, execution_date=20240111T090000, start_date=20240113T063133, end_date=20240113T063134
[2024-01-13T06:31:34.502+0000] {local_task_job.py:208} INFO - Task exited with return code 0
[2024-01-13T06:31:34.520+0000] {taskinstance.py:2578} INFO - 1 downstream tasks scheduled from follow-on schedule check
