[2024-01-15T12:04:39.400+0000] {taskinstance.py:1083} INFO - Dependencies all met for <TaskInstance: jobinfo_slack.send_slack_closeDeadline manual__2024-01-15T12:04:26.410513+00:00 [queued]>
[2024-01-15T12:04:39.412+0000] {taskinstance.py:1083} INFO - Dependencies all met for <TaskInstance: jobinfo_slack.send_slack_closeDeadline manual__2024-01-15T12:04:26.410513+00:00 [queued]>
[2024-01-15T12:04:39.412+0000] {taskinstance.py:1279} INFO - 
--------------------------------------------------------------------------------
[2024-01-15T12:04:39.412+0000] {taskinstance.py:1280} INFO - Starting attempt 1 of 2
[2024-01-15T12:04:39.413+0000] {taskinstance.py:1281} INFO - 
--------------------------------------------------------------------------------
[2024-01-15T12:04:39.430+0000] {taskinstance.py:1300} INFO - Executing <Task(SlackWebhookOperator): send_slack_closeDeadline> on 2024-01-15 12:04:26.410513+00:00
[2024-01-15T12:04:39.436+0000] {standard_task_runner.py:55} INFO - Started process 35477 to run task
[2024-01-15T12:04:39.438+0000] {standard_task_runner.py:82} INFO - Running: ['***', 'tasks', 'run', 'jobinfo_slack', 'send_slack_closeDeadline', 'manual__2024-01-15T12:04:26.410513+00:00', '--job-id', '633', '--raw', '--subdir', 'DAGS_FOLDER/jobinfo_slack.py', '--cfg-path', '/tmp/tmpidm5bs5s']
[2024-01-15T12:04:39.438+0000] {standard_task_runner.py:83} INFO - Job 633: Subtask send_slack_closeDeadline
[2024-01-15T12:04:39.499+0000] {task_command.py:388} INFO - Running <TaskInstance: jobinfo_slack.send_slack_closeDeadline manual__2024-01-15T12:04:26.410513+00:00 [running]> on host 565f6bcc10b6
[2024-01-15T12:04:39.639+0000] {taskinstance.py:1509} INFO - Exporting the following env vars:
AIRFLOW_CTX_DAG_OWNER=***
AIRFLOW_CTX_DAG_ID=jobinfo_slack
AIRFLOW_CTX_TASK_ID=send_slack_closeDeadline
AIRFLOW_CTX_EXECUTION_DATE=2024-01-15T12:04:26.410513+00:00
AIRFLOW_CTX_TRY_NUMBER=1
AIRFLOW_CTX_DAG_RUN_ID=manual__2024-01-15T12:04:26.410513+00:00
[2024-01-15T12:04:39.641+0000] {warnings.py:110} WARNING - /home/***/.local/lib/python3.7/site-packages/***/providers/slack/operators/slack_webhook.py:173: UserWarning: Found unexpected keyword-argument(s) 'link_names' in `send` method. This argument(s) have no effect.
  link_names=self.link_names,

[2024-01-15T12:04:39.651+0000] {base.py:73} INFO - Using connection ID 'slack_conn' for task execution.
[2024-01-15T12:04:39.653+0000] {warnings.py:110} WARNING - /home/***/.local/lib/python3.7/site-packages/***/providers/slack/hooks/slack_webhook.py:226: DeprecationWarning: Found Slack Webhook Token URL in Connection 'slack_conn' `host` and `password` field is empty. This behaviour deprecated and could expose you token in the UI and will be removed in a future releases.
  return WebhookClient(**self._get_conn_params())

[2024-01-15T12:04:39.989+0000] {taskinstance.py:1323} INFO - Marking task as SUCCESS. dag_id=jobinfo_slack, task_id=send_slack_closeDeadline, execution_date=20240115T120426, start_date=20240115T120439, end_date=20240115T120439
[2024-01-15T12:04:40.051+0000] {local_task_job.py:208} INFO - Task exited with return code 0
[2024-01-15T12:04:40.068+0000] {taskinstance.py:2578} INFO - 0 downstream tasks scheduled from follow-on schedule check
