[2024-01-16T06:51:50.551+0000] {taskinstance.py:1083} INFO - Dependencies all met for <TaskInstance: jobinfo_jobplanet.s3_to_rds manual__2024-01-16T06:50:22.785732+00:00 [queued]>
[2024-01-16T06:51:50.561+0000] {taskinstance.py:1083} INFO - Dependencies all met for <TaskInstance: jobinfo_jobplanet.s3_to_rds manual__2024-01-16T06:50:22.785732+00:00 [queued]>
[2024-01-16T06:51:50.561+0000] {taskinstance.py:1279} INFO - 
--------------------------------------------------------------------------------
[2024-01-16T06:51:50.561+0000] {taskinstance.py:1280} INFO - Starting attempt 1 of 1
[2024-01-16T06:51:50.562+0000] {taskinstance.py:1281} INFO - 
--------------------------------------------------------------------------------
[2024-01-16T06:51:50.784+0000] {taskinstance.py:1300} INFO - Executing <Task(PythonOperator): s3_to_rds> on 2024-01-16 06:50:22.785732+00:00
[2024-01-16T06:51:50.792+0000] {standard_task_runner.py:55} INFO - Started process 64955 to run task
[2024-01-16T06:51:50.800+0000] {standard_task_runner.py:82} INFO - Running: ['***', 'tasks', 'run', 'jobinfo_jobplanet', 's3_to_rds', 'manual__2024-01-16T06:50:22.785732+00:00', '--job-id', '756', '--raw', '--subdir', 'DAGS_FOLDER/jobinfo_jobplanet.py', '--cfg-path', '/tmp/tmpl7bj92d0']
[2024-01-16T06:51:50.801+0000] {standard_task_runner.py:83} INFO - Job 756: Subtask s3_to_rds
[2024-01-16T06:51:50.872+0000] {task_command.py:388} INFO - Running <TaskInstance: jobinfo_jobplanet.s3_to_rds manual__2024-01-16T06:50:22.785732+00:00 [running]> on host 565f6bcc10b6
[2024-01-16T06:51:50.961+0000] {taskinstance.py:1509} INFO - Exporting the following env vars:
AIRFLOW_CTX_DAG_OWNER=***
AIRFLOW_CTX_DAG_ID=jobinfo_jobplanet
AIRFLOW_CTX_TASK_ID=s3_to_rds
AIRFLOW_CTX_EXECUTION_DATE=2024-01-16T06:50:22.785732+00:00
AIRFLOW_CTX_TRY_NUMBER=1
AIRFLOW_CTX_DAG_RUN_ID=manual__2024-01-16T06:50:22.785732+00:00
[2024-01-16T06:51:51.211+0000] {base.py:73} INFO - Using connection ID 'rds_conn' for task execution.
[2024-01-16T06:51:51.563+0000] {python.py:177} INFO - Done. Returned value was: None
[2024-01-16T06:51:51.572+0000] {taskinstance.py:1323} INFO - Marking task as SUCCESS. dag_id=jobinfo_jobplanet, task_id=s3_to_rds, execution_date=20240116T065022, start_date=20240116T065150, end_date=20240116T065151
[2024-01-16T06:51:51.617+0000] {local_task_job.py:208} INFO - Task exited with return code 0
[2024-01-16T06:51:51.633+0000] {taskinstance.py:2578} INFO - 0 downstream tasks scheduled from follow-on schedule check
