[2024-01-10T18:43:22.898+0000] {taskinstance.py:1083} INFO - Dependencies all met for <TaskInstance: read_to_local_mysql.execute_sql_and_return_result manual__2024-01-10T18:42:59.500409+00:00 [queued]>
[2024-01-10T18:43:22.918+0000] {taskinstance.py:1083} INFO - Dependencies all met for <TaskInstance: read_to_local_mysql.execute_sql_and_return_result manual__2024-01-10T18:42:59.500409+00:00 [queued]>
[2024-01-10T18:43:22.919+0000] {taskinstance.py:1279} INFO - 
--------------------------------------------------------------------------------
[2024-01-10T18:43:22.921+0000] {taskinstance.py:1280} INFO - Starting attempt 1 of 2
[2024-01-10T18:43:22.921+0000] {taskinstance.py:1281} INFO - 
--------------------------------------------------------------------------------
[2024-01-10T18:43:22.953+0000] {taskinstance.py:1300} INFO - Executing <Task(PythonOperator): execute_sql_and_return_result> on 2024-01-10 18:42:59.500409+00:00
[2024-01-10T18:43:22.959+0000] {standard_task_runner.py:55} INFO - Started process 171 to run task
[2024-01-10T18:43:22.964+0000] {standard_task_runner.py:82} INFO - Running: ['***', 'tasks', 'run', 'read_to_local_mysql', 'execute_sql_and_return_result', 'manual__2024-01-10T18:42:59.500409+00:00', '--job-id', '22', '--raw', '--subdir', 'DAGS_FOLDER/mysql_test_2.py', '--cfg-path', '/tmp/tmp7xy3spmt']
[2024-01-10T18:43:22.966+0000] {standard_task_runner.py:83} INFO - Job 22: Subtask execute_sql_and_return_result
[2024-01-10T18:43:23.066+0000] {task_command.py:388} INFO - Running <TaskInstance: read_to_local_mysql.execute_sql_and_return_result manual__2024-01-10T18:42:59.500409+00:00 [running]> on host 1064147bcaa7
[2024-01-10T18:43:23.161+0000] {taskinstance.py:1509} INFO - Exporting the following env vars:
AIRFLOW_CTX_DAG_OWNER=***
AIRFLOW_CTX_DAG_ID=read_to_local_mysql
AIRFLOW_CTX_TASK_ID=execute_sql_and_return_result
AIRFLOW_CTX_EXECUTION_DATE=2024-01-10T18:42:59.500409+00:00
AIRFLOW_CTX_TRY_NUMBER=1
AIRFLOW_CTX_DAG_RUN_ID=manual__2024-01-10T18:42:59.500409+00:00
[2024-01-10T18:43:23.163+0000] {python.py:177} INFO - Done. Returned value was: SELECT jobinfo_test.table_1.company, position, location, review
                FROM jobinfo_test.table_1
                JOIN jobinfo_test.table_2
                ON jobinfo_test.table_1.company = jobinfo_test.table_2.company;
    
[2024-01-10T18:43:23.193+0000] {taskinstance.py:1323} INFO - Marking task as SUCCESS. dag_id=read_to_local_mysql, task_id=execute_sql_and_return_result, execution_date=20240110T184259, start_date=20240110T184322, end_date=20240110T184323
[2024-01-10T18:43:23.216+0000] {local_task_job.py:208} INFO - Task exited with return code 0
[2024-01-10T18:43:23.253+0000] {taskinstance.py:2578} INFO - 0 downstream tasks scheduled from follow-on schedule check
