[2024-01-16T16:10:09.624+0000] {taskinstance.py:1083} INFO - Dependencies all met for <TaskInstance: jobinfo_jobplanet.read_s3_file manual__2024-01-16T16:10:04.589252+00:00 [queued]>
[2024-01-16T16:10:09.640+0000] {taskinstance.py:1083} INFO - Dependencies all met for <TaskInstance: jobinfo_jobplanet.read_s3_file manual__2024-01-16T16:10:04.589252+00:00 [queued]>
[2024-01-16T16:10:09.640+0000] {taskinstance.py:1279} INFO - 
--------------------------------------------------------------------------------
[2024-01-16T16:10:09.640+0000] {taskinstance.py:1280} INFO - Starting attempt 1 of 1
[2024-01-16T16:10:09.640+0000] {taskinstance.py:1281} INFO - 
--------------------------------------------------------------------------------
[2024-01-16T16:10:10.037+0000] {taskinstance.py:1300} INFO - Executing <Task(PythonOperator): read_s3_file> on 2024-01-16 16:10:04.589252+00:00
[2024-01-16T16:10:10.059+0000] {standard_task_runner.py:55} INFO - Started process 8015 to run task
[2024-01-16T16:10:10.061+0000] {standard_task_runner.py:82} INFO - Running: ['***', 'tasks', 'run', 'jobinfo_jobplanet', 'read_s3_file', 'manual__2024-01-16T16:10:04.589252+00:00', '--job-id', '4285', '--raw', '--subdir', 'DAGS_FOLDER/jobinfo_jobplanet.py', '--cfg-path', '/tmp/tmphvkt3p98']
[2024-01-16T16:10:10.061+0000] {standard_task_runner.py:83} INFO - Job 4285: Subtask read_s3_file
[2024-01-16T16:10:10.188+0000] {task_command.py:388} INFO - Running <TaskInstance: jobinfo_jobplanet.read_s3_file manual__2024-01-16T16:10:04.589252+00:00 [running]> on host 565f6bcc10b6
[2024-01-16T16:10:10.387+0000] {taskinstance.py:1509} INFO - Exporting the following env vars:
AIRFLOW_CTX_DAG_OWNER=***
AIRFLOW_CTX_DAG_ID=jobinfo_jobplanet
AIRFLOW_CTX_TASK_ID=read_s3_file
AIRFLOW_CTX_EXECUTION_DATE=2024-01-16T16:10:04.589252+00:00
AIRFLOW_CTX_TRY_NUMBER=1
AIRFLOW_CTX_DAG_RUN_ID=manual__2024-01-16T16:10:04.589252+00:00
[2024-01-16T16:10:10.638+0000] {jobinfo_jobplanet.py:718} INFO - none
[2024-01-16T16:10:10.727+0000] {python.py:177} INFO - Done. Returned value was: ['path/in/s3/bucket/jobinfo_jumpit.csv']
[2024-01-16T16:10:10.764+0000] {taskinstance.py:1323} INFO - Marking task as SUCCESS. dag_id=jobinfo_jobplanet, task_id=read_s3_file, execution_date=20240116T161004, start_date=20240116T161009, end_date=20240116T161010
[2024-01-16T16:10:10.833+0000] {local_task_job.py:208} INFO - Task exited with return code 0
[2024-01-16T16:10:10.863+0000] {taskinstance.py:2578} INFO - 1 downstream tasks scheduled from follow-on schedule check
