[2024-01-14T02:00:02.524+0000] {taskinstance.py:1083} INFO - Dependencies all met for <TaskInstance: HelloWorld.print_goodbye scheduled__2024-01-13T02:00:00+00:00 [queued]>
[2024-01-14T02:00:02.531+0000] {taskinstance.py:1083} INFO - Dependencies all met for <TaskInstance: HelloWorld.print_goodbye scheduled__2024-01-13T02:00:00+00:00 [queued]>
[2024-01-14T02:00:02.532+0000] {taskinstance.py:1279} INFO - 
--------------------------------------------------------------------------------
[2024-01-14T02:00:02.532+0000] {taskinstance.py:1280} INFO - Starting attempt 1 of 1
[2024-01-14T02:00:02.532+0000] {taskinstance.py:1281} INFO - 
--------------------------------------------------------------------------------
[2024-01-14T02:00:02.547+0000] {taskinstance.py:1300} INFO - Executing <Task(PythonOperator): print_goodbye> on 2024-01-13 02:00:00+00:00
[2024-01-14T02:00:02.551+0000] {standard_task_runner.py:55} INFO - Started process 6823 to run task
[2024-01-14T02:00:02.553+0000] {standard_task_runner.py:82} INFO - Running: ['***', 'tasks', 'run', 'HelloWorld', 'print_goodbye', 'scheduled__2024-01-13T02:00:00+00:00', '--job-id', '397', '--raw', '--subdir', 'DAGS_FOLDER/HelloWorld.py', '--cfg-path', '/tmp/tmpu3r6elxd']
[2024-01-14T02:00:02.554+0000] {standard_task_runner.py:83} INFO - Job 397: Subtask print_goodbye
[2024-01-14T02:00:02.606+0000] {task_command.py:388} INFO - Running <TaskInstance: HelloWorld.print_goodbye scheduled__2024-01-13T02:00:00+00:00 [running]> on host 7b77d04f99d6
[2024-01-14T02:00:02.670+0000] {taskinstance.py:1509} INFO - Exporting the following env vars:
AIRFLOW_CTX_DAG_OWNER=***
AIRFLOW_CTX_DAG_ID=HelloWorld
AIRFLOW_CTX_TASK_ID=print_goodbye
AIRFLOW_CTX_EXECUTION_DATE=2024-01-13T02:00:00+00:00
AIRFLOW_CTX_TRY_NUMBER=1
AIRFLOW_CTX_DAG_RUN_ID=scheduled__2024-01-13T02:00:00+00:00
[2024-01-14T02:00:02.671+0000] {logging_mixin.py:137} INFO - goodbye!
[2024-01-14T02:00:02.672+0000] {python.py:177} INFO - Done. Returned value was: goodbye!
[2024-01-14T02:00:02.695+0000] {taskinstance.py:1323} INFO - Marking task as SUCCESS. dag_id=HelloWorld, task_id=print_goodbye, execution_date=20240113T020000, start_date=20240114T020002, end_date=20240114T020002
[2024-01-14T02:00:02.726+0000] {local_task_job.py:208} INFO - Task exited with return code 0
[2024-01-14T02:00:02.740+0000] {taskinstance.py:2578} INFO - 0 downstream tasks scheduled from follow-on schedule check
