[2024-01-15T13:12:27.349+0000] {taskinstance.py:1083} INFO - Dependencies all met for <TaskInstance: jobinfo_slack.closeDeadline_sql_and_return_result manual__2024-01-15T13:12:20.698225+00:00 [queued]>
[2024-01-15T13:12:27.398+0000] {taskinstance.py:1083} INFO - Dependencies all met for <TaskInstance: jobinfo_slack.closeDeadline_sql_and_return_result manual__2024-01-15T13:12:20.698225+00:00 [queued]>
[2024-01-15T13:12:27.398+0000] {taskinstance.py:1279} INFO - 
--------------------------------------------------------------------------------
[2024-01-15T13:12:27.398+0000] {taskinstance.py:1280} INFO - Starting attempt 1 of 2
[2024-01-15T13:12:27.398+0000] {taskinstance.py:1281} INFO - 
--------------------------------------------------------------------------------
[2024-01-15T13:12:27.426+0000] {taskinstance.py:1300} INFO - Executing <Task(PythonOperator): closeDeadline_sql_and_return_result> on 2024-01-15 13:12:20.698225+00:00
[2024-01-15T13:12:27.431+0000] {standard_task_runner.py:55} INFO - Started process 38830 to run task
[2024-01-15T13:12:27.447+0000] {standard_task_runner.py:82} INFO - Running: ['***', 'tasks', 'run', 'jobinfo_slack', 'closeDeadline_sql_and_return_result', 'manual__2024-01-15T13:12:20.698225+00:00', '--job-id', '658', '--raw', '--subdir', 'DAGS_FOLDER/jobinfo_slack.py', '--cfg-path', '/tmp/tmpvdchex2g']
[2024-01-15T13:12:27.449+0000] {standard_task_runner.py:83} INFO - Job 658: Subtask closeDeadline_sql_and_return_result
[2024-01-15T13:12:27.571+0000] {task_command.py:388} INFO - Running <TaskInstance: jobinfo_slack.closeDeadline_sql_and_return_result manual__2024-01-15T13:12:20.698225+00:00 [running]> on host 565f6bcc10b6
[2024-01-15T13:12:27.730+0000] {taskinstance.py:1509} INFO - Exporting the following env vars:
AIRFLOW_CTX_DAG_OWNER=***
AIRFLOW_CTX_DAG_ID=jobinfo_slack
AIRFLOW_CTX_TASK_ID=closeDeadline_sql_and_return_result
AIRFLOW_CTX_EXECUTION_DATE=2024-01-15T13:12:20.698225+00:00
AIRFLOW_CTX_TRY_NUMBER=1
AIRFLOW_CTX_DAG_RUN_ID=manual__2024-01-15T13:12:20.698225+00:00
[2024-01-15T13:12:27.745+0000] {base.py:73} INFO - Using connection ID 'rds_conn' for task execution.
[2024-01-15T13:12:27.829+0000] {logging_mixin.py:137} INFO - +--------+-------------------+------------------------------------------+------------+-----------------------------------------+
| 회사명 |        직급       |                 필요역량                 |  마감기한  |                채용페이지               |
+--------+-------------------+------------------------------------------+------------+-----------------------------------------+
| 다큐브 | 백엔드개발 리더급 | Java· Spring· spring boot· REST API· AWS | 2024-01-15 | https://www.jumpit.co.kr/position/22036 |
+--------+-------------------+------------------------------------------+------------+-----------------------------------------+
[2024-01-15T13:12:27.830+0000] {python.py:177} INFO - Done. Returned value was: +--------+-------------------+------------------------------------------+------------+-----------------------------------------+
| 회사명 |        직급       |                 필요역량                 |  마감기한  |                채용페이지               |
+--------+-------------------+------------------------------------------+------------+-----------------------------------------+
| 다큐브 | 백엔드개발 리더급 | Java· Spring· spring boot· REST API· AWS | 2024-01-15 | https://www.jumpit.co.kr/position/22036 |
+--------+-------------------+------------------------------------------+------------+-----------------------------------------+
[2024-01-15T13:12:27.875+0000] {taskinstance.py:1323} INFO - Marking task as SUCCESS. dag_id=jobinfo_slack, task_id=closeDeadline_sql_and_return_result, execution_date=20240115T131220, start_date=20240115T131227, end_date=20240115T131227
[2024-01-15T13:12:27.938+0000] {local_task_job.py:208} INFO - Task exited with return code 0
[2024-01-15T13:12:28.015+0000] {taskinstance.py:2578} INFO - 1 downstream tasks scheduled from follow-on schedule check
