[2024-01-17T07:58:46.589+0000] {taskinstance.py:1083} INFO - Dependencies all met for <TaskInstance: jobinfo_slack.postAndReview_sql_and_return_result manual__2024-01-17T07:58:42.846322+00:00 [queued]>
[2024-01-17T07:58:46.597+0000] {taskinstance.py:1083} INFO - Dependencies all met for <TaskInstance: jobinfo_slack.postAndReview_sql_and_return_result manual__2024-01-17T07:58:42.846322+00:00 [queued]>
[2024-01-17T07:58:46.598+0000] {taskinstance.py:1279} INFO - 
--------------------------------------------------------------------------------
[2024-01-17T07:58:46.599+0000] {taskinstance.py:1280} INFO - Starting attempt 1 of 2
[2024-01-17T07:58:46.599+0000] {taskinstance.py:1281} INFO - 
--------------------------------------------------------------------------------
[2024-01-17T07:58:46.631+0000] {taskinstance.py:1300} INFO - Executing <Task(PythonOperator): postAndReview_sql_and_return_result> on 2024-01-17 07:58:42.846322+00:00
[2024-01-17T07:58:46.637+0000] {standard_task_runner.py:55} INFO - Started process 1461 to run task
[2024-01-17T07:58:46.641+0000] {standard_task_runner.py:82} INFO - Running: ['***', 'tasks', 'run', 'jobinfo_slack', 'postAndReview_sql_and_return_result', 'manual__2024-01-17T07:58:42.846322+00:00', '--job-id', '4695', '--raw', '--subdir', 'DAGS_FOLDER/jobinfo_slack.py', '--cfg-path', '/tmp/tmp_evjuwmx']
[2024-01-17T07:58:46.641+0000] {standard_task_runner.py:83} INFO - Job 4695: Subtask postAndReview_sql_and_return_result
[2024-01-17T07:58:46.771+0000] {task_command.py:388} INFO - Running <TaskInstance: jobinfo_slack.postAndReview_sql_and_return_result manual__2024-01-17T07:58:42.846322+00:00 [running]> on host 565f6bcc10b6
[2024-01-17T07:58:46.902+0000] {taskinstance.py:1509} INFO - Exporting the following env vars:
AIRFLOW_CTX_DAG_OWNER=***
AIRFLOW_CTX_DAG_ID=jobinfo_slack
AIRFLOW_CTX_TASK_ID=postAndReview_sql_and_return_result
AIRFLOW_CTX_EXECUTION_DATE=2024-01-17T07:58:42.846322+00:00
AIRFLOW_CTX_TRY_NUMBER=1
AIRFLOW_CTX_DAG_RUN_ID=manual__2024-01-17T07:58:42.846322+00:00
[2024-01-17T07:58:46.914+0000] {base.py:73} INFO - Using connection ID 'rds_conn' for task execution.
[2024-01-17T07:58:46.972+0000] {logging_mixin.py:137} INFO - +----------------------+------------------------------------------------------------------------------+-------------------------------------------------------------------------------------------+--------------------------------------------------------------------------------------------+
|        회사명        |                                     장점                                     |                                            단점                                           |                                    면접 분위기 및 답변                                     |
+----------------------+------------------------------------------------------------------------------+-------------------------------------------------------------------------------------------+--------------------------------------------------------------------------------------------+
|        다큐브        |                    좋음, 있음, 사람들, 주변에, 근무, 좋다                    |          모기업에, 너무, 묶여있고, 비전이, 적어, 보인다, 크고, 싶다면, 얼른, 이직         | 이전, 프로젝트, 경험으로, 답변했고, 긍정적인, 답변을, 받음, 좋았음, 무난한, 면접이였습니다 |
|       데브툴즈       |                           있음, 지원, 있는, 출퇴근                           |                                 거의, 전혀, 분위기임, 없는                                |                    면접을, 매우, 싶은, 같다, 대표가, 오히려, 같이, 말을                    |
|     레몬클라우드     |                                     없음                                     |                                            없음                                           |                                          중점으로                                          |
|         로민         |                                재택근무, 있음                                |                          않는, 많이, 야근, 때문에, 업무, 공감하지                         |                                        합니다, 어떤                                        |
|         론픽         |                                  정보 없음                                   |                                         정보 없음                                         |                                         정보 없음                                          |
|     롯데헬스케어     |         아점저, 다, 줘요, 대기업이지만, 개발일, 하기, 비교적, 괜찮음         | 스타트업이기, 때문에, 대기업보단, 로드가, 있다, 잠실역이라, 2호선, 지옥철을, 견뎌야, 한다 |                                    실무, 많이, 필요없는                                    |
|     마크클라우드     | 다양한, 있는, 자유로운, 않습니다, 좋은, 사람이, 경험할, 기회, 회사에, 간식이 |           시간, 하고, 야근, 모든, 일이, 프로젝트를, 것이, 또한, 일을, 생각합니다          |                                            없음                                            |
| 메이븐클라우드서비스 |                           지원, 연봉, 개인의, 여러                           |             관리,, 너무, 많았음, 전혀, 않는, 회사, 구축,, 데이터, 하기엔, 사용            |      부모님, 나이와, 하시는, 일,, 형제는, 있는지,, 연애, 여부,, 부모님이, 결혼하라고       |
|      블랙탠저린      |                         가야할지, 해볼, 있었다, 실제                         |         빠른, 성장을, 위해서, 삶의, 희생이, 있어야, 함, 회사의, 목표에, 공감한다면        |    없다고, 하였는데, 뭔가, 크게, 좌절을, 하고, 견뎌낸, 경험담을, 듣고싶어하셨던것, 같다    |
|      비포플레이      |                               재택근무, 장점이                               |                                너무, 생각함, 기획서, 사람을                               |                                     1일, 후, 개인면접                                      |
|     엠투클라우드     |    가정의달이, 있어서, 2주에, 한번씩, 금요일에, 4시에, 일이, 연차, 가능함    |                 없음, 직원을, 대하는, 연봉이, 위한, 퇴사율이, 높고, 복지가                |                                           질문에                                           |
|    올라운드닥터스    |                                  정보 없음                                   |                                         정보 없음                                         |                                         정보 없음                                          |
|    월급쟁이부자들    |        있어서, 회사, 많이, 있는, 있음, 문화가, 일을, 나면, 투자, 돈을        |        업무, 지금, 하는, 업무가, 성장이라고, 분위기, 아직, 온보딩, 사내, 필요합니다       |                                        시간을, 면접                                        |
|     크리에이트립     |                          좋고, 자유롭게, 연차, 사용                          |          야근을, 하는, 밖에, 없는, 사람들에, 대한, 평가가, 후하게, 평가를, 잘하는         |      것, 전체적으로, 젊은, 나이대, 직원들과, 면접을, 진행해서, 편했다, 경험적, 질문은      |
|   클라우드호스피탈   |                                   들어온다                                   |               기업의, 체계가, 잡혀있지, 않다, 업무에, 관해서도, 마찬가지이다              |         면접, 답변에, 대해, 거의, 모든, 것을, 답했지만,, 틀린, 답변도, 있었습니다          |
|    키다리스튜디오    |                                     없음                                     |                                            없음                                           |                          많이, 살짝, 많은, 때문에, 어려운, 질문을                          |
|        티니어        |                          자유로운, 좋은, 회사, 점심                          |                                      굳이, 다들, 직접                                     |                                        면접을, 받을                                        |
|       파인더스       |                                     없음                                     |                                            없음                                           |          대해, 상당히, 어떤, 가지고, 받았습니다, 회사에, 편하게, ->, 내가, 성장할          |
|     파킹클라우드     |                             자유로운, 좋았습니다                             |                                     너무, 없고, 사람은                                    |            면접, 대용량, 그만큼, 2차, 그리고, 보고, 하고, 사무실, 이직, 말했음             |
+----------------------+------------------------------------------------------------------------------+-------------------------------------------------------------------------------------------+--------------------------------------------------------------------------------------------+
[2024-01-17T07:58:46.973+0000] {python.py:177} INFO - Done. Returned value was: +----------------------+------------------------------------------------------------------------------+-------------------------------------------------------------------------------------------+--------------------------------------------------------------------------------------------+
|        회사명        |                                     장점                                     |                                            단점                                           |                                    면접 분위기 및 답변                                     |
+----------------------+------------------------------------------------------------------------------+-------------------------------------------------------------------------------------------+--------------------------------------------------------------------------------------------+
|        다큐브        |                    좋음, 있음, 사람들, 주변에, 근무, 좋다                    |          모기업에, 너무, 묶여있고, 비전이, 적어, 보인다, 크고, 싶다면, 얼른, 이직         | 이전, 프로젝트, 경험으로, 답변했고, 긍정적인, 답변을, 받음, 좋았음, 무난한, 면접이였습니다 |
|       데브툴즈       |                           있음, 지원, 있는, 출퇴근                           |                                 거의, 전혀, 분위기임, 없는                                |                    면접을, 매우, 싶은, 같다, 대표가, 오히려, 같이, 말을                    |
|     레몬클라우드     |                                     없음                                     |                                            없음                                           |                                          중점으로                                          |
|         로민         |                                재택근무, 있음                                |                          않는, 많이, 야근, 때문에, 업무, 공감하지                         |                                        합니다, 어떤                                        |
|         론픽         |                                  정보 없음                                   |                                         정보 없음                                         |                                         정보 없음                                          |
|     롯데헬스케어     |         아점저, 다, 줘요, 대기업이지만, 개발일, 하기, 비교적, 괜찮음         | 스타트업이기, 때문에, 대기업보단, 로드가, 있다, 잠실역이라, 2호선, 지옥철을, 견뎌야, 한다 |                                    실무, 많이, 필요없는                                    |
|     마크클라우드     | 다양한, 있는, 자유로운, 않습니다, 좋은, 사람이, 경험할, 기회, 회사에, 간식이 |           시간, 하고, 야근, 모든, 일이, 프로젝트를, 것이, 또한, 일을, 생각합니다          |                                            없음                                            |
| 메이븐클라우드서비스 |                           지원, 연봉, 개인의, 여러                           |             관리,, 너무, 많았음, 전혀, 않는, 회사, 구축,, 데이터, 하기엔, 사용            |      부모님, 나이와, 하시는, 일,, 형제는, 있는지,, 연애, 여부,, 부모님이, 결혼하라고       |
|      블랙탠저린      |                         가야할지, 해볼, 있었다, 실제                         |         빠른, 성장을, 위해서, 삶의, 희생이, 있어야, 함, 회사의, 목표에, 공감한다면        |    없다고, 하였는데, 뭔가, 크게, 좌절을, 하고, 견뎌낸, 경험담을, 듣고싶어하셨던것, 같다    |
|      비포플레이      |                               재택근무, 장점이                               |                                너무, 생각함, 기획서, 사람을                               |                                     1일, 후, 개인면접                                      |
|     엠투클라우드     |    가정의달이, 있어서, 2주에, 한번씩, 금요일에, 4시에, 일이, 연차, 가능함    |                 없음, 직원을, 대하는, 연봉이, 위한, 퇴사율이, 높고, 복지가                |                                           질문에                                           |
|    올라운드닥터스    |                                  정보 없음                                   |                                         정보 없음                                         |                                         정보 없음                                          |
|    월급쟁이부자들    |        있어서, 회사, 많이, 있는, 있음, 문화가, 일을, 나면, 투자, 돈을        |        업무, 지금, 하는, 업무가, 성장이라고, 분위기, 아직, 온보딩, 사내, 필요합니다       |                                        시간을, 면접                                        |
|     크리에이트립     |                          좋고, 자유롭게, 연차, 사용                          |          야근을, 하는, 밖에, 없는, 사람들에, 대한, 평가가, 후하게, 평가를, 잘하는         |      것, 전체적으로, 젊은, 나이대, 직원들과, 면접을, 진행해서, 편했다, 경험적, 질문은      |
|   클라우드호스피탈   |                                   들어온다                                   |               기업의, 체계가, 잡혀있지, 않다, 업무에, 관해서도, 마찬가지이다              |         면접, 답변에, 대해, 거의, 모든, 것을, 답했지만,, 틀린, 답변도, 있었습니다          |
|    키다리스튜디오    |                                     없음                                     |                                            없음                                           |                          많이, 살짝, 많은, 때문에, 어려운, 질문을                          |
|        티니어        |                          자유로운, 좋은, 회사, 점심                          |                                      굳이, 다들, 직접                                     |                                        면접을, 받을                                        |
|       파인더스       |                                     없음                                     |                                            없음                                           |          대해, 상당히, 어떤, 가지고, 받았습니다, 회사에, 편하게, ->, 내가, 성장할          |
|     파킹클라우드     |                             자유로운, 좋았습니다                             |                                     너무, 없고, 사람은                                    |            면접, 대용량, 그만큼, 2차, 그리고, 보고, 하고, 사무실, 이직, 말했음             |
+----------------------+------------------------------------------------------------------------------+-------------------------------------------------------------------------------------------+--------------------------------------------------------------------------------------------+
[2024-01-17T07:58:47.039+0000] {taskinstance.py:1323} INFO - Marking task as SUCCESS. dag_id=jobinfo_slack, task_id=postAndReview_sql_and_return_result, execution_date=20240117T075842, start_date=20240117T075846, end_date=20240117T075847
[2024-01-17T07:58:47.105+0000] {local_task_job.py:208} INFO - Task exited with return code 0
[2024-01-17T07:58:47.163+0000] {taskinstance.py:2578} INFO - 1 downstream tasks scheduled from follow-on schedule check
