[2024-01-06T09:00:12.961+0000] {taskinstance.py:1083} INFO - Dependencies all met for <TaskInstance: dag_v1.sleep scheduled__2024-01-05T09:00:00+00:00 [queued]>
[2024-01-06T09:00:13.008+0000] {taskinstance.py:1083} INFO - Dependencies all met for <TaskInstance: dag_v1.sleep scheduled__2024-01-05T09:00:00+00:00 [queued]>
[2024-01-06T09:00:13.008+0000] {taskinstance.py:1279} INFO - 
--------------------------------------------------------------------------------
[2024-01-06T09:00:13.009+0000] {taskinstance.py:1280} INFO - Starting attempt 1 of 2
[2024-01-06T09:00:13.009+0000] {taskinstance.py:1281} INFO - 
--------------------------------------------------------------------------------
[2024-01-06T09:00:13.124+0000] {taskinstance.py:1300} INFO - Executing <Task(BashOperator): sleep> on 2024-01-05 09:00:00+00:00
[2024-01-06T09:00:13.159+0000] {standard_task_runner.py:55} INFO - Started process 684 to run task
[2024-01-06T09:00:13.162+0000] {standard_task_runner.py:82} INFO - Running: ['***', 'tasks', 'run', 'dag_v1', 'sleep', 'scheduled__2024-01-05T09:00:00+00:00', '--job-id', '415', '--raw', '--subdir', 'DAGS_FOLDER/TestDAG.py', '--cfg-path', '/tmp/tmp6mvi1g_l']
[2024-01-06T09:00:13.163+0000] {standard_task_runner.py:83} INFO - Job 415: Subtask sleep
[2024-01-06T09:00:13.439+0000] {task_command.py:388} INFO - Running <TaskInstance: dag_v1.sleep scheduled__2024-01-05T09:00:00+00:00 [running]> on host 94a41844be4a
[2024-01-06T09:00:13.930+0000] {taskinstance.py:1509} INFO - Exporting the following env vars:
AIRFLOW_CTX_DAG_EMAIL=keeyonghan@hotmail.com
AIRFLOW_CTX_DAG_OWNER=keeyong
AIRFLOW_CTX_DAG_ID=dag_v1
AIRFLOW_CTX_TASK_ID=sleep
AIRFLOW_CTX_EXECUTION_DATE=2024-01-05T09:00:00+00:00
AIRFLOW_CTX_TRY_NUMBER=1
AIRFLOW_CTX_DAG_RUN_ID=scheduled__2024-01-05T09:00:00+00:00
[2024-01-06T09:00:13.932+0000] {subprocess.py:63} INFO - Tmp dir root location: 
 /tmp
[2024-01-06T09:00:13.933+0000] {subprocess.py:75} INFO - Running command: ['/bin/bash', '-c', 'sleep 5']
[2024-01-06T09:00:13.979+0000] {subprocess.py:86} INFO - Output:
[2024-01-06T09:00:19.001+0000] {subprocess.py:97} INFO - Command exited with return code 0
[2024-01-06T09:00:19.111+0000] {taskinstance.py:1323} INFO - Marking task as SUCCESS. dag_id=dag_v1, task_id=sleep, execution_date=20240105T090000, start_date=20240106T090012, end_date=20240106T090019
[2024-01-06T09:00:19.210+0000] {local_task_job.py:208} INFO - Task exited with return code 0
[2024-01-06T09:00:19.270+0000] {taskinstance.py:2578} INFO - 0 downstream tasks scheduled from follow-on schedule check
