[2024-01-17T08:56:16.975+0000] {taskinstance.py:1083} INFO - Dependencies all met for <TaskInstance: jobinfo_jobplanet.s3_to_rds manual__2024-01-17T08:26:26.917406+00:00 [queued]>
[2024-01-17T08:56:16.982+0000] {taskinstance.py:1083} INFO - Dependencies all met for <TaskInstance: jobinfo_jobplanet.s3_to_rds manual__2024-01-17T08:26:26.917406+00:00 [queued]>
[2024-01-17T08:56:16.982+0000] {taskinstance.py:1279} INFO - 
--------------------------------------------------------------------------------
[2024-01-17T08:56:16.982+0000] {taskinstance.py:1280} INFO - Starting attempt 1 of 1
[2024-01-17T08:56:16.982+0000] {taskinstance.py:1281} INFO - 
--------------------------------------------------------------------------------
[2024-01-17T08:56:16.994+0000] {taskinstance.py:1300} INFO - Executing <Task(PythonOperator): s3_to_rds> on 2024-01-17 08:26:26.917406+00:00
[2024-01-17T08:56:17.000+0000] {standard_task_runner.py:55} INFO - Started process 4308 to run task
[2024-01-17T08:56:17.002+0000] {standard_task_runner.py:82} INFO - Running: ['***', 'tasks', 'run', 'jobinfo_jobplanet', 's3_to_rds', 'manual__2024-01-17T08:26:26.917406+00:00', '--job-id', '4716', '--raw', '--subdir', 'DAGS_FOLDER/jobinfo_jobplanet.py', '--cfg-path', '/tmp/tmpkhx0yiri']
[2024-01-17T08:56:17.003+0000] {standard_task_runner.py:83} INFO - Job 4716: Subtask s3_to_rds
[2024-01-17T08:56:17.071+0000] {task_command.py:388} INFO - Running <TaskInstance: jobinfo_jobplanet.s3_to_rds manual__2024-01-17T08:26:26.917406+00:00 [running]> on host 565f6bcc10b6
[2024-01-17T08:56:17.158+0000] {taskinstance.py:1509} INFO - Exporting the following env vars:
AIRFLOW_CTX_DAG_OWNER=***
AIRFLOW_CTX_DAG_ID=jobinfo_jobplanet
AIRFLOW_CTX_TASK_ID=s3_to_rds
AIRFLOW_CTX_EXECUTION_DATE=2024-01-17T08:26:26.917406+00:00
AIRFLOW_CTX_TRY_NUMBER=1
AIRFLOW_CTX_DAG_RUN_ID=manual__2024-01-17T08:26:26.917406+00:00
[2024-01-17T08:56:17.324+0000] {base.py:73} INFO - Using connection ID 'rds_conn' for task execution.
[2024-01-17T08:56:17.454+0000] {jobinfo_jobplanet.py:747} INFO - sql insert start
[2024-01-17T08:56:17.458+0000] {jobinfo_jobplanet.py:747} INFO - sql insert start
[2024-01-17T08:56:17.463+0000] {jobinfo_jobplanet.py:747} INFO - sql insert start
[2024-01-17T08:56:17.467+0000] {jobinfo_jobplanet.py:747} INFO - sql insert start
[2024-01-17T08:56:17.471+0000] {jobinfo_jobplanet.py:747} INFO - sql insert start
[2024-01-17T08:56:17.474+0000] {jobinfo_jobplanet.py:747} INFO - sql insert start
[2024-01-17T08:56:17.478+0000] {jobinfo_jobplanet.py:747} INFO - sql insert start
[2024-01-17T08:56:17.481+0000] {jobinfo_jobplanet.py:747} INFO - sql insert start
[2024-01-17T08:56:17.486+0000] {jobinfo_jobplanet.py:747} INFO - sql insert start
[2024-01-17T08:56:17.489+0000] {jobinfo_jobplanet.py:747} INFO - sql insert start
[2024-01-17T08:56:17.493+0000] {jobinfo_jobplanet.py:747} INFO - sql insert start
[2024-01-17T08:56:17.496+0000] {jobinfo_jobplanet.py:747} INFO - sql insert start
[2024-01-17T08:56:17.500+0000] {jobinfo_jobplanet.py:747} INFO - sql insert start
[2024-01-17T08:56:17.503+0000] {jobinfo_jobplanet.py:747} INFO - sql insert start
[2024-01-17T08:56:17.507+0000] {jobinfo_jobplanet.py:747} INFO - sql insert start
[2024-01-17T08:56:17.510+0000] {jobinfo_jobplanet.py:747} INFO - sql insert start
[2024-01-17T08:56:17.514+0000] {jobinfo_jobplanet.py:747} INFO - sql insert start
[2024-01-17T08:56:17.517+0000] {jobinfo_jobplanet.py:747} INFO - sql insert start
[2024-01-17T08:56:17.521+0000] {jobinfo_jobplanet.py:747} INFO - sql insert start
[2024-01-17T08:56:17.526+0000] {python.py:177} INFO - Done. Returned value was: None
[2024-01-17T08:56:17.534+0000] {taskinstance.py:1323} INFO - Marking task as SUCCESS. dag_id=jobinfo_jobplanet, task_id=s3_to_rds, execution_date=20240117T082626, start_date=20240117T085616, end_date=20240117T085617
[2024-01-17T08:56:17.579+0000] {local_task_job.py:208} INFO - Task exited with return code 0
[2024-01-17T08:56:17.603+0000] {taskinstance.py:2578} INFO - 0 downstream tasks scheduled from follow-on schedule check
