[2024-01-14T12:27:22.021+0000] {taskinstance.py:1083} INFO - Dependencies all met for <TaskInstance: jobinfo_jobplanet.jobplanet_login manual__2024-01-14T12:27:12.538187+00:00 [queued]>
[2024-01-14T12:27:22.031+0000] {taskinstance.py:1083} INFO - Dependencies all met for <TaskInstance: jobinfo_jobplanet.jobplanet_login manual__2024-01-14T12:27:12.538187+00:00 [queued]>
[2024-01-14T12:27:22.031+0000] {taskinstance.py:1279} INFO - 
--------------------------------------------------------------------------------
[2024-01-14T12:27:22.032+0000] {taskinstance.py:1280} INFO - Starting attempt 1 of 1
[2024-01-14T12:27:22.032+0000] {taskinstance.py:1281} INFO - 
--------------------------------------------------------------------------------
[2024-01-14T12:27:22.051+0000] {taskinstance.py:1300} INFO - Executing <Task(PythonOperator): jobplanet_login> on 2024-01-14 12:27:12.538187+00:00
[2024-01-14T12:27:22.064+0000] {standard_task_runner.py:55} INFO - Started process 24450 to run task
[2024-01-14T12:27:22.064+0000] {standard_task_runner.py:82} INFO - Running: ['***', 'tasks', 'run', 'jobinfo_jobplanet', 'jobplanet_login', 'manual__2024-01-14T12:27:12.538187+00:00', '--job-id', '485', '--raw', '--subdir', 'DAGS_FOLDER/jobinfo_jobplanet.py', '--cfg-path', '/tmp/tmpd7fta55r']
[2024-01-14T12:27:22.065+0000] {standard_task_runner.py:83} INFO - Job 485: Subtask jobplanet_login
[2024-01-14T12:27:22.171+0000] {task_command.py:388} INFO - Running <TaskInstance: jobinfo_jobplanet.jobplanet_login manual__2024-01-14T12:27:12.538187+00:00 [running]> on host 7b77d04f99d6
[2024-01-14T12:27:22.287+0000] {taskinstance.py:1509} INFO - Exporting the following env vars:
AIRFLOW_CTX_DAG_OWNER=***
AIRFLOW_CTX_DAG_ID=jobinfo_jobplanet
AIRFLOW_CTX_TASK_ID=jobplanet_login
AIRFLOW_CTX_EXECUTION_DATE=2024-01-14T12:27:12.538187+00:00
AIRFLOW_CTX_TRY_NUMBER=1
AIRFLOW_CTX_DAG_RUN_ID=manual__2024-01-14T12:27:12.538187+00:00
[2024-01-14T12:27:27.195+0000] {jobinfo_jobplanet.py:76} INFO - *********************************
[2024-01-14T12:27:27.214+0000] {jobinfo_jobplanet.py:82} INFO - 12212121313442342354534634534534534534523423443423
[2024-01-14T12:27:27.215+0000] {jobinfo_jobplanet.py:83} INFO - <selenium.webdriver.remote.webdriver.WebDriver (session="b3c480cb50bab9e969c7784556a61309")>
[2024-01-14T12:27:27.453+0000] {jobinfo_jobplanet.py:86} INFO - 890u8987978078978978079078097807897809789789789789789797
[2024-01-14T12:27:27.915+0000] {jobinfo_jobplanet.py:89} INFO - ^^^^^^^^^^^^^^^^^^^^^^^^^^^^^^^^^^^^^^^^^^^^^^^^^^^^^^^^^^^^^^^^^^^^^^^^^^^^^^^^^^^^^^
[2024-01-14T12:27:28.884+0000] {jobinfo_jobplanet.py:100} INFO - 3333333333333333333333333
[2024-01-14T12:27:28.934+0000] {jobinfo_jobplanet.py:106} INFO - 4444444444444444444444444444
[2024-01-14T12:27:28.975+0000] {jobinfo_jobplanet.py:119} INFO - 오케스트로 파일이 없음
[2024-01-14T12:27:29.044+0000] {jobinfo_jobplanet.py:136} INFO - 오케스트로의 정보는 없어서 파일 생성을 못한다.
[2024-01-14T12:27:33.786+0000] {jobinfo_jobplanet.py:119} INFO - 오케스트로 파일이 없음
[2024-01-14T12:27:34.307+0000] {jobinfo_jobplanet.py:123} INFO - 오케스트로 검색을 위해 검색창에 입력했습니다.
[2024-01-14T12:27:38.784+0000] {jobinfo_jobplanet.py:126} INFO - 오케스트로 검색하기
[2024-01-14T12:27:40.875+0000] {jobinfo_jobplanet.py:136} INFO - 오케스트로의 정보는 없어서 파일 생성을 못한다.
[2024-01-14T12:27:40.880+0000] {jobinfo_jobplanet.py:119} INFO - 제니스앤컴퍼니 파일이 없음
[2024-01-14T12:27:41.255+0000] {jobinfo_jobplanet.py:123} INFO - 제니스앤컴퍼니 검색을 위해 검색창에 입력했습니다.
[2024-01-14T12:27:43.039+0000] {jobinfo_jobplanet.py:126} INFO - 제니스앤컴퍼니 검색하기
[2024-01-14T12:27:46.027+0000] {jobinfo_jobplanet.py:131} INFO - 제니스앤컴퍼니 회사 정보를 알기 위해 상세정보 클릭합니다.
[2024-01-14T12:28:09.126+0000] {base.py:73} INFO - Using connection ID 's3_conn' for task execution.
[2024-01-14T12:28:09.387+0000] {jobinfo_jobplanet.py:656} INFO - File path/in/s3/bucket/review_information_제니스앤컴퍼니.csv uploaded to S3 successfully.
[2024-01-14T12:28:09.395+0000] {jobinfo_jobplanet.py:119} INFO - 제니스앤컴퍼니 파일이 없음
[2024-01-14T12:28:09.801+0000] {jobinfo_jobplanet.py:123} INFO - 제니스앤컴퍼니 검색을 위해 검색창에 입력했습니다.
[2024-01-14T12:28:11.426+0000] {jobinfo_jobplanet.py:126} INFO - 제니스앤컴퍼니 검색하기
[2024-01-14T12:28:12.617+0000] {jobinfo_jobplanet.py:131} INFO - 제니스앤컴퍼니 회사 정보를 알기 위해 상세정보 클릭합니다.
[2024-01-14T12:28:38.080+0000] {base.py:73} INFO - Using connection ID 's3_conn' for task execution.
[2024-01-14T12:28:38.207+0000] {jobinfo_jobplanet.py:656} INFO - File path/in/s3/bucket/review_information_제니스앤컴퍼니.csv uploaded to S3 successfully.
[2024-01-14T12:28:38.254+0000] {jobinfo_jobplanet.py:119} INFO - 제니스앤컴퍼니 파일이 없음
[2024-01-14T12:28:38.623+0000] {jobinfo_jobplanet.py:123} INFO - 제니스앤컴퍼니 검색을 위해 검색창에 입력했습니다.
[2024-01-14T12:28:44.021+0000] {jobinfo_jobplanet.py:126} INFO - 제니스앤컴퍼니 검색하기
[2024-01-14T12:28:44.786+0000] {jobinfo_jobplanet.py:131} INFO - 제니스앤컴퍼니 회사 정보를 알기 위해 상세정보 클릭합니다.
[2024-01-14T12:29:09.601+0000] {base.py:73} INFO - Using connection ID 's3_conn' for task execution.
[2024-01-14T12:29:09.883+0000] {jobinfo_jobplanet.py:656} INFO - File path/in/s3/bucket/review_information_제니스앤컴퍼니.csv uploaded to S3 successfully.
[2024-01-14T12:29:09.893+0000] {jobinfo_jobplanet.py:119} INFO - 메이븐클라우드서비스 파일이 없음
[2024-01-14T12:29:10.326+0000] {jobinfo_jobplanet.py:123} INFO - 메이븐클라우드서비스 검색을 위해 검색창에 입력했습니다.
[2024-01-14T12:29:14.953+0000] {jobinfo_jobplanet.py:126} INFO - 메이븐클라우드서비스 검색하기
[2024-01-14T12:29:15.382+0000] {jobinfo_jobplanet.py:131} INFO - 메이븐클라우드서비스 회사 정보를 알기 위해 상세정보 클릭합니다.
[2024-01-14T12:29:48.847+0000] {base.py:73} INFO - Using connection ID 's3_conn' for task execution.
[2024-01-14T12:29:49.121+0000] {jobinfo_jobplanet.py:656} INFO - File path/in/s3/bucket/review_information_메이븐클라우드서비스.csv uploaded to S3 successfully.
[2024-01-14T12:29:49.127+0000] {jobinfo_jobplanet.py:119} INFO - 엠아이티 파일이 없음
[2024-01-14T12:29:49.484+0000] {jobinfo_jobplanet.py:123} INFO - 엠아이티 검색을 위해 검색창에 입력했습니다.
[2024-01-14T12:29:54.062+0000] {jobinfo_jobplanet.py:126} INFO - 엠아이티 검색하기
[2024-01-14T12:29:54.877+0000] {jobinfo_jobplanet.py:131} INFO - 엠아이티 회사 정보를 알기 위해 상세정보 클릭합니다.
[2024-01-14T12:30:38.062+0000] {jobinfo_jobplanet.py:136} INFO - 엠아이티의 정보는 없어서 파일 생성을 못한다.
[2024-01-14T12:30:38.077+0000] {jobinfo_jobplanet.py:119} INFO - 엠아이티 파일이 없음
[2024-01-14T12:30:38.465+0000] {jobinfo_jobplanet.py:123} INFO - 엠아이티 검색을 위해 검색창에 입력했습니다.
[2024-01-14T12:30:42.990+0000] {jobinfo_jobplanet.py:126} INFO - 엠아이티 검색하기
[2024-01-14T12:30:43.495+0000] {jobinfo_jobplanet.py:131} INFO - 엠아이티 회사 정보를 알기 위해 상세정보 클릭합니다.
[2024-01-14T12:31:24.720+0000] {jobinfo_jobplanet.py:136} INFO - 엠아이티의 정보는 없어서 파일 생성을 못한다.
[2024-01-14T12:31:24.738+0000] {jobinfo_jobplanet.py:119} INFO - 스윗코리아 파일이 없음
[2024-01-14T12:31:25.233+0000] {jobinfo_jobplanet.py:123} INFO - 스윗코리아 검색을 위해 검색창에 입력했습니다.
[2024-01-14T12:31:26.208+0000] {jobinfo_jobplanet.py:136} INFO - 스윗코리아의 정보는 없어서 파일 생성을 못한다.
[2024-01-14T12:31:26.579+0000] {jobinfo_jobplanet.py:119} INFO - 스윗코리아 파일이 없음
[2024-01-14T12:31:28.024+0000] {jobinfo_jobplanet.py:123} INFO - 스윗코리아 검색을 위해 검색창에 입력했습니다.
[2024-01-14T12:31:32.401+0000] {jobinfo_jobplanet.py:126} INFO - 스윗코리아 검색하기
[2024-01-14T12:31:34.020+0000] {jobinfo_jobplanet.py:131} INFO - 스윗코리아 회사 정보를 알기 위해 상세정보 클릭합니다.
[2024-01-14T12:32:11.302+0000] {base.py:73} INFO - Using connection ID 's3_conn' for task execution.
[2024-01-14T12:32:11.526+0000] {jobinfo_jobplanet.py:656} INFO - File path/in/s3/bucket/review_information_스윗코리아.csv uploaded to S3 successfully.
[2024-01-14T12:32:11.630+0000] {jobinfo_jobplanet.py:119} INFO - 파킹클라우드 파일이 없음
[2024-01-14T12:32:14.296+0000] {jobinfo_jobplanet.py:123} INFO - 파킹클라우드 검색을 위해 검색창에 입력했습니다.
[2024-01-14T12:32:15.234+0000] {jobinfo_jobplanet.py:136} INFO - 파킹클라우드의 정보는 없어서 파일 생성을 못한다.
[2024-01-14T12:32:15.354+0000] {jobinfo_jobplanet.py:119} INFO - 오케스트로 파일이 없음
[2024-01-14T12:32:16.064+0000] {jobinfo_jobplanet.py:123} INFO - 오케스트로 검색을 위해 검색창에 입력했습니다.
[2024-01-14T12:32:18.442+0000] {jobinfo_jobplanet.py:126} INFO - 오케스트로 검색하기
[2024-01-14T12:32:19.020+0000] {jobinfo_jobplanet.py:131} INFO - 오케스트로 회사 정보를 알기 위해 상세정보 클릭합니다.
[2024-01-14T12:32:59.067+0000] {jobinfo_jobplanet.py:136} INFO - 오케스트로의 정보는 없어서 파일 생성을 못한다.
[2024-01-14T12:32:59.074+0000] {jobinfo_jobplanet.py:119} INFO - 오케스트로 파일이 없음
[2024-01-14T12:32:59.437+0000] {jobinfo_jobplanet.py:123} INFO - 오케스트로 검색을 위해 검색창에 입력했습니다.
[2024-01-14T12:33:03.874+0000] {jobinfo_jobplanet.py:126} INFO - 오케스트로 검색하기
[2024-01-14T12:33:04.252+0000] {jobinfo_jobplanet.py:131} INFO - 오케스트로 회사 정보를 알기 위해 상세정보 클릭합니다.
[2024-01-14T12:33:48.804+0000] {base.py:73} INFO - Using connection ID 's3_conn' for task execution.
[2024-01-14T12:33:49.167+0000] {jobinfo_jobplanet.py:656} INFO - File path/in/s3/bucket/review_information_오케스트로.csv uploaded to S3 successfully.
[2024-01-14T12:33:49.192+0000] {jobinfo_jobplanet.py:119} INFO - 오케스트로 파일이 없음
[2024-01-14T12:33:50.732+0000] {jobinfo_jobplanet.py:123} INFO - 오케스트로 검색을 위해 검색창에 입력했습니다.
[2024-01-14T12:33:51.891+0000] {jobinfo_jobplanet.py:136} INFO - 오케스트로의 정보는 없어서 파일 생성을 못한다.
[2024-01-14T12:33:51.970+0000] {jobinfo_jobplanet.py:119} INFO - 오케스트로 파일이 없음
[2024-01-14T12:33:52.653+0000] {jobinfo_jobplanet.py:123} INFO - 오케스트로 검색을 위해 검색창에 입력했습니다.
[2024-01-14T12:34:00.373+0000] {jobinfo_jobplanet.py:126} INFO - 오케스트로 검색하기
[2024-01-14T12:34:01.830+0000] {jobinfo_jobplanet.py:131} INFO - 오케스트로 회사 정보를 알기 위해 상세정보 클릭합니다.
[2024-01-14T12:35:49.201+0000] {jobinfo_jobplanet.py:136} INFO - 오케스트로의 정보는 없어서 파일 생성을 못한다.
[2024-01-14T12:35:49.212+0000] {jobinfo_jobplanet.py:119} INFO - 오케스트로 파일이 없음
[2024-01-14T12:35:49.690+0000] {jobinfo_jobplanet.py:123} INFO - 오케스트로 검색을 위해 검색창에 입력했습니다.
[2024-01-14T12:35:53.877+0000] {jobinfo_jobplanet.py:126} INFO - 오케스트로 검색하기
[2024-01-14T12:35:54.300+0000] {jobinfo_jobplanet.py:131} INFO - 오케스트로 회사 정보를 알기 위해 상세정보 클릭합니다.
[2024-01-14T12:36:29.225+0000] {jobinfo_jobplanet.py:136} INFO - 오케스트로의 정보는 없어서 파일 생성을 못한다.
[2024-01-14T12:36:29.231+0000] {jobinfo_jobplanet.py:119} INFO - 월급쟁이부자들 파일이 없음
[2024-01-14T12:36:29.644+0000] {jobinfo_jobplanet.py:123} INFO - 월급쟁이부자들 검색을 위해 검색창에 입력했습니다.
[2024-01-14T12:36:35.170+0000] {jobinfo_jobplanet.py:126} INFO - 월급쟁이부자들 검색하기
[2024-01-14T12:36:36.018+0000] {jobinfo_jobplanet.py:131} INFO - 월급쟁이부자들 회사 정보를 알기 위해 상세정보 클릭합니다.
[2024-01-14T12:37:08.229+0000] {jobinfo_jobplanet.py:136} INFO - 월급쟁이부자들의 정보는 없어서 파일 생성을 못한다.
[2024-01-14T12:37:08.269+0000] {jobinfo_jobplanet.py:119} INFO - 월급쟁이부자들 파일이 없음
[2024-01-14T12:37:08.895+0000] {jobinfo_jobplanet.py:123} INFO - 월급쟁이부자들 검색을 위해 검색창에 입력했습니다.
[2024-01-14T12:37:14.988+0000] {jobinfo_jobplanet.py:126} INFO - 월급쟁이부자들 검색하기
[2024-01-14T12:37:15.523+0000] {jobinfo_jobplanet.py:131} INFO - 월급쟁이부자들 회사 정보를 알기 위해 상세정보 클릭합니다.
[2024-01-14T12:37:55.515+0000] {jobinfo_jobplanet.py:136} INFO - 월급쟁이부자들의 정보는 없어서 파일 생성을 못한다.
[2024-01-14T12:37:55.585+0000] {jobinfo_jobplanet.py:119} INFO - 로민 파일이 없음
[2024-01-14T12:37:56.094+0000] {jobinfo_jobplanet.py:123} INFO - 로민 검색을 위해 검색창에 입력했습니다.
[2024-01-14T12:38:00.696+0000] {jobinfo_jobplanet.py:126} INFO - 로민 검색하기
[2024-01-14T12:38:01.469+0000] {jobinfo_jobplanet.py:131} INFO - 로민 회사 정보를 알기 위해 상세정보 클릭합니다.
[2024-01-14T12:38:27.238+0000] {jobinfo_jobplanet.py:136} INFO - 로민의 정보는 없어서 파일 생성을 못한다.
[2024-01-14T12:38:27.245+0000] {jobinfo_jobplanet.py:119} INFO - 블랙탠저린 파일이 없음
[2024-01-14T12:38:27.583+0000] {jobinfo_jobplanet.py:123} INFO - 블랙탠저린 검색을 위해 검색창에 입력했습니다.
[2024-01-14T12:38:33.219+0000] {jobinfo_jobplanet.py:126} INFO - 블랙탠저린 검색하기
[2024-01-14T12:38:33.937+0000] {jobinfo_jobplanet.py:131} INFO - 블랙탠저린 회사 정보를 알기 위해 상세정보 클릭합니다.
[2024-01-14T12:38:57.193+0000] {base.py:73} INFO - Using connection ID 's3_conn' for task execution.
[2024-01-14T12:38:57.447+0000] {jobinfo_jobplanet.py:656} INFO - File path/in/s3/bucket/review_information_블랙탠저린.csv uploaded to S3 successfully.
[2024-01-14T12:38:57.456+0000] {jobinfo_jobplanet.py:119} INFO - 파인더스 파일이 없음
[2024-01-14T12:38:58.005+0000] {jobinfo_jobplanet.py:123} INFO - 파인더스 검색을 위해 검색창에 입력했습니다.
[2024-01-14T12:39:02.247+0000] {jobinfo_jobplanet.py:126} INFO - 파인더스 검색하기
[2024-01-14T12:39:02.942+0000] {jobinfo_jobplanet.py:131} INFO - 파인더스 회사 정보를 알기 위해 상세정보 클릭합니다.
[2024-01-14T12:39:29.462+0000] {base.py:73} INFO - Using connection ID 's3_conn' for task execution.
[2024-01-14T12:39:29.851+0000] {jobinfo_jobplanet.py:656} INFO - File path/in/s3/bucket/review_information_파인더스.csv uploaded to S3 successfully.
[2024-01-14T12:39:29.859+0000] {jobinfo_jobplanet.py:119} INFO - 론픽 파일이 없음
[2024-01-14T12:39:30.399+0000] {jobinfo_jobplanet.py:123} INFO - 론픽 검색을 위해 검색창에 입력했습니다.
[2024-01-14T12:39:35.912+0000] {jobinfo_jobplanet.py:126} INFO - 론픽 검색하기
[2024-01-14T12:39:36.724+0000] {jobinfo_jobplanet.py:131} INFO - 론픽 회사 정보를 알기 위해 상세정보 클릭합니다.
[2024-01-14T12:39:58.063+0000] {base.py:73} INFO - Using connection ID 's3_conn' for task execution.
[2024-01-14T12:39:58.073+0000] {jobinfo_jobplanet.py:658} INFO - Error uploading file to S3: 'int' object has no attribute 'to_csv'
[2024-01-14T12:39:58.077+0000] {jobinfo_jobplanet.py:119} INFO - 비포플레이 파일이 없음
[2024-01-14T12:39:58.487+0000] {jobinfo_jobplanet.py:123} INFO - 비포플레이 검색을 위해 검색창에 입력했습니다.
[2024-01-14T12:40:03.424+0000] {jobinfo_jobplanet.py:126} INFO - 비포플레이 검색하기
[2024-01-14T12:40:04.014+0000] {jobinfo_jobplanet.py:131} INFO - 비포플레이 회사 정보를 알기 위해 상세정보 클릭합니다.
[2024-01-14T12:40:44.812+0000] {jobinfo_jobplanet.py:136} INFO - 비포플레이의 정보는 없어서 파일 생성을 못한다.
[2024-01-14T12:40:44.931+0000] {jobinfo_jobplanet.py:119} INFO - 롯데헬스케어 파일이 없음
[2024-01-14T12:40:46.169+0000] {jobinfo_jobplanet.py:123} INFO - 롯데헬스케어 검색을 위해 검색창에 입력했습니다.
[2024-01-14T12:40:52.025+0000] {jobinfo_jobplanet.py:126} INFO - 롯데헬스케어 검색하기
[2024-01-14T12:40:53.956+0000] {jobinfo_jobplanet.py:131} INFO - 롯데헬스케어 회사 정보를 알기 위해 상세정보 클릭합니다.
[2024-01-14T12:41:18.041+0000] {base.py:73} INFO - Using connection ID 's3_conn' for task execution.
[2024-01-14T12:41:18.199+0000] {jobinfo_jobplanet.py:656} INFO - File path/in/s3/bucket/review_information_롯데헬스케어.csv uploaded to S3 successfully.
[2024-01-14T12:41:18.227+0000] {jobinfo_jobplanet.py:119} INFO - 롯데헬스케어 파일이 없음
[2024-01-14T12:41:18.992+0000] {jobinfo_jobplanet.py:123} INFO - 롯데헬스케어 검색을 위해 검색창에 입력했습니다.
[2024-01-14T12:41:25.902+0000] {jobinfo_jobplanet.py:126} INFO - 롯데헬스케어 검색하기
[2024-01-14T12:41:27.110+0000] {jobinfo_jobplanet.py:131} INFO - 롯데헬스케어 회사 정보를 알기 위해 상세정보 클릭합니다.
[2024-01-14T12:41:50.598+0000] {base.py:73} INFO - Using connection ID 's3_conn' for task execution.
[2024-01-14T12:41:50.768+0000] {jobinfo_jobplanet.py:656} INFO - File path/in/s3/bucket/review_information_롯데헬스케어.csv uploaded to S3 successfully.
[2024-01-14T12:41:50.775+0000] {jobinfo_jobplanet.py:119} INFO - 올라운드닥터스 파일이 없음
[2024-01-14T12:41:51.428+0000] {jobinfo_jobplanet.py:123} INFO - 올라운드닥터스 검색을 위해 검색창에 입력했습니다.
[2024-01-14T12:41:56.798+0000] {jobinfo_jobplanet.py:126} INFO - 올라운드닥터스 검색하기
[2024-01-14T12:41:58.843+0000] {jobinfo_jobplanet.py:136} INFO - 올라운드닥터스의 정보는 없어서 파일 생성을 못한다.
[2024-01-14T12:41:58.847+0000] {jobinfo_jobplanet.py:119} INFO - 와디즈 파일이 없음
[2024-01-14T12:41:59.197+0000] {jobinfo_jobplanet.py:123} INFO - 와디즈 검색을 위해 검색창에 입력했습니다.
[2024-01-14T12:42:06.071+0000] {jobinfo_jobplanet.py:126} INFO - 와디즈 검색하기
[2024-01-14T12:42:08.234+0000] {jobinfo_jobplanet.py:136} INFO - 와디즈의 정보는 없어서 파일 생성을 못한다.
[2024-01-14T12:42:08.239+0000] {jobinfo_jobplanet.py:119} INFO - 크리에이트립 파일이 없음
[2024-01-14T12:42:08.623+0000] {jobinfo_jobplanet.py:123} INFO - 크리에이트립 검색을 위해 검색창에 입력했습니다.
[2024-01-14T12:42:12.044+0000] {jobinfo_jobplanet.py:126} INFO - 크리에이트립 검색하기
[2024-01-14T12:42:14.067+0000] {jobinfo_jobplanet.py:136} INFO - 크리에이트립의 정보는 없어서 파일 생성을 못한다.
[2024-01-14T12:42:14.070+0000] {jobinfo_jobplanet.py:119} INFO - 데브툴즈 파일이 없음
[2024-01-14T12:42:14.418+0000] {jobinfo_jobplanet.py:123} INFO - 데브툴즈 검색을 위해 검색창에 입력했습니다.
[2024-01-14T12:42:18.220+0000] {jobinfo_jobplanet.py:126} INFO - 데브툴즈 검색하기
[2024-01-14T12:42:20.294+0000] {jobinfo_jobplanet.py:136} INFO - 데브툴즈의 정보는 없어서 파일 생성을 못한다.
[2024-01-14T12:42:20.298+0000] {jobinfo_jobplanet.py:119} INFO - 티니어 파일이 없음
[2024-01-14T12:42:20.673+0000] {jobinfo_jobplanet.py:123} INFO - 티니어 검색을 위해 검색창에 입력했습니다.
[2024-01-14T12:42:24.516+0000] {jobinfo_jobplanet.py:126} INFO - 티니어 검색하기
[2024-01-14T12:42:26.537+0000] {jobinfo_jobplanet.py:136} INFO - 티니어의 정보는 없어서 파일 생성을 못한다.
[2024-01-14T12:42:26.555+0000] {jobinfo_jobplanet.py:119} INFO - 키다리스튜디오 파일이 없음
[2024-01-14T12:42:26.941+0000] {jobinfo_jobplanet.py:123} INFO - 키다리스튜디오 검색을 위해 검색창에 입력했습니다.
[2024-01-14T12:42:29.382+0000] {jobinfo_jobplanet.py:126} INFO - 키다리스튜디오 검색하기
[2024-01-14T12:42:31.463+0000] {jobinfo_jobplanet.py:136} INFO - 키다리스튜디오의 정보는 없어서 파일 생성을 못한다.
[2024-01-14T12:42:31.474+0000] {jobinfo_jobplanet.py:119} INFO - 마크클라우드 파일이 없음
[2024-01-14T12:42:31.856+0000] {jobinfo_jobplanet.py:123} INFO - 마크클라우드 검색을 위해 검색창에 입력했습니다.
[2024-01-14T12:42:36.777+0000] {jobinfo_jobplanet.py:126} INFO - 마크클라우드 검색하기
[2024-01-14T12:42:38.839+0000] {jobinfo_jobplanet.py:136} INFO - 마크클라우드의 정보는 없어서 파일 생성을 못한다.
[2024-01-14T12:42:39.447+0000] {taskinstance.py:1768} ERROR - Task failed with exception
Traceback (most recent call last):
  File "/home/airflow/.local/lib/python3.7/site-packages/airflow/operators/python.py", line 175, in execute
    return_value = self.execute_callable()
  File "/home/airflow/.local/lib/python3.7/site-packages/airflow/operators/python.py", line 192, in execute_callable
    return self.python_callable(*self.op_args, **self.op_kwargs)
  File "/opt/airflow/dags/jobinfo_jobplanet.py", line 138, in jobplanet_login
    driver.quit()
  File "/home/airflow/.local/lib/python3.7/site-packages/selenium/webdriver/remote/webdriver.py", line 220, in __exit__
    self.quit()
  File "/home/airflow/.local/lib/python3.7/site-packages/selenium/webdriver/remote/webdriver.py", line 467, in quit
    self.execute(Command.QUIT)
  File "/home/airflow/.local/lib/python3.7/site-packages/selenium/webdriver/remote/webdriver.py", line 345, in execute
    self.error_handler.check_response(response)
  File "/home/airflow/.local/lib/python3.7/site-packages/selenium/webdriver/remote/errorhandler.py", line 229, in check_response
    raise exception_class(message, screen, stacktrace)
selenium.common.exceptions.InvalidSessionIdException: Message: Unable to find session with ID: b3c480cb50bab9e969c7784556a61309
Build info: version: '4.16.1', revision: '9b4c83354e'
System info: os.name: 'Linux', os.arch: 'amd64', os.version: '5.15.133.1-microsoft-standard-WSL2', java.version: '11.0.21'
Driver info: driver.version: unknown
Stacktrace:
org.openqa.selenium.NoSuchSessionException: Unable to find session with ID: b3c480cb50bab9e969c7784556a61309
Build info: version: '4.16.1', revision: '9b4c83354e'
System info: os.name: 'Linux', os.arch: 'amd64', os.version: '5.15.133.1-microsoft-standard-WSL2', java.version: '11.0.21'
Driver info: driver.version: unknown
	at org.openqa.selenium.grid.sessionmap.local.LocalSessionMap.get(LocalSessionMap.java:132)
	at org.openqa.selenium.grid.sessionmap.SessionMap.getUri(SessionMap.java:84)
	at org.openqa.selenium.grid.router.HandleSession.lambda$loadSessionId$4(HandleSession.java:223)
	at io.opentelemetry.context.Context.lambda$wrap$2(Context.java:224)
	at org.openqa.selenium.grid.router.HandleSession.execute(HandleSession.java:180)
	at org.openqa.selenium.remote.http.Route$PredicatedRoute.handle(Route.java:382)
	at org.openqa.selenium.remote.http.Route.execute(Route.java:69)
	at org.openqa.selenium.remote.http.Route$CombinedRoute.handle(Route.java:345)
	at org.openqa.selenium.remote.http.Route.execute(Route.java:69)
	at org.openqa.selenium.grid.router.Router.execute(Router.java:87)
	at org.openqa.selenium.grid.web.EnsureSpecCompliantResponseHeaders.lambda$apply$0(EnsureSpecCompliantResponseHeaders.java:34)
	at org.openqa.selenium.remote.http.Filter$1.execute(Filter.java:63)
	at org.openqa.selenium.remote.http.Route$CombinedRoute.handle(Route.java:345)
	at org.openqa.selenium.remote.http.Route.execute(Route.java:69)
	at org.openqa.selenium.remote.http.Route$NestedRoute.handle(Route.java:271)
	at org.openqa.selenium.remote.http.Route.execute(Route.java:69)
	at org.openqa.selenium.remote.http.Route$CombinedRoute.handle(Route.java:345)
	at org.openqa.selenium.remote.http.Route.execute(Route.java:69)
	at org.openqa.selenium.remote.http.Route$CombinedRoute.handle(Route.java:345)
	at org.openqa.selenium.remote.http.Route.execute(Route.java:69)
	at org.openqa.selenium.remote.http.Route$CombinedRoute.handle(Route.java:345)
	at org.openqa.selenium.remote.http.Route.execute(Route.java:69)
	at org.openqa.selenium.remote.http.Route$CombinedRoute.handle(Route.java:345)
	at org.openqa.selenium.remote.http.Route.execute(Route.java:69)
	at org.openqa.selenium.remote.AddWebDriverSpecHeaders.lambda$apply$0(AddWebDriverSpecHeaders.java:35)
	at org.openqa.selenium.remote.ErrorFilter.lambda$apply$0(ErrorFilter.java:44)
	at org.openqa.selenium.remote.http.Filter$1.execute(Filter.java:63)
	at org.openqa.selenium.remote.ErrorFilter.lambda$apply$0(ErrorFilter.java:44)
	at org.openqa.selenium.remote.http.Filter$1.execute(Filter.java:63)
	at org.openqa.selenium.netty.server.SeleniumHandler.lambda$channelRead0$0(SeleniumHandler.java:44)
	at java.base/java.util.concurrent.Executors$RunnableAdapter.call(Executors.java:515)
	at java.base/java.util.concurrent.FutureTask.run(FutureTask.java:264)
	at java.base/java.util.concurrent.ThreadPoolExecutor.runWorker(ThreadPoolExecutor.java:1128)
	at java.base/java.util.concurrent.ThreadPoolExecutor$Worker.run(ThreadPoolExecutor.java:628)
	at java.base/java.lang.Thread.run(Thread.java:829)

[2024-01-14T12:42:39.457+0000] {taskinstance.py:1323} INFO - Marking task as FAILED. dag_id=jobinfo_jobplanet, task_id=jobplanet_login, execution_date=20240114T122712, start_date=20240114T122722, end_date=20240114T124239
[2024-01-14T12:42:39.495+0000] {standard_task_runner.py:105} ERROR - Failed to execute job 485 for task jobplanet_login (Message: Unable to find session with ID: b3c480cb50bab9e969c7784556a61309
Build info: version: '4.16.1', revision: '9b4c83354e'
System info: os.name: 'Linux', os.arch: 'amd64', os.version: '5.15.133.1-microsoft-standard-WSL2', java.version: '11.0.21'
Driver info: driver.version: unknown
Stacktrace:
org.openqa.selenium.NoSuchSessionException: Unable to find session with ID: b3c480cb50bab9e969c7784556a61309
Build info: version: '4.16.1', revision: '9b4c83354e'
System info: os.name: 'Linux', os.arch: 'amd64', os.version: '5.15.133.1-microsoft-standard-WSL2', java.version: '11.0.21'
Driver info: driver.version: unknown
	at org.openqa.selenium.grid.sessionmap.local.LocalSessionMap.get(LocalSessionMap.java:132)
	at org.openqa.selenium.grid.sessionmap.SessionMap.getUri(SessionMap.java:84)
	at org.openqa.selenium.grid.router.HandleSession.lambda$loadSessionId$4(HandleSession.java:223)
	at io.opentelemetry.context.Context.lambda$wrap$2(Context.java:224)
	at org.openqa.selenium.grid.router.HandleSession.execute(HandleSession.java:180)
	at org.openqa.selenium.remote.http.Route$PredicatedRoute.handle(Route.java:382)
	at org.openqa.selenium.remote.http.Route.execute(Route.java:69)
	at org.openqa.selenium.remote.http.Route$CombinedRoute.handle(Route.java:345)
	at org.openqa.selenium.remote.http.Route.execute(Route.java:69)
	at org.openqa.selenium.grid.router.Router.execute(Router.java:87)
	at org.openqa.selenium.grid.web.EnsureSpecCompliantResponseHeaders.lambda$apply$0(EnsureSpecCompliantResponseHeaders.java:34)
	at org.openqa.selenium.remote.http.Filter$1.execute(Filter.java:63)
	at org.openqa.selenium.remote.http.Route$CombinedRoute.handle(Route.java:345)
	at org.openqa.selenium.remote.http.Route.execute(Route.java:69)
	at org.openqa.selenium.remote.http.Route$NestedRoute.handle(Route.java:271)
	at org.openqa.selenium.remote.http.Route.execute(Route.java:69)
	at org.openqa.selenium.remote.http.Route$CombinedRoute.handle(Route.java:345)
	at org.openqa.selenium.remote.http.Route.execute(Route.java:69)
	at org.openqa.selenium.remote.http.Route$CombinedRoute.handle(Route.java:345)
	at org.openqa.selenium.remote.http.Route.execute(Route.java:69)
	at org.openqa.selenium.remote.http.Route$CombinedRoute.handle(Route.java:345)
	at org.openqa.selenium.remote.http.Route.execute(Route.java:69)
	at org.openqa.selenium.remote.http.Route$CombinedRoute.handle(Route.java:345)
	at org.openqa.selenium.remote.http.Route.execute(Route.java:69)
	at org.openqa.selenium.remote.AddWebDriverSpecHeaders.lambda$apply$0(AddWebDriverSpecHeaders.java:35)
	at org.openqa.selenium.remote.ErrorFilter.lambda$apply$0(ErrorFilter.java:44)
	at org.openqa.selenium.remote.http.Filter$1.execute(Filter.java:63)
	at org.openqa.selenium.remote.ErrorFilter.lambda$apply$0(ErrorFilter.java:44)
	at org.openqa.selenium.remote.http.Filter$1.execute(Filter.java:63)
	at org.openqa.selenium.netty.server.SeleniumHandler.lambda$channelRead0$0(SeleniumHandler.java:44)
	at java.base/java.util.concurrent.Executors$RunnableAdapter.call(Executors.java:515)
	at java.base/java.util.concurrent.FutureTask.run(FutureTask.java:264)
	at java.base/java.util.concurrent.ThreadPoolExecutor.runWorker(ThreadPoolExecutor.java:1128)
	at java.base/java.util.concurrent.ThreadPoolExecutor$Worker.run(ThreadPoolExecutor.java:628)
	at java.base/java.lang.Thread.run(Thread.java:829)
; 24450)
[2024-01-14T12:42:39.541+0000] {local_task_job.py:208} INFO - Task exited with return code 1
[2024-01-14T12:42:39.570+0000] {taskinstance.py:2578} INFO - 0 downstream tasks scheduled from follow-on schedule check
