[2024-01-16T15:26:23.991+0000] {taskinstance.py:1083} INFO - Dependencies all met for <TaskInstance: jobinfo_jobplanet.jobplanet_login manual__2024-01-16T15:26:16.913319+00:00 [queued]>
[2024-01-16T15:26:24.002+0000] {taskinstance.py:1083} INFO - Dependencies all met for <TaskInstance: jobinfo_jobplanet.jobplanet_login manual__2024-01-16T15:26:16.913319+00:00 [queued]>
[2024-01-16T15:26:24.002+0000] {taskinstance.py:1279} INFO - 
--------------------------------------------------------------------------------
[2024-01-16T15:26:24.002+0000] {taskinstance.py:1280} INFO - Starting attempt 1 of 1
[2024-01-16T15:26:24.003+0000] {taskinstance.py:1281} INFO - 
--------------------------------------------------------------------------------
[2024-01-16T15:26:24.165+0000] {taskinstance.py:1300} INFO - Executing <Task(PythonOperator): jobplanet_login> on 2024-01-16 15:26:16.913319+00:00
[2024-01-16T15:26:24.173+0000] {standard_task_runner.py:55} INFO - Started process 5890 to run task
[2024-01-16T15:26:24.176+0000] {standard_task_runner.py:82} INFO - Running: ['***', 'tasks', 'run', 'jobinfo_jobplanet', 'jobplanet_login', 'manual__2024-01-16T15:26:16.913319+00:00', '--job-id', '4278', '--raw', '--subdir', 'DAGS_FOLDER/jobinfo_jobplanet.py', '--cfg-path', '/tmp/tmpst3zjqhl']
[2024-01-16T15:26:24.176+0000] {standard_task_runner.py:83} INFO - Job 4278: Subtask jobplanet_login
[2024-01-16T15:26:24.235+0000] {task_command.py:388} INFO - Running <TaskInstance: jobinfo_jobplanet.jobplanet_login manual__2024-01-16T15:26:16.913319+00:00 [running]> on host 565f6bcc10b6
[2024-01-16T15:26:24.350+0000] {taskinstance.py:1509} INFO - Exporting the following env vars:
AIRFLOW_CTX_DAG_OWNER=***
AIRFLOW_CTX_DAG_ID=jobinfo_jobplanet
AIRFLOW_CTX_TASK_ID=jobplanet_login
AIRFLOW_CTX_EXECUTION_DATE=2024-01-16T15:26:16.913319+00:00
AIRFLOW_CTX_TRY_NUMBER=1
AIRFLOW_CTX_DAG_RUN_ID=manual__2024-01-16T15:26:16.913319+00:00
[2024-01-16T15:26:29.590+0000] {jobinfo_jobplanet.py:102} INFO - ['다큐브', '월급쟁이부자들', '파킹클라우드', '크리에이트립', '제니스앤컴퍼니', '파인더스', '올라운드닥터스', '데브툴즈', '마크클라우드', '스윗코리아', '론픽', '로민', '비포플레이', '오케스트로', '메이븐클라우드서비스', '키다리스튜디오', '블랙탠저린', '티니어', '엠아이티', '롯데헬스케어']
[2024-01-16T15:26:29.591+0000] {jobinfo_jobplanet.py:103} INFO - ['path/in/s3/bucket/jobinfo_jumpit.csv', 'path/in/s3/bucket/review_information_데브툴즈.csv', 'path/in/s3/bucket/review_information_로민.csv', 'path/in/s3/bucket/review_information_롯데헬스케어.csv', 'path/in/s3/bucket/review_information_마크클라우드.csv', 'path/in/s3/bucket/review_information_메이븐클라우드.csv', 'path/in/s3/bucket/review_information_메이븐클라우드서비스.csv', 'path/in/s3/bucket/review_information_블랙탠저린.csv', 'path/in/s3/bucket/review_information_비포플레이.csv', 'path/in/s3/bucket/review_information_스윗코리아.csv', 'path/in/s3/bucket/review_information_엠아이티.csv', 'path/in/s3/bucket/review_information_오케스트로.csv', 'path/in/s3/bucket/review_information_와디즈.csv', 'path/in/s3/bucket/review_information_월급쟁이부자들.csv', 'path/in/s3/bucket/review_information_제니스앤컴퍼니.csv', 'path/in/s3/bucket/review_information_크리에이트립.csv', 'path/in/s3/bucket/review_information_키다리스튜디오.csv', 'path/in/s3/bucket/review_information_티니어.csv', 'path/in/s3/bucket/review_information_파인더스.csv', 'path/in/s3/bucket/review_information_파킹클라우드.csv', 'path/in/s3/bucket/summary.csv']
[2024-01-16T15:26:29.591+0000] {jobinfo_jobplanet.py:104} INFO - 시작
[2024-01-16T15:26:29.632+0000] {jobinfo_jobplanet.py:116} INFO - 다큐브 파일이 없음
[2024-01-16T15:26:35.293+0000] {jobinfo_jobplanet.py:121} INFO - 다큐브 검색을 위해 검색창에 입력했습니다.
[2024-01-16T15:26:38.625+0000] {jobinfo_jobplanet.py:124} INFO - 다큐브 검색하기
[2024-01-16T15:26:39.383+0000] {jobinfo_jobplanet.py:129} INFO - 다큐브 회사 정보를 알기 위해 상세정보 클릭합니다.
[2024-01-16T15:27:06.815+0000] {jobinfo_jobplanet.py:137} INFO - 다큐브의 정보는 없어서 파일 생성을 못한다.
[2024-01-16T15:27:06.815+0000] {jobinfo_jobplanet.py:141} INFO - ['path/in/s3/bucket/jobinfo_jumpit.csv', 'path/in/s3/bucket/review_information_데브툴즈.csv', 'path/in/s3/bucket/review_information_로민.csv', 'path/in/s3/bucket/review_information_롯데헬스케어.csv', 'path/in/s3/bucket/review_information_마크클라우드.csv', 'path/in/s3/bucket/review_information_메이븐클라우드.csv', 'path/in/s3/bucket/review_information_메이븐클라우드서비스.csv', 'path/in/s3/bucket/review_information_블랙탠저린.csv', 'path/in/s3/bucket/review_information_비포플레이.csv', 'path/in/s3/bucket/review_information_스윗코리아.csv', 'path/in/s3/bucket/review_information_엠아이티.csv', 'path/in/s3/bucket/review_information_오케스트로.csv', 'path/in/s3/bucket/review_information_와디즈.csv', 'path/in/s3/bucket/review_information_월급쟁이부자들.csv', 'path/in/s3/bucket/review_information_제니스앤컴퍼니.csv', 'path/in/s3/bucket/review_information_크리에이트립.csv', 'path/in/s3/bucket/review_information_키다리스튜디오.csv', 'path/in/s3/bucket/review_information_티니어.csv', 'path/in/s3/bucket/review_information_파인더스.csv', 'path/in/s3/bucket/review_information_파킹클라우드.csv', 'path/in/s3/bucket/summary.csv']
[2024-01-16T15:27:06.815+0000] {jobinfo_jobplanet.py:109} INFO - 월급쟁이부자들 있음
[2024-01-16T15:27:06.816+0000] {jobinfo_jobplanet.py:109} INFO - 파킹클라우드 있음
[2024-01-16T15:27:06.816+0000] {jobinfo_jobplanet.py:109} INFO - 크리에이트립 있음
[2024-01-16T15:27:06.816+0000] {jobinfo_jobplanet.py:109} INFO - 제니스앤컴퍼니 있음
[2024-01-16T15:27:06.816+0000] {jobinfo_jobplanet.py:109} INFO - 파인더스 있음
[2024-01-16T15:27:06.832+0000] {jobinfo_jobplanet.py:116} INFO - 올라운드닥터스 파일이 없음
[2024-01-16T15:27:07.303+0000] {jobinfo_jobplanet.py:121} INFO - 올라운드닥터스 검색을 위해 검색창에 입력했습니다.
[2024-01-16T15:27:10.316+0000] {jobinfo_jobplanet.py:124} INFO - 올라운드닥터스 검색하기
[2024-01-16T15:27:12.399+0000] {jobinfo_jobplanet.py:137} INFO - 올라운드닥터스의 정보는 없어서 파일 생성을 못한다.
[2024-01-16T15:27:12.399+0000] {jobinfo_jobplanet.py:141} INFO - ['path/in/s3/bucket/jobinfo_jumpit.csv', 'path/in/s3/bucket/review_information_데브툴즈.csv', 'path/in/s3/bucket/review_information_로민.csv', 'path/in/s3/bucket/review_information_롯데헬스케어.csv', 'path/in/s3/bucket/review_information_마크클라우드.csv', 'path/in/s3/bucket/review_information_메이븐클라우드.csv', 'path/in/s3/bucket/review_information_메이븐클라우드서비스.csv', 'path/in/s3/bucket/review_information_블랙탠저린.csv', 'path/in/s3/bucket/review_information_비포플레이.csv', 'path/in/s3/bucket/review_information_스윗코리아.csv', 'path/in/s3/bucket/review_information_엠아이티.csv', 'path/in/s3/bucket/review_information_오케스트로.csv', 'path/in/s3/bucket/review_information_와디즈.csv', 'path/in/s3/bucket/review_information_월급쟁이부자들.csv', 'path/in/s3/bucket/review_information_제니스앤컴퍼니.csv', 'path/in/s3/bucket/review_information_크리에이트립.csv', 'path/in/s3/bucket/review_information_키다리스튜디오.csv', 'path/in/s3/bucket/review_information_티니어.csv', 'path/in/s3/bucket/review_information_파인더스.csv', 'path/in/s3/bucket/review_information_파킹클라우드.csv', 'path/in/s3/bucket/summary.csv']
[2024-01-16T15:27:12.399+0000] {jobinfo_jobplanet.py:109} INFO - 데브툴즈 있음
[2024-01-16T15:27:12.399+0000] {jobinfo_jobplanet.py:109} INFO - 마크클라우드 있음
[2024-01-16T15:27:12.400+0000] {jobinfo_jobplanet.py:109} INFO - 스윗코리아 있음
[2024-01-16T15:27:12.408+0000] {jobinfo_jobplanet.py:116} INFO - 론픽 파일이 없음
[2024-01-16T15:27:12.921+0000] {jobinfo_jobplanet.py:121} INFO - 론픽 검색을 위해 검색창에 입력했습니다.
[2024-01-16T15:27:16.137+0000] {jobinfo_jobplanet.py:124} INFO - 론픽 검색하기
[2024-01-16T15:27:16.521+0000] {jobinfo_jobplanet.py:129} INFO - 론픽 회사 정보를 알기 위해 상세정보 클릭합니다.
[2024-01-16T15:27:34.636+0000] {jobinfo_jobplanet.py:695} INFO - Error uploading file to S3: 'int' object has no attribute 'to_csv'
[2024-01-16T15:27:34.894+0000] {jobinfo_jobplanet.py:644} INFO - 다큐브 정보 없ㅇ,ㅡ
[2024-01-16T15:27:34.902+0000] {jobinfo_jobplanet.py:645} INFO - Failed to read CSV file from S3: An error occurred (NoSuchKey) when calling the GetObject operation: The specified key does not exist.
[2024-01-16T15:27:34.905+0000] {jobinfo_jobplanet.py:141} INFO - ['path/in/s3/bucket/jobinfo_jumpit.csv', 'path/in/s3/bucket/review_information_데브툴즈.csv', 'path/in/s3/bucket/review_information_로민.csv', 'path/in/s3/bucket/review_information_롯데헬스케어.csv', 'path/in/s3/bucket/review_information_마크클라우드.csv', 'path/in/s3/bucket/review_information_메이븐클라우드.csv', 'path/in/s3/bucket/review_information_메이븐클라우드서비스.csv', 'path/in/s3/bucket/review_information_블랙탠저린.csv', 'path/in/s3/bucket/review_information_비포플레이.csv', 'path/in/s3/bucket/review_information_스윗코리아.csv', 'path/in/s3/bucket/review_information_엠아이티.csv', 'path/in/s3/bucket/review_information_오케스트로.csv', 'path/in/s3/bucket/review_information_와디즈.csv', 'path/in/s3/bucket/review_information_월급쟁이부자들.csv', 'path/in/s3/bucket/review_information_제니스앤컴퍼니.csv', 'path/in/s3/bucket/review_information_크리에이트립.csv', 'path/in/s3/bucket/review_information_키다리스튜디오.csv', 'path/in/s3/bucket/review_information_티니어.csv', 'path/in/s3/bucket/review_information_파인더스.csv', 'path/in/s3/bucket/review_information_파킹클라우드.csv', 'path/in/s3/bucket/summary.csv', 'path/in/s3/bucket/review_information_론픽.csv']
[2024-01-16T15:27:34.911+0000] {jobinfo_jobplanet.py:109} INFO - 로민 있음
[2024-01-16T15:27:34.913+0000] {jobinfo_jobplanet.py:109} INFO - 비포플레이 있음
[2024-01-16T15:27:34.913+0000] {jobinfo_jobplanet.py:109} INFO - 오케스트로 있음
[2024-01-16T15:27:34.914+0000] {jobinfo_jobplanet.py:109} INFO - 메이븐클라우드서비스 있음
[2024-01-16T15:27:34.915+0000] {jobinfo_jobplanet.py:109} INFO - 키다리스튜디오 있음
[2024-01-16T15:27:34.915+0000] {jobinfo_jobplanet.py:109} INFO - 블랙탠저린 있음
[2024-01-16T15:27:34.916+0000] {jobinfo_jobplanet.py:109} INFO - 티니어 있음
[2024-01-16T15:27:34.917+0000] {jobinfo_jobplanet.py:109} INFO - 엠아이티 있음
[2024-01-16T15:27:34.917+0000] {jobinfo_jobplanet.py:109} INFO - 롯데헬스케어 있음
[2024-01-16T15:27:35.178+0000] {jobinfo_jobplanet.py:644} INFO - 다큐브 정보 없ㅇ,ㅡ
[2024-01-16T15:27:35.179+0000] {jobinfo_jobplanet.py:645} INFO - Failed to read CSV file from S3: An error occurred (NoSuchKey) when calling the GetObject operation: The specified key does not exist.
[2024-01-16T15:27:48.790+0000] {jobinfo_jobplanet.py:644} INFO - 올라운드닥터스 정보 없ㅇ,ㅡ
[2024-01-16T15:27:48.792+0000] {jobinfo_jobplanet.py:645} INFO - Failed to read CSV file from S3: An error occurred (NoSuchKey) when calling the GetObject operation: The specified key does not exist.
[2024-01-16T15:28:05.864+0000] {jobinfo_jobplanet.py:511} INFO - 올라운드닥터스 salary information not find
[2024-01-16T15:28:06.003+0000] {jobinfo_jobplanet.py:644} INFO - 론픽 정보 없ㅇ,ㅡ
[2024-01-16T15:28:06.004+0000] {jobinfo_jobplanet.py:645} INFO - Failed to read CSV file from S3: An error occurred (NoSuchKey) when calling the GetObject operation: The specified key does not exist.
[2024-01-16T15:28:22.422+0000] {jobinfo_jobplanet.py:511} INFO - 론픽 salary information not find
[2024-01-16T15:28:22.550+0000] {jobinfo_jobplanet.py:521} INFO -                                   review_summary  ... result_date
0                    업무 능력을 확장시키기에 성장하기 좋은 환경입니다  ...        3일 후
1                   스타트업이 뭔지, 빠른 성장이 뭔지 알 수 있는 곳  ...     no data
2  여러가지 업무를 경험할 수 있습니다 그게 장점일지 단점일지는 본인의 판단에 따라…  ...     no data
3             빠르게 성장하는 스타트업, 패션 이커머스 앱을 혁신할 수 있음  ...     no data

[4 rows x 8 columns]
[2024-01-16T15:28:39.016+0000] {python.py:177} INFO - Done. Returned value was: None
[2024-01-16T15:28:39.028+0000] {taskinstance.py:1323} INFO - Marking task as SUCCESS. dag_id=jobinfo_jobplanet, task_id=jobplanet_login, execution_date=20240116T152616, start_date=20240116T152623, end_date=20240116T152839
[2024-01-16T15:28:39.061+0000] {local_task_job.py:208} INFO - Task exited with return code 0
[2024-01-16T15:28:39.084+0000] {taskinstance.py:2578} INFO - 1 downstream tasks scheduled from follow-on schedule check
