[2024-01-14T11:55:51.230+0000] {taskinstance.py:1083} INFO - Dependencies all met for <TaskInstance: jobinfo_jobplanet.create_infomation_s3 manual__2024-01-14T11:55:43.551236+00:00 [queued]>
[2024-01-14T11:55:51.270+0000] {taskinstance.py:1083} INFO - Dependencies all met for <TaskInstance: jobinfo_jobplanet.create_infomation_s3 manual__2024-01-14T11:55:43.551236+00:00 [queued]>
[2024-01-14T11:55:51.270+0000] {taskinstance.py:1279} INFO - 
--------------------------------------------------------------------------------
[2024-01-14T11:55:51.270+0000] {taskinstance.py:1280} INFO - Starting attempt 1 of 1
[2024-01-14T11:55:51.271+0000] {taskinstance.py:1281} INFO - 
--------------------------------------------------------------------------------
[2024-01-14T11:55:51.363+0000] {taskinstance.py:1300} INFO - Executing <Task(PythonOperator): create_infomation_s3> on 2024-01-14 11:55:43.551236+00:00
[2024-01-14T11:55:51.394+0000] {standard_task_runner.py:55} INFO - Started process 22993 to run task
[2024-01-14T11:55:51.396+0000] {standard_task_runner.py:82} INFO - Running: ['***', 'tasks', 'run', 'jobinfo_jobplanet', 'create_infomation_s3', 'manual__2024-01-14T11:55:43.551236+00:00', '--job-id', '476', '--raw', '--subdir', 'DAGS_FOLDER/jobinfo_jobplanet.py', '--cfg-path', '/tmp/tmpr2ss1h0w']
[2024-01-14T11:55:51.402+0000] {standard_task_runner.py:83} INFO - Job 476: Subtask create_infomation_s3
[2024-01-14T11:55:52.285+0000] {task_command.py:388} INFO - Running <TaskInstance: jobinfo_jobplanet.create_infomation_s3 manual__2024-01-14T11:55:43.551236+00:00 [running]> on host 7b77d04f99d6
[2024-01-14T11:55:52.489+0000] {taskinstance.py:1509} INFO - Exporting the following env vars:
AIRFLOW_CTX_DAG_OWNER=***
AIRFLOW_CTX_DAG_ID=jobinfo_jobplanet
AIRFLOW_CTX_TASK_ID=create_infomation_s3
AIRFLOW_CTX_EXECUTION_DATE=2024-01-14T11:55:43.551236+00:00
AIRFLOW_CTX_TRY_NUMBER=1
AIRFLOW_CTX_DAG_RUN_ID=manual__2024-01-14T11:55:43.551236+00:00
[2024-01-14T11:55:58.952+0000] {jobinfo_jobplanet.py:91} INFO - 11111111111111111
[2024-01-14T11:55:59.011+0000] {jobinfo_jobplanet.py:99} INFO - 2222222222222222222222222
[2024-01-14T11:55:59.429+0000] {jobinfo_jobplanet.py:106} INFO - 20180961@dongduk.ac.kr
[2024-01-14T11:56:00.534+0000] {jobinfo_jobplanet.py:110} INFO - 33333333333333333
[2024-01-14T11:56:00.597+0000] {jobinfo_jobplanet.py:114} INFO - user_password
[2024-01-14T11:56:01.637+0000] {jobinfo_jobplanet.py:121} INFO - 4444444444444
[2024-01-14T11:56:01.819+0000] {taskinstance.py:1768} ERROR - Task failed with exception
Traceback (most recent call last):
  File "/home/airflow/.local/lib/python3.7/site-packages/airflow/operators/python.py", line 175, in execute
    return_value = self.execute_callable()
  File "/home/airflow/.local/lib/python3.7/site-packages/airflow/operators/python.py", line 192, in execute_callable
    return self.python_callable(*self.op_args, **self.op_kwargs)
  File "/opt/airflow/dags/jobinfo_jobplanet.py", line 157, in create_infomation_s3
    driver = jobplanet_login()
  File "/opt/airflow/dags/jobinfo_jobplanet.py", line 123, in jobplanet_login
    companies = kwargs['ti'].xcom_pull(task_ids='load_jumpit_file')
KeyError: 'ti'
[2024-01-14T11:56:01.829+0000] {taskinstance.py:1323} INFO - Marking task as FAILED. dag_id=jobinfo_jobplanet, task_id=create_infomation_s3, execution_date=20240114T115543, start_date=20240114T115551, end_date=20240114T115601
[2024-01-14T11:56:01.851+0000] {standard_task_runner.py:105} ERROR - Failed to execute job 476 for task create_infomation_s3 ('ti'; 22993)
[2024-01-14T11:56:01.888+0000] {local_task_job.py:208} INFO - Task exited with return code 1
[2024-01-14T11:56:02.089+0000] {taskinstance.py:2578} INFO - 0 downstream tasks scheduled from follow-on schedule check
