[2024-01-10T18:19:18.272+0000] {taskinstance.py:1083} INFO - Dependencies all met for <TaskInstance: read_to_local_mysql.create_employees_table manual__2024-01-10T18:19:15.201248+00:00 [queued]>
[2024-01-10T18:19:18.301+0000] {taskinstance.py:1083} INFO - Dependencies all met for <TaskInstance: read_to_local_mysql.create_employees_table manual__2024-01-10T18:19:15.201248+00:00 [queued]>
[2024-01-10T18:19:18.302+0000] {taskinstance.py:1279} INFO - 
--------------------------------------------------------------------------------
[2024-01-10T18:19:18.303+0000] {taskinstance.py:1280} INFO - Starting attempt 1 of 2
[2024-01-10T18:19:18.304+0000] {taskinstance.py:1281} INFO - 
--------------------------------------------------------------------------------
[2024-01-10T18:19:18.350+0000] {taskinstance.py:1300} INFO - Executing <Task(MySqlOperator): create_employees_table> on 2024-01-10 18:19:15.201248+00:00
[2024-01-10T18:19:18.359+0000] {standard_task_runner.py:55} INFO - Started process 1443 to run task
[2024-01-10T18:19:18.366+0000] {standard_task_runner.py:82} INFO - Running: ['***', 'tasks', 'run', 'read_to_local_mysql', 'create_employees_table', 'manual__2024-01-10T18:19:15.201248+00:00', '--job-id', '11', '--raw', '--subdir', 'DAGS_FOLDER/slack_mysql_test.py', '--cfg-path', '/tmp/tmpcs_8p5c9']
[2024-01-10T18:19:18.367+0000] {standard_task_runner.py:83} INFO - Job 11: Subtask create_employees_table
[2024-01-10T18:19:18.506+0000] {task_command.py:388} INFO - Running <TaskInstance: read_to_local_mysql.create_employees_table manual__2024-01-10T18:19:15.201248+00:00 [running]> on host 1064147bcaa7
[2024-01-10T18:19:18.838+0000] {taskinstance.py:1509} INFO - Exporting the following env vars:
AIRFLOW_CTX_DAG_OWNER=***
AIRFLOW_CTX_DAG_ID=read_to_local_mysql
AIRFLOW_CTX_TASK_ID=create_employees_table
AIRFLOW_CTX_EXECUTION_DATE=2024-01-10T18:19:15.201248+00:00
AIRFLOW_CTX_TRY_NUMBER=1
AIRFLOW_CTX_DAG_RUN_ID=manual__2024-01-10T18:19:15.201248+00:00
[2024-01-10T18:19:18.844+0000] {sql.py:254} INFO - Executing: 
    SELECT jobinfo_test.table_1.company, position, location, review
    FROM jobinfo_test.table_1
    JOIN jobinfo_test.table_2
    ON jobinfo_test.table_1.company = jobinfo_test.table_2.company;
[2024-01-10T18:19:18.881+0000] {base.py:73} INFO - Using connection ID 'mysql_local_test' for task execution.
[2024-01-10T18:19:19.622+0000] {base.py:73} INFO - Using connection ID 'mysql_local_test' for task execution.
[2024-01-10T18:19:19.654+0000] {sql.py:375} INFO - Running statement: 
    SELECT jobinfo_test.table_1.company, position, location, review
    FROM jobinfo_test.table_1
    JOIN jobinfo_test.table_2
    ON jobinfo_test.table_1.company = jobinfo_test.table_2.company;, parameters: None
[2024-01-10T18:19:19.659+0000] {sql.py:384} INFO - Rows affected: 1
[2024-01-10T18:19:19.713+0000] {taskinstance.py:1323} INFO - Marking task as SUCCESS. dag_id=read_to_local_mysql, task_id=create_employees_table, execution_date=20240110T181915, start_date=20240110T181918, end_date=20240110T181919
[2024-01-10T18:19:19.753+0000] {local_task_job.py:208} INFO - Task exited with return code 0
[2024-01-10T18:19:19.783+0000] {taskinstance.py:2578} INFO - 0 downstream tasks scheduled from follow-on schedule check
