[2024-01-14T11:22:46.611+0000] {taskinstance.py:1083} INFO - Dependencies all met for <TaskInstance: jobinfo_jobplanet.create_infomation_s3 manual__2024-01-14T11:22:35.572495+00:00 [queued]>
[2024-01-14T11:22:46.629+0000] {taskinstance.py:1083} INFO - Dependencies all met for <TaskInstance: jobinfo_jobplanet.create_infomation_s3 manual__2024-01-14T11:22:35.572495+00:00 [queued]>
[2024-01-14T11:22:46.631+0000] {taskinstance.py:1279} INFO - 
--------------------------------------------------------------------------------
[2024-01-14T11:22:46.631+0000] {taskinstance.py:1280} INFO - Starting attempt 1 of 1
[2024-01-14T11:22:46.632+0000] {taskinstance.py:1281} INFO - 
--------------------------------------------------------------------------------
[2024-01-14T11:22:46.670+0000] {taskinstance.py:1300} INFO - Executing <Task(PythonOperator): create_infomation_s3> on 2024-01-14 11:22:35.572495+00:00
[2024-01-14T11:22:46.682+0000] {standard_task_runner.py:55} INFO - Started process 21360 to run task
[2024-01-14T11:22:46.687+0000] {standard_task_runner.py:82} INFO - Running: ['***', 'tasks', 'run', 'jobinfo_jobplanet', 'create_infomation_s3', 'manual__2024-01-14T11:22:35.572495+00:00', '--job-id', '455', '--raw', '--subdir', 'DAGS_FOLDER/jobinfo_jobplanet.py', '--cfg-path', '/tmp/tmpv05y6l_j']
[2024-01-14T11:22:46.688+0000] {standard_task_runner.py:83} INFO - Job 455: Subtask create_infomation_s3
[2024-01-14T11:22:47.103+0000] {task_command.py:388} INFO - Running <TaskInstance: jobinfo_jobplanet.create_infomation_s3 manual__2024-01-14T11:22:35.572495+00:00 [running]> on host 7b77d04f99d6
[2024-01-14T11:22:47.242+0000] {taskinstance.py:1509} INFO - Exporting the following env vars:
AIRFLOW_CTX_DAG_OWNER=***
AIRFLOW_CTX_DAG_ID=jobinfo_jobplanet
AIRFLOW_CTX_TASK_ID=create_infomation_s3
AIRFLOW_CTX_EXECUTION_DATE=2024-01-14T11:22:35.572495+00:00
AIRFLOW_CTX_TRY_NUMBER=1
AIRFLOW_CTX_DAG_RUN_ID=manual__2024-01-14T11:22:35.572495+00:00
[2024-01-14T11:22:50.145+0000] {jobinfo_jobplanet.py:91} INFO - 11111111111111111
[2024-01-14T11:22:50.166+0000] {jobinfo_jobplanet.py:99} INFO - 2222222222222222222222222
[2024-01-14T11:22:50.222+0000] {jobinfo_jobplanet.py:106} INFO - 20180961@dongduk.ac.kr
[2024-01-14T11:22:50.746+0000] {jobinfo_jobplanet.py:110} INFO - 33333333333333333
[2024-01-14T11:22:50.762+0000] {jobinfo_jobplanet.py:114} INFO - user_password
[2024-01-14T11:22:51.490+0000] {jobinfo_jobplanet.py:122} INFO - 4444444444444
[2024-01-14T11:22:51.575+0000] {logging_mixin.py:137} INFO - Companies from XCom: []
[2024-01-14T11:22:51.589+0000] {jobinfo_jobplanet.py:132} INFO - 5555555555555
[2024-01-14T11:22:51.618+0000] {python.py:177} INFO - Done. Returned value was: None
[2024-01-14T11:22:51.632+0000] {taskinstance.py:1323} INFO - Marking task as SUCCESS. dag_id=jobinfo_jobplanet, task_id=create_infomation_s3, execution_date=20240114T112235, start_date=20240114T112246, end_date=20240114T112251
[2024-01-14T11:22:51.679+0000] {local_task_job.py:208} INFO - Task exited with return code 0
[2024-01-14T11:22:51.875+0000] {taskinstance.py:2578} INFO - 1 downstream tasks scheduled from follow-on schedule check
