[2024-01-14T13:25:20.636+0000] {taskinstance.py:1083} INFO - Dependencies all met for <TaskInstance: jobinfo_jobplanet.jobplanet_login manual__2024-01-14T13:25:11.775883+00:00 [queued]>
[2024-01-14T13:25:20.646+0000] {taskinstance.py:1083} INFO - Dependencies all met for <TaskInstance: jobinfo_jobplanet.jobplanet_login manual__2024-01-14T13:25:11.775883+00:00 [queued]>
[2024-01-14T13:25:20.647+0000] {taskinstance.py:1279} INFO - 
--------------------------------------------------------------------------------
[2024-01-14T13:25:20.647+0000] {taskinstance.py:1280} INFO - Starting attempt 1 of 1
[2024-01-14T13:25:20.647+0000] {taskinstance.py:1281} INFO - 
--------------------------------------------------------------------------------
[2024-01-14T13:25:20.673+0000] {taskinstance.py:1300} INFO - Executing <Task(PythonOperator): jobplanet_login> on 2024-01-14 13:25:11.775883+00:00
[2024-01-14T13:25:20.680+0000] {standard_task_runner.py:55} INFO - Started process 138 to run task
[2024-01-14T13:25:20.685+0000] {standard_task_runner.py:82} INFO - Running: ['***', 'tasks', 'run', 'jobinfo_jobplanet', 'jobplanet_login', 'manual__2024-01-14T13:25:11.775883+00:00', '--job-id', '498', '--raw', '--subdir', 'DAGS_FOLDER/jobinfo_jobplanet.py', '--cfg-path', '/tmp/tmpl7dlrce0']
[2024-01-14T13:25:20.685+0000] {standard_task_runner.py:83} INFO - Job 498: Subtask jobplanet_login
[2024-01-14T13:25:20.761+0000] {task_command.py:388} INFO - Running <TaskInstance: jobinfo_jobplanet.jobplanet_login manual__2024-01-14T13:25:11.775883+00:00 [running]> on host 565f6bcc10b6
[2024-01-14T13:25:20.891+0000] {taskinstance.py:1509} INFO - Exporting the following env vars:
AIRFLOW_CTX_DAG_OWNER=***
AIRFLOW_CTX_DAG_ID=jobinfo_jobplanet
AIRFLOW_CTX_TASK_ID=jobplanet_login
AIRFLOW_CTX_EXECUTION_DATE=2024-01-14T13:25:11.775883+00:00
AIRFLOW_CTX_TRY_NUMBER=1
AIRFLOW_CTX_DAG_RUN_ID=manual__2024-01-14T13:25:11.775883+00:00
[2024-01-14T13:25:28.728+0000] {jobinfo_jobplanet.py:76} INFO - *********************************
[2024-01-14T13:25:28.824+0000] {jobinfo_jobplanet.py:82} INFO - 12212121313442342354534634534534534534523423443423
[2024-01-14T13:25:28.824+0000] {jobinfo_jobplanet.py:83} INFO - <selenium.webdriver.remote.webdriver.WebDriver (session="0f16ae5c499095b08fadf979b87f8ae1")>
[2024-01-14T13:25:29.255+0000] {jobinfo_jobplanet.py:86} INFO - 890u8987978078978978079078097807897809789789789789789797
[2024-01-14T13:25:30.233+0000] {jobinfo_jobplanet.py:89} INFO - ^^^^^^^^^^^^^^^^^^^^^^^^^^^^^^^^^^^^^^^^^^^^^^^^^^^^^^^^^^^^^^^^^^^^^^^^^^^^^^^^^^^^^^
[2024-01-14T13:25:31.813+0000] {jobinfo_jobplanet.py:100} INFO - 3333333333333333333333333
[2024-01-14T13:25:31.920+0000] {jobinfo_jobplanet.py:106} INFO - 4444444444444444444444444444
[2024-01-14T13:25:31.964+0000] {jobinfo_jobplanet.py:109} INFO - ['path/in/s3/bucket/jobinfo_jumpit.csv', 'path/in/s3/bucket/jobinfo_jumpit_v2.csv', 'path/in/s3/bucket/review_information_롯데헬스케어.csv', 'path/in/s3/bucket/review_information_메이븐클라우드서비스.csv', 'path/in/s3/bucket/review_information_블랙탠저린.csv', 'path/in/s3/bucket/review_information_스윗코리아.csv', 'path/in/s3/bucket/review_information_엠아이티.csv', 'path/in/s3/bucket/review_information_오케스트로.csv', 'path/in/s3/bucket/review_information_월급쟁이부자들.csv', 'path/in/s3/bucket/review_information_제니스앤컴퍼니.csv', 'path/in/s3/bucket/review_information_파인더스.csv', 'path/in/s3/bucket/summary.csv']
[2024-01-14T13:25:35.551+0000] {jobinfo_jobplanet.py:119} INFO - 오케스트로 파일이 없음
[2024-01-14T13:25:36.172+0000] {jobinfo_jobplanet.py:123} INFO - 오케스트로 검색을 위해 검색창에 입력했습니다.
[2024-01-14T13:25:40.669+0000] {jobinfo_jobplanet.py:126} INFO - 오케스트로 검색하기
[2024-01-14T13:25:42.717+0000] {jobinfo_jobplanet.py:137} INFO - 오케스트로의 정보는 없어서 파일 생성을 못한다.
[2024-01-14T13:25:42.745+0000] {jobinfo_jobplanet.py:119} INFO - 오케스트로 파일이 없음
[2024-01-14T13:25:43.089+0000] {jobinfo_jobplanet.py:123} INFO - 오케스트로 검색을 위해 검색창에 입력했습니다.
[2024-01-14T13:25:46.776+0000] {jobinfo_jobplanet.py:126} INFO - 오케스트로 검색하기
[2024-01-14T13:25:47.302+0000] {jobinfo_jobplanet.py:131} INFO - 오케스트로 회사 정보를 알기 위해 상세정보 클릭합니다.
[2024-01-14T13:26:05.730+0000] {base.py:73} INFO - Using connection ID 's3_conn' for task execution.
[2024-01-14T13:26:06.010+0000] {jobinfo_jobplanet.py:622} INFO - File path/in/s3/bucket/review_information_오케스트로.csv uploaded to S3 successfully.
[2024-01-14T13:26:06.086+0000] {jobinfo_jobplanet.py:119} INFO - 제니스앤컴퍼니 파일이 없음
[2024-01-14T13:26:06.655+0000] {jobinfo_jobplanet.py:123} INFO - 제니스앤컴퍼니 검색을 위해 검색창에 입력했습니다.
[2024-01-14T13:26:09.973+0000] {jobinfo_jobplanet.py:126} INFO - 제니스앤컴퍼니 검색하기
[2024-01-14T13:26:13.460+0000] {jobinfo_jobplanet.py:131} INFO - 제니스앤컴퍼니 회사 정보를 알기 위해 상세정보 클릭합니다.
[2024-01-14T13:26:36.954+0000] {base.py:73} INFO - Using connection ID 's3_conn' for task execution.
[2024-01-14T13:26:37.077+0000] {jobinfo_jobplanet.py:622} INFO - File path/in/s3/bucket/review_information_제니스앤컴퍼니.csv uploaded to S3 successfully.
[2024-01-14T13:26:37.117+0000] {jobinfo_jobplanet.py:119} INFO - 제니스앤컴퍼니 파일이 없음
[2024-01-14T13:26:37.607+0000] {jobinfo_jobplanet.py:123} INFO - 제니스앤컴퍼니 검색을 위해 검색창에 입력했습니다.
[2024-01-14T13:26:46.005+0000] {jobinfo_jobplanet.py:126} INFO - 제니스앤컴퍼니 검색하기
[2024-01-14T13:26:47.255+0000] {jobinfo_jobplanet.py:131} INFO - 제니스앤컴퍼니 회사 정보를 알기 위해 상세정보 클릭합니다.
[2024-01-14T13:27:11.769+0000] {base.py:73} INFO - Using connection ID 's3_conn' for task execution.
[2024-01-14T13:27:11.869+0000] {jobinfo_jobplanet.py:622} INFO - File path/in/s3/bucket/review_information_제니스앤컴퍼니.csv uploaded to S3 successfully.
[2024-01-14T13:27:11.879+0000] {jobinfo_jobplanet.py:119} INFO - 제니스앤컴퍼니 파일이 없음
[2024-01-14T13:27:12.365+0000] {jobinfo_jobplanet.py:123} INFO - 제니스앤컴퍼니 검색을 위해 검색창에 입력했습니다.
[2024-01-14T13:27:18.067+0000] {jobinfo_jobplanet.py:126} INFO - 제니스앤컴퍼니 검색하기
[2024-01-14T13:27:18.921+0000] {jobinfo_jobplanet.py:131} INFO - 제니스앤컴퍼니 회사 정보를 알기 위해 상세정보 클릭합니다.
[2024-01-14T13:27:42.924+0000] {base.py:73} INFO - Using connection ID 's3_conn' for task execution.
[2024-01-14T13:27:43.033+0000] {jobinfo_jobplanet.py:622} INFO - File path/in/s3/bucket/review_information_제니스앤컴퍼니.csv uploaded to S3 successfully.
[2024-01-14T13:27:43.042+0000] {jobinfo_jobplanet.py:119} INFO - 메이븐클라우드서비스 파일이 없음
[2024-01-14T13:27:43.573+0000] {jobinfo_jobplanet.py:123} INFO - 메이븐클라우드서비스 검색을 위해 검색창에 입력했습니다.
[2024-01-14T13:27:48.036+0000] {jobinfo_jobplanet.py:126} INFO - 메이븐클라우드서비스 검색하기
[2024-01-14T13:27:48.388+0000] {jobinfo_jobplanet.py:131} INFO - 메이븐클라우드서비스 회사 정보를 알기 위해 상세정보 클릭합니다.
[2024-01-14T13:28:09.524+0000] {base.py:73} INFO - Using connection ID 's3_conn' for task execution.
[2024-01-14T13:28:09.645+0000] {jobinfo_jobplanet.py:622} INFO - File path/in/s3/bucket/review_information_메이븐클라우드서비스.csv uploaded to S3 successfully.
[2024-01-14T13:28:09.662+0000] {jobinfo_jobplanet.py:119} INFO - 엠아이티 파일이 없음
[2024-01-14T13:28:10.077+0000] {jobinfo_jobplanet.py:123} INFO - 엠아이티 검색을 위해 검색창에 입력했습니다.
[2024-01-14T13:28:16.616+0000] {jobinfo_jobplanet.py:126} INFO - 엠아이티 검색하기
[2024-01-14T13:28:18.074+0000] {jobinfo_jobplanet.py:131} INFO - 엠아이티 회사 정보를 알기 위해 상세정보 클릭합니다.
[2024-01-14T13:28:39.605+0000] {base.py:73} INFO - Using connection ID 's3_conn' for task execution.
[2024-01-14T13:28:39.705+0000] {jobinfo_jobplanet.py:622} INFO - File path/in/s3/bucket/review_information_엠아이티.csv uploaded to S3 successfully.
[2024-01-14T13:28:39.712+0000] {jobinfo_jobplanet.py:119} INFO - 엠아이티 파일이 없음
[2024-01-14T13:28:40.051+0000] {jobinfo_jobplanet.py:123} INFO - 엠아이티 검색을 위해 검색창에 입력했습니다.
[2024-01-14T13:28:45.369+0000] {jobinfo_jobplanet.py:126} INFO - 엠아이티 검색하기
[2024-01-14T13:28:46.680+0000] {jobinfo_jobplanet.py:131} INFO - 엠아이티 회사 정보를 알기 위해 상세정보 클릭합니다.
[2024-01-14T13:29:08.751+0000] {base.py:73} INFO - Using connection ID 's3_conn' for task execution.
[2024-01-14T13:29:09.006+0000] {jobinfo_jobplanet.py:622} INFO - File path/in/s3/bucket/review_information_엠아이티.csv uploaded to S3 successfully.
[2024-01-14T13:29:09.065+0000] {jobinfo_jobplanet.py:119} INFO - 스윗코리아 파일이 없음
[2024-01-14T13:29:09.570+0000] {jobinfo_jobplanet.py:123} INFO - 스윗코리아 검색을 위해 검색창에 입력했습니다.
[2024-01-14T13:29:12.344+0000] {jobinfo_jobplanet.py:126} INFO - 스윗코리아 검색하기
[2024-01-14T13:29:12.884+0000] {jobinfo_jobplanet.py:131} INFO - 스윗코리아 회사 정보를 알기 위해 상세정보 클릭합니다.
[2024-01-14T13:29:35.169+0000] {base.py:73} INFO - Using connection ID 's3_conn' for task execution.
[2024-01-14T13:29:35.267+0000] {jobinfo_jobplanet.py:622} INFO - File path/in/s3/bucket/review_information_스윗코리아.csv uploaded to S3 successfully.
[2024-01-14T13:29:35.294+0000] {jobinfo_jobplanet.py:119} INFO - 스윗코리아 파일이 없음
[2024-01-14T13:29:35.710+0000] {jobinfo_jobplanet.py:123} INFO - 스윗코리아 검색을 위해 검색창에 입력했습니다.
[2024-01-14T13:29:37.145+0000] {jobinfo_jobplanet.py:137} INFO - 스윗코리아의 정보는 없어서 파일 생성을 못한다.
[2024-01-14T13:29:37.465+0000] {jobinfo_jobplanet.py:119} INFO - 파킹클라우드 파일이 없음
[2024-01-14T13:29:38.592+0000] {jobinfo_jobplanet.py:123} INFO - 파킹클라우드 검색을 위해 검색창에 입력했습니다.
[2024-01-14T13:29:41.766+0000] {jobinfo_jobplanet.py:126} INFO - 파킹클라우드 검색하기
[2024-01-14T13:29:43.845+0000] {jobinfo_jobplanet.py:131} INFO - 파킹클라우드 회사 정보를 알기 위해 상세정보 클릭합니다.
[2024-01-14T13:30:11.414+0000] {base.py:73} INFO - Using connection ID 's3_conn' for task execution.
[2024-01-14T13:30:11.529+0000] {jobinfo_jobplanet.py:622} INFO - File path/in/s3/bucket/review_information_파킹클라우드.csv uploaded to S3 successfully.
[2024-01-14T13:30:11.539+0000] {jobinfo_jobplanet.py:119} INFO - 오케스트로 파일이 없음
[2024-01-14T13:30:11.945+0000] {jobinfo_jobplanet.py:123} INFO - 오케스트로 검색을 위해 검색창에 입력했습니다.
[2024-01-14T13:30:15.056+0000] {jobinfo_jobplanet.py:126} INFO - 오케스트로 검색하기
[2024-01-14T13:30:15.964+0000] {jobinfo_jobplanet.py:131} INFO - 오케스트로 회사 정보를 알기 위해 상세정보 클릭합니다.
[2024-01-14T13:30:38.872+0000] {base.py:73} INFO - Using connection ID 's3_conn' for task execution.
[2024-01-14T13:30:38.970+0000] {jobinfo_jobplanet.py:622} INFO - File path/in/s3/bucket/review_information_오케스트로.csv uploaded to S3 successfully.
[2024-01-14T13:30:39.008+0000] {jobinfo_jobplanet.py:119} INFO - 오케스트로 파일이 없음
[2024-01-14T13:30:39.347+0000] {jobinfo_jobplanet.py:123} INFO - 오케스트로 검색을 위해 검색창에 입력했습니다.
[2024-01-14T13:30:42.085+0000] {jobinfo_jobplanet.py:126} INFO - 오케스트로 검색하기
[2024-01-14T13:30:43.393+0000] {jobinfo_jobplanet.py:131} INFO - 오케스트로 회사 정보를 알기 위해 상세정보 클릭합니다.
[2024-01-14T13:31:06.714+0000] {base.py:73} INFO - Using connection ID 's3_conn' for task execution.
[2024-01-14T13:31:06.806+0000] {jobinfo_jobplanet.py:622} INFO - File path/in/s3/bucket/review_information_오케스트로.csv uploaded to S3 successfully.
[2024-01-14T13:31:06.813+0000] {jobinfo_jobplanet.py:119} INFO - 오케스트로 파일이 없음
[2024-01-14T13:31:07.164+0000] {jobinfo_jobplanet.py:123} INFO - 오케스트로 검색을 위해 검색창에 입력했습니다.
[2024-01-14T13:31:08.684+0000] {jobinfo_jobplanet.py:126} INFO - 오케스트로 검색하기
[2024-01-14T13:31:08.992+0000] {jobinfo_jobplanet.py:131} INFO - 오케스트로 회사 정보를 알기 위해 상세정보 클릭합니다.
[2024-01-14T13:31:33.539+0000] {base.py:73} INFO - Using connection ID 's3_conn' for task execution.
[2024-01-14T13:31:33.630+0000] {jobinfo_jobplanet.py:622} INFO - File path/in/s3/bucket/review_information_오케스트로.csv uploaded to S3 successfully.
[2024-01-14T13:31:33.637+0000] {jobinfo_jobplanet.py:119} INFO - 오케스트로 파일이 없음
[2024-01-14T13:31:34.021+0000] {jobinfo_jobplanet.py:123} INFO - 오케스트로 검색을 위해 검색창에 입력했습니다.
[2024-01-14T13:31:34.703+0000] {jobinfo_jobplanet.py:137} INFO - 오케스트로의 정보는 없어서 파일 생성을 못한다.
[2024-01-14T13:31:34.908+0000] {jobinfo_jobplanet.py:119} INFO - 오케스트로 파일이 없음
[2024-01-14T13:31:35.541+0000] {jobinfo_jobplanet.py:123} INFO - 오케스트로 검색을 위해 검색창에 입력했습니다.
[2024-01-14T13:31:40.079+0000] {jobinfo_jobplanet.py:126} INFO - 오케스트로 검색하기
[2024-01-14T13:31:40.167+0000] {jobinfo_jobplanet.py:131} INFO - 오케스트로 회사 정보를 알기 위해 상세정보 클릭합니다.
[2024-01-14T13:31:57.273+0000] {base.py:73} INFO - Using connection ID 's3_conn' for task execution.
[2024-01-14T13:31:57.455+0000] {jobinfo_jobplanet.py:622} INFO - File path/in/s3/bucket/review_information_오케스트로.csv uploaded to S3 successfully.
[2024-01-14T13:31:57.484+0000] {jobinfo_jobplanet.py:119} INFO - 월급쟁이부자들 파일이 없음
[2024-01-14T13:32:00.510+0000] {jobinfo_jobplanet.py:123} INFO - 월급쟁이부자들 검색을 위해 검색창에 입력했습니다.
[2024-01-14T13:32:02.394+0000] {jobinfo_jobplanet.py:137} INFO - 월급쟁이부자들의 정보는 없어서 파일 생성을 못한다.
[2024-01-14T13:32:02.463+0000] {jobinfo_jobplanet.py:119} INFO - 월급쟁이부자들 파일이 없음
[2024-01-14T13:32:03.290+0000] {jobinfo_jobplanet.py:123} INFO - 월급쟁이부자들 검색을 위해 검색창에 입력했습니다.
[2024-01-14T13:32:06.151+0000] {jobinfo_jobplanet.py:126} INFO - 월급쟁이부자들 검색하기
[2024-01-14T13:32:07.022+0000] {jobinfo_jobplanet.py:131} INFO - 월급쟁이부자들 회사 정보를 알기 위해 상세정보 클릭합니다.
[2024-01-14T13:32:25.876+0000] {base.py:73} INFO - Using connection ID 's3_conn' for task execution.
[2024-01-14T13:32:25.989+0000] {jobinfo_jobplanet.py:622} INFO - File path/in/s3/bucket/review_information_월급쟁이부자들.csv uploaded to S3 successfully.
[2024-01-14T13:32:26.039+0000] {jobinfo_jobplanet.py:119} INFO - 로민 파일이 없음
[2024-01-14T13:32:26.613+0000] {jobinfo_jobplanet.py:123} INFO - 로민 검색을 위해 검색창에 입력했습니다.
[2024-01-14T13:32:30.192+0000] {jobinfo_jobplanet.py:126} INFO - 로민 검색하기
[2024-01-14T13:32:30.776+0000] {jobinfo_jobplanet.py:131} INFO - 로민 회사 정보를 알기 위해 상세정보 클릭합니다.
[2024-01-14T13:32:52.170+0000] {base.py:73} INFO - Using connection ID 's3_conn' for task execution.
[2024-01-14T13:32:52.300+0000] {jobinfo_jobplanet.py:622} INFO - File path/in/s3/bucket/review_information_로민.csv uploaded to S3 successfully.
[2024-01-14T13:32:52.337+0000] {jobinfo_jobplanet.py:119} INFO - 블랙탠저린 파일이 없음
[2024-01-14T13:32:53.340+0000] {jobinfo_jobplanet.py:123} INFO - 블랙탠저린 검색을 위해 검색창에 입력했습니다.
[2024-01-14T13:32:59.224+0000] {jobinfo_jobplanet.py:126} INFO - 블랙탠저린 검색하기
[2024-01-14T13:32:59.587+0000] {jobinfo_jobplanet.py:131} INFO - 블랙탠저린 회사 정보를 알기 위해 상세정보 클릭합니다.
[2024-01-14T13:33:20.061+0000] {base.py:73} INFO - Using connection ID 's3_conn' for task execution.
[2024-01-14T13:33:20.155+0000] {jobinfo_jobplanet.py:622} INFO - File path/in/s3/bucket/review_information_블랙탠저린.csv uploaded to S3 successfully.
[2024-01-14T13:33:20.160+0000] {jobinfo_jobplanet.py:119} INFO - 파인더스 파일이 없음
[2024-01-14T13:33:20.685+0000] {jobinfo_jobplanet.py:123} INFO - 파인더스 검색을 위해 검색창에 입력했습니다.
[2024-01-14T13:33:24.301+0000] {jobinfo_jobplanet.py:126} INFO - 파인더스 검색하기
[2024-01-14T13:33:25.049+0000] {jobinfo_jobplanet.py:131} INFO - 파인더스 회사 정보를 알기 위해 상세정보 클릭합니다.
[2024-01-14T13:33:46.342+0000] {base.py:73} INFO - Using connection ID 's3_conn' for task execution.
[2024-01-14T13:33:46.505+0000] {jobinfo_jobplanet.py:622} INFO - File path/in/s3/bucket/review_information_파인더스.csv uploaded to S3 successfully.
[2024-01-14T13:33:46.519+0000] {jobinfo_jobplanet.py:119} INFO - 론픽 파일이 없음
[2024-01-14T13:33:46.941+0000] {jobinfo_jobplanet.py:123} INFO - 론픽 검색을 위해 검색창에 입력했습니다.
[2024-01-14T13:33:51.299+0000] {jobinfo_jobplanet.py:126} INFO - 론픽 검색하기
[2024-01-14T13:33:52.508+0000] {jobinfo_jobplanet.py:131} INFO - 론픽 회사 정보를 알기 위해 상세정보 클릭합니다.
[2024-01-14T13:34:09.870+0000] {base.py:73} INFO - Using connection ID 's3_conn' for task execution.
[2024-01-14T13:34:09.878+0000] {jobinfo_jobplanet.py:624} INFO - Error uploading file to S3: 'int' object has no attribute 'to_csv'
[2024-01-14T13:34:09.893+0000] {jobinfo_jobplanet.py:119} INFO - 비포플레이 파일이 없음
[2024-01-14T13:34:10.435+0000] {jobinfo_jobplanet.py:123} INFO - 비포플레이 검색을 위해 검색창에 입력했습니다.
[2024-01-14T13:34:13.052+0000] {jobinfo_jobplanet.py:126} INFO - 비포플레이 검색하기
[2024-01-14T13:34:13.254+0000] {jobinfo_jobplanet.py:131} INFO - 비포플레이 회사 정보를 알기 위해 상세정보 클릭합니다.
[2024-01-14T13:34:27.490+0000] {base.py:73} INFO - Using connection ID 's3_conn' for task execution.
[2024-01-14T13:34:27.585+0000] {jobinfo_jobplanet.py:622} INFO - File path/in/s3/bucket/review_information_비포플레이.csv uploaded to S3 successfully.
[2024-01-14T13:34:27.592+0000] {jobinfo_jobplanet.py:119} INFO - 롯데헬스케어 파일이 없음
[2024-01-14T13:34:29.055+0000] {jobinfo_jobplanet.py:123} INFO - 롯데헬스케어 검색을 위해 검색창에 입력했습니다.
[2024-01-14T13:34:30.295+0000] {jobinfo_jobplanet.py:137} INFO - 롯데헬스케어의 정보는 없어서 파일 생성을 못한다.
[2024-01-14T13:34:30.401+0000] {jobinfo_jobplanet.py:119} INFO - 롯데헬스케어 파일이 없음
[2024-01-14T13:34:30.935+0000] {jobinfo_jobplanet.py:123} INFO - 롯데헬스케어 검색을 위해 검색창에 입력했습니다.
[2024-01-14T13:34:34.359+0000] {jobinfo_jobplanet.py:126} INFO - 롯데헬스케어 검색하기
[2024-01-14T13:34:36.495+0000] {jobinfo_jobplanet.py:137} INFO - 롯데헬스케어의 정보는 없어서 파일 생성을 못한다.
[2024-01-14T13:34:36.502+0000] {jobinfo_jobplanet.py:119} INFO - 올라운드닥터스 파일이 없음
[2024-01-14T13:34:36.861+0000] {jobinfo_jobplanet.py:123} INFO - 올라운드닥터스 검색을 위해 검색창에 입력했습니다.
[2024-01-14T13:34:48.533+0000] {jobinfo_jobplanet.py:126} INFO - 올라운드닥터스 검색하기
[2024-01-14T13:34:50.563+0000] {jobinfo_jobplanet.py:137} INFO - 올라운드닥터스의 정보는 없어서 파일 생성을 못한다.
[2024-01-14T13:34:50.568+0000] {jobinfo_jobplanet.py:119} INFO - 와디즈 파일이 없음
[2024-01-14T13:34:50.912+0000] {jobinfo_jobplanet.py:123} INFO - 와디즈 검색을 위해 검색창에 입력했습니다.
[2024-01-14T13:34:53.095+0000] {jobinfo_jobplanet.py:126} INFO - 와디즈 검색하기
[2024-01-14T13:34:55.132+0000] {jobinfo_jobplanet.py:137} INFO - 와디즈의 정보는 없어서 파일 생성을 못한다.
[2024-01-14T13:34:55.135+0000] {jobinfo_jobplanet.py:119} INFO - 크리에이트립 파일이 없음
[2024-01-14T13:34:55.486+0000] {jobinfo_jobplanet.py:123} INFO - 크리에이트립 검색을 위해 검색창에 입력했습니다.
[2024-01-14T13:34:59.428+0000] {jobinfo_jobplanet.py:126} INFO - 크리에이트립 검색하기
[2024-01-14T13:35:01.604+0000] {jobinfo_jobplanet.py:137} INFO - 크리에이트립의 정보는 없어서 파일 생성을 못한다.
[2024-01-14T13:35:01.614+0000] {jobinfo_jobplanet.py:119} INFO - 데브툴즈 파일이 없음
[2024-01-14T13:35:01.996+0000] {jobinfo_jobplanet.py:123} INFO - 데브툴즈 검색을 위해 검색창에 입력했습니다.
[2024-01-14T13:35:03.951+0000] {jobinfo_jobplanet.py:126} INFO - 데브툴즈 검색하기
[2024-01-14T13:35:05.979+0000] {jobinfo_jobplanet.py:137} INFO - 데브툴즈의 정보는 없어서 파일 생성을 못한다.
[2024-01-14T13:35:05.983+0000] {jobinfo_jobplanet.py:119} INFO - 티니어 파일이 없음
[2024-01-14T13:35:06.318+0000] {jobinfo_jobplanet.py:123} INFO - 티니어 검색을 위해 검색창에 입력했습니다.
[2024-01-14T13:35:09.393+0000] {jobinfo_jobplanet.py:126} INFO - 티니어 검색하기
[2024-01-14T13:35:11.453+0000] {jobinfo_jobplanet.py:137} INFO - 티니어의 정보는 없어서 파일 생성을 못한다.
[2024-01-14T13:35:11.470+0000] {jobinfo_jobplanet.py:119} INFO - 키다리스튜디오 파일이 없음
[2024-01-14T13:35:11.945+0000] {jobinfo_jobplanet.py:123} INFO - 키다리스튜디오 검색을 위해 검색창에 입력했습니다.
[2024-01-14T13:35:17.262+0000] {jobinfo_jobplanet.py:126} INFO - 키다리스튜디오 검색하기
[2024-01-14T13:35:19.449+0000] {jobinfo_jobplanet.py:137} INFO - 키다리스튜디오의 정보는 없어서 파일 생성을 못한다.
[2024-01-14T13:35:19.462+0000] {jobinfo_jobplanet.py:119} INFO - 마크클라우드 파일이 없음
[2024-01-14T13:35:19.817+0000] {jobinfo_jobplanet.py:123} INFO - 마크클라우드 검색을 위해 검색창에 입력했습니다.
[2024-01-14T13:35:22.563+0000] {jobinfo_jobplanet.py:126} INFO - 마크클라우드 검색하기
[2024-01-14T13:35:24.630+0000] {jobinfo_jobplanet.py:137} INFO - 마크클라우드의 정보는 없어서 파일 생성을 못한다.
[2024-01-14T13:35:24.846+0000] {taskinstance.py:1768} ERROR - Task failed with exception
Traceback (most recent call last):
  File "/home/airflow/.local/lib/python3.7/site-packages/airflow/operators/python.py", line 175, in execute
    return_value = self.execute_callable()
  File "/home/airflow/.local/lib/python3.7/site-packages/airflow/operators/python.py", line 192, in execute_callable
    return self.python_callable(*self.op_args, **self.op_kwargs)
  File "/opt/airflow/dags/jobinfo_jobplanet.py", line 140, in jobplanet_login
    driver.quit()
  File "/home/airflow/.local/lib/python3.7/site-packages/selenium/webdriver/remote/webdriver.py", line 220, in __exit__
    self.quit()
  File "/home/airflow/.local/lib/python3.7/site-packages/selenium/webdriver/remote/webdriver.py", line 467, in quit
    self.execute(Command.QUIT)
  File "/home/airflow/.local/lib/python3.7/site-packages/selenium/webdriver/remote/webdriver.py", line 345, in execute
    self.error_handler.check_response(response)
  File "/home/airflow/.local/lib/python3.7/site-packages/selenium/webdriver/remote/errorhandler.py", line 229, in check_response
    raise exception_class(message, screen, stacktrace)
selenium.common.exceptions.InvalidSessionIdException: Message: Unable to find session with ID: 0f16ae5c499095b08fadf979b87f8ae1
Build info: version: '4.16.1', revision: '9b4c83354e'
System info: os.name: 'Linux', os.arch: 'amd64', os.version: '5.15.133.1-microsoft-standard-WSL2', java.version: '11.0.21'
Driver info: driver.version: unknown
Stacktrace:
org.openqa.selenium.NoSuchSessionException: Unable to find session with ID: 0f16ae5c499095b08fadf979b87f8ae1
Build info: version: '4.16.1', revision: '9b4c83354e'
System info: os.name: 'Linux', os.arch: 'amd64', os.version: '5.15.133.1-microsoft-standard-WSL2', java.version: '11.0.21'
Driver info: driver.version: unknown
	at org.openqa.selenium.grid.sessionmap.local.LocalSessionMap.get(LocalSessionMap.java:132)
	at org.openqa.selenium.grid.sessionmap.SessionMap.getUri(SessionMap.java:84)
	at org.openqa.selenium.grid.router.HandleSession.lambda$loadSessionId$4(HandleSession.java:223)
	at io.opentelemetry.context.Context.lambda$wrap$2(Context.java:224)
	at org.openqa.selenium.grid.router.HandleSession.execute(HandleSession.java:180)
	at org.openqa.selenium.remote.http.Route$PredicatedRoute.handle(Route.java:382)
	at org.openqa.selenium.remote.http.Route.execute(Route.java:69)
	at org.openqa.selenium.remote.http.Route$CombinedRoute.handle(Route.java:345)
	at org.openqa.selenium.remote.http.Route.execute(Route.java:69)
	at org.openqa.selenium.grid.router.Router.execute(Router.java:87)
	at org.openqa.selenium.grid.web.EnsureSpecCompliantResponseHeaders.lambda$apply$0(EnsureSpecCompliantResponseHeaders.java:34)
	at org.openqa.selenium.remote.http.Filter$1.execute(Filter.java:63)
	at org.openqa.selenium.remote.http.Route$CombinedRoute.handle(Route.java:345)
	at org.openqa.selenium.remote.http.Route.execute(Route.java:69)
	at org.openqa.selenium.remote.http.Route$NestedRoute.handle(Route.java:271)
	at org.openqa.selenium.remote.http.Route.execute(Route.java:69)
	at org.openqa.selenium.remote.http.Route$CombinedRoute.handle(Route.java:345)
	at org.openqa.selenium.remote.http.Route.execute(Route.java:69)
	at org.openqa.selenium.remote.http.Route$CombinedRoute.handle(Route.java:345)
	at org.openqa.selenium.remote.http.Route.execute(Route.java:69)
	at org.openqa.selenium.remote.http.Route$CombinedRoute.handle(Route.java:345)
	at org.openqa.selenium.remote.http.Route.execute(Route.java:69)
	at org.openqa.selenium.remote.http.Route$CombinedRoute.handle(Route.java:345)
	at org.openqa.selenium.remote.http.Route.execute(Route.java:69)
	at org.openqa.selenium.remote.AddWebDriverSpecHeaders.lambda$apply$0(AddWebDriverSpecHeaders.java:35)
	at org.openqa.selenium.remote.ErrorFilter.lambda$apply$0(ErrorFilter.java:44)
	at org.openqa.selenium.remote.http.Filter$1.execute(Filter.java:63)
	at org.openqa.selenium.remote.ErrorFilter.lambda$apply$0(ErrorFilter.java:44)
	at org.openqa.selenium.remote.http.Filter$1.execute(Filter.java:63)
	at org.openqa.selenium.netty.server.SeleniumHandler.lambda$channelRead0$0(SeleniumHandler.java:44)
	at java.base/java.util.concurrent.Executors$RunnableAdapter.call(Executors.java:515)
	at java.base/java.util.concurrent.FutureTask.run(FutureTask.java:264)
	at java.base/java.util.concurrent.ThreadPoolExecutor.runWorker(ThreadPoolExecutor.java:1128)
	at java.base/java.util.concurrent.ThreadPoolExecutor$Worker.run(ThreadPoolExecutor.java:628)
	at java.base/java.lang.Thread.run(Thread.java:829)

[2024-01-14T13:35:24.855+0000] {taskinstance.py:1323} INFO - Marking task as FAILED. dag_id=jobinfo_jobplanet, task_id=jobplanet_login, execution_date=20240114T132511, start_date=20240114T132520, end_date=20240114T133524
[2024-01-14T13:35:24.874+0000] {standard_task_runner.py:105} ERROR - Failed to execute job 498 for task jobplanet_login (Message: Unable to find session with ID: 0f16ae5c499095b08fadf979b87f8ae1
Build info: version: '4.16.1', revision: '9b4c83354e'
System info: os.name: 'Linux', os.arch: 'amd64', os.version: '5.15.133.1-microsoft-standard-WSL2', java.version: '11.0.21'
Driver info: driver.version: unknown
Stacktrace:
org.openqa.selenium.NoSuchSessionException: Unable to find session with ID: 0f16ae5c499095b08fadf979b87f8ae1
Build info: version: '4.16.1', revision: '9b4c83354e'
System info: os.name: 'Linux', os.arch: 'amd64', os.version: '5.15.133.1-microsoft-standard-WSL2', java.version: '11.0.21'
Driver info: driver.version: unknown
	at org.openqa.selenium.grid.sessionmap.local.LocalSessionMap.get(LocalSessionMap.java:132)
	at org.openqa.selenium.grid.sessionmap.SessionMap.getUri(SessionMap.java:84)
	at org.openqa.selenium.grid.router.HandleSession.lambda$loadSessionId$4(HandleSession.java:223)
	at io.opentelemetry.context.Context.lambda$wrap$2(Context.java:224)
	at org.openqa.selenium.grid.router.HandleSession.execute(HandleSession.java:180)
	at org.openqa.selenium.remote.http.Route$PredicatedRoute.handle(Route.java:382)
	at org.openqa.selenium.remote.http.Route.execute(Route.java:69)
	at org.openqa.selenium.remote.http.Route$CombinedRoute.handle(Route.java:345)
	at org.openqa.selenium.remote.http.Route.execute(Route.java:69)
	at org.openqa.selenium.grid.router.Router.execute(Router.java:87)
	at org.openqa.selenium.grid.web.EnsureSpecCompliantResponseHeaders.lambda$apply$0(EnsureSpecCompliantResponseHeaders.java:34)
	at org.openqa.selenium.remote.http.Filter$1.execute(Filter.java:63)
	at org.openqa.selenium.remote.http.Route$CombinedRoute.handle(Route.java:345)
	at org.openqa.selenium.remote.http.Route.execute(Route.java:69)
	at org.openqa.selenium.remote.http.Route$NestedRoute.handle(Route.java:271)
	at org.openqa.selenium.remote.http.Route.execute(Route.java:69)
	at org.openqa.selenium.remote.http.Route$CombinedRoute.handle(Route.java:345)
	at org.openqa.selenium.remote.http.Route.execute(Route.java:69)
	at org.openqa.selenium.remote.http.Route$CombinedRoute.handle(Route.java:345)
	at org.openqa.selenium.remote.http.Route.execute(Route.java:69)
	at org.openqa.selenium.remote.http.Route$CombinedRoute.handle(Route.java:345)
	at org.openqa.selenium.remote.http.Route.execute(Route.java:69)
	at org.openqa.selenium.remote.http.Route$CombinedRoute.handle(Route.java:345)
	at org.openqa.selenium.remote.http.Route.execute(Route.java:69)
	at org.openqa.selenium.remote.AddWebDriverSpecHeaders.lambda$apply$0(AddWebDriverSpecHeaders.java:35)
	at org.openqa.selenium.remote.ErrorFilter.lambda$apply$0(ErrorFilter.java:44)
	at org.openqa.selenium.remote.http.Filter$1.execute(Filter.java:63)
	at org.openqa.selenium.remote.ErrorFilter.lambda$apply$0(ErrorFilter.java:44)
	at org.openqa.selenium.remote.http.Filter$1.execute(Filter.java:63)
	at org.openqa.selenium.netty.server.SeleniumHandler.lambda$channelRead0$0(SeleniumHandler.java:44)
	at java.base/java.util.concurrent.Executors$RunnableAdapter.call(Executors.java:515)
	at java.base/java.util.concurrent.FutureTask.run(FutureTask.java:264)
	at java.base/java.util.concurrent.ThreadPoolExecutor.runWorker(ThreadPoolExecutor.java:1128)
	at java.base/java.util.concurrent.ThreadPoolExecutor$Worker.run(ThreadPoolExecutor.java:628)
	at java.base/java.lang.Thread.run(Thread.java:829)
; 138)
[2024-01-14T13:35:24.892+0000] {local_task_job.py:208} INFO - Task exited with return code 1
[2024-01-14T13:35:24.915+0000] {taskinstance.py:2578} INFO - 0 downstream tasks scheduled from follow-on schedule check
