[2024-01-15T15:08:42.416+0000] {taskinstance.py:1083} INFO - Dependencies all met for <TaskInstance: jobinfo_jobplanet.jobplanet_login manual__2024-01-15T15:08:30.407878+00:00 [queued]>
[2024-01-15T15:08:42.428+0000] {taskinstance.py:1083} INFO - Dependencies all met for <TaskInstance: jobinfo_jobplanet.jobplanet_login manual__2024-01-15T15:08:30.407878+00:00 [queued]>
[2024-01-15T15:08:42.429+0000] {taskinstance.py:1279} INFO - 
--------------------------------------------------------------------------------
[2024-01-15T15:08:42.429+0000] {taskinstance.py:1280} INFO - Starting attempt 1 of 1
[2024-01-15T15:08:42.429+0000] {taskinstance.py:1281} INFO - 
--------------------------------------------------------------------------------
[2024-01-15T15:08:42.645+0000] {taskinstance.py:1300} INFO - Executing <Task(PythonOperator): jobplanet_login> on 2024-01-15 15:08:30.407878+00:00
[2024-01-15T15:08:42.652+0000] {standard_task_runner.py:55} INFO - Started process 44546 to run task
[2024-01-15T15:08:42.654+0000] {standard_task_runner.py:82} INFO - Running: ['***', 'tasks', 'run', 'jobinfo_jobplanet', 'jobplanet_login', 'manual__2024-01-15T15:08:30.407878+00:00', '--job-id', '671', '--raw', '--subdir', 'DAGS_FOLDER/jobinfo_jobplanet.py', '--cfg-path', '/tmp/tmpq8hqa7u1']
[2024-01-15T15:08:42.654+0000] {standard_task_runner.py:83} INFO - Job 671: Subtask jobplanet_login
[2024-01-15T15:08:42.723+0000] {task_command.py:388} INFO - Running <TaskInstance: jobinfo_jobplanet.jobplanet_login manual__2024-01-15T15:08:30.407878+00:00 [running]> on host 565f6bcc10b6
[2024-01-15T15:08:42.839+0000] {taskinstance.py:1509} INFO - Exporting the following env vars:
AIRFLOW_CTX_DAG_OWNER=***
AIRFLOW_CTX_DAG_ID=jobinfo_jobplanet
AIRFLOW_CTX_TASK_ID=jobplanet_login
AIRFLOW_CTX_EXECUTION_DATE=2024-01-15T15:08:30.407878+00:00
AIRFLOW_CTX_TRY_NUMBER=1
AIRFLOW_CTX_DAG_RUN_ID=manual__2024-01-15T15:08:30.407878+00:00
[2024-01-15T15:08:46.053+0000] {jobinfo_jobplanet.py:76} INFO - *********************************
[2024-01-15T15:08:46.087+0000] {jobinfo_jobplanet.py:82} INFO - 12212121313442342354534634534534534534523423443423
[2024-01-15T15:08:46.088+0000] {jobinfo_jobplanet.py:83} INFO - <selenium.webdriver.remote.webdriver.WebDriver (session="717ab1f48729c50a98aaf7ccde69611e")>
[2024-01-15T15:08:46.256+0000] {jobinfo_jobplanet.py:86} INFO - 890u8987978078978978079078097807897809789789789789789797
[2024-01-15T15:08:46.769+0000] {jobinfo_jobplanet.py:89} INFO - ^^^^^^^^^^^^^^^^^^^^^^^^^^^^^^^^^^^^^^^^^^^^^^^^^^^^^^^^^^^^^^^^^^^^^^^^^^^^^^^^^^^^^^
[2024-01-15T15:08:47.516+0000] {jobinfo_jobplanet.py:100} INFO - 3333333333333333333333333
[2024-01-15T15:08:47.557+0000] {jobinfo_jobplanet.py:106} INFO - 4444444444444444444444444444
[2024-01-15T15:08:47.564+0000] {jobinfo_jobplanet.py:108} INFO - ['오케스트로', '오케스트로', '제니스앤컴퍼니', '제니스앤컴퍼니', '제니스앤컴퍼니', '메이븐클라우드서비스', '엠아이티', '엠아이티', '스윗코리아', '스윗코리아', '파킹클라우드', '오케스트로', '오케스트로', '오케스트로', '오케스트로', '오케스트로', '월급쟁이부자들', '월급쟁이부자들', '로민', '블랙탠저린', '파인더스', '론픽', '비포플레이', '롯데헬스케어', '롯데헬스케어', '올라운드닥터스', '크리에이트립', '데브툴즈', '티니어', '키다리스튜디오', '마크클라우드', '다큐브']
[2024-01-15T15:08:47.564+0000] {jobinfo_jobplanet.py:109} INFO - ['path/in/s3/bucket/jobinfo_jumpit.csv', 'path/in/s3/bucket/review_information_데브툴즈.csv', 'path/in/s3/bucket/review_information_로민.csv', 'path/in/s3/bucket/review_information_롯데헬스케어.csv', 'path/in/s3/bucket/review_information_마크클라우드.csv', 'path/in/s3/bucket/review_information_메이븐클라우드.csv', 'path/in/s3/bucket/review_information_메이븐클라우드서비스.csv', 'path/in/s3/bucket/review_information_블랙탠저린.csv', 'path/in/s3/bucket/review_information_비포플레이.csv', 'path/in/s3/bucket/review_information_스윗코리아.csv', 'path/in/s3/bucket/review_information_엠아이티.csv', 'path/in/s3/bucket/review_information_오케스트로.csv', 'path/in/s3/bucket/review_information_와디즈.csv', 'path/in/s3/bucket/review_information_월급쟁이부자들.csv', 'path/in/s3/bucket/review_information_제니스앤컴퍼니.csv', 'path/in/s3/bucket/review_information_크리에이트립.csv', 'path/in/s3/bucket/review_information_티니어.csv', 'path/in/s3/bucket/review_information_파인더스.csv', 'path/in/s3/bucket/review_information_파킹클라우드.csv', 'path/in/s3/bucket/summary.csv']
[2024-01-15T15:08:47.565+0000] {jobinfo_jobplanet.py:110} INFO - 시작
[2024-01-15T15:08:47.565+0000] {jobinfo_jobplanet.py:115} INFO - 오케스트로 있음
[2024-01-15T15:08:47.565+0000] {jobinfo_jobplanet.py:115} INFO - 오케스트로 있음
[2024-01-15T15:08:47.565+0000] {jobinfo_jobplanet.py:115} INFO - 제니스앤컴퍼니 있음
[2024-01-15T15:08:47.566+0000] {jobinfo_jobplanet.py:115} INFO - 제니스앤컴퍼니 있음
[2024-01-15T15:08:47.566+0000] {jobinfo_jobplanet.py:115} INFO - 제니스앤컴퍼니 있음
[2024-01-15T15:08:47.566+0000] {jobinfo_jobplanet.py:115} INFO - 메이븐클라우드서비스 있음
[2024-01-15T15:08:47.566+0000] {jobinfo_jobplanet.py:115} INFO - 엠아이티 있음
[2024-01-15T15:08:47.566+0000] {jobinfo_jobplanet.py:115} INFO - 엠아이티 있음
[2024-01-15T15:08:47.567+0000] {jobinfo_jobplanet.py:115} INFO - 스윗코리아 있음
[2024-01-15T15:08:47.567+0000] {jobinfo_jobplanet.py:115} INFO - 스윗코리아 있음
[2024-01-15T15:08:47.567+0000] {jobinfo_jobplanet.py:115} INFO - 파킹클라우드 있음
[2024-01-15T15:08:47.567+0000] {jobinfo_jobplanet.py:115} INFO - 오케스트로 있음
[2024-01-15T15:08:47.568+0000] {jobinfo_jobplanet.py:115} INFO - 오케스트로 있음
[2024-01-15T15:08:47.568+0000] {jobinfo_jobplanet.py:115} INFO - 오케스트로 있음
[2024-01-15T15:08:47.568+0000] {jobinfo_jobplanet.py:115} INFO - 오케스트로 있음
[2024-01-15T15:08:47.568+0000] {jobinfo_jobplanet.py:115} INFO - 오케스트로 있음
[2024-01-15T15:08:47.569+0000] {jobinfo_jobplanet.py:115} INFO - 월급쟁이부자들 있음
[2024-01-15T15:08:47.569+0000] {jobinfo_jobplanet.py:115} INFO - 월급쟁이부자들 있음
[2024-01-15T15:08:47.569+0000] {jobinfo_jobplanet.py:115} INFO - 로민 있음
[2024-01-15T15:08:47.569+0000] {jobinfo_jobplanet.py:115} INFO - 블랙탠저린 있음
[2024-01-15T15:08:47.570+0000] {jobinfo_jobplanet.py:115} INFO - 파인더스 있음
[2024-01-15T15:08:47.623+0000] {jobinfo_jobplanet.py:122} INFO - 론픽 파일이 없음
[2024-01-15T15:08:47.656+0000] {jobinfo_jobplanet.py:142} INFO - 론픽의 정보는 없어서 파일 생성을 못한다.
[2024-01-15T15:08:47.657+0000] {jobinfo_jobplanet.py:146} INFO - ['path/in/s3/bucket/jobinfo_jumpit.csv', 'path/in/s3/bucket/review_information_데브툴즈.csv', 'path/in/s3/bucket/review_information_로민.csv', 'path/in/s3/bucket/review_information_롯데헬스케어.csv', 'path/in/s3/bucket/review_information_마크클라우드.csv', 'path/in/s3/bucket/review_information_메이븐클라우드.csv', 'path/in/s3/bucket/review_information_메이븐클라우드서비스.csv', 'path/in/s3/bucket/review_information_블랙탠저린.csv', 'path/in/s3/bucket/review_information_비포플레이.csv', 'path/in/s3/bucket/review_information_스윗코리아.csv', 'path/in/s3/bucket/review_information_엠아이티.csv', 'path/in/s3/bucket/review_information_오케스트로.csv', 'path/in/s3/bucket/review_information_와디즈.csv', 'path/in/s3/bucket/review_information_월급쟁이부자들.csv', 'path/in/s3/bucket/review_information_제니스앤컴퍼니.csv', 'path/in/s3/bucket/review_information_크리에이트립.csv', 'path/in/s3/bucket/review_information_티니어.csv', 'path/in/s3/bucket/review_information_파인더스.csv', 'path/in/s3/bucket/review_information_파킹클라우드.csv', 'path/in/s3/bucket/summary.csv']
[2024-01-15T15:08:47.657+0000] {jobinfo_jobplanet.py:115} INFO - 비포플레이 있음
[2024-01-15T15:08:47.657+0000] {jobinfo_jobplanet.py:115} INFO - 롯데헬스케어 있음
[2024-01-15T15:08:47.657+0000] {jobinfo_jobplanet.py:115} INFO - 롯데헬스케어 있음
[2024-01-15T15:08:47.662+0000] {jobinfo_jobplanet.py:122} INFO - 올라운드닥터스 파일이 없음
[2024-01-15T15:08:47.700+0000] {jobinfo_jobplanet.py:142} INFO - 올라운드닥터스의 정보는 없어서 파일 생성을 못한다.
[2024-01-15T15:08:47.701+0000] {jobinfo_jobplanet.py:146} INFO - ['path/in/s3/bucket/jobinfo_jumpit.csv', 'path/in/s3/bucket/review_information_데브툴즈.csv', 'path/in/s3/bucket/review_information_로민.csv', 'path/in/s3/bucket/review_information_롯데헬스케어.csv', 'path/in/s3/bucket/review_information_마크클라우드.csv', 'path/in/s3/bucket/review_information_메이븐클라우드.csv', 'path/in/s3/bucket/review_information_메이븐클라우드서비스.csv', 'path/in/s3/bucket/review_information_블랙탠저린.csv', 'path/in/s3/bucket/review_information_비포플레이.csv', 'path/in/s3/bucket/review_information_스윗코리아.csv', 'path/in/s3/bucket/review_information_엠아이티.csv', 'path/in/s3/bucket/review_information_오케스트로.csv', 'path/in/s3/bucket/review_information_와디즈.csv', 'path/in/s3/bucket/review_information_월급쟁이부자들.csv', 'path/in/s3/bucket/review_information_제니스앤컴퍼니.csv', 'path/in/s3/bucket/review_information_크리에이트립.csv', 'path/in/s3/bucket/review_information_티니어.csv', 'path/in/s3/bucket/review_information_파인더스.csv', 'path/in/s3/bucket/review_information_파킹클라우드.csv', 'path/in/s3/bucket/summary.csv']
[2024-01-15T15:08:47.701+0000] {jobinfo_jobplanet.py:115} INFO - 크리에이트립 있음
[2024-01-15T15:08:47.701+0000] {jobinfo_jobplanet.py:115} INFO - 데브툴즈 있음
[2024-01-15T15:08:47.701+0000] {jobinfo_jobplanet.py:115} INFO - 티니어 있음
[2024-01-15T15:08:47.705+0000] {jobinfo_jobplanet.py:122} INFO - 키다리스튜디오 파일이 없음
[2024-01-15T15:08:52.957+0000] {jobinfo_jobplanet.py:142} INFO - 키다리스튜디오의 정보는 없어서 파일 생성을 못한다.
[2024-01-15T15:08:52.957+0000] {jobinfo_jobplanet.py:146} INFO - ['path/in/s3/bucket/jobinfo_jumpit.csv', 'path/in/s3/bucket/review_information_데브툴즈.csv', 'path/in/s3/bucket/review_information_로민.csv', 'path/in/s3/bucket/review_information_롯데헬스케어.csv', 'path/in/s3/bucket/review_information_마크클라우드.csv', 'path/in/s3/bucket/review_information_메이븐클라우드.csv', 'path/in/s3/bucket/review_information_메이븐클라우드서비스.csv', 'path/in/s3/bucket/review_information_블랙탠저린.csv', 'path/in/s3/bucket/review_information_비포플레이.csv', 'path/in/s3/bucket/review_information_스윗코리아.csv', 'path/in/s3/bucket/review_information_엠아이티.csv', 'path/in/s3/bucket/review_information_오케스트로.csv', 'path/in/s3/bucket/review_information_와디즈.csv', 'path/in/s3/bucket/review_information_월급쟁이부자들.csv', 'path/in/s3/bucket/review_information_제니스앤컴퍼니.csv', 'path/in/s3/bucket/review_information_크리에이트립.csv', 'path/in/s3/bucket/review_information_티니어.csv', 'path/in/s3/bucket/review_information_파인더스.csv', 'path/in/s3/bucket/review_information_파킹클라우드.csv', 'path/in/s3/bucket/summary.csv']
[2024-01-15T15:08:52.958+0000] {jobinfo_jobplanet.py:115} INFO - 마크클라우드 있음
[2024-01-15T15:08:53.043+0000] {jobinfo_jobplanet.py:122} INFO - 다큐브 파일이 없음
[2024-01-15T15:08:53.820+0000] {jobinfo_jobplanet.py:126} INFO - 다큐브 검색을 위해 검색창에 입력했습니다.
[2024-01-15T15:08:59.554+0000] {jobinfo_jobplanet.py:129} INFO - 다큐브 검색하기
[2024-01-15T15:09:01.606+0000] {jobinfo_jobplanet.py:142} INFO - 다큐브의 정보는 없어서 파일 생성을 못한다.
[2024-01-15T15:09:01.606+0000] {jobinfo_jobplanet.py:146} INFO - ['path/in/s3/bucket/jobinfo_jumpit.csv', 'path/in/s3/bucket/review_information_데브툴즈.csv', 'path/in/s3/bucket/review_information_로민.csv', 'path/in/s3/bucket/review_information_롯데헬스케어.csv', 'path/in/s3/bucket/review_information_마크클라우드.csv', 'path/in/s3/bucket/review_information_메이븐클라우드.csv', 'path/in/s3/bucket/review_information_메이븐클라우드서비스.csv', 'path/in/s3/bucket/review_information_블랙탠저린.csv', 'path/in/s3/bucket/review_information_비포플레이.csv', 'path/in/s3/bucket/review_information_스윗코리아.csv', 'path/in/s3/bucket/review_information_엠아이티.csv', 'path/in/s3/bucket/review_information_오케스트로.csv', 'path/in/s3/bucket/review_information_와디즈.csv', 'path/in/s3/bucket/review_information_월급쟁이부자들.csv', 'path/in/s3/bucket/review_information_제니스앤컴퍼니.csv', 'path/in/s3/bucket/review_information_크리에이트립.csv', 'path/in/s3/bucket/review_information_티니어.csv', 'path/in/s3/bucket/review_information_파인더스.csv', 'path/in/s3/bucket/review_information_파킹클라우드.csv', 'path/in/s3/bucket/summary.csv']
[2024-01-15T15:09:02.043+0000] {jobinfo_jobplanet.py:525} INFO -                                   review_summary  ... result_date
0                    업무 능력을 확장시키기에 성장하기 좋은 환경입니다  ...        3일 후
1                   스타트업이 뭔지, 빠른 성장이 뭔지 알 수 있는 곳  ...     no data
2  여러가지 업무를 경험할 수 있습니다 그게 장점일지 단점일지는 본인의 판단에 따라…  ...     no data
3             빠르게 성장하는 스타트업, 패션 이커머스 앱을 혁신할 수 있음  ...     no data

[4 rows x 8 columns]
[2024-01-15T15:09:20.301+0000] {jobinfo_jobplanet.py:648} INFO - 론픽 정보 없ㅇ,ㅡ
[2024-01-15T15:09:20.302+0000] {jobinfo_jobplanet.py:649} INFO - Failed to read CSV file from S3: An error occurred (NoSuchKey) when calling the GetObject operation: The specified key does not exist.
[2024-01-15T15:09:40.849+0000] {jobinfo_jobplanet.py:515} INFO - 론픽 salary information not find
[2024-01-15T15:09:40.974+0000] {jobinfo_jobplanet.py:648} INFO - 올라운드닥터스 정보 없ㅇ,ㅡ
[2024-01-15T15:09:40.974+0000] {jobinfo_jobplanet.py:649} INFO - Failed to read CSV file from S3: An error occurred (NoSuchKey) when calling the GetObject operation: The specified key does not exist.
[2024-01-15T15:09:59.222+0000] {jobinfo_jobplanet.py:515} INFO - 올라운드닥터스 salary information not find
[2024-01-15T15:09:59.366+0000] {jobinfo_jobplanet.py:648} INFO - 다큐브 정보 없ㅇ,ㅡ
[2024-01-15T15:09:59.366+0000] {jobinfo_jobplanet.py:649} INFO - Failed to read CSV file from S3: An error occurred (NoSuchKey) when calling the GetObject operation: The specified key does not exist.
[2024-01-15T15:10:16.632+0000] {jobinfo_jobplanet.py:515} INFO - 다큐브 salary information not find
[2024-01-15T15:10:16.753+0000] {python.py:177} INFO - Done. Returned value was: None
[2024-01-15T15:10:16.771+0000] {taskinstance.py:1323} INFO - Marking task as SUCCESS. dag_id=jobinfo_jobplanet, task_id=jobplanet_login, execution_date=20240115T150830, start_date=20240115T150842, end_date=20240115T151016
[2024-01-15T15:10:16.806+0000] {local_task_job.py:208} INFO - Task exited with return code 0
[2024-01-15T15:10:16.827+0000] {taskinstance.py:2578} INFO - 1 downstream tasks scheduled from follow-on schedule check
