[2024-01-14T16:14:09.922+0000] {taskinstance.py:1083} INFO - Dependencies all met for <TaskInstance: jobinfo_jobplanet.jobplanet_login manual__2024-01-14T16:14:02.559124+00:00 [queued]>
[2024-01-14T16:14:09.930+0000] {taskinstance.py:1083} INFO - Dependencies all met for <TaskInstance: jobinfo_jobplanet.jobplanet_login manual__2024-01-14T16:14:02.559124+00:00 [queued]>
[2024-01-14T16:14:09.930+0000] {taskinstance.py:1279} INFO - 
--------------------------------------------------------------------------------
[2024-01-14T16:14:09.931+0000] {taskinstance.py:1280} INFO - Starting attempt 1 of 1
[2024-01-14T16:14:09.931+0000] {taskinstance.py:1281} INFO - 
--------------------------------------------------------------------------------
[2024-01-14T16:14:09.949+0000] {taskinstance.py:1300} INFO - Executing <Task(PythonOperator): jobplanet_login> on 2024-01-14 16:14:02.559124+00:00
[2024-01-14T16:14:09.956+0000] {standard_task_runner.py:55} INFO - Started process 8335 to run task
[2024-01-14T16:14:09.958+0000] {standard_task_runner.py:82} INFO - Running: ['***', 'tasks', 'run', 'jobinfo_jobplanet', 'jobplanet_login', 'manual__2024-01-14T16:14:02.559124+00:00', '--job-id', '543', '--raw', '--subdir', 'DAGS_FOLDER/jobinfo_jobplanet.py', '--cfg-path', '/tmp/tmp2fd1ip3_']
[2024-01-14T16:14:09.958+0000] {standard_task_runner.py:83} INFO - Job 543: Subtask jobplanet_login
[2024-01-14T16:14:10.014+0000] {task_command.py:388} INFO - Running <TaskInstance: jobinfo_jobplanet.jobplanet_login manual__2024-01-14T16:14:02.559124+00:00 [running]> on host 565f6bcc10b6
[2024-01-14T16:14:10.113+0000] {taskinstance.py:1509} INFO - Exporting the following env vars:
AIRFLOW_CTX_DAG_OWNER=***
AIRFLOW_CTX_DAG_ID=jobinfo_jobplanet
AIRFLOW_CTX_TASK_ID=jobplanet_login
AIRFLOW_CTX_EXECUTION_DATE=2024-01-14T16:14:02.559124+00:00
AIRFLOW_CTX_TRY_NUMBER=1
AIRFLOW_CTX_DAG_RUN_ID=manual__2024-01-14T16:14:02.559124+00:00
[2024-01-14T16:14:14.498+0000] {jobinfo_jobplanet.py:76} INFO - *********************************
[2024-01-14T16:14:14.522+0000] {jobinfo_jobplanet.py:82} INFO - 12212121313442342354534634534534534534523423443423
[2024-01-14T16:14:14.524+0000] {jobinfo_jobplanet.py:83} INFO - <selenium.webdriver.remote.webdriver.WebDriver (session="cf50d7b9effe58c99c1632cf641db9ed")>
[2024-01-14T16:14:14.654+0000] {jobinfo_jobplanet.py:86} INFO - 890u8987978078978978079078097807897809789789789789789797
[2024-01-14T16:14:15.101+0000] {jobinfo_jobplanet.py:89} INFO - ^^^^^^^^^^^^^^^^^^^^^^^^^^^^^^^^^^^^^^^^^^^^^^^^^^^^^^^^^^^^^^^^^^^^^^^^^^^^^^^^^^^^^^
[2024-01-14T16:14:15.813+0000] {jobinfo_jobplanet.py:100} INFO - 3333333333333333333333333
[2024-01-14T16:14:15.844+0000] {jobinfo_jobplanet.py:106} INFO - 4444444444444444444444444444
[2024-01-14T16:14:15.852+0000] {jobinfo_jobplanet.py:108} INFO - ['오케스트로', '오케스트로', '제니스앤컴퍼니', '제니스앤컴퍼니', '제니스앤컴퍼니', '메이븐클라우드서비스', '엠아이티', '엠아이티', '스윗코리아', '스윗코리아', '파킹클라우드', '오케스트로', '오케스트로', '오케스트로', '오케스트로', '오케스트로', '월급쟁이부자들', '월급쟁이부자들', '로민', '블랙탠저린', '파인더스', '론픽', '비포플레이', '롯데헬스케어', '롯데헬스케어', '올라운드닥터스', '와디즈', '크리에이트립', '데브툴즈', '티니어', '키다리스튜디오', '마크클라우드']
[2024-01-14T16:14:15.852+0000] {jobinfo_jobplanet.py:109} INFO - ['path/in/s3/bucket/jobinfo_jumpit.csv', 'path/in/s3/bucket/jobinfo_jumpit_v2.csv', 'path/in/s3/bucket/review_information_데브툴즈.csv', 'path/in/s3/bucket/review_information_로민.csv', 'path/in/s3/bucket/review_information_롯데헬스케어.csv', 'path/in/s3/bucket/review_information_마크클라우드.csv', 'path/in/s3/bucket/review_information_메이븐클라우드서비스.csv', 'path/in/s3/bucket/review_information_블랙탠저린.csv', 'path/in/s3/bucket/review_information_비포플레이.csv', 'path/in/s3/bucket/review_information_스윗코리아.csv', 'path/in/s3/bucket/review_information_엠아이티.csv', 'path/in/s3/bucket/review_information_오케스트로.csv', 'path/in/s3/bucket/review_information_와디즈.csv', 'path/in/s3/bucket/review_information_월급쟁이부자들.csv', 'path/in/s3/bucket/review_information_제니스앤컴퍼니.csv', 'path/in/s3/bucket/review_information_크리에이트립.csv', 'path/in/s3/bucket/review_information_키다리스튜디오.csv', 'path/in/s3/bucket/review_information_티니어.csv', 'path/in/s3/bucket/review_information_파인더스.csv', 'path/in/s3/bucket/review_information_파킹클라우드.csv', 'path/in/s3/bucket/summary.csv']
[2024-01-14T16:14:15.852+0000] {jobinfo_jobplanet.py:110} INFO - 시작
[2024-01-14T16:14:15.852+0000] {jobinfo_jobplanet.py:114} INFO - 오케스트로 있음
[2024-01-14T16:14:15.853+0000] {jobinfo_jobplanet.py:114} INFO - 오케스트로 있음
[2024-01-14T16:14:15.853+0000] {jobinfo_jobplanet.py:114} INFO - 제니스앤컴퍼니 있음
[2024-01-14T16:14:15.853+0000] {jobinfo_jobplanet.py:114} INFO - 제니스앤컴퍼니 있음
[2024-01-14T16:14:15.853+0000] {jobinfo_jobplanet.py:114} INFO - 제니스앤컴퍼니 있음
[2024-01-14T16:14:15.853+0000] {jobinfo_jobplanet.py:114} INFO - 메이븐클라우드서비스 있음
[2024-01-14T16:14:15.853+0000] {jobinfo_jobplanet.py:114} INFO - 엠아이티 있음
[2024-01-14T16:14:15.853+0000] {jobinfo_jobplanet.py:114} INFO - 엠아이티 있음
[2024-01-14T16:14:15.854+0000] {jobinfo_jobplanet.py:114} INFO - 스윗코리아 있음
[2024-01-14T16:14:15.854+0000] {jobinfo_jobplanet.py:114} INFO - 스윗코리아 있음
[2024-01-14T16:14:15.854+0000] {jobinfo_jobplanet.py:114} INFO - 파킹클라우드 있음
[2024-01-14T16:14:15.854+0000] {jobinfo_jobplanet.py:114} INFO - 오케스트로 있음
[2024-01-14T16:14:15.854+0000] {jobinfo_jobplanet.py:114} INFO - 오케스트로 있음
[2024-01-14T16:14:15.854+0000] {jobinfo_jobplanet.py:114} INFO - 오케스트로 있음
[2024-01-14T16:14:15.854+0000] {jobinfo_jobplanet.py:114} INFO - 오케스트로 있음
[2024-01-14T16:14:15.854+0000] {jobinfo_jobplanet.py:114} INFO - 오케스트로 있음
[2024-01-14T16:14:15.854+0000] {jobinfo_jobplanet.py:114} INFO - 월급쟁이부자들 있음
[2024-01-14T16:14:15.855+0000] {jobinfo_jobplanet.py:114} INFO - 월급쟁이부자들 있음
[2024-01-14T16:14:15.855+0000] {jobinfo_jobplanet.py:114} INFO - 로민 있음
[2024-01-14T16:14:15.855+0000] {jobinfo_jobplanet.py:114} INFO - 블랙탠저린 있음
[2024-01-14T16:14:15.855+0000] {jobinfo_jobplanet.py:114} INFO - 파인더스 있음
[2024-01-14T16:14:15.875+0000] {jobinfo_jobplanet.py:121} INFO - 론픽 파일이 없음
[2024-01-14T16:14:15.916+0000] {jobinfo_jobplanet.py:139} INFO - 론픽의 정보는 없어서 파일 생성을 못한다.
[2024-01-14T16:14:15.916+0000] {jobinfo_jobplanet.py:140} INFO - ['path/in/s3/bucket/jobinfo_jumpit.csv', 'path/in/s3/bucket/jobinfo_jumpit_v2.csv', 'path/in/s3/bucket/review_information_데브툴즈.csv', 'path/in/s3/bucket/review_information_로민.csv', 'path/in/s3/bucket/review_information_롯데헬스케어.csv', 'path/in/s3/bucket/review_information_마크클라우드.csv', 'path/in/s3/bucket/review_information_메이븐클라우드서비스.csv', 'path/in/s3/bucket/review_information_블랙탠저린.csv', 'path/in/s3/bucket/review_information_비포플레이.csv', 'path/in/s3/bucket/review_information_스윗코리아.csv', 'path/in/s3/bucket/review_information_엠아이티.csv', 'path/in/s3/bucket/review_information_오케스트로.csv', 'path/in/s3/bucket/review_information_와디즈.csv', 'path/in/s3/bucket/review_information_월급쟁이부자들.csv', 'path/in/s3/bucket/review_information_제니스앤컴퍼니.csv', 'path/in/s3/bucket/review_information_크리에이트립.csv', 'path/in/s3/bucket/review_information_키다리스튜디오.csv', 'path/in/s3/bucket/review_information_티니어.csv', 'path/in/s3/bucket/review_information_파인더스.csv', 'path/in/s3/bucket/review_information_파킹클라우드.csv', 'path/in/s3/bucket/summary.csv']
[2024-01-14T16:14:15.916+0000] {jobinfo_jobplanet.py:114} INFO - 비포플레이 있음
[2024-01-14T16:14:15.917+0000] {jobinfo_jobplanet.py:114} INFO - 롯데헬스케어 있음
[2024-01-14T16:14:15.917+0000] {jobinfo_jobplanet.py:114} INFO - 롯데헬스케어 있음
[2024-01-14T16:14:15.921+0000] {jobinfo_jobplanet.py:121} INFO - 올라운드닥터스 파일이 없음
[2024-01-14T16:14:15.941+0000] {jobinfo_jobplanet.py:139} INFO - 올라운드닥터스의 정보는 없어서 파일 생성을 못한다.
[2024-01-14T16:14:15.942+0000] {jobinfo_jobplanet.py:140} INFO - ['path/in/s3/bucket/jobinfo_jumpit.csv', 'path/in/s3/bucket/jobinfo_jumpit_v2.csv', 'path/in/s3/bucket/review_information_데브툴즈.csv', 'path/in/s3/bucket/review_information_로민.csv', 'path/in/s3/bucket/review_information_롯데헬스케어.csv', 'path/in/s3/bucket/review_information_마크클라우드.csv', 'path/in/s3/bucket/review_information_메이븐클라우드서비스.csv', 'path/in/s3/bucket/review_information_블랙탠저린.csv', 'path/in/s3/bucket/review_information_비포플레이.csv', 'path/in/s3/bucket/review_information_스윗코리아.csv', 'path/in/s3/bucket/review_information_엠아이티.csv', 'path/in/s3/bucket/review_information_오케스트로.csv', 'path/in/s3/bucket/review_information_와디즈.csv', 'path/in/s3/bucket/review_information_월급쟁이부자들.csv', 'path/in/s3/bucket/review_information_제니스앤컴퍼니.csv', 'path/in/s3/bucket/review_information_크리에이트립.csv', 'path/in/s3/bucket/review_information_키다리스튜디오.csv', 'path/in/s3/bucket/review_information_티니어.csv', 'path/in/s3/bucket/review_information_파인더스.csv', 'path/in/s3/bucket/review_information_파킹클라우드.csv', 'path/in/s3/bucket/summary.csv']
[2024-01-14T16:14:15.942+0000] {jobinfo_jobplanet.py:114} INFO - 와디즈 있음
[2024-01-14T16:14:15.942+0000] {jobinfo_jobplanet.py:114} INFO - 크리에이트립 있음
[2024-01-14T16:14:15.942+0000] {jobinfo_jobplanet.py:114} INFO - 데브툴즈 있음
[2024-01-14T16:14:15.942+0000] {jobinfo_jobplanet.py:114} INFO - 티니어 있음
[2024-01-14T16:14:15.942+0000] {jobinfo_jobplanet.py:114} INFO - 키다리스튜디오 있음
[2024-01-14T16:14:15.942+0000] {jobinfo_jobplanet.py:114} INFO - 마크클라우드 있음
[2024-01-14T16:14:15.960+0000] {base.py:73} INFO - Using connection ID 's3_conn' for task execution.
[2024-01-14T16:14:16.125+0000] {base.py:73} INFO - Using connection ID 's3_conn' for task execution.
[2024-01-14T16:14:16.234+0000] {jobinfo_jobplanet.py:519} INFO - 제니스앤컴퍼니dml wordcloud start
[2024-01-14T16:14:16.235+0000] {jobinfo_jobplanet.py:631} INFO - 제니스앤컴퍼니 정보 없ㅇ,ㅡ
[2024-01-14T16:14:16.235+0000] {jobinfo_jobplanet.py:632} INFO - Failed to read CSV file from S3: No JVM shared library file (libjvm.so) found. Try setting up the JAVA_HOME environment variable properly.
[2024-01-14T16:14:34.239+0000] {base.py:73} INFO - Using connection ID 's3_conn' for task execution.
[2024-01-14T16:14:34.346+0000] {jobinfo_jobplanet.py:519} INFO - 제니스앤컴퍼니dml wordcloud start
[2024-01-14T16:14:34.346+0000] {jobinfo_jobplanet.py:631} INFO - 제니스앤컴퍼니 정보 없ㅇ,ㅡ
[2024-01-14T16:14:34.347+0000] {jobinfo_jobplanet.py:632} INFO - Failed to read CSV file from S3: No JVM shared library file (libjvm.so) found. Try setting up the JAVA_HOME environment variable properly.
[2024-01-14T16:14:48.245+0000] {base.py:73} INFO - Using connection ID 's3_conn' for task execution.
[2024-01-14T16:14:48.342+0000] {jobinfo_jobplanet.py:519} INFO - 제니스앤컴퍼니dml wordcloud start
[2024-01-14T16:14:48.342+0000] {jobinfo_jobplanet.py:631} INFO - 제니스앤컴퍼니 정보 없ㅇ,ㅡ
[2024-01-14T16:14:48.342+0000] {jobinfo_jobplanet.py:632} INFO - Failed to read CSV file from S3: No JVM shared library file (libjvm.so) found. Try setting up the JAVA_HOME environment variable properly.
[2024-01-14T16:15:02.109+0000] {base.py:73} INFO - Using connection ID 's3_conn' for task execution.
[2024-01-14T16:15:02.271+0000] {jobinfo_jobplanet.py:519} INFO - 메이븐클라우드서비스dml wordcloud start
[2024-01-14T16:15:02.271+0000] {jobinfo_jobplanet.py:631} INFO - 메이븐클라우드서비스 정보 없ㅇ,ㅡ
[2024-01-14T16:15:02.272+0000] {jobinfo_jobplanet.py:632} INFO - Failed to read CSV file from S3: No JVM shared library file (libjvm.so) found. Try setting up the JAVA_HOME environment variable properly.
[2024-01-14T16:15:18.198+0000] {base.py:73} INFO - Using connection ID 's3_conn' for task execution.
[2024-01-14T16:15:18.323+0000] {jobinfo_jobplanet.py:519} INFO - 엠아이티dml wordcloud start
[2024-01-14T16:15:18.326+0000] {jobinfo_jobplanet.py:631} INFO - 엠아이티 정보 없ㅇ,ㅡ
[2024-01-14T16:15:18.328+0000] {jobinfo_jobplanet.py:632} INFO - Failed to read CSV file from S3: No JVM shared library file (libjvm.so) found. Try setting up the JAVA_HOME environment variable properly.
[2024-01-14T16:15:33.512+0000] {base.py:73} INFO - Using connection ID 's3_conn' for task execution.
[2024-01-14T16:15:33.623+0000] {jobinfo_jobplanet.py:519} INFO - 엠아이티dml wordcloud start
[2024-01-14T16:15:33.624+0000] {jobinfo_jobplanet.py:631} INFO - 엠아이티 정보 없ㅇ,ㅡ
[2024-01-14T16:15:33.624+0000] {jobinfo_jobplanet.py:632} INFO - Failed to read CSV file from S3: No JVM shared library file (libjvm.so) found. Try setting up the JAVA_HOME environment variable properly.
[2024-01-14T16:15:48.532+0000] {base.py:73} INFO - Using connection ID 's3_conn' for task execution.
[2024-01-14T16:15:48.682+0000] {jobinfo_jobplanet.py:519} INFO - 스윗코리아dml wordcloud start
[2024-01-14T16:15:48.682+0000] {jobinfo_jobplanet.py:631} INFO - 스윗코리아 정보 없ㅇ,ㅡ
[2024-01-14T16:15:48.682+0000] {jobinfo_jobplanet.py:632} INFO - Failed to read CSV file from S3: No JVM shared library file (libjvm.so) found. Try setting up the JAVA_HOME environment variable properly.
[2024-01-14T16:16:04.486+0000] {base.py:73} INFO - Using connection ID 's3_conn' for task execution.
[2024-01-14T16:16:04.565+0000] {jobinfo_jobplanet.py:519} INFO - 스윗코리아dml wordcloud start
[2024-01-14T16:16:04.566+0000] {jobinfo_jobplanet.py:631} INFO - 스윗코리아 정보 없ㅇ,ㅡ
[2024-01-14T16:16:04.566+0000] {jobinfo_jobplanet.py:632} INFO - Failed to read CSV file from S3: No JVM shared library file (libjvm.so) found. Try setting up the JAVA_HOME environment variable properly.
[2024-01-14T16:16:19.878+0000] {base.py:73} INFO - Using connection ID 's3_conn' for task execution.
[2024-01-14T16:16:20.022+0000] {jobinfo_jobplanet.py:519} INFO - 파킹클라우드dml wordcloud start
[2024-01-14T16:16:20.023+0000] {jobinfo_jobplanet.py:631} INFO - 파킹클라우드 정보 없ㅇ,ㅡ
[2024-01-14T16:16:20.023+0000] {jobinfo_jobplanet.py:632} INFO - Failed to read CSV file from S3: No JVM shared library file (libjvm.so) found. Try setting up the JAVA_HOME environment variable properly.
[2024-01-14T16:16:35.744+0000] {base.py:73} INFO - Using connection ID 's3_conn' for task execution.
[2024-01-14T16:16:35.885+0000] {jobinfo_jobplanet.py:519} INFO - 월급쟁이부자들dml wordcloud start
[2024-01-14T16:16:35.885+0000] {jobinfo_jobplanet.py:631} INFO - 월급쟁이부자들 정보 없ㅇ,ㅡ
[2024-01-14T16:16:35.885+0000] {jobinfo_jobplanet.py:632} INFO - Failed to read CSV file from S3: No JVM shared library file (libjvm.so) found. Try setting up the JAVA_HOME environment variable properly.
[2024-01-14T16:16:51.563+0000] {base.py:73} INFO - Using connection ID 's3_conn' for task execution.
[2024-01-14T16:16:51.663+0000] {jobinfo_jobplanet.py:519} INFO - 월급쟁이부자들dml wordcloud start
[2024-01-14T16:16:51.663+0000] {jobinfo_jobplanet.py:631} INFO - 월급쟁이부자들 정보 없ㅇ,ㅡ
[2024-01-14T16:16:51.663+0000] {jobinfo_jobplanet.py:632} INFO - Failed to read CSV file from S3: No JVM shared library file (libjvm.so) found. Try setting up the JAVA_HOME environment variable properly.
[2024-01-14T16:17:07.616+0000] {base.py:73} INFO - Using connection ID 's3_conn' for task execution.
[2024-01-14T16:17:07.743+0000] {jobinfo_jobplanet.py:519} INFO - 로민dml wordcloud start
[2024-01-14T16:17:07.743+0000] {jobinfo_jobplanet.py:631} INFO - 로민 정보 없ㅇ,ㅡ
[2024-01-14T16:17:07.744+0000] {jobinfo_jobplanet.py:632} INFO - Failed to read CSV file from S3: No JVM shared library file (libjvm.so) found. Try setting up the JAVA_HOME environment variable properly.
[2024-01-14T16:17:23.619+0000] {base.py:73} INFO - Using connection ID 's3_conn' for task execution.
[2024-01-14T16:17:23.752+0000] {jobinfo_jobplanet.py:519} INFO - 블랙탠저린dml wordcloud start
[2024-01-14T16:17:23.753+0000] {jobinfo_jobplanet.py:631} INFO - 블랙탠저린 정보 없ㅇ,ㅡ
[2024-01-14T16:17:23.753+0000] {jobinfo_jobplanet.py:632} INFO - Failed to read CSV file from S3: No JVM shared library file (libjvm.so) found. Try setting up the JAVA_HOME environment variable properly.
[2024-01-14T16:17:39.867+0000] {base.py:73} INFO - Using connection ID 's3_conn' for task execution.
[2024-01-14T16:17:39.979+0000] {jobinfo_jobplanet.py:519} INFO - 파인더스dml wordcloud start
[2024-01-14T16:17:39.979+0000] {jobinfo_jobplanet.py:631} INFO - 파인더스 정보 없ㅇ,ㅡ
[2024-01-14T16:17:39.980+0000] {jobinfo_jobplanet.py:632} INFO - Failed to read CSV file from S3: No JVM shared library file (libjvm.so) found. Try setting up the JAVA_HOME environment variable properly.
[2024-01-14T16:17:56.938+0000] {base.py:73} INFO - Using connection ID 's3_conn' for task execution.
[2024-01-14T16:17:57.059+0000] {jobinfo_jobplanet.py:631} INFO - 론픽 정보 없ㅇ,ㅡ
[2024-01-14T16:17:57.059+0000] {jobinfo_jobplanet.py:632} INFO - Failed to read CSV file from S3: An error occurred (NoSuchKey) when calling the GetObject operation: The specified key does not exist.
[2024-01-14T16:18:13.463+0000] {jobinfo_jobplanet.py:509} INFO - 론픽 salary information not find
[2024-01-14T16:18:13.484+0000] {base.py:73} INFO - Using connection ID 's3_conn' for task execution.
[2024-01-14T16:18:13.650+0000] {jobinfo_jobplanet.py:519} INFO - 비포플레이dml wordcloud start
[2024-01-14T16:18:13.651+0000] {jobinfo_jobplanet.py:631} INFO - 비포플레이 정보 없ㅇ,ㅡ
[2024-01-14T16:18:13.651+0000] {jobinfo_jobplanet.py:632} INFO - Failed to read CSV file from S3: No JVM shared library file (libjvm.so) found. Try setting up the JAVA_HOME environment variable properly.
[2024-01-14T16:18:31.483+0000] {base.py:73} INFO - Using connection ID 's3_conn' for task execution.
[2024-01-14T16:18:31.589+0000] {jobinfo_jobplanet.py:519} INFO - 롯데헬스케어dml wordcloud start
[2024-01-14T16:18:31.590+0000] {jobinfo_jobplanet.py:631} INFO - 롯데헬스케어 정보 없ㅇ,ㅡ
[2024-01-14T16:18:31.590+0000] {jobinfo_jobplanet.py:632} INFO - Failed to read CSV file from S3: No JVM shared library file (libjvm.so) found. Try setting up the JAVA_HOME environment variable properly.
[2024-01-14T16:18:48.938+0000] {jobinfo_jobplanet.py:509} INFO - 롯데헬스케어 salary information not find
[2024-01-14T16:18:48.947+0000] {base.py:73} INFO - Using connection ID 's3_conn' for task execution.
[2024-01-14T16:18:49.074+0000] {jobinfo_jobplanet.py:519} INFO - 롯데헬스케어dml wordcloud start
[2024-01-14T16:18:49.074+0000] {jobinfo_jobplanet.py:631} INFO - 롯데헬스케어 정보 없ㅇ,ㅡ
[2024-01-14T16:18:49.075+0000] {jobinfo_jobplanet.py:632} INFO - Failed to read CSV file from S3: No JVM shared library file (libjvm.so) found. Try setting up the JAVA_HOME environment variable properly.
[2024-01-14T16:19:06.211+0000] {jobinfo_jobplanet.py:509} INFO - 롯데헬스케어 salary information not find
[2024-01-14T16:19:06.229+0000] {base.py:73} INFO - Using connection ID 's3_conn' for task execution.
[2024-01-14T16:19:06.392+0000] {jobinfo_jobplanet.py:631} INFO - 올라운드닥터스 정보 없ㅇ,ㅡ
[2024-01-14T16:19:06.393+0000] {jobinfo_jobplanet.py:632} INFO - Failed to read CSV file from S3: An error occurred (NoSuchKey) when calling the GetObject operation: The specified key does not exist.
[2024-01-14T16:19:21.643+0000] {jobinfo_jobplanet.py:509} INFO - 올라운드닥터스 salary information not find
[2024-01-14T16:19:21.654+0000] {base.py:73} INFO - Using connection ID 's3_conn' for task execution.
[2024-01-14T16:19:21.816+0000] {jobinfo_jobplanet.py:519} INFO - 와디즈dml wordcloud start
[2024-01-14T16:19:21.817+0000] {jobinfo_jobplanet.py:631} INFO - 와디즈 정보 없ㅇ,ㅡ
[2024-01-14T16:19:21.817+0000] {jobinfo_jobplanet.py:632} INFO - Failed to read CSV file from S3: No JVM shared library file (libjvm.so) found. Try setting up the JAVA_HOME environment variable properly.
[2024-01-14T16:19:37.410+0000] {jobinfo_jobplanet.py:509} INFO - 와디즈 salary information not find
[2024-01-14T16:19:37.418+0000] {base.py:73} INFO - Using connection ID 's3_conn' for task execution.
[2024-01-14T16:19:37.545+0000] {jobinfo_jobplanet.py:519} INFO - 크리에이트립dml wordcloud start
[2024-01-14T16:19:37.545+0000] {jobinfo_jobplanet.py:631} INFO - 크리에이트립 정보 없ㅇ,ㅡ
[2024-01-14T16:19:37.545+0000] {jobinfo_jobplanet.py:632} INFO - Failed to read CSV file from S3: No JVM shared library file (libjvm.so) found. Try setting up the JAVA_HOME environment variable properly.
[2024-01-14T16:19:51.804+0000] {jobinfo_jobplanet.py:509} INFO - 크리에이트립 salary information not find
[2024-01-14T16:19:51.813+0000] {base.py:73} INFO - Using connection ID 's3_conn' for task execution.
[2024-01-14T16:19:51.908+0000] {jobinfo_jobplanet.py:519} INFO - 데브툴즈dml wordcloud start
[2024-01-14T16:19:51.909+0000] {jobinfo_jobplanet.py:631} INFO - 데브툴즈 정보 없ㅇ,ㅡ
[2024-01-14T16:19:51.909+0000] {jobinfo_jobplanet.py:632} INFO - Failed to read CSV file from S3: No JVM shared library file (libjvm.so) found. Try setting up the JAVA_HOME environment variable properly.
[2024-01-14T16:20:08.232+0000] {jobinfo_jobplanet.py:509} INFO - 데브툴즈 salary information not find
[2024-01-14T16:20:08.240+0000] {base.py:73} INFO - Using connection ID 's3_conn' for task execution.
[2024-01-14T16:20:08.334+0000] {jobinfo_jobplanet.py:519} INFO - 티니어dml wordcloud start
[2024-01-14T16:20:08.335+0000] {jobinfo_jobplanet.py:631} INFO - 티니어 정보 없ㅇ,ㅡ
[2024-01-14T16:20:08.335+0000] {jobinfo_jobplanet.py:632} INFO - Failed to read CSV file from S3: No JVM shared library file (libjvm.so) found. Try setting up the JAVA_HOME environment variable properly.
[2024-01-14T16:20:25.238+0000] {jobinfo_jobplanet.py:509} INFO - 티니어 salary information not find
[2024-01-14T16:20:25.253+0000] {base.py:73} INFO - Using connection ID 's3_conn' for task execution.
[2024-01-14T16:20:25.367+0000] {jobinfo_jobplanet.py:519} INFO - 키다리스튜디오dml wordcloud start
[2024-01-14T16:20:25.368+0000] {jobinfo_jobplanet.py:631} INFO - 키다리스튜디오 정보 없ㅇ,ㅡ
[2024-01-14T16:20:25.368+0000] {jobinfo_jobplanet.py:632} INFO - Failed to read CSV file from S3: No JVM shared library file (libjvm.so) found. Try setting up the JAVA_HOME environment variable properly.
[2024-01-14T16:20:41.299+0000] {jobinfo_jobplanet.py:509} INFO - 키다리스튜디오 salary information not find
[2024-01-14T16:20:41.307+0000] {base.py:73} INFO - Using connection ID 's3_conn' for task execution.
[2024-01-14T16:20:41.610+0000] {jobinfo_jobplanet.py:519} INFO - 마크클라우드dml wordcloud start
[2024-01-14T16:20:41.611+0000] {jobinfo_jobplanet.py:631} INFO - 마크클라우드 정보 없ㅇ,ㅡ
[2024-01-14T16:20:41.611+0000] {jobinfo_jobplanet.py:632} INFO - Failed to read CSV file from S3: No JVM shared library file (libjvm.so) found. Try setting up the JAVA_HOME environment variable properly.
[2024-01-14T16:20:56.037+0000] {jobinfo_jobplanet.py:509} INFO - 마크클라우드 salary information not find
[2024-01-14T16:20:56.193+0000] {python.py:177} INFO - Done. Returned value was: None
[2024-01-14T16:20:56.202+0000] {taskinstance.py:1323} INFO - Marking task as SUCCESS. dag_id=jobinfo_jobplanet, task_id=jobplanet_login, execution_date=20240114T161402, start_date=20240114T161409, end_date=20240114T162056
[2024-01-14T16:20:56.257+0000] {local_task_job.py:208} INFO - Task exited with return code 0
[2024-01-14T16:20:56.276+0000] {taskinstance.py:2578} INFO - 1 downstream tasks scheduled from follow-on schedule check
