[2024-01-14T08:15:09.918+0000] {taskinstance.py:1083} INFO - Dependencies all met for <TaskInstance: jobinfo_jobplanet.create_infomation_s3 manual__2024-01-14T08:15:02.446529+00:00 [queued]>
[2024-01-14T08:15:09.926+0000] {taskinstance.py:1083} INFO - Dependencies all met for <TaskInstance: jobinfo_jobplanet.create_infomation_s3 manual__2024-01-14T08:15:02.446529+00:00 [queued]>
[2024-01-14T08:15:09.926+0000] {taskinstance.py:1279} INFO - 
--------------------------------------------------------------------------------
[2024-01-14T08:15:09.927+0000] {taskinstance.py:1280} INFO - Starting attempt 1 of 1
[2024-01-14T08:15:09.927+0000] {taskinstance.py:1281} INFO - 
--------------------------------------------------------------------------------
[2024-01-14T08:15:09.944+0000] {taskinstance.py:1300} INFO - Executing <Task(PythonOperator): create_infomation_s3> on 2024-01-14 08:15:02.446529+00:00
[2024-01-14T08:15:09.951+0000] {standard_task_runner.py:55} INFO - Started process 11972 to run task
[2024-01-14T08:15:09.955+0000] {standard_task_runner.py:82} INFO - Running: ['***', 'tasks', 'run', 'jobinfo_jobplanet', 'create_infomation_s3', 'manual__2024-01-14T08:15:02.446529+00:00', '--job-id', '412', '--raw', '--subdir', 'DAGS_FOLDER/jobinfo_jobplanet.py', '--cfg-path', '/tmp/tmpm05f_0k4']
[2024-01-14T08:15:09.955+0000] {standard_task_runner.py:83} INFO - Job 412: Subtask create_infomation_s3
[2024-01-14T08:15:10.161+0000] {task_command.py:388} INFO - Running <TaskInstance: jobinfo_jobplanet.create_infomation_s3 manual__2024-01-14T08:15:02.446529+00:00 [running]> on host 7b77d04f99d6
[2024-01-14T08:15:10.251+0000] {taskinstance.py:1509} INFO - Exporting the following env vars:
AIRFLOW_CTX_DAG_OWNER=***
AIRFLOW_CTX_DAG_ID=jobinfo_jobplanet
AIRFLOW_CTX_TASK_ID=create_infomation_s3
AIRFLOW_CTX_EXECUTION_DATE=2024-01-14T08:15:02.446529+00:00
AIRFLOW_CTX_TRY_NUMBER=1
AIRFLOW_CTX_DAG_RUN_ID=manual__2024-01-14T08:15:02.446529+00:00
[2024-01-14T08:15:13.661+0000] {jobinfo_jobplanet.py:79} INFO - 11111111111111111
[2024-01-14T08:15:13.687+0000] {jobinfo_jobplanet.py:87} INFO - 2222222222222222222222222
[2024-01-14T08:15:13.784+0000] {jobinfo_jobplanet.py:93} INFO - driver
[2024-01-14T08:15:14.238+0000] {jobinfo_jobplanet.py:95} INFO - driver
[2024-01-14T08:15:14.243+0000] {jobinfo_jobplanet.py:97} INFO - 33333333333333333
[2024-01-14T08:15:14.263+0000] {jobinfo_jobplanet.py:100} INFO - driver
[2024-01-14T08:15:14.568+0000] {jobinfo_jobplanet.py:102} INFO - driver
[2024-01-14T08:15:14.587+0000] {jobinfo_jobplanet.py:107} INFO - driver
[2024-01-14T08:15:15.106+0000] {jobinfo_jobplanet.py:109} INFO - driver
[2024-01-14T08:15:15.145+0000] {jobinfo_jobplanet.py:111} INFO - 4444444444444
[2024-01-14T08:15:15.242+0000] {logging_mixin.py:137} INFO - Companies from XCom: []
[2024-01-14T08:15:15.242+0000] {logging_mixin.py:137} INFO - Companies list is empty. Exiting the function.
[2024-01-14T08:15:15.242+0000] {python.py:177} INFO - Done. Returned value was: None
[2024-01-14T08:15:15.252+0000] {taskinstance.py:1323} INFO - Marking task as SUCCESS. dag_id=jobinfo_jobplanet, task_id=create_infomation_s3, execution_date=20240114T081502, start_date=20240114T081509, end_date=20240114T081515
[2024-01-14T08:15:15.297+0000] {local_task_job.py:208} INFO - Task exited with return code 0
[2024-01-14T08:15:15.596+0000] {taskinstance.py:2578} INFO - 0 downstream tasks scheduled from follow-on schedule check
