[2024-01-14T15:34:36.316+0000] {taskinstance.py:1083} INFO - Dependencies all met for <TaskInstance: jobinfo_jobplanet.jobplanet_login manual__2024-01-14T15:34:28.107175+00:00 [queued]>
[2024-01-14T15:34:36.325+0000] {taskinstance.py:1083} INFO - Dependencies all met for <TaskInstance: jobinfo_jobplanet.jobplanet_login manual__2024-01-14T15:34:28.107175+00:00 [queued]>
[2024-01-14T15:34:36.326+0000] {taskinstance.py:1279} INFO - 
--------------------------------------------------------------------------------
[2024-01-14T15:34:36.326+0000] {taskinstance.py:1280} INFO - Starting attempt 1 of 1
[2024-01-14T15:34:36.326+0000] {taskinstance.py:1281} INFO - 
--------------------------------------------------------------------------------
[2024-01-14T15:34:36.350+0000] {taskinstance.py:1300} INFO - Executing <Task(PythonOperator): jobplanet_login> on 2024-01-14 15:34:28.107175+00:00
[2024-01-14T15:34:36.383+0000] {standard_task_runner.py:55} INFO - Started process 6442 to run task
[2024-01-14T15:34:36.384+0000] {standard_task_runner.py:82} INFO - Running: ['***', 'tasks', 'run', 'jobinfo_jobplanet', 'jobplanet_login', 'manual__2024-01-14T15:34:28.107175+00:00', '--job-id', '531', '--raw', '--subdir', 'DAGS_FOLDER/jobinfo_jobplanet.py', '--cfg-path', '/tmp/tmp8hidu3em']
[2024-01-14T15:34:36.385+0000] {standard_task_runner.py:83} INFO - Job 531: Subtask jobplanet_login
[2024-01-14T15:34:36.470+0000] {task_command.py:388} INFO - Running <TaskInstance: jobinfo_jobplanet.jobplanet_login manual__2024-01-14T15:34:28.107175+00:00 [running]> on host 565f6bcc10b6
[2024-01-14T15:34:36.549+0000] {taskinstance.py:1509} INFO - Exporting the following env vars:
AIRFLOW_CTX_DAG_OWNER=***
AIRFLOW_CTX_DAG_ID=jobinfo_jobplanet
AIRFLOW_CTX_TASK_ID=jobplanet_login
AIRFLOW_CTX_EXECUTION_DATE=2024-01-14T15:34:28.107175+00:00
AIRFLOW_CTX_TRY_NUMBER=1
AIRFLOW_CTX_DAG_RUN_ID=manual__2024-01-14T15:34:28.107175+00:00
[2024-01-14T15:34:39.498+0000] {jobinfo_jobplanet.py:76} INFO - *********************************
[2024-01-14T15:34:39.516+0000] {jobinfo_jobplanet.py:82} INFO - 12212121313442342354534634534534534534523423443423
[2024-01-14T15:34:39.519+0000] {jobinfo_jobplanet.py:83} INFO - <selenium.webdriver.remote.webdriver.WebDriver (session="159870ca35ba4019ea9b549f1a393c78")>
[2024-01-14T15:34:39.640+0000] {jobinfo_jobplanet.py:86} INFO - 890u8987978078978978079078097807897809789789789789789797
[2024-01-14T15:34:40.301+0000] {jobinfo_jobplanet.py:89} INFO - ^^^^^^^^^^^^^^^^^^^^^^^^^^^^^^^^^^^^^^^^^^^^^^^^^^^^^^^^^^^^^^^^^^^^^^^^^^^^^^^^^^^^^^
[2024-01-14T15:34:41.113+0000] {jobinfo_jobplanet.py:100} INFO - 3333333333333333333333333
[2024-01-14T15:34:41.151+0000] {jobinfo_jobplanet.py:106} INFO - 4444444444444444444444444444
[2024-01-14T15:34:41.159+0000] {jobinfo_jobplanet.py:108} INFO - ['오케스트로', '오케스트로', '제니스앤컴퍼니', '제니스앤컴퍼니', '제니스앤컴퍼니', '메이븐클라우드서비스', '엠아이티', '엠아이티', '스윗코리아', '스윗코리아', '파킹클라우드', '오케스트로', '오케스트로', '오케스트로', '오케스트로', '오케스트로', '월급쟁이부자들', '월급쟁이부자들', '로민', '블랙탠저린', '파인더스', '론픽', '비포플레이', '롯데헬스케어', '롯데헬스케어', '올라운드닥터스', '와디즈', '크리에이트립', '데브툴즈', '티니어', '키다리스튜디오', '마크클라우드']
[2024-01-14T15:34:41.160+0000] {jobinfo_jobplanet.py:109} INFO - ['path/in/s3/bucket/jobinfo_jumpit.csv', 'path/in/s3/bucket/jobinfo_jumpit_v2.csv', 'path/in/s3/bucket/review_information_데브툴즈.csv', 'path/in/s3/bucket/review_information_로민.csv', 'path/in/s3/bucket/review_information_롯데헬스케어.csv', 'path/in/s3/bucket/review_information_마크클라우드.csv', 'path/in/s3/bucket/review_information_메이븐클라우드서비스.csv', 'path/in/s3/bucket/review_information_블랙탠저린.csv', 'path/in/s3/bucket/review_information_비포플레이.csv', 'path/in/s3/bucket/review_information_스윗코리아.csv', 'path/in/s3/bucket/review_information_엠아이티.csv', 'path/in/s3/bucket/review_information_오케스트로.csv', 'path/in/s3/bucket/review_information_월급쟁이부자들.csv', 'path/in/s3/bucket/review_information_제니스앤컴퍼니.csv', 'path/in/s3/bucket/review_information_크리에이트립.csv', 'path/in/s3/bucket/review_information_키다리스튜디오.csv', 'path/in/s3/bucket/review_information_티니어.csv', 'path/in/s3/bucket/review_information_파인더스.csv', 'path/in/s3/bucket/review_information_파킹클라우드.csv', 'path/in/s3/bucket/summary.csv']
[2024-01-14T15:34:41.160+0000] {jobinfo_jobplanet.py:110} INFO - 시작
[2024-01-14T15:34:41.160+0000] {jobinfo_jobplanet.py:114} INFO - 오케스트로 있음
[2024-01-14T15:34:41.160+0000] {jobinfo_jobplanet.py:114} INFO - 오케스트로 있음
[2024-01-14T15:34:41.160+0000] {jobinfo_jobplanet.py:114} INFO - 제니스앤컴퍼니 있음
[2024-01-14T15:34:41.160+0000] {jobinfo_jobplanet.py:114} INFO - 제니스앤컴퍼니 있음
[2024-01-14T15:34:41.160+0000] {jobinfo_jobplanet.py:114} INFO - 제니스앤컴퍼니 있음
[2024-01-14T15:34:41.161+0000] {jobinfo_jobplanet.py:114} INFO - 메이븐클라우드서비스 있음
[2024-01-14T15:34:41.161+0000] {jobinfo_jobplanet.py:114} INFO - 엠아이티 있음
[2024-01-14T15:34:41.161+0000] {jobinfo_jobplanet.py:114} INFO - 엠아이티 있음
[2024-01-14T15:34:41.161+0000] {jobinfo_jobplanet.py:114} INFO - 스윗코리아 있음
[2024-01-14T15:34:41.161+0000] {jobinfo_jobplanet.py:114} INFO - 스윗코리아 있음
[2024-01-14T15:34:41.161+0000] {jobinfo_jobplanet.py:114} INFO - 파킹클라우드 있음
[2024-01-14T15:34:41.161+0000] {jobinfo_jobplanet.py:114} INFO - 오케스트로 있음
[2024-01-14T15:34:41.162+0000] {jobinfo_jobplanet.py:114} INFO - 오케스트로 있음
[2024-01-14T15:34:41.162+0000] {jobinfo_jobplanet.py:114} INFO - 오케스트로 있음
[2024-01-14T15:34:41.162+0000] {jobinfo_jobplanet.py:114} INFO - 오케스트로 있음
[2024-01-14T15:34:41.162+0000] {jobinfo_jobplanet.py:114} INFO - 오케스트로 있음
[2024-01-14T15:34:41.162+0000] {jobinfo_jobplanet.py:114} INFO - 월급쟁이부자들 있음
[2024-01-14T15:34:41.162+0000] {jobinfo_jobplanet.py:114} INFO - 월급쟁이부자들 있음
[2024-01-14T15:34:41.162+0000] {jobinfo_jobplanet.py:114} INFO - 로민 있음
[2024-01-14T15:34:41.162+0000] {jobinfo_jobplanet.py:114} INFO - 블랙탠저린 있음
[2024-01-14T15:34:41.162+0000] {jobinfo_jobplanet.py:114} INFO - 파인더스 있음
[2024-01-14T15:34:41.180+0000] {jobinfo_jobplanet.py:121} INFO - 론픽 파일이 없음
[2024-01-14T15:34:41.207+0000] {jobinfo_jobplanet.py:139} INFO - 론픽의 정보는 없어서 파일 생성을 못한다.
[2024-01-14T15:34:41.208+0000] {jobinfo_jobplanet.py:140} INFO - ['path/in/s3/bucket/jobinfo_jumpit.csv', 'path/in/s3/bucket/jobinfo_jumpit_v2.csv', 'path/in/s3/bucket/review_information_데브툴즈.csv', 'path/in/s3/bucket/review_information_로민.csv', 'path/in/s3/bucket/review_information_롯데헬스케어.csv', 'path/in/s3/bucket/review_information_마크클라우드.csv', 'path/in/s3/bucket/review_information_메이븐클라우드서비스.csv', 'path/in/s3/bucket/review_information_블랙탠저린.csv', 'path/in/s3/bucket/review_information_비포플레이.csv', 'path/in/s3/bucket/review_information_스윗코리아.csv', 'path/in/s3/bucket/review_information_엠아이티.csv', 'path/in/s3/bucket/review_information_오케스트로.csv', 'path/in/s3/bucket/review_information_월급쟁이부자들.csv', 'path/in/s3/bucket/review_information_제니스앤컴퍼니.csv', 'path/in/s3/bucket/review_information_크리에이트립.csv', 'path/in/s3/bucket/review_information_키다리스튜디오.csv', 'path/in/s3/bucket/review_information_티니어.csv', 'path/in/s3/bucket/review_information_파인더스.csv', 'path/in/s3/bucket/review_information_파킹클라우드.csv', 'path/in/s3/bucket/summary.csv']
[2024-01-14T15:34:41.209+0000] {jobinfo_jobplanet.py:114} INFO - 비포플레이 있음
[2024-01-14T15:34:41.209+0000] {jobinfo_jobplanet.py:114} INFO - 롯데헬스케어 있음
[2024-01-14T15:34:41.209+0000] {jobinfo_jobplanet.py:114} INFO - 롯데헬스케어 있음
[2024-01-14T15:34:41.214+0000] {jobinfo_jobplanet.py:121} INFO - 올라운드닥터스 파일이 없음
[2024-01-14T15:34:41.235+0000] {jobinfo_jobplanet.py:139} INFO - 올라운드닥터스의 정보는 없어서 파일 생성을 못한다.
[2024-01-14T15:34:41.236+0000] {jobinfo_jobplanet.py:140} INFO - ['path/in/s3/bucket/jobinfo_jumpit.csv', 'path/in/s3/bucket/jobinfo_jumpit_v2.csv', 'path/in/s3/bucket/review_information_데브툴즈.csv', 'path/in/s3/bucket/review_information_로민.csv', 'path/in/s3/bucket/review_information_롯데헬스케어.csv', 'path/in/s3/bucket/review_information_마크클라우드.csv', 'path/in/s3/bucket/review_information_메이븐클라우드서비스.csv', 'path/in/s3/bucket/review_information_블랙탠저린.csv', 'path/in/s3/bucket/review_information_비포플레이.csv', 'path/in/s3/bucket/review_information_스윗코리아.csv', 'path/in/s3/bucket/review_information_엠아이티.csv', 'path/in/s3/bucket/review_information_오케스트로.csv', 'path/in/s3/bucket/review_information_월급쟁이부자들.csv', 'path/in/s3/bucket/review_information_제니스앤컴퍼니.csv', 'path/in/s3/bucket/review_information_크리에이트립.csv', 'path/in/s3/bucket/review_information_키다리스튜디오.csv', 'path/in/s3/bucket/review_information_티니어.csv', 'path/in/s3/bucket/review_information_파인더스.csv', 'path/in/s3/bucket/review_information_파킹클라우드.csv', 'path/in/s3/bucket/summary.csv']
[2024-01-14T15:34:41.241+0000] {jobinfo_jobplanet.py:121} INFO - 와디즈 파일이 없음
[2024-01-14T15:34:43.678+0000] {jobinfo_jobplanet.py:139} INFO - 와디즈의 정보는 없어서 파일 생성을 못한다.
[2024-01-14T15:34:43.678+0000] {jobinfo_jobplanet.py:140} INFO - ['path/in/s3/bucket/jobinfo_jumpit.csv', 'path/in/s3/bucket/jobinfo_jumpit_v2.csv', 'path/in/s3/bucket/review_information_데브툴즈.csv', 'path/in/s3/bucket/review_information_로민.csv', 'path/in/s3/bucket/review_information_롯데헬스케어.csv', 'path/in/s3/bucket/review_information_마크클라우드.csv', 'path/in/s3/bucket/review_information_메이븐클라우드서비스.csv', 'path/in/s3/bucket/review_information_블랙탠저린.csv', 'path/in/s3/bucket/review_information_비포플레이.csv', 'path/in/s3/bucket/review_information_스윗코리아.csv', 'path/in/s3/bucket/review_information_엠아이티.csv', 'path/in/s3/bucket/review_information_오케스트로.csv', 'path/in/s3/bucket/review_information_월급쟁이부자들.csv', 'path/in/s3/bucket/review_information_제니스앤컴퍼니.csv', 'path/in/s3/bucket/review_information_크리에이트립.csv', 'path/in/s3/bucket/review_information_키다리스튜디오.csv', 'path/in/s3/bucket/review_information_티니어.csv', 'path/in/s3/bucket/review_information_파인더스.csv', 'path/in/s3/bucket/review_information_파킹클라우드.csv', 'path/in/s3/bucket/summary.csv']
[2024-01-14T15:34:43.679+0000] {jobinfo_jobplanet.py:114} INFO - 크리에이트립 있음
[2024-01-14T15:34:43.679+0000] {jobinfo_jobplanet.py:114} INFO - 데브툴즈 있음
[2024-01-14T15:34:43.679+0000] {jobinfo_jobplanet.py:114} INFO - 티니어 있음
[2024-01-14T15:34:43.679+0000] {jobinfo_jobplanet.py:114} INFO - 키다리스튜디오 있음
[2024-01-14T15:34:43.679+0000] {jobinfo_jobplanet.py:114} INFO - 마크클라우드 있음
[2024-01-14T15:34:43.714+0000] {base.py:73} INFO - Using connection ID 's3_conn' for task execution.
[2024-01-14T15:34:44.026+0000] {base.py:73} INFO - Using connection ID 's3_conn' for task execution.
[2024-01-14T15:34:44.173+0000] {jobinfo_jobplanet.py:629} INFO - 제니스앤컴퍼니 정보 없ㅇ,ㅡ
[2024-01-14T15:34:44.174+0000] {jobinfo_jobplanet.py:630} INFO - Failed to read CSV file from S3: No JVM shared library file (libjvm.so) found. Try setting up the JAVA_HOME environment variable properly.
[2024-01-14T15:34:58.539+0000] {base.py:73} INFO - Using connection ID 's3_conn' for task execution.
[2024-01-14T15:34:58.622+0000] {jobinfo_jobplanet.py:629} INFO - 제니스앤컴퍼니 정보 없ㅇ,ㅡ
[2024-01-14T15:34:58.623+0000] {jobinfo_jobplanet.py:630} INFO - Failed to read CSV file from S3: No JVM shared library file (libjvm.so) found. Try setting up the JAVA_HOME environment variable properly.
[2024-01-14T15:35:11.807+0000] {base.py:73} INFO - Using connection ID 's3_conn' for task execution.
[2024-01-14T15:35:11.880+0000] {jobinfo_jobplanet.py:629} INFO - 제니스앤컴퍼니 정보 없ㅇ,ㅡ
[2024-01-14T15:35:11.881+0000] {jobinfo_jobplanet.py:630} INFO - Failed to read CSV file from S3: No JVM shared library file (libjvm.so) found. Try setting up the JAVA_HOME environment variable properly.
[2024-01-14T15:35:24.444+0000] {base.py:73} INFO - Using connection ID 's3_conn' for task execution.
[2024-01-14T15:35:24.573+0000] {jobinfo_jobplanet.py:629} INFO - 메이븐클라우드서비스 정보 없ㅇ,ㅡ
[2024-01-14T15:35:24.574+0000] {jobinfo_jobplanet.py:630} INFO - Failed to read CSV file from S3: No JVM shared library file (libjvm.so) found. Try setting up the JAVA_HOME environment variable properly.
[2024-01-14T15:35:38.323+0000] {base.py:73} INFO - Using connection ID 's3_conn' for task execution.
[2024-01-14T15:35:38.434+0000] {jobinfo_jobplanet.py:629} INFO - 엠아이티 정보 없ㅇ,ㅡ
[2024-01-14T15:35:38.435+0000] {jobinfo_jobplanet.py:630} INFO - Failed to read CSV file from S3: No JVM shared library file (libjvm.so) found. Try setting up the JAVA_HOME environment variable properly.
[2024-01-14T15:35:54.928+0000] {base.py:73} INFO - Using connection ID 's3_conn' for task execution.
[2024-01-14T15:35:55.078+0000] {jobinfo_jobplanet.py:629} INFO - 엠아이티 정보 없ㅇ,ㅡ
[2024-01-14T15:35:55.079+0000] {jobinfo_jobplanet.py:630} INFO - Failed to read CSV file from S3: No JVM shared library file (libjvm.so) found. Try setting up the JAVA_HOME environment variable properly.
[2024-01-14T15:36:08.740+0000] {base.py:73} INFO - Using connection ID 's3_conn' for task execution.
[2024-01-14T15:36:08.880+0000] {jobinfo_jobplanet.py:629} INFO - 스윗코리아 정보 없ㅇ,ㅡ
[2024-01-14T15:36:08.882+0000] {jobinfo_jobplanet.py:630} INFO - Failed to read CSV file from S3: No JVM shared library file (libjvm.so) found. Try setting up the JAVA_HOME environment variable properly.
[2024-01-14T15:36:27.871+0000] {base.py:73} INFO - Using connection ID 's3_conn' for task execution.
[2024-01-14T15:36:27.975+0000] {jobinfo_jobplanet.py:629} INFO - 스윗코리아 정보 없ㅇ,ㅡ
[2024-01-14T15:36:27.976+0000] {jobinfo_jobplanet.py:630} INFO - Failed to read CSV file from S3: No JVM shared library file (libjvm.so) found. Try setting up the JAVA_HOME environment variable properly.
[2024-01-14T15:36:43.990+0000] {base.py:73} INFO - Using connection ID 's3_conn' for task execution.
[2024-01-14T15:36:44.133+0000] {jobinfo_jobplanet.py:629} INFO - 파킹클라우드 정보 없ㅇ,ㅡ
[2024-01-14T15:36:44.133+0000] {jobinfo_jobplanet.py:630} INFO - Failed to read CSV file from S3: No JVM shared library file (libjvm.so) found. Try setting up the JAVA_HOME environment variable properly.
[2024-01-14T15:36:59.687+0000] {base.py:73} INFO - Using connection ID 's3_conn' for task execution.
[2024-01-14T15:36:59.817+0000] {jobinfo_jobplanet.py:629} INFO - 월급쟁이부자들 정보 없ㅇ,ㅡ
[2024-01-14T15:36:59.817+0000] {jobinfo_jobplanet.py:630} INFO - Failed to read CSV file from S3: No JVM shared library file (libjvm.so) found. Try setting up the JAVA_HOME environment variable properly.
[2024-01-14T15:37:23.144+0000] {base.py:73} INFO - Using connection ID 's3_conn' for task execution.
[2024-01-14T15:37:23.700+0000] {jobinfo_jobplanet.py:629} INFO - 월급쟁이부자들 정보 없ㅇ,ㅡ
[2024-01-14T15:37:23.708+0000] {jobinfo_jobplanet.py:630} INFO - Failed to read CSV file from S3: No JVM shared library file (libjvm.so) found. Try setting up the JAVA_HOME environment variable properly.
[2024-01-14T15:37:49.033+0000] {base.py:73} INFO - Using connection ID 's3_conn' for task execution.
[2024-01-14T15:37:49.137+0000] {jobinfo_jobplanet.py:629} INFO - 로민 정보 없ㅇ,ㅡ
[2024-01-14T15:37:49.137+0000] {jobinfo_jobplanet.py:630} INFO - Failed to read CSV file from S3: No JVM shared library file (libjvm.so) found. Try setting up the JAVA_HOME environment variable properly.
[2024-01-14T15:38:04.270+0000] {base.py:73} INFO - Using connection ID 's3_conn' for task execution.
[2024-01-14T15:38:04.411+0000] {jobinfo_jobplanet.py:629} INFO - 블랙탠저린 정보 없ㅇ,ㅡ
[2024-01-14T15:38:04.411+0000] {jobinfo_jobplanet.py:630} INFO - Failed to read CSV file from S3: No JVM shared library file (libjvm.so) found. Try setting up the JAVA_HOME environment variable properly.
[2024-01-14T15:38:19.065+0000] {base.py:73} INFO - Using connection ID 's3_conn' for task execution.
[2024-01-14T15:38:19.193+0000] {jobinfo_jobplanet.py:629} INFO - 파인더스 정보 없ㅇ,ㅡ
[2024-01-14T15:38:19.193+0000] {jobinfo_jobplanet.py:630} INFO - Failed to read CSV file from S3: No JVM shared library file (libjvm.so) found. Try setting up the JAVA_HOME environment variable properly.
[2024-01-14T15:38:33.854+0000] {base.py:73} INFO - Using connection ID 's3_conn' for task execution.
[2024-01-14T15:38:33.936+0000] {jobinfo_jobplanet.py:629} INFO - 론픽 정보 없ㅇ,ㅡ
[2024-01-14T15:38:33.936+0000] {jobinfo_jobplanet.py:630} INFO - Failed to read CSV file from S3: An error occurred (NoSuchKey) when calling the GetObject operation: The specified key does not exist.
[2024-01-14T15:38:49.168+0000] {base.py:73} INFO - Using connection ID 's3_conn' for task execution.
[2024-01-14T15:38:49.345+0000] {jobinfo_jobplanet.py:629} INFO - 비포플레이 정보 없ㅇ,ㅡ
[2024-01-14T15:38:49.345+0000] {jobinfo_jobplanet.py:630} INFO - Failed to read CSV file from S3: No JVM shared library file (libjvm.so) found. Try setting up the JAVA_HOME environment variable properly.
[2024-01-14T15:39:06.578+0000] {base.py:73} INFO - Using connection ID 's3_conn' for task execution.
[2024-01-14T15:39:06.739+0000] {jobinfo_jobplanet.py:629} INFO - 롯데헬스케어 정보 없ㅇ,ㅡ
[2024-01-14T15:39:06.739+0000] {jobinfo_jobplanet.py:630} INFO - Failed to read CSV file from S3: No JVM shared library file (libjvm.so) found. Try setting up the JAVA_HOME environment variable properly.
[2024-01-14T15:39:21.693+0000] {base.py:73} INFO - Using connection ID 's3_conn' for task execution.
[2024-01-14T15:39:21.783+0000] {jobinfo_jobplanet.py:629} INFO - 롯데헬스케어 정보 없ㅇ,ㅡ
[2024-01-14T15:39:21.784+0000] {jobinfo_jobplanet.py:630} INFO - Failed to read CSV file from S3: No JVM shared library file (libjvm.so) found. Try setting up the JAVA_HOME environment variable properly.
[2024-01-14T15:39:36.465+0000] {base.py:73} INFO - Using connection ID 's3_conn' for task execution.
[2024-01-14T15:39:36.558+0000] {jobinfo_jobplanet.py:629} INFO - 올라운드닥터스 정보 없ㅇ,ㅡ
[2024-01-14T15:39:36.558+0000] {jobinfo_jobplanet.py:630} INFO - Failed to read CSV file from S3: An error occurred (NoSuchKey) when calling the GetObject operation: The specified key does not exist.
[2024-01-14T15:39:51.969+0000] {base.py:73} INFO - Using connection ID 's3_conn' for task execution.
[2024-01-14T15:39:52.096+0000] {jobinfo_jobplanet.py:629} INFO - 와디즈 정보 없ㅇ,ㅡ
[2024-01-14T15:39:52.097+0000] {jobinfo_jobplanet.py:630} INFO - Failed to read CSV file from S3: An error occurred (NoSuchKey) when calling the GetObject operation: The specified key does not exist.
[2024-01-14T15:40:08.694+0000] {base.py:73} INFO - Using connection ID 's3_conn' for task execution.
[2024-01-14T15:40:08.795+0000] {jobinfo_jobplanet.py:629} INFO - 크리에이트립 정보 없ㅇ,ㅡ
[2024-01-14T15:40:08.795+0000] {jobinfo_jobplanet.py:630} INFO - Failed to read CSV file from S3: No JVM shared library file (libjvm.so) found. Try setting up the JAVA_HOME environment variable properly.
[2024-01-14T15:40:24.133+0000] {base.py:73} INFO - Using connection ID 's3_conn' for task execution.
[2024-01-14T15:40:24.215+0000] {jobinfo_jobplanet.py:629} INFO - 데브툴즈 정보 없ㅇ,ㅡ
[2024-01-14T15:40:24.216+0000] {jobinfo_jobplanet.py:630} INFO - Failed to read CSV file from S3: No JVM shared library file (libjvm.so) found. Try setting up the JAVA_HOME environment variable properly.
[2024-01-14T15:40:39.498+0000] {base.py:73} INFO - Using connection ID 's3_conn' for task execution.
[2024-01-14T15:40:39.604+0000] {jobinfo_jobplanet.py:629} INFO - 티니어 정보 없ㅇ,ㅡ
[2024-01-14T15:40:39.604+0000] {jobinfo_jobplanet.py:630} INFO - Failed to read CSV file from S3: No JVM shared library file (libjvm.so) found. Try setting up the JAVA_HOME environment variable properly.
[2024-01-14T15:40:55.800+0000] {base.py:73} INFO - Using connection ID 's3_conn' for task execution.
[2024-01-14T15:40:55.926+0000] {jobinfo_jobplanet.py:629} INFO - 키다리스튜디오 정보 없ㅇ,ㅡ
[2024-01-14T15:40:55.927+0000] {jobinfo_jobplanet.py:630} INFO - Failed to read CSV file from S3: No JVM shared library file (libjvm.so) found. Try setting up the JAVA_HOME environment variable properly.
[2024-01-14T15:41:12.268+0000] {base.py:73} INFO - Using connection ID 's3_conn' for task execution.
[2024-01-14T15:41:12.624+0000] {jobinfo_jobplanet.py:629} INFO - 마크클라우드 정보 없ㅇ,ㅡ
[2024-01-14T15:41:12.625+0000] {jobinfo_jobplanet.py:630} INFO - Failed to read CSV file from S3: No JVM shared library file (libjvm.so) found. Try setting up the JAVA_HOME environment variable properly.
[2024-01-14T15:41:27.769+0000] {python.py:177} INFO - Done. Returned value was: None
[2024-01-14T15:41:27.788+0000] {taskinstance.py:1323} INFO - Marking task as SUCCESS. dag_id=jobinfo_jobplanet, task_id=jobplanet_login, execution_date=20240114T153428, start_date=20240114T153436, end_date=20240114T154127
[2024-01-14T15:41:27.854+0000] {local_task_job.py:208} INFO - Task exited with return code 0
[2024-01-14T15:41:27.884+0000] {taskinstance.py:2578} INFO - 1 downstream tasks scheduled from follow-on schedule check
