[2024-01-15T00:37:04.563+0000] {taskinstance.py:1083} INFO - Dependencies all met for <TaskInstance: jobinfo_jobplanet.jobplanet_login scheduled__2024-01-11T00:00:00+00:00 [queued]>
[2024-01-15T00:37:04.572+0000] {taskinstance.py:1083} INFO - Dependencies all met for <TaskInstance: jobinfo_jobplanet.jobplanet_login scheduled__2024-01-11T00:00:00+00:00 [queued]>
[2024-01-15T00:37:04.573+0000] {taskinstance.py:1279} INFO - 
--------------------------------------------------------------------------------
[2024-01-15T00:37:04.573+0000] {taskinstance.py:1280} INFO - Starting attempt 1 of 1
[2024-01-15T00:37:04.573+0000] {taskinstance.py:1281} INFO - 
--------------------------------------------------------------------------------
[2024-01-15T00:37:04.944+0000] {taskinstance.py:1300} INFO - Executing <Task(PythonOperator): jobplanet_login> on 2024-01-11 00:00:00+00:00
[2024-01-15T00:37:04.955+0000] {standard_task_runner.py:55} INFO - Started process 15355 to run task
[2024-01-15T00:37:04.970+0000] {standard_task_runner.py:82} INFO - Running: ['***', 'tasks', 'run', 'jobinfo_jobplanet', 'jobplanet_login', 'scheduled__2024-01-11T00:00:00+00:00', '--job-id', '582', '--raw', '--subdir', 'DAGS_FOLDER/jobinfo_jobplanet.py', '--cfg-path', '/tmp/tmp549_lbg2']
[2024-01-15T00:37:04.970+0000] {standard_task_runner.py:83} INFO - Job 582: Subtask jobplanet_login
[2024-01-15T00:37:05.087+0000] {task_command.py:388} INFO - Running <TaskInstance: jobinfo_jobplanet.jobplanet_login scheduled__2024-01-11T00:00:00+00:00 [running]> on host 565f6bcc10b6
[2024-01-15T00:37:05.387+0000] {taskinstance.py:1509} INFO - Exporting the following env vars:
AIRFLOW_CTX_DAG_OWNER=***
AIRFLOW_CTX_DAG_ID=jobinfo_jobplanet
AIRFLOW_CTX_TASK_ID=jobplanet_login
AIRFLOW_CTX_EXECUTION_DATE=2024-01-11T00:00:00+00:00
AIRFLOW_CTX_TRY_NUMBER=1
AIRFLOW_CTX_DAG_RUN_ID=scheduled__2024-01-11T00:00:00+00:00
[2024-01-15T00:37:12.226+0000] {jobinfo_jobplanet.py:76} INFO - *********************************
[2024-01-15T00:37:12.332+0000] {jobinfo_jobplanet.py:82} INFO - 12212121313442342354534634534534534534523423443423
[2024-01-15T00:37:12.332+0000] {jobinfo_jobplanet.py:83} INFO - <selenium.webdriver.remote.webdriver.WebDriver (session="b3be7c4ccece8200a2386be2226e67c4")>
[2024-01-15T00:37:12.761+0000] {jobinfo_jobplanet.py:86} INFO - 890u8987978078978978079078097807897809789789789789789797
[2024-01-15T00:37:13.402+0000] {jobinfo_jobplanet.py:89} INFO - ^^^^^^^^^^^^^^^^^^^^^^^^^^^^^^^^^^^^^^^^^^^^^^^^^^^^^^^^^^^^^^^^^^^^^^^^^^^^^^^^^^^^^^
[2024-01-15T00:37:14.605+0000] {jobinfo_jobplanet.py:100} INFO - 3333333333333333333333333
[2024-01-15T00:37:14.688+0000] {jobinfo_jobplanet.py:106} INFO - 4444444444444444444444444444
[2024-01-15T00:37:14.698+0000] {jobinfo_jobplanet.py:108} INFO - ['오케스트로', '오케스트로', '제니스앤컴퍼니', '제니스앤컴퍼니', '제니스앤컴퍼니', '메이븐클라우드서비스', '엠아이티', '엠아이티', '스윗코리아', '스윗코리아', '파킹클라우드', '오케스트로', '오케스트로', '오케스트로', '오케스트로', '오케스트로', '월급쟁이부자들', '월급쟁이부자들', '로민', '블랙탠저린', '파인더스', '론픽', '비포플레이', '롯데헬스케어', '롯데헬스케어', '올라운드닥터스', '와디즈', '크리에이트립', '데브툴즈', '티니어', '키다리스튜디오', '마크클라우드']
[2024-01-15T00:37:14.698+0000] {jobinfo_jobplanet.py:109} INFO - ['path/in/s3/bucket/jobinfo_jumpit.csv', 'path/in/s3/bucket/jobinfo_jumpit_v2.csv', 'path/in/s3/bucket/review_information_데브툴즈.csv', 'path/in/s3/bucket/review_information_로민.csv', 'path/in/s3/bucket/review_information_롯데헬스케어.csv', 'path/in/s3/bucket/review_information_마크클라우드.csv', 'path/in/s3/bucket/review_information_메이븐클라우드서비스.csv', 'path/in/s3/bucket/review_information_블랙탠저린.csv', 'path/in/s3/bucket/review_information_비포플레이.csv', 'path/in/s3/bucket/review_information_스윗코리아.csv', 'path/in/s3/bucket/review_information_엠아이티.csv', 'path/in/s3/bucket/review_information_오케스트로.csv', 'path/in/s3/bucket/review_information_와디즈.csv', 'path/in/s3/bucket/review_information_월급쟁이부자들.csv', 'path/in/s3/bucket/review_information_제니스앤컴퍼니.csv', 'path/in/s3/bucket/review_information_크리에이트립.csv', 'path/in/s3/bucket/review_information_키다리스튜디오.csv', 'path/in/s3/bucket/review_information_티니어.csv', 'path/in/s3/bucket/review_information_파인더스.csv', 'path/in/s3/bucket/review_information_파킹클라우드.csv', 'path/in/s3/bucket/summary.csv']
[2024-01-15T00:37:14.698+0000] {jobinfo_jobplanet.py:110} INFO - 시작
[2024-01-15T00:37:14.698+0000] {jobinfo_jobplanet.py:115} INFO - 오케스트로 있음
[2024-01-15T00:37:14.698+0000] {jobinfo_jobplanet.py:115} INFO - 오케스트로 있음
[2024-01-15T00:37:14.698+0000] {jobinfo_jobplanet.py:115} INFO - 제니스앤컴퍼니 있음
[2024-01-15T00:37:14.698+0000] {jobinfo_jobplanet.py:115} INFO - 제니스앤컴퍼니 있음
[2024-01-15T00:37:14.698+0000] {jobinfo_jobplanet.py:115} INFO - 제니스앤컴퍼니 있음
[2024-01-15T00:37:14.698+0000] {jobinfo_jobplanet.py:115} INFO - 메이븐클라우드서비스 있음
[2024-01-15T00:37:14.698+0000] {jobinfo_jobplanet.py:115} INFO - 엠아이티 있음
[2024-01-15T00:37:14.698+0000] {jobinfo_jobplanet.py:115} INFO - 엠아이티 있음
[2024-01-15T00:37:14.699+0000] {jobinfo_jobplanet.py:115} INFO - 스윗코리아 있음
[2024-01-15T00:37:14.699+0000] {jobinfo_jobplanet.py:115} INFO - 스윗코리아 있음
[2024-01-15T00:37:14.699+0000] {jobinfo_jobplanet.py:115} INFO - 파킹클라우드 있음
[2024-01-15T00:37:14.699+0000] {jobinfo_jobplanet.py:115} INFO - 오케스트로 있음
[2024-01-15T00:37:14.699+0000] {jobinfo_jobplanet.py:115} INFO - 오케스트로 있음
[2024-01-15T00:37:14.699+0000] {jobinfo_jobplanet.py:115} INFO - 오케스트로 있음
[2024-01-15T00:37:14.699+0000] {jobinfo_jobplanet.py:115} INFO - 오케스트로 있음
[2024-01-15T00:37:14.699+0000] {jobinfo_jobplanet.py:115} INFO - 오케스트로 있음
[2024-01-15T00:37:14.699+0000] {jobinfo_jobplanet.py:115} INFO - 월급쟁이부자들 있음
[2024-01-15T00:37:14.699+0000] {jobinfo_jobplanet.py:115} INFO - 월급쟁이부자들 있음
[2024-01-15T00:37:14.699+0000] {jobinfo_jobplanet.py:115} INFO - 로민 있음
[2024-01-15T00:37:14.699+0000] {jobinfo_jobplanet.py:115} INFO - 블랙탠저린 있음
[2024-01-15T00:37:14.727+0000] {jobinfo_jobplanet.py:115} INFO - 파인더스 있음
[2024-01-15T00:37:17.949+0000] {jobinfo_jobplanet.py:122} INFO - 론픽 파일이 없음
[2024-01-15T00:37:18.659+0000] {jobinfo_jobplanet.py:126} INFO - 론픽 검색을 위해 검색창에 입력했습니다.
[2024-01-15T00:37:20.854+0000] {jobinfo_jobplanet.py:129} INFO - 론픽 검색하기
[2024-01-15T00:37:23.081+0000] {jobinfo_jobplanet.py:134} INFO - 론픽 회사 정보를 알기 위해 상세정보 클릭합니다.
[2024-01-15T00:37:40.747+0000] {jobinfo_jobplanet.py:699} INFO - Error uploading file to S3: 'int' object has no attribute 'to_csv'
[2024-01-15T00:37:40.868+0000] {jobinfo_jobplanet.py:525} INFO -                                       review_summary  ... result_date
0                           시설이랑 식대는 좋지만 업무처리는 꽝인 회사  ...       15일 후
1                       허위광고, 과대포장으로 투자 땡기니까 달달하신가요?  ...     no data
2  일단 업무도 모르는 것들이 팀장을 하고 있음 피드백 느림, 권위주의적, 사람 조지기...  ...     no data
3                          더이상 소프트웨어 기업이 아닌 서버와 사람장사  ...     no data
4                                 적당히 다닐만한 회사라고 생각한다  ...     no data

[5 rows x 8 columns]
[2024-01-15T00:37:40.881+0000] {jobinfo_jobplanet.py:146} INFO - ['path/in/s3/bucket/jobinfo_jumpit.csv', 'path/in/s3/bucket/jobinfo_jumpit_v2.csv', 'path/in/s3/bucket/review_information_데브툴즈.csv', 'path/in/s3/bucket/review_information_로민.csv', 'path/in/s3/bucket/review_information_롯데헬스케어.csv', 'path/in/s3/bucket/review_information_마크클라우드.csv', 'path/in/s3/bucket/review_information_메이븐클라우드서비스.csv', 'path/in/s3/bucket/review_information_블랙탠저린.csv', 'path/in/s3/bucket/review_information_비포플레이.csv', 'path/in/s3/bucket/review_information_스윗코리아.csv', 'path/in/s3/bucket/review_information_엠아이티.csv', 'path/in/s3/bucket/review_information_오케스트로.csv', 'path/in/s3/bucket/review_information_와디즈.csv', 'path/in/s3/bucket/review_information_월급쟁이부자들.csv', 'path/in/s3/bucket/review_information_제니스앤컴퍼니.csv', 'path/in/s3/bucket/review_information_크리에이트립.csv', 'path/in/s3/bucket/review_information_키다리스튜디오.csv', 'path/in/s3/bucket/review_information_티니어.csv', 'path/in/s3/bucket/review_information_파인더스.csv', 'path/in/s3/bucket/review_information_파킹클라우드.csv', 'path/in/s3/bucket/summary.csv', 'path/in/s3/bucket/review_information_론픽.csv']
[2024-01-15T00:37:40.881+0000] {jobinfo_jobplanet.py:115} INFO - 비포플레이 있음
[2024-01-15T00:37:40.881+0000] {jobinfo_jobplanet.py:115} INFO - 롯데헬스케어 있음
[2024-01-15T00:37:40.881+0000] {jobinfo_jobplanet.py:115} INFO - 롯데헬스케어 있음
[2024-01-15T00:37:40.886+0000] {jobinfo_jobplanet.py:122} INFO - 올라운드닥터스 파일이 없음
[2024-01-15T00:37:41.318+0000] {jobinfo_jobplanet.py:126} INFO - 올라운드닥터스 검색을 위해 검색창에 입력했습니다.
[2024-01-15T00:37:45.094+0000] {jobinfo_jobplanet.py:129} INFO - 올라운드닥터스 검색하기
[2024-01-15T00:37:47.138+0000] {jobinfo_jobplanet.py:142} INFO - 올라운드닥터스의 정보는 없어서 파일 생성을 못한다.
[2024-01-15T00:37:47.138+0000] {jobinfo_jobplanet.py:146} INFO - ['path/in/s3/bucket/jobinfo_jumpit.csv', 'path/in/s3/bucket/jobinfo_jumpit_v2.csv', 'path/in/s3/bucket/review_information_데브툴즈.csv', 'path/in/s3/bucket/review_information_로민.csv', 'path/in/s3/bucket/review_information_롯데헬스케어.csv', 'path/in/s3/bucket/review_information_마크클라우드.csv', 'path/in/s3/bucket/review_information_메이븐클라우드서비스.csv', 'path/in/s3/bucket/review_information_블랙탠저린.csv', 'path/in/s3/bucket/review_information_비포플레이.csv', 'path/in/s3/bucket/review_information_스윗코리아.csv', 'path/in/s3/bucket/review_information_엠아이티.csv', 'path/in/s3/bucket/review_information_오케스트로.csv', 'path/in/s3/bucket/review_information_와디즈.csv', 'path/in/s3/bucket/review_information_월급쟁이부자들.csv', 'path/in/s3/bucket/review_information_제니스앤컴퍼니.csv', 'path/in/s3/bucket/review_information_크리에이트립.csv', 'path/in/s3/bucket/review_information_키다리스튜디오.csv', 'path/in/s3/bucket/review_information_티니어.csv', 'path/in/s3/bucket/review_information_파인더스.csv', 'path/in/s3/bucket/review_information_파킹클라우드.csv', 'path/in/s3/bucket/summary.csv', 'path/in/s3/bucket/review_information_론픽.csv']
[2024-01-15T00:37:47.138+0000] {jobinfo_jobplanet.py:115} INFO - 와디즈 있음
[2024-01-15T00:37:47.138+0000] {jobinfo_jobplanet.py:115} INFO - 크리에이트립 있음
[2024-01-15T00:37:47.138+0000] {jobinfo_jobplanet.py:115} INFO - 데브툴즈 있음
[2024-01-15T00:37:47.138+0000] {jobinfo_jobplanet.py:115} INFO - 티니어 있음
[2024-01-15T00:37:47.138+0000] {jobinfo_jobplanet.py:115} INFO - 키다리스튜디오 있음
[2024-01-15T00:37:47.138+0000] {jobinfo_jobplanet.py:115} INFO - 마크클라우드 있음
[2024-01-15T00:37:47.316+0000] {jobinfo_jobplanet.py:525} INFO -   review_summary    merit  ...    hire_way result_date
0        no data  no data  ...  그룹면접, 개인면접     no data
1        no data  no data  ...        개인면접       30일 후
2        no data  no data  ...        개인면접        5일 후
3        no data  no data  ...     no data     no data
4        no data  no data  ...     no data     no data

[5 rows x 8 columns]
[2024-01-15T00:38:01.555+0000] {jobinfo_jobplanet.py:515} INFO - 제니스앤컴퍼니 salary information not find
[2024-01-15T00:38:01.659+0000] {jobinfo_jobplanet.py:525} INFO -   review_summary    merit  ...    hire_way result_date
0        no data  no data  ...  그룹면접, 개인면접     no data
1        no data  no data  ...        개인면접       30일 후
2        no data  no data  ...        개인면접        5일 후
3        no data  no data  ...     no data     no data
4        no data  no data  ...     no data     no data

[5 rows x 8 columns]
[2024-01-15T00:38:16.077+0000] {jobinfo_jobplanet.py:515} INFO - 제니스앤컴퍼니 salary information not find
[2024-01-15T00:38:16.192+0000] {jobinfo_jobplanet.py:525} INFO -   review_summary    merit  ...    hire_way result_date
0        no data  no data  ...  그룹면접, 개인면접     no data
1        no data  no data  ...        개인면접       30일 후
2        no data  no data  ...        개인면접        5일 후
3        no data  no data  ...     no data     no data
4        no data  no data  ...     no data     no data

[5 rows x 8 columns]
[2024-01-15T00:38:32.837+0000] {jobinfo_jobplanet.py:515} INFO - 제니스앤컴퍼니 salary information not find
[2024-01-15T00:38:32.937+0000] {jobinfo_jobplanet.py:525} INFO -                             review_summary  ... result_date
0           대안이 없으면 다닐 수도 있겠지만 추천하지는 않는 회사  ...     no data
1       주체적인 개인의 의견과 편의를 최대한 들어주려고 노력하는 회사  ...       14일 후
2           SI 기업 그 잡채 10년 운용했으나 회사 체계가 없음  ...        7일 후
3                    보통 나름 인지도가 있는 회사지만 쏘쏘  ...        1일 후
4  팀별로 매우 분위기가 달랐던 것으로 기억함 팀장에 따라 좌우되는 분위기  ...        7일 후

[5 rows x 8 columns]
[2024-01-15T00:38:47.554+0000] {jobinfo_jobplanet.py:515} INFO - 메이븐클라우드서비스 salary information not find
[2024-01-15T00:38:47.655+0000] {jobinfo_jobplanet.py:525} INFO -                          review_summary  ... result_date
0  직원에 대한 복지가 하나도 없다 그리고 각자 알아서 생활하면 된다  ...        3일 후
1              쿠팡 사이트는 절대로 가지 마십시오 헬입니다  ...     no data
2                  상당히 자유로운분위기이며 워라벨 좋음  ...        2일 후
3                  파견직 대우의 한계는 못벗어나는 기업  ...        0일 후
4  급여가 적으나 워라벨은 좋음(파견 나가는 회사마다 다를 수 있음)  ...        5일 후

[5 rows x 8 columns]
[2024-01-15T00:39:02.835+0000] {jobinfo_jobplanet.py:515} INFO - 엠아이티 salary information not find
[2024-01-15T00:39:02.933+0000] {jobinfo_jobplanet.py:525} INFO -                          review_summary  ... result_date
0  직원에 대한 복지가 하나도 없다 그리고 각자 알아서 생활하면 된다  ...        3일 후
1              쿠팡 사이트는 절대로 가지 마십시오 헬입니다  ...     no data
2                  상당히 자유로운분위기이며 워라벨 좋음  ...        2일 후
3                  파견직 대우의 한계는 못벗어나는 기업  ...        0일 후
4  급여가 적으나 워라벨은 좋음(파견 나가는 회사마다 다를 수 있음)  ...        5일 후

[5 rows x 8 columns]
[2024-01-15T00:39:17.023+0000] {jobinfo_jobplanet.py:515} INFO - 엠아이티 salary information not find
[2024-01-15T00:39:17.134+0000] {jobinfo_jobplanet.py:525} INFO -                                     review_summary  ... result_date
0                       스타트업의강점은점점사라지고 임원진의 입김만 남아  ...        7일 후
1        다양한 기술스택을 접할 수 있고 새로운 프로젝트가 많이 생겨 경험쌓기 좋다  ...     no data
2               정치판에 업무 프로세스도 엉망 팀바팀 심함 몰상식한 동료 많음  ...     no data
3                  함께 일하는 사람들이 상식적이며, 분위기가 밝고 좋습니다  ...     no data
4  무난무난한 회사입니다 크게 모나지 않게 다닐 수 있습니다 너무 많이 바라지 않으면 됨  ...     no data

[5 rows x 8 columns]
[2024-01-15T00:39:32.369+0000] {jobinfo_jobplanet.py:515} INFO - 스윗코리아 salary information not find
[2024-01-15T00:39:32.468+0000] {jobinfo_jobplanet.py:525} INFO -                                     review_summary  ... result_date
0                       스타트업의강점은점점사라지고 임원진의 입김만 남아  ...        7일 후
1        다양한 기술스택을 접할 수 있고 새로운 프로젝트가 많이 생겨 경험쌓기 좋다  ...     no data
2               정치판에 업무 프로세스도 엉망 팀바팀 심함 몰상식한 동료 많음  ...     no data
3                  함께 일하는 사람들이 상식적이며, 분위기가 밝고 좋습니다  ...     no data
4  무난무난한 회사입니다 크게 모나지 않게 다닐 수 있습니다 너무 많이 바라지 않으면 됨  ...     no data

[5 rows x 8 columns]
[2024-01-15T00:39:47.488+0000] {jobinfo_jobplanet.py:515} INFO - 스윗코리아 salary information not find
[2024-01-15T00:39:47.583+0000] {jobinfo_jobplanet.py:525} INFO -                             review_summary  ... result_date
0  젊고 자유로운 분위기, 시키지 않아도 척척 해내는 알잘딱깔센 인재 필요  ...     no data
1                       엄청 최악은 아니지만 좋지도 않은  ...     no data
2                     우당탕탕 성장하는 기업 사람들은 좋다  ...     no data
3                     그저 일 안해도 월급이 나오는 회사요  ...     no data
4                사내 복지좀 줄이지 말고 직원들좀 신경써주세요  ...     no data

[5 rows x 8 columns]
[2024-01-15T00:40:01.741+0000] {jobinfo_jobplanet.py:515} INFO - 파킹클라우드 salary information not find
[2024-01-15T00:40:01.869+0000] {jobinfo_jobplanet.py:525} INFO -                                       review_summary  ... result_date
0              상식선 이상으로 일을 많이 할 자세가 되어있다면 너무너무 좋은 회사  ...        7일 후
1                      워라밸이 개선되고 있다 월부에서는 부자가 될 수 있다  ...       28일 후
2                       성장에 진심, 넘사인 분들이 넘치는 팬덤 강한 회사  ...        3일 후
3  성장하는 이유를 입사하자마자 느낄 수 있다 여기 오려고 커리어를 쌓았다고 생각이 들...  ...     no data
4    내가 원하는 모든 것들을 이룰 수 있는 기업, 내부 직원들의 만족도가 매우 높은 기업  ...     no data

[5 rows x 8 columns]
[2024-01-15T00:40:17.283+0000] {jobinfo_jobplanet.py:515} INFO - 월급쟁이부자들 salary information not find
[2024-01-15T00:40:17.401+0000] {jobinfo_jobplanet.py:525} INFO -                                       review_summary  ... result_date
0              상식선 이상으로 일을 많이 할 자세가 되어있다면 너무너무 좋은 회사  ...        7일 후
1                      워라밸이 개선되고 있다 월부에서는 부자가 될 수 있다  ...       28일 후
2                       성장에 진심, 넘사인 분들이 넘치는 팬덤 강한 회사  ...        3일 후
3  성장하는 이유를 입사하자마자 느낄 수 있다 여기 오려고 커리어를 쌓았다고 생각이 들...  ...     no data
4    내가 원하는 모든 것들을 이룰 수 있는 기업, 내부 직원들의 만족도가 매우 높은 기업  ...     no data

[5 rows x 8 columns]
[2024-01-15T03:11:26.632+0000] {jobinfo_jobplanet.py:515} INFO - 월급쟁이부자들 salary information not find
[2024-01-15T03:11:29.821+0000] {jobinfo_jobplanet.py:525} INFO -                                       review_summary  ... result_date
0  직원들을 존중해주려고 노력하시는 회사입니다 22년 초까지의 기준이지만 지금도 비슷하...  ...     no data
1                업무강도는 강하지만 사람좋고 복지좋은 회사 지하철역에서도 가까움  ...        2일 후
2                              성장통을 겪고 있는 전형적인 스타트업?  ...        1일 후
3                             전반적으로 업무 환경이 나쁘지 않았습니다  ...     no data
4  ML팀 기준, 몸과 마음이 많이 힘든 회사 정말 많은 야근 팀 인원 수가 6명에서 ...  ...     no data

[5 rows x 8 columns]
[2024-01-15T03:11:33.197+0000] {local_task_job.py:273} WARNING - State of this instance has been externally set to failed. Terminating instance.
[2024-01-15T03:11:33.199+0000] {process_utils.py:133} INFO - Sending Signals.SIGTERM to group 15355. PIDs of all processes in the group: [15355]
[2024-01-15T03:11:33.200+0000] {process_utils.py:84} INFO - Sending the signal Signals.SIGTERM to group 15355
[2024-01-15T03:11:33.200+0000] {taskinstance.py:1479} ERROR - Received SIGTERM. Terminating subprocesses.
[2024-01-15T03:11:44.786+0000] {jobinfo_jobplanet.py:515} INFO - 로민 salary information not find
[2024-01-15T03:11:44.893+0000] {jobinfo_jobplanet.py:525} INFO -                                   review_summary  ... result_date
0                    업무 능력을 확장시키기에 성장하기 좋은 환경입니다  ...        3일 후
1                   스타트업이 뭔지, 빠른 성장이 뭔지 알 수 있는 곳  ...     no data
2  여러가지 업무를 경험할 수 있습니다 그게 장점일지 단점일지는 본인의 판단에 따라…  ...     no data
3             빠르게 성장하는 스타트업, 패션 이커머스 앱을 혁신할 수 있음  ...     no data

[4 rows x 8 columns]
[2024-01-15T03:12:00.626+0000] {jobinfo_jobplanet.py:515} INFO - 블랙탠저린 salary information not find
[2024-01-15T03:12:00.722+0000] {jobinfo_jobplanet.py:525} INFO -   review_summary    merit  ...      hire_way result_date
0        no data  no data  ...          개인면접       20일 후
1        no data  no data  ...    토론면접, 개인면접        5일 후
2        no data  no data  ...  케이스 면접, 개인면접        3일 후
3        no data  no data  ...       no data     no data
4        no data  no data  ...       no data     no data

[5 rows x 8 columns]
[2024-01-15T03:12:16.949+0000] {jobinfo_jobplanet.py:515} INFO - 파인더스 salary information not find
[2024-01-15T03:12:17.033+0000] {jobinfo_jobplanet.py:648} INFO - 론픽 정보 없ㅇ,ㅡ
[2024-01-15T03:12:17.034+0000] {jobinfo_jobplanet.py:649} INFO - Failed to read CSV file from S3: An error occurred (NoSuchKey) when calling the GetObject operation: The specified key does not exist.
[2024-01-15T03:12:31.385+0000] {jobinfo_jobplanet.py:515} INFO - 론픽 salary information not find
[2024-01-15T03:12:31.507+0000] {jobinfo_jobplanet.py:525} INFO -                                       review_summary  ... result_date
0      SI업체에 가깝습니다 의심병 걸려서 마이크로 매니징 대표가 팀원들을 힘들게 합니다  ...     no data
1                     하루하루 내일이 걱정되는 회사입니다 1점도 아까운 기업  ...     no data
2                              여러가지 일을 할 수 있는 곳입니다!!  ...     no data
3               자유로운 환경에서 자기가 원하는 기술 스택으로 개발해 볼 수 있음  ...     no data
4  직원을 정말 소모품만도 못하게 다루는 기업 정말 갈곳이 없는게 아니라면 다시 생각해...  ...     no data

[5 rows x 8 columns]
[2024-01-15T03:12:33.200+0000] {process_utils.py:147} WARNING - process psutil.Process(pid=15355, name='airflow task ru', status='sleeping', started='00:37:04') did not respond to SIGTERM. Trying SIGKILL
[2024-01-15T03:12:33.202+0000] {process_utils.py:84} INFO - Sending the signal Signals.SIGKILL to group 15355
[2024-01-15T03:12:33.216+0000] {process_utils.py:79} INFO - Process psutil.Process(pid=15355, name='airflow task ru', status='terminated', exitcode=<Negsignal.SIGKILL: -9>, started='00:37:04') (15355) terminated with exit code Negsignal.SIGKILL
[2024-01-15T03:12:33.217+0000] {standard_task_runner.py:170} ERROR - Job 582 was killed before it finished (likely due to running out of memory)
