[2024-01-17T07:12:18.747+0000] {taskinstance.py:1083} INFO - Dependencies all met for <TaskInstance: jobinfo_jobplanet.jobplanet_login manual__2024-01-17T07:12:12.245028+00:00 [queued]>
[2024-01-17T07:12:18.761+0000] {taskinstance.py:1083} INFO - Dependencies all met for <TaskInstance: jobinfo_jobplanet.jobplanet_login manual__2024-01-17T07:12:12.245028+00:00 [queued]>
[2024-01-17T07:12:18.762+0000] {taskinstance.py:1279} INFO - 
--------------------------------------------------------------------------------
[2024-01-17T07:12:18.762+0000] {taskinstance.py:1280} INFO - Starting attempt 1 of 1
[2024-01-17T07:12:18.762+0000] {taskinstance.py:1281} INFO - 
--------------------------------------------------------------------------------
[2024-01-17T07:12:18.789+0000] {taskinstance.py:1300} INFO - Executing <Task(PythonOperator): jobplanet_login> on 2024-01-17 07:12:12.245028+00:00
[2024-01-17T07:12:18.798+0000] {standard_task_runner.py:55} INFO - Started process 32033 to run task
[2024-01-17T07:12:18.804+0000] {standard_task_runner.py:82} INFO - Running: ['***', 'tasks', 'run', 'jobinfo_jobplanet', 'jobplanet_login', 'manual__2024-01-17T07:12:12.245028+00:00', '--job-id', '4411', '--raw', '--subdir', 'DAGS_FOLDER/jobinfo_jobplanet.py', '--cfg-path', '/tmp/tmptfirto5i']
[2024-01-17T07:12:18.805+0000] {standard_task_runner.py:83} INFO - Job 4411: Subtask jobplanet_login
[2024-01-17T07:12:18.875+0000] {task_command.py:388} INFO - Running <TaskInstance: jobinfo_jobplanet.jobplanet_login manual__2024-01-17T07:12:12.245028+00:00 [running]> on host 565f6bcc10b6
[2024-01-17T07:12:19.016+0000] {taskinstance.py:1509} INFO - Exporting the following env vars:
AIRFLOW_CTX_DAG_OWNER=***
AIRFLOW_CTX_DAG_ID=jobinfo_jobplanet
AIRFLOW_CTX_TASK_ID=jobplanet_login
AIRFLOW_CTX_EXECUTION_DATE=2024-01-17T07:12:12.245028+00:00
AIRFLOW_CTX_TRY_NUMBER=1
AIRFLOW_CTX_DAG_RUN_ID=manual__2024-01-17T07:12:12.245028+00:00
[2024-01-17T07:12:24.862+0000] {jobinfo_jobplanet.py:104} INFO - ['메이븐클라우드서비스', '파킹클라우드', '클라우드호스피탈', '파킹클라우드', '레몬클라우드', '레몬클라우드', '엠투클라우드', '엠투클라우드', '파킹클라우드', '메이븐클라우드서비스', '엠투클라우드', '엠투클라우드', '마크클라우드', '마크클라우드', '클라우드호스피탈', '클라우드호스피탈', '월급쟁이부자들', '월급쟁이부자들', '로민', '블랙탠저린', '파인더스', '론픽', '비포플레이', '롯데헬스케어', '롯데헬스케어', '올라운드닥터스', '다큐브', '크리에이트립', '데브툴즈', '티니어', '키다리스튜디오']
[2024-01-17T07:12:24.863+0000] {jobinfo_jobplanet.py:105} INFO - ['path/in/s3/bucket/jobinfo_jumpit.csv', 'path/in/s3/bucket/review_information_다큐브.csv', 'path/in/s3/bucket/review_information_데브툴즈.csv', 'path/in/s3/bucket/review_information_레몬클라우드.csv', 'path/in/s3/bucket/review_information_로민.csv', 'path/in/s3/bucket/review_information_롯데헬스케어.csv', 'path/in/s3/bucket/review_information_마크클라우드.csv', 'path/in/s3/bucket/review_information_메이븐클라우드서비스.csv', 'path/in/s3/bucket/review_information_블랙탠저린.csv', 'path/in/s3/bucket/review_information_비포플레이.csv', 'path/in/s3/bucket/review_information_스윗코리아.csv', 'path/in/s3/bucket/review_information_엠아이티.csv', 'path/in/s3/bucket/review_information_엠투클라우드.csv', 'path/in/s3/bucket/review_information_오케스트로.csv', 'path/in/s3/bucket/review_information_월급쟁이부자들.csv', 'path/in/s3/bucket/review_information_제니스앤컴퍼니.csv', 'path/in/s3/bucket/review_information_크리에이트립.csv', 'path/in/s3/bucket/review_information_클라우드호스피탈.csv', 'path/in/s3/bucket/review_information_키다리스튜디오.csv', 'path/in/s3/bucket/review_information_티니어.csv', 'path/in/s3/bucket/review_information_파인더스.csv', 'path/in/s3/bucket/review_information_파킹클라우드.csv', 'path/in/s3/bucket/summary.csv']
[2024-01-17T07:12:24.863+0000] {jobinfo_jobplanet.py:106} INFO - 시작
[2024-01-17T07:12:24.863+0000] {jobinfo_jobplanet.py:111} INFO - 메이븐클라우드서비스 있음
[2024-01-17T07:12:24.863+0000] {jobinfo_jobplanet.py:111} INFO - 파킹클라우드 있음
[2024-01-17T07:12:24.864+0000] {jobinfo_jobplanet.py:111} INFO - 클라우드호스피탈 있음
[2024-01-17T07:12:24.864+0000] {jobinfo_jobplanet.py:111} INFO - 파킹클라우드 있음
[2024-01-17T07:12:24.864+0000] {jobinfo_jobplanet.py:111} INFO - 레몬클라우드 있음
[2024-01-17T07:12:24.864+0000] {jobinfo_jobplanet.py:111} INFO - 레몬클라우드 있음
[2024-01-17T07:12:24.865+0000] {jobinfo_jobplanet.py:111} INFO - 엠투클라우드 있음
[2024-01-17T07:12:24.865+0000] {jobinfo_jobplanet.py:111} INFO - 엠투클라우드 있음
[2024-01-17T07:12:24.865+0000] {jobinfo_jobplanet.py:111} INFO - 파킹클라우드 있음
[2024-01-17T07:12:24.865+0000] {jobinfo_jobplanet.py:111} INFO - 메이븐클라우드서비스 있음
[2024-01-17T07:12:24.866+0000] {jobinfo_jobplanet.py:111} INFO - 엠투클라우드 있음
[2024-01-17T07:12:24.866+0000] {jobinfo_jobplanet.py:111} INFO - 엠투클라우드 있음
[2024-01-17T07:12:24.866+0000] {jobinfo_jobplanet.py:111} INFO - 마크클라우드 있음
[2024-01-17T07:12:24.866+0000] {jobinfo_jobplanet.py:111} INFO - 마크클라우드 있음
[2024-01-17T07:12:24.867+0000] {jobinfo_jobplanet.py:111} INFO - 클라우드호스피탈 있음
[2024-01-17T07:12:24.867+0000] {jobinfo_jobplanet.py:111} INFO - 클라우드호스피탈 있음
[2024-01-17T07:12:24.867+0000] {jobinfo_jobplanet.py:111} INFO - 월급쟁이부자들 있음
[2024-01-17T07:12:24.868+0000] {jobinfo_jobplanet.py:111} INFO - 월급쟁이부자들 있음
[2024-01-17T07:12:24.868+0000] {jobinfo_jobplanet.py:111} INFO - 로민 있음
[2024-01-17T07:12:24.868+0000] {jobinfo_jobplanet.py:111} INFO - 블랙탠저린 있음
[2024-01-17T07:12:24.869+0000] {jobinfo_jobplanet.py:111} INFO - 파인더스 있음
[2024-01-17T07:12:24.907+0000] {jobinfo_jobplanet.py:118} INFO - 론픽 파일이 없음
[2024-01-17T07:12:27.333+0000] {jobinfo_jobplanet.py:139} INFO - 론픽의 정보는 없어서 파일 생성을 못한다.
[2024-01-17T07:12:27.334+0000] {jobinfo_jobplanet.py:143} INFO - ['path/in/s3/bucket/jobinfo_jumpit.csv', 'path/in/s3/bucket/review_information_다큐브.csv', 'path/in/s3/bucket/review_information_데브툴즈.csv', 'path/in/s3/bucket/review_information_레몬클라우드.csv', 'path/in/s3/bucket/review_information_로민.csv', 'path/in/s3/bucket/review_information_롯데헬스케어.csv', 'path/in/s3/bucket/review_information_마크클라우드.csv', 'path/in/s3/bucket/review_information_메이븐클라우드서비스.csv', 'path/in/s3/bucket/review_information_블랙탠저린.csv', 'path/in/s3/bucket/review_information_비포플레이.csv', 'path/in/s3/bucket/review_information_스윗코리아.csv', 'path/in/s3/bucket/review_information_엠아이티.csv', 'path/in/s3/bucket/review_information_엠투클라우드.csv', 'path/in/s3/bucket/review_information_오케스트로.csv', 'path/in/s3/bucket/review_information_월급쟁이부자들.csv', 'path/in/s3/bucket/review_information_제니스앤컴퍼니.csv', 'path/in/s3/bucket/review_information_크리에이트립.csv', 'path/in/s3/bucket/review_information_클라우드호스피탈.csv', 'path/in/s3/bucket/review_information_키다리스튜디오.csv', 'path/in/s3/bucket/review_information_티니어.csv', 'path/in/s3/bucket/review_information_파인더스.csv', 'path/in/s3/bucket/review_information_파킹클라우드.csv', 'path/in/s3/bucket/summary.csv']
[2024-01-17T07:12:27.334+0000] {jobinfo_jobplanet.py:111} INFO - 비포플레이 있음
[2024-01-17T07:12:27.334+0000] {jobinfo_jobplanet.py:111} INFO - 롯데헬스케어 있음
[2024-01-17T07:12:27.334+0000] {jobinfo_jobplanet.py:111} INFO - 롯데헬스케어 있음
[2024-01-17T07:12:27.393+0000] {jobinfo_jobplanet.py:118} INFO - 올라운드닥터스 파일이 없음
[2024-01-17T07:12:28.310+0000] {jobinfo_jobplanet.py:123} INFO - 올라운드닥터스 검색을 위해 검색창에 입력했습니다.
[2024-01-17T07:12:30.221+0000] {jobinfo_jobplanet.py:126} INFO - 올라운드닥터스 검색하기
[2024-01-17T07:12:32.354+0000] {jobinfo_jobplanet.py:139} INFO - 올라운드닥터스의 정보는 없어서 파일 생성을 못한다.
[2024-01-17T07:12:32.354+0000] {jobinfo_jobplanet.py:143} INFO - ['path/in/s3/bucket/jobinfo_jumpit.csv', 'path/in/s3/bucket/review_information_다큐브.csv', 'path/in/s3/bucket/review_information_데브툴즈.csv', 'path/in/s3/bucket/review_information_레몬클라우드.csv', 'path/in/s3/bucket/review_information_로민.csv', 'path/in/s3/bucket/review_information_롯데헬스케어.csv', 'path/in/s3/bucket/review_information_마크클라우드.csv', 'path/in/s3/bucket/review_information_메이븐클라우드서비스.csv', 'path/in/s3/bucket/review_information_블랙탠저린.csv', 'path/in/s3/bucket/review_information_비포플레이.csv', 'path/in/s3/bucket/review_information_스윗코리아.csv', 'path/in/s3/bucket/review_information_엠아이티.csv', 'path/in/s3/bucket/review_information_엠투클라우드.csv', 'path/in/s3/bucket/review_information_오케스트로.csv', 'path/in/s3/bucket/review_information_월급쟁이부자들.csv', 'path/in/s3/bucket/review_information_제니스앤컴퍼니.csv', 'path/in/s3/bucket/review_information_크리에이트립.csv', 'path/in/s3/bucket/review_information_클라우드호스피탈.csv', 'path/in/s3/bucket/review_information_키다리스튜디오.csv', 'path/in/s3/bucket/review_information_티니어.csv', 'path/in/s3/bucket/review_information_파인더스.csv', 'path/in/s3/bucket/review_information_파킹클라우드.csv', 'path/in/s3/bucket/summary.csv']
[2024-01-17T07:12:32.354+0000] {jobinfo_jobplanet.py:111} INFO - 다큐브 있음
[2024-01-17T07:12:32.355+0000] {jobinfo_jobplanet.py:111} INFO - 크리에이트립 있음
[2024-01-17T07:12:32.355+0000] {jobinfo_jobplanet.py:111} INFO - 데브툴즈 있음
[2024-01-17T07:12:32.355+0000] {jobinfo_jobplanet.py:111} INFO - 티니어 있음
[2024-01-17T07:12:32.355+0000] {jobinfo_jobplanet.py:111} INFO - 키다리스튜디오 있음
[2024-01-17T07:12:32.723+0000] {jobinfo_jobplanet.py:548} INFO -                             review_summary  ... result_date
0           대안이 없으면 다닐 수도 있겠지만 추천하지는 않는 회사  ...     no data
1       주체적인 개인의 의견과 편의를 최대한 들어주려고 노력하는 회사  ...     no data
2           SI 기업 그 잡채 10년 운용했으나 회사 체계가 없음  ...     no data
3                    보통 나름 인지도가 있는 회사지만 쏘쏘  ...     no data
4  팀별로 매우 분위기가 달랐던 것으로 기억함 팀장에 따라 좌우되는 분위기  ...     no data

[5 rows x 8 columns]
[2024-01-17T07:12:46.478+0000] {jobinfo_jobplanet.py:724} INFO - File path/in/s3/bucket/summary2.csv uploaded to S3 successfully.
[2024-01-17T07:12:46.676+0000] {jobinfo_jobplanet.py:548} INFO -                             review_summary  ... result_date
0  젊고 자유로운 분위기, 시키지 않아도 척척 해내는 알잘딱깔센 인재 필요  ...       14일 후
1                       엄청 최악은 아니지만 좋지도 않은  ...     no data
2                     우당탕탕 성장하는 기업 사람들은 좋다  ...     no data
3                     그저 일 안해도 월급이 나오는 회사요  ...     no data
4                사내 복지좀 줄이지 말고 직원들좀 신경써주세요  ...     no data

[5 rows x 8 columns]
[2024-01-17T07:13:01.824+0000] {jobinfo_jobplanet.py:195} INFO - summary file upload s3
[2024-01-17T07:13:01.825+0000] {jobinfo_jobplanet.py:196} INFO -       company review_summary  ... answer_summary average_salary
0  메이븐클라우드서비스     메이븐클라우드서비스  ...             대한       3,789 만원

[1 rows x 8 columns]
[2024-01-17T07:13:02.072+0000] {jobinfo_jobplanet.py:548} INFO -                         review_summary  ... result_date
0  근무환경 쾌적하고 공용 냉장고도 깨끗하다 정수기도 자주 관리해준  ...        0일 후

[1 rows x 8 columns]
[2024-01-17T07:13:17.810+0000] {jobinfo_jobplanet.py:539} INFO - 클라우드호스피탈 salary information not find
[2024-01-17T07:13:17.811+0000] {jobinfo_jobplanet.py:195} INFO - summary file upload s3
[2024-01-17T07:13:17.811+0000] {jobinfo_jobplanet.py:196} INFO -       company review_summary  ... answer_summary average_salary
0  메이븐클라우드서비스     메이븐클라우드서비스  ...             대한       3,789 만원

[1 rows x 8 columns]
[2024-01-17T07:13:18.049+0000] {jobinfo_jobplanet.py:548} INFO -                             review_summary  ... result_date
0  젊고 자유로운 분위기, 시키지 않아도 척척 해내는 알잘딱깔센 인재 필요  ...       14일 후
1                       엄청 최악은 아니지만 좋지도 않은  ...     no data
2                     우당탕탕 성장하는 기업 사람들은 좋다  ...     no data
3                     그저 일 안해도 월급이 나오는 회사요  ...     no data
4                사내 복지좀 줄이지 말고 직원들좀 신경써주세요  ...     no data

[5 rows x 8 columns]
[2024-01-17T07:13:35.101+0000] {jobinfo_jobplanet.py:195} INFO - summary file upload s3
[2024-01-17T07:13:35.101+0000] {jobinfo_jobplanet.py:196} INFO -       company review_summary  ... answer_summary average_salary
0  메이븐클라우드서비스     메이븐클라우드서비스  ...             대한       3,789 만원

[1 rows x 8 columns]
[2024-01-17T07:13:35.408+0000] {jobinfo_jobplanet.py:548} INFO -   review_summary    merit  ... hire_way result_date
0        no data  no data  ...     개인면접     no data

[1 rows x 8 columns]
[2024-01-17T07:13:51.798+0000] {jobinfo_jobplanet.py:539} INFO - 레몬클라우드 salary information not find
[2024-01-17T07:13:51.798+0000] {jobinfo_jobplanet.py:195} INFO - summary file upload s3
[2024-01-17T07:13:51.799+0000] {jobinfo_jobplanet.py:196} INFO -       company review_summary  ... answer_summary average_salary
0  메이븐클라우드서비스     메이븐클라우드서비스  ...             대한       3,789 만원

[1 rows x 8 columns]
[2024-01-17T07:13:51.989+0000] {jobinfo_jobplanet.py:548} INFO -   review_summary    merit  ... hire_way result_date
0        no data  no data  ...     개인면접     no data

[1 rows x 8 columns]
[2024-01-17T07:14:07.225+0000] {jobinfo_jobplanet.py:539} INFO - 레몬클라우드 salary information not find
[2024-01-17T07:14:07.226+0000] {jobinfo_jobplanet.py:195} INFO - summary file upload s3
[2024-01-17T07:14:07.226+0000] {jobinfo_jobplanet.py:196} INFO -       company review_summary  ... answer_summary average_salary
0  메이븐클라우드서비스     메이븐클라우드서비스  ...             대한       3,789 만원

[1 rows x 8 columns]
[2024-01-17T07:14:07.393+0000] {jobinfo_jobplanet.py:548} INFO -                                       review_summary  ... result_date
0  부서마다 극한으로 차이가 보이는회사 꼰대회사 믿을인간없는회사 부서별로 갑과 을이 존...  ...       30일 후
1     능률, 역량에 맞지 않은 업무지시와 잡업무가 많으며 사소한 일 처리까지 모두 보고함  ...        7일 후
2              수평적인 기업문화를 말하지만 수직적인 기업문화와 조직을 강조하는회사  ...     no data
3      TMS 서비스를 기반으로 하는 IOT 회사로, 업무나 대인관계에 있어서 좋은 회사  ...     no data

[4 rows x 8 columns]
[2024-01-17T07:14:24.046+0000] {jobinfo_jobplanet.py:539} INFO - 엠투클라우드 salary information not find
[2024-01-17T07:14:24.046+0000] {jobinfo_jobplanet.py:195} INFO - summary file upload s3
[2024-01-17T07:14:24.046+0000] {jobinfo_jobplanet.py:196} INFO -       company review_summary  ... answer_summary average_salary
0  메이븐클라우드서비스     메이븐클라우드서비스  ...             대한       3,789 만원

[1 rows x 8 columns]
[2024-01-17T07:14:24.252+0000] {jobinfo_jobplanet.py:548} INFO -                                       review_summary  ... result_date
0  부서마다 극한으로 차이가 보이는회사 꼰대회사 믿을인간없는회사 부서별로 갑과 을이 존...  ...       30일 후
1     능률, 역량에 맞지 않은 업무지시와 잡업무가 많으며 사소한 일 처리까지 모두 보고함  ...        7일 후
2              수평적인 기업문화를 말하지만 수직적인 기업문화와 조직을 강조하는회사  ...     no data
3      TMS 서비스를 기반으로 하는 IOT 회사로, 업무나 대인관계에 있어서 좋은 회사  ...     no data

[4 rows x 8 columns]
[2024-01-17T07:14:40.801+0000] {jobinfo_jobplanet.py:539} INFO - 엠투클라우드 salary information not find
[2024-01-17T07:14:40.802+0000] {jobinfo_jobplanet.py:195} INFO - summary file upload s3
[2024-01-17T07:14:40.802+0000] {jobinfo_jobplanet.py:196} INFO -       company review_summary  ... answer_summary average_salary
0  메이븐클라우드서비스     메이븐클라우드서비스  ...             대한       3,789 만원

[1 rows x 8 columns]
[2024-01-17T07:14:40.980+0000] {jobinfo_jobplanet.py:548} INFO -                             review_summary  ... result_date
0  젊고 자유로운 분위기, 시키지 않아도 척척 해내는 알잘딱깔센 인재 필요  ...       14일 후
1                       엄청 최악은 아니지만 좋지도 않은  ...     no data
2                     우당탕탕 성장하는 기업 사람들은 좋다  ...     no data
3                     그저 일 안해도 월급이 나오는 회사요  ...     no data
4                사내 복지좀 줄이지 말고 직원들좀 신경써주세요  ...     no data

[5 rows x 8 columns]
[2024-01-17T07:14:57.317+0000] {jobinfo_jobplanet.py:195} INFO - summary file upload s3
[2024-01-17T07:14:57.318+0000] {jobinfo_jobplanet.py:196} INFO -       company review_summary  ... answer_summary average_salary
0  메이븐클라우드서비스     메이븐클라우드서비스  ...             대한       3,789 만원

[1 rows x 8 columns]
[2024-01-17T07:14:57.648+0000] {jobinfo_jobplanet.py:548} INFO -                                       review_summary  ... result_date
0  부서마다 극한으로 차이가 보이는회사 꼰대회사 믿을인간없는회사 부서별로 갑과 을이 존...  ...       30일 후
1     능률, 역량에 맞지 않은 업무지시와 잡업무가 많으며 사소한 일 처리까지 모두 보고함  ...        7일 후
2              수평적인 기업문화를 말하지만 수직적인 기업문화와 조직을 강조하는회사  ...     no data
3      TMS 서비스를 기반으로 하는 IOT 회사로, 업무나 대인관계에 있어서 좋은 회사  ...     no data

[4 rows x 8 columns]
[2024-01-17T07:15:13.034+0000] {jobinfo_jobplanet.py:539} INFO - 엠투클라우드 salary information not find
[2024-01-17T07:15:13.034+0000] {jobinfo_jobplanet.py:195} INFO - summary file upload s3
[2024-01-17T07:15:13.034+0000] {jobinfo_jobplanet.py:196} INFO -       company review_summary  ... answer_summary average_salary
0  메이븐클라우드서비스     메이븐클라우드서비스  ...             대한       3,789 만원

[1 rows x 8 columns]
[2024-01-17T07:15:13.262+0000] {jobinfo_jobplanet.py:548} INFO -                                       review_summary  ... result_date
0  부서마다 극한으로 차이가 보이는회사 꼰대회사 믿을인간없는회사 부서별로 갑과 을이 존...  ...       30일 후
1     능률, 역량에 맞지 않은 업무지시와 잡업무가 많으며 사소한 일 처리까지 모두 보고함  ...        7일 후
2              수평적인 기업문화를 말하지만 수직적인 기업문화와 조직을 강조하는회사  ...     no data
3      TMS 서비스를 기반으로 하는 IOT 회사로, 업무나 대인관계에 있어서 좋은 회사  ...     no data

[4 rows x 8 columns]
[2024-01-17T07:15:29.636+0000] {jobinfo_jobplanet.py:539} INFO - 엠투클라우드 salary information not find
[2024-01-17T07:15:29.636+0000] {jobinfo_jobplanet.py:195} INFO - summary file upload s3
[2024-01-17T07:15:29.636+0000] {jobinfo_jobplanet.py:196} INFO -       company review_summary  ... answer_summary average_salary
0  메이븐클라우드서비스     메이븐클라우드서비스  ...             대한       3,789 만원

[1 rows x 8 columns]
[2024-01-17T07:15:30.033+0000] {jobinfo_jobplanet.py:548} INFO -                                       review_summary  ... result_date
0                              많은 것을 경험해볼 수 있는 회사입니다  ...     no data
1                              많은 것을 경험해볼 수 있는 회사입니다  ...     no data
2  사람과 사람으로 만나면 좋은 사람들 / 직장에서 동료로 만나면 힘든 사람들 / 체계...  ...     no data
3                신입이 경력을 쌓기에는 좋다 근데 더 좋은 곳으로 갔으면 좋겠다  ...     no data
4                              체계는 없지만 처음 시작하기 좋은 회사  ...     no data

[5 rows x 8 columns]
[2024-01-17T07:15:45.874+0000] {jobinfo_jobplanet.py:195} INFO - summary file upload s3
[2024-01-17T07:15:45.875+0000] {jobinfo_jobplanet.py:196} INFO -       company review_summary  ... answer_summary average_salary
0  메이븐클라우드서비스     메이븐클라우드서비스  ...             대한       3,789 만원

[1 rows x 8 columns]
[2024-01-17T07:15:46.102+0000] {jobinfo_jobplanet.py:548} INFO -                                       review_summary  ... result_date
0                              많은 것을 경험해볼 수 있는 회사입니다  ...     no data
1                              많은 것을 경험해볼 수 있는 회사입니다  ...     no data
2  사람과 사람으로 만나면 좋은 사람들 / 직장에서 동료로 만나면 힘든 사람들 / 체계...  ...     no data
3                신입이 경력을 쌓기에는 좋다 근데 더 좋은 곳으로 갔으면 좋겠다  ...     no data
4                              체계는 없지만 처음 시작하기 좋은 회사  ...     no data

[5 rows x 8 columns]
[2024-01-17T07:16:04.046+0000] {jobinfo_jobplanet.py:195} INFO - summary file upload s3
[2024-01-17T07:16:04.047+0000] {jobinfo_jobplanet.py:196} INFO -       company review_summary  ... answer_summary average_salary
0  메이븐클라우드서비스     메이븐클라우드서비스  ...             대한       3,789 만원

[1 rows x 8 columns]
[2024-01-17T07:16:04.284+0000] {jobinfo_jobplanet.py:548} INFO -                         review_summary  ... result_date
0  근무환경 쾌적하고 공용 냉장고도 깨끗하다 정수기도 자주 관리해준  ...        0일 후

[1 rows x 8 columns]
[2024-01-17T07:16:22.325+0000] {jobinfo_jobplanet.py:539} INFO - 클라우드호스피탈 salary information not find
[2024-01-17T07:16:22.325+0000] {jobinfo_jobplanet.py:195} INFO - summary file upload s3
[2024-01-17T07:16:22.325+0000] {jobinfo_jobplanet.py:196} INFO -       company review_summary  ... answer_summary average_salary
0  메이븐클라우드서비스     메이븐클라우드서비스  ...             대한       3,789 만원

[1 rows x 8 columns]
[2024-01-17T07:16:22.552+0000] {jobinfo_jobplanet.py:548} INFO -                         review_summary  ... result_date
0  근무환경 쾌적하고 공용 냉장고도 깨끗하다 정수기도 자주 관리해준  ...        0일 후

[1 rows x 8 columns]
[2024-01-17T07:16:38.251+0000] {jobinfo_jobplanet.py:539} INFO - 클라우드호스피탈 salary information not find
[2024-01-17T07:16:38.251+0000] {jobinfo_jobplanet.py:195} INFO - summary file upload s3
[2024-01-17T07:16:38.252+0000] {jobinfo_jobplanet.py:196} INFO -       company review_summary  ... answer_summary average_salary
0  메이븐클라우드서비스     메이븐클라우드서비스  ...             대한       3,789 만원

[1 rows x 8 columns]
[2024-01-17T07:16:38.448+0000] {jobinfo_jobplanet.py:548} INFO -                                       review_summary  ... result_date
0              상식선 이상으로 일을 많이 할 자세가 되어있다면 너무너무 좋은 회사  ...     no data
1                      워라밸이 개선되고 있다 월부에서는 부자가 될 수 있다  ...     no data
2                       성장에 진심, 넘사인 분들이 넘치는 팬덤 강한 회사  ...     no data
3  성장하는 이유를 입사하자마자 느낄 수 있다 여기 오려고 커리어를 쌓았다고 생각이 들...  ...     no data
4    내가 원하는 모든 것들을 이룰 수 있는 기업, 내부 직원들의 만족도가 매우 높은 기업  ...     no data

[5 rows x 8 columns]
[2024-01-17T07:16:55.479+0000] {jobinfo_jobplanet.py:195} INFO - summary file upload s3
[2024-01-17T07:16:55.480+0000] {jobinfo_jobplanet.py:196} INFO -       company review_summary  ... answer_summary average_salary
0  메이븐클라우드서비스     메이븐클라우드서비스  ...             대한       3,789 만원

[1 rows x 8 columns]
[2024-01-17T07:16:55.698+0000] {jobinfo_jobplanet.py:548} INFO -                                       review_summary  ... result_date
0              상식선 이상으로 일을 많이 할 자세가 되어있다면 너무너무 좋은 회사  ...     no data
1                      워라밸이 개선되고 있다 월부에서는 부자가 될 수 있다  ...     no data
2                       성장에 진심, 넘사인 분들이 넘치는 팬덤 강한 회사  ...     no data
3  성장하는 이유를 입사하자마자 느낄 수 있다 여기 오려고 커리어를 쌓았다고 생각이 들...  ...     no data
4    내가 원하는 모든 것들을 이룰 수 있는 기업, 내부 직원들의 만족도가 매우 높은 기업  ...     no data

[5 rows x 8 columns]
[2024-01-17T07:17:11.431+0000] {jobinfo_jobplanet.py:195} INFO - summary file upload s3
[2024-01-17T07:17:11.432+0000] {jobinfo_jobplanet.py:196} INFO -       company review_summary  ... answer_summary average_salary
0  메이븐클라우드서비스     메이븐클라우드서비스  ...             대한       3,789 만원

[1 rows x 8 columns]
[2024-01-17T07:17:11.865+0000] {jobinfo_jobplanet.py:548} INFO -                                       review_summary  ... result_date
0                              자유롭지만 체계적이고 즐거운 회사입니다  ...     no data
1  직원들을 존중해주려고 노력하시는 회사입니다 22년 초까지의 기준이지만 지금도 비슷하...  ...     no data
2                업무강도는 강하지만 사람좋고 복지좋은 회사 지하철역에서도 가까움  ...     no data
3                            야근 많음, 동기부여가 전혀되지 않는 회사  ...     no data
4                              성장통을 겪고 있는 전형적인 스타트업?  ...     no data

[5 rows x 8 columns]
[2024-01-17T07:17:29.262+0000] {jobinfo_jobplanet.py:195} INFO - summary file upload s3
[2024-01-17T07:17:29.263+0000] {jobinfo_jobplanet.py:196} INFO -       company review_summary  ... answer_summary average_salary
0  메이븐클라우드서비스     메이븐클라우드서비스  ...             대한       3,789 만원

[1 rows x 8 columns]
[2024-01-17T07:17:29.501+0000] {jobinfo_jobplanet.py:548} INFO -                                   review_summary  ... result_date
0                    업무 능력을 확장시키기에 성장하기 좋은 환경입니다  ...        3일 후
1                   스타트업이 뭔지, 빠른 성장이 뭔지 알 수 있는 곳  ...     no data
2  여러가지 업무를 경험할 수 있습니다 그게 장점일지 단점일지는 본인의 판단에 따라…  ...     no data
3             빠르게 성장하는 스타트업, 패션 이커머스 앱을 혁신할 수 있음  ...     no data

[4 rows x 8 columns]
[2024-01-17T07:17:43.966+0000] {jobinfo_jobplanet.py:195} INFO - summary file upload s3
[2024-01-17T07:17:43.967+0000] {jobinfo_jobplanet.py:196} INFO -       company review_summary  ... answer_summary average_salary
0  메이븐클라우드서비스     메이븐클라우드서비스  ...             대한       3,789 만원

[1 rows x 8 columns]
[2024-01-17T07:17:44.210+0000] {jobinfo_jobplanet.py:548} INFO -   review_summary    merit  ...      hire_way result_date
0        no data  no data  ...          개인면접       20일 후
1        no data  no data  ...    토론면접, 개인면접        5일 후
2        no data  no data  ...  케이스 면접, 개인면접     no data
3        no data  no data  ...       no data     no data
4        no data  no data  ...       no data     no data

[5 rows x 8 columns]
[2024-01-17T07:17:58.128+0000] {jobinfo_jobplanet.py:195} INFO - summary file upload s3
[2024-01-17T07:17:58.129+0000] {jobinfo_jobplanet.py:196} INFO -       company review_summary  ... answer_summary average_salary
0  메이븐클라우드서비스     메이븐클라우드서비스  ...             대한       3,789 만원

[1 rows x 8 columns]
[2024-01-17T07:17:58.386+0000] {jobinfo_jobplanet.py:675} INFO - 론픽 정보 없ㅇ,ㅡ
[2024-01-17T07:17:58.387+0000] {jobinfo_jobplanet.py:676} INFO - Failed to read CSV file from S3: An error occurred (NoSuchKey) when calling the GetObject operation: The specified key does not exist.
[2024-01-17T07:18:12.064+0000] {jobinfo_jobplanet.py:539} INFO - 론픽 salary information not find
[2024-01-17T07:18:12.065+0000] {jobinfo_jobplanet.py:195} INFO - summary file upload s3
[2024-01-17T07:18:12.065+0000] {jobinfo_jobplanet.py:196} INFO -       company review_summary  ... answer_summary average_salary
0  메이븐클라우드서비스     메이븐클라우드서비스  ...             대한       3,789 만원

[1 rows x 8 columns]
[2024-01-17T07:18:12.409+0000] {jobinfo_jobplanet.py:548} INFO -                                       review_summary  ... result_date
0      SI업체에 가깝습니다 의심병 걸려서 마이크로 매니징 대표가 팀원들을 힘들게 합니다  ...     no data
1                     하루하루 내일이 걱정되는 회사입니다 1점도 아까운 기업  ...     no data
2                              여러가지 일을 할 수 있는 곳입니다!!  ...     no data
3               자유로운 환경에서 자기가 원하는 기술 스택으로 개발해 볼 수 있음  ...     no data
4  직원을 정말 소모품만도 못하게 다루는 기업 정말 갈곳이 없는게 아니라면 다시 생각해...  ...     no data

[5 rows x 8 columns]
[2024-01-17T07:18:28.835+0000] {jobinfo_jobplanet.py:195} INFO - summary file upload s3
[2024-01-17T07:18:28.836+0000] {jobinfo_jobplanet.py:196} INFO -       company review_summary  ... answer_summary average_salary
0  메이븐클라우드서비스     메이븐클라우드서비스  ...             대한       3,789 만원

[1 rows x 8 columns]
[2024-01-17T07:18:29.040+0000] {jobinfo_jobplanet.py:548} INFO -                          review_summary  ... result_date
0  대기업과 스타트업 장단점이 혼재되어있다 장점도 2배, 단점도 2배  ...        3일 후
1                               no data  ...     no data
2                               no data  ...     no data
3                               no data  ...     no data
4                               no data  ...     no data

[5 rows x 8 columns]
[2024-01-17T07:18:44.497+0000] {jobinfo_jobplanet.py:539} INFO - 롯데헬스케어 salary information not find
[2024-01-17T07:18:44.498+0000] {jobinfo_jobplanet.py:195} INFO - summary file upload s3
[2024-01-17T07:18:44.498+0000] {jobinfo_jobplanet.py:196} INFO -       company review_summary  ... answer_summary average_salary
0  메이븐클라우드서비스     메이븐클라우드서비스  ...             대한       3,789 만원

[1 rows x 8 columns]
[2024-01-17T07:18:44.704+0000] {jobinfo_jobplanet.py:548} INFO -                          review_summary  ... result_date
0  대기업과 스타트업 장단점이 혼재되어있다 장점도 2배, 단점도 2배  ...        3일 후
1                               no data  ...     no data
2                               no data  ...     no data
3                               no data  ...     no data
4                               no data  ...     no data

[5 rows x 8 columns]
[2024-01-17T07:19:01.406+0000] {jobinfo_jobplanet.py:539} INFO - 롯데헬스케어 salary information not find
[2024-01-17T07:19:01.407+0000] {jobinfo_jobplanet.py:195} INFO - summary file upload s3
[2024-01-17T07:19:01.408+0000] {jobinfo_jobplanet.py:196} INFO -       company review_summary  ... answer_summary average_salary
0  메이븐클라우드서비스     메이븐클라우드서비스  ...             대한       3,789 만원

[1 rows x 8 columns]
[2024-01-17T07:19:01.628+0000] {jobinfo_jobplanet.py:675} INFO - 올라운드닥터스 정보 없ㅇ,ㅡ
[2024-01-17T07:19:01.629+0000] {jobinfo_jobplanet.py:676} INFO - Failed to read CSV file from S3: An error occurred (NoSuchKey) when calling the GetObject operation: The specified key does not exist.
[2024-01-17T07:19:14.899+0000] {jobinfo_jobplanet.py:195} INFO - summary file upload s3
[2024-01-17T07:19:14.899+0000] {jobinfo_jobplanet.py:196} INFO -       company review_summary  ... answer_summary average_salary
0  메이븐클라우드서비스     메이븐클라우드서비스  ...             대한       3,789 만원

[1 rows x 8 columns]
[2024-01-17T07:19:15.106+0000] {jobinfo_jobplanet.py:548} INFO -                                       review_summary  ... result_date
0                           워라벨은 좋은회사 그냥저냥 다니기 좋은 회사  ...     no data
1  새로운 IT 비즈니스에 도전하고 있는데 일단 영업력이 좋아서 대기업, 글로벌기업 등...  ...     no data
2                   출퇴근시간에 교통 편리하지만 시간이 많이 걸리는 단점있네요  ...       16일 후
3                   여의도에서 음성인식의 A-Z까지 배우고 싶다면 입사 추천함  ...     no data
4  개인 워라밸 이만한 곳 없다 본인 포지션의 담당 업무를 개인 역량으로 문제없이 수행...  ...     no data

[5 rows x 8 columns]
[2024-01-17T07:19:29.474+0000] {jobinfo_jobplanet.py:195} INFO - summary file upload s3
[2024-01-17T07:19:29.475+0000] {jobinfo_jobplanet.py:196} INFO -       company review_summary  ... answer_summary average_salary
0  메이븐클라우드서비스     메이븐클라우드서비스  ...             대한       3,789 만원

[1 rows x 8 columns]
[2024-01-17T07:19:29.736+0000] {jobinfo_jobplanet.py:548} INFO -                                       review_summary  ... result_date
0                            자유롭고 수평적이지만 이상하게 별로인 회사  ...        2일 후
1  의사결정이 합리적이고 상식적인 회사 답답한 부분이 거의 없다 직원들이 말하는 부분들...  ...     no data
2          자기 할 일만 제대로 한다면 최상의 자유가 보장되는 곳 성장하기 좋은 회사  ...     no data
3  경영진의 마이크로매니징이 극악입니니다HR에서도 이미 많이 피드백을 받아서 C레벨들의...  ...     no data
4                                            no data  ...     no data

[5 rows x 8 columns]
[2024-01-17T07:19:46.544+0000] {jobinfo_jobplanet.py:195} INFO - summary file upload s3
[2024-01-17T07:19:46.545+0000] {jobinfo_jobplanet.py:196} INFO -       company review_summary  ... answer_summary average_salary
0  메이븐클라우드서비스     메이븐클라우드서비스  ...             대한       3,789 만원

[1 rows x 8 columns]
[2024-01-17T07:19:46.808+0000] {jobinfo_jobplanet.py:548} INFO -                                       review_summary  ... result_date
0                     약간 공장같은 분위기에 여길 다녀도 될까 의아한 환경?  ...        2일 후
1  대표가 직원들을 전혀 존중해 주지 않는 회사, 그것으로 인해 직원들이 못 버티고 계...  ...        0일 후
2                               다양한 개발환경을 경험할 수 있는 곳  ...     no data
3                               대우받으며 보람차게 일할 수 있는 곳  ...     no data
4  개발자 중심의 회사이기에 개인별 업무에 독립성이 강한반면, 모두 관계가 좋고 서로를...  ...     no data

[5 rows x 8 columns]
