[2024-01-14T12:03:27.518+0000] {taskinstance.py:1083} INFO - Dependencies all met for <TaskInstance: jobinfo_jobplanet.jobplanet_login manual__2024-01-14T12:03:19.855609+00:00 [queued]>
[2024-01-14T12:03:27.526+0000] {taskinstance.py:1083} INFO - Dependencies all met for <TaskInstance: jobinfo_jobplanet.jobplanet_login manual__2024-01-14T12:03:19.855609+00:00 [queued]>
[2024-01-14T12:03:27.526+0000] {taskinstance.py:1279} INFO - 
--------------------------------------------------------------------------------
[2024-01-14T12:03:27.526+0000] {taskinstance.py:1280} INFO - Starting attempt 1 of 1
[2024-01-14T12:03:27.526+0000] {taskinstance.py:1281} INFO - 
--------------------------------------------------------------------------------
[2024-01-14T12:03:27.543+0000] {taskinstance.py:1300} INFO - Executing <Task(PythonOperator): jobplanet_login> on 2024-01-14 12:03:19.855609+00:00
[2024-01-14T12:03:27.551+0000] {standard_task_runner.py:55} INFO - Started process 23360 to run task
[2024-01-14T12:03:27.554+0000] {standard_task_runner.py:82} INFO - Running: ['***', 'tasks', 'run', 'jobinfo_jobplanet', 'jobplanet_login', 'manual__2024-01-14T12:03:19.855609+00:00', '--job-id', '482', '--raw', '--subdir', 'DAGS_FOLDER/jobinfo_jobplanet.py', '--cfg-path', '/tmp/tmprhtheg3f']
[2024-01-14T12:03:27.554+0000] {standard_task_runner.py:83} INFO - Job 482: Subtask jobplanet_login
[2024-01-14T12:03:27.612+0000] {task_command.py:388} INFO - Running <TaskInstance: jobinfo_jobplanet.jobplanet_login manual__2024-01-14T12:03:19.855609+00:00 [running]> on host 7b77d04f99d6
[2024-01-14T12:03:27.707+0000] {taskinstance.py:1509} INFO - Exporting the following env vars:
AIRFLOW_CTX_DAG_OWNER=***
AIRFLOW_CTX_DAG_ID=jobinfo_jobplanet
AIRFLOW_CTX_TASK_ID=jobplanet_login
AIRFLOW_CTX_EXECUTION_DATE=2024-01-14T12:03:19.855609+00:00
AIRFLOW_CTX_TRY_NUMBER=1
AIRFLOW_CTX_DAG_RUN_ID=manual__2024-01-14T12:03:19.855609+00:00
[2024-01-14T12:03:31.543+0000] {jobinfo_jobplanet.py:76} INFO - *********************************
[2024-01-14T12:03:31.576+0000] {jobinfo_jobplanet.py:82} INFO - 12212121313442342354534634534534534534523423443423
[2024-01-14T12:03:31.576+0000] {jobinfo_jobplanet.py:83} INFO - <selenium.webdriver.remote.webdriver.WebDriver (session="ee7a63430df5c560ac0b7e5be90c272d")>
[2024-01-14T12:03:32.012+0000] {jobinfo_jobplanet.py:86} INFO - 890u8987978078978978079078097807897809789789789789789797
[2024-01-14T12:03:33.346+0000] {jobinfo_jobplanet.py:89} INFO - ^^^^^^^^^^^^^^^^^^^^^^^^^^^^^^^^^^^^^^^^^^^^^^^^^^^^^^^^^^^^^^^^^^^^^^^^^^^^^^^^^^^^^^
[2024-01-14T12:03:35.409+0000] {jobinfo_jobplanet.py:100} INFO - 3333333333333333333333333
[2024-01-14T12:03:35.497+0000] {jobinfo_jobplanet.py:106} INFO - 4444444444444444444444444444
[2024-01-14T12:03:41.246+0000] {jobinfo_jobplanet.py:119} INFO - 오케스트로 파일이 없음
[2024-01-14T12:03:42.264+0000] {jobinfo_jobplanet.py:123} INFO - 오케스트로 검색을 위해 검색창에 입력했습니다.
[2024-01-14T12:03:49.097+0000] {jobinfo_jobplanet.py:126} INFO - 오케스트로 검색하기
[2024-01-14T12:03:52.375+0000] {jobinfo_jobplanet.py:131} INFO - 오케스트로 회사 정보를 알기 위해 상세정보 클릭합니다.
[2024-01-14T12:04:30.105+0000] {jobinfo_jobplanet.py:136} INFO - 오케스트로의 정보는 없어서 파일 생성을 못한다.
[2024-01-14T12:04:30.111+0000] {jobinfo_jobplanet.py:119} INFO - 오케스트로 파일이 없음
[2024-01-14T12:04:30.442+0000] {jobinfo_jobplanet.py:123} INFO - 오케스트로 검색을 위해 검색창에 입력했습니다.
[2024-01-14T12:04:33.523+0000] {jobinfo_jobplanet.py:126} INFO - 오케스트로 검색하기
[2024-01-14T12:04:35.434+0000] {jobinfo_jobplanet.py:131} INFO - 오케스트로 회사 정보를 알기 위해 상세정보 클릭합니다.
[2024-01-14T12:05:24.016+0000] {jobinfo_jobplanet.py:136} INFO - 오케스트로의 정보는 없어서 파일 생성을 못한다.
[2024-01-14T12:05:24.240+0000] {jobinfo_jobplanet.py:119} INFO - 제니스앤컴퍼니 파일이 없음
[2024-01-14T12:05:25.742+0000] {jobinfo_jobplanet.py:123} INFO - 제니스앤컴퍼니 검색을 위해 검색창에 입력했습니다.
[2024-01-14T12:05:27.274+0000] {jobinfo_jobplanet.py:136} INFO - 제니스앤컴퍼니의 정보는 없어서 파일 생성을 못한다.
[2024-01-14T12:05:27.362+0000] {jobinfo_jobplanet.py:119} INFO - 제니스앤컴퍼니 파일이 없음
[2024-01-14T12:05:28.770+0000] {jobinfo_jobplanet.py:123} INFO - 제니스앤컴퍼니 검색을 위해 검색창에 입력했습니다.
[2024-01-14T12:05:38.205+0000] {jobinfo_jobplanet.py:126} INFO - 제니스앤컴퍼니 검색하기
[2024-01-14T12:05:38.994+0000] {jobinfo_jobplanet.py:131} INFO - 제니스앤컴퍼니 회사 정보를 알기 위해 상세정보 클릭합니다.
[2024-01-14T12:06:06.331+0000] {base.py:73} INFO - Using connection ID 's3_conn' for task execution.
[2024-01-14T12:06:06.913+0000] {jobinfo_jobplanet.py:656} INFO - File path/in/s3/bucket/review_information_제니스앤컴퍼니.csv uploaded to S3 successfully.
[2024-01-14T12:06:06.921+0000] {jobinfo_jobplanet.py:119} INFO - 제니스앤컴퍼니 파일이 없음
[2024-01-14T12:06:07.378+0000] {jobinfo_jobplanet.py:123} INFO - 제니스앤컴퍼니 검색을 위해 검색창에 입력했습니다.
[2024-01-14T12:06:12.770+0000] {jobinfo_jobplanet.py:126} INFO - 제니스앤컴퍼니 검색하기
[2024-01-14T12:06:13.371+0000] {jobinfo_jobplanet.py:131} INFO - 제니스앤컴퍼니 회사 정보를 알기 위해 상세정보 클릭합니다.
[2024-01-14T12:06:38.849+0000] {base.py:73} INFO - Using connection ID 's3_conn' for task execution.
[2024-01-14T12:06:39.034+0000] {jobinfo_jobplanet.py:656} INFO - File path/in/s3/bucket/review_information_제니스앤컴퍼니.csv uploaded to S3 successfully.
[2024-01-14T12:06:39.059+0000] {jobinfo_jobplanet.py:119} INFO - 메이븐클라우드서비스 파일이 없음
[2024-01-14T12:06:39.639+0000] {jobinfo_jobplanet.py:123} INFO - 메이븐클라우드서비스 검색을 위해 검색창에 입력했습니다.
[2024-01-14T12:06:43.494+0000] {jobinfo_jobplanet.py:126} INFO - 메이븐클라우드서비스 검색하기
[2024-01-14T12:06:45.160+0000] {jobinfo_jobplanet.py:131} INFO - 메이븐클라우드서비스 회사 정보를 알기 위해 상세정보 클릭합니다.
[2024-01-14T12:07:23.727+0000] {jobinfo_jobplanet.py:136} INFO - 메이븐클라우드서비스의 정보는 없어서 파일 생성을 못한다.
[2024-01-14T12:07:23.745+0000] {jobinfo_jobplanet.py:119} INFO - 엠아이티 파일이 없음
[2024-01-14T12:07:24.277+0000] {jobinfo_jobplanet.py:123} INFO - 엠아이티 검색을 위해 검색창에 입력했습니다.
[2024-01-14T12:07:26.568+0000] {jobinfo_jobplanet.py:126} INFO - 엠아이티 검색하기
[2024-01-14T12:07:27.580+0000] {jobinfo_jobplanet.py:131} INFO - 엠아이티 회사 정보를 알기 위해 상세정보 클릭합니다.
[2024-01-14T12:08:05.900+0000] {base.py:73} INFO - Using connection ID 's3_conn' for task execution.
[2024-01-14T12:08:06.161+0000] {jobinfo_jobplanet.py:656} INFO - File path/in/s3/bucket/review_information_엠아이티.csv uploaded to S3 successfully.
[2024-01-14T12:08:06.186+0000] {jobinfo_jobplanet.py:119} INFO - 엠아이티 파일이 없음
[2024-01-14T12:08:07.225+0000] {jobinfo_jobplanet.py:123} INFO - 엠아이티 검색을 위해 검색창에 입력했습니다.
[2024-01-14T12:08:08.938+0000] {jobinfo_jobplanet.py:136} INFO - 엠아이티의 정보는 없어서 파일 생성을 못한다.
[2024-01-14T12:08:09.028+0000] {jobinfo_jobplanet.py:119} INFO - 스윗코리아 파일이 없음
[2024-01-14T12:08:09.635+0000] {jobinfo_jobplanet.py:123} INFO - 스윗코리아 검색을 위해 검색창에 입력했습니다.
[2024-01-14T12:08:15.245+0000] {jobinfo_jobplanet.py:126} INFO - 스윗코리아 검색하기
[2024-01-14T12:08:15.861+0000] {jobinfo_jobplanet.py:131} INFO - 스윗코리아 회사 정보를 알기 위해 상세정보 클릭합니다.
[2024-01-14T12:08:57.308+0000] {jobinfo_jobplanet.py:136} INFO - 스윗코리아의 정보는 없어서 파일 생성을 못한다.
[2024-01-14T12:08:57.319+0000] {jobinfo_jobplanet.py:119} INFO - 스윗코리아 파일이 없음
[2024-01-14T12:08:57.900+0000] {jobinfo_jobplanet.py:123} INFO - 스윗코리아 검색을 위해 검색창에 입력했습니다.
[2024-01-14T12:08:59.049+0000] {jobinfo_jobplanet.py:136} INFO - 스윗코리아의 정보는 없어서 파일 생성을 못한다.
[2024-01-14T12:08:59.174+0000] {jobinfo_jobplanet.py:119} INFO - 파킹클라우드 파일이 없음
[2024-01-14T12:09:00.270+0000] {jobinfo_jobplanet.py:123} INFO - 파킹클라우드 검색을 위해 검색창에 입력했습니다.
[2024-01-14T12:09:06.444+0000] {jobinfo_jobplanet.py:126} INFO - 파킹클라우드 검색하기
[2024-01-14T12:09:07.522+0000] {jobinfo_jobplanet.py:131} INFO - 파킹클라우드 회사 정보를 알기 위해 상세정보 클릭합니다.
[2024-01-14T12:09:47.521+0000] {jobinfo_jobplanet.py:136} INFO - 파킹클라우드의 정보는 없어서 파일 생성을 못한다.
[2024-01-14T12:09:47.548+0000] {jobinfo_jobplanet.py:119} INFO - 오케스트로 파일이 없음
[2024-01-14T12:09:52.257+0000] {jobinfo_jobplanet.py:136} INFO - 오케스트로의 정보는 없어서 파일 생성을 못한다.
[2024-01-14T12:09:52.690+0000] {jobinfo_jobplanet.py:119} INFO - 오케스트로 파일이 없음
[2024-01-14T12:09:54.271+0000] {jobinfo_jobplanet.py:123} INFO - 오케스트로 검색을 위해 검색창에 입력했습니다.
[2024-01-14T12:09:57.089+0000] {jobinfo_jobplanet.py:126} INFO - 오케스트로 검색하기
[2024-01-14T12:09:57.169+0000] {jobinfo_jobplanet.py:131} INFO - 오케스트로 회사 정보를 알기 위해 상세정보 클릭합니다.
[2024-01-14T12:10:42.421+0000] {jobinfo_jobplanet.py:136} INFO - 오케스트로의 정보는 없어서 파일 생성을 못한다.
[2024-01-14T12:10:42.436+0000] {jobinfo_jobplanet.py:119} INFO - 오케스트로 파일이 없음
[2024-01-14T12:10:42.764+0000] {jobinfo_jobplanet.py:123} INFO - 오케스트로 검색을 위해 검색창에 입력했습니다.
[2024-01-14T12:10:45.564+0000] {jobinfo_jobplanet.py:126} INFO - 오케스트로 검색하기
[2024-01-14T12:10:46.776+0000] {jobinfo_jobplanet.py:131} INFO - 오케스트로 회사 정보를 알기 위해 상세정보 클릭합니다.
[2024-01-14T12:11:28.957+0000] {jobinfo_jobplanet.py:136} INFO - 오케스트로의 정보는 없어서 파일 생성을 못한다.
[2024-01-14T12:11:28.968+0000] {jobinfo_jobplanet.py:119} INFO - 오케스트로 파일이 없음
[2024-01-14T12:11:29.367+0000] {jobinfo_jobplanet.py:123} INFO - 오케스트로 검색을 위해 검색창에 입력했습니다.
[2024-01-14T12:11:35.761+0000] {jobinfo_jobplanet.py:126} INFO - 오케스트로 검색하기
[2024-01-14T12:11:37.330+0000] {jobinfo_jobplanet.py:131} INFO - 오케스트로 회사 정보를 알기 위해 상세정보 클릭합니다.
[2024-01-14T12:12:12.910+0000] {jobinfo_jobplanet.py:136} INFO - 오케스트로의 정보는 없어서 파일 생성을 못한다.
[2024-01-14T12:12:12.915+0000] {jobinfo_jobplanet.py:119} INFO - 오케스트로 파일이 없음
[2024-01-14T12:12:13.297+0000] {jobinfo_jobplanet.py:123} INFO - 오케스트로 검색을 위해 검색창에 입력했습니다.
[2024-01-14T12:12:19.452+0000] {jobinfo_jobplanet.py:126} INFO - 오케스트로 검색하기
[2024-01-14T12:12:20.304+0000] {jobinfo_jobplanet.py:131} INFO - 오케스트로 회사 정보를 알기 위해 상세정보 클릭합니다.
[2024-01-14T12:12:55.381+0000] {jobinfo_jobplanet.py:136} INFO - 오케스트로의 정보는 없어서 파일 생성을 못한다.
[2024-01-14T12:12:55.441+0000] {jobinfo_jobplanet.py:119} INFO - 월급쟁이부자들 파일이 없음
[2024-01-14T12:12:57.035+0000] {jobinfo_jobplanet.py:123} INFO - 월급쟁이부자들 검색을 위해 검색창에 입력했습니다.
[2024-01-14T12:12:58.458+0000] {jobinfo_jobplanet.py:136} INFO - 월급쟁이부자들의 정보는 없어서 파일 생성을 못한다.
[2024-01-14T12:12:58.731+0000] {jobinfo_jobplanet.py:119} INFO - 월급쟁이부자들 파일이 없음
[2024-01-14T12:13:00.505+0000] {jobinfo_jobplanet.py:123} INFO - 월급쟁이부자들 검색을 위해 검색창에 입력했습니다.
[2024-01-14T12:13:06.126+0000] {jobinfo_jobplanet.py:126} INFO - 월급쟁이부자들 검색하기
[2024-01-14T12:13:07.242+0000] {jobinfo_jobplanet.py:131} INFO - 월급쟁이부자들 회사 정보를 알기 위해 상세정보 클릭합니다.
[2024-01-14T12:13:43.764+0000] {base.py:73} INFO - Using connection ID 's3_conn' for task execution.
[2024-01-14T12:13:44.135+0000] {jobinfo_jobplanet.py:656} INFO - File path/in/s3/bucket/review_information_월급쟁이부자들.csv uploaded to S3 successfully.
[2024-01-14T12:13:44.140+0000] {jobinfo_jobplanet.py:119} INFO - 로민 파일이 없음
[2024-01-14T12:13:44.502+0000] {jobinfo_jobplanet.py:123} INFO - 로민 검색을 위해 검색창에 입력했습니다.
[2024-01-14T12:13:50.191+0000] {jobinfo_jobplanet.py:126} INFO - 로민 검색하기
[2024-01-14T12:13:50.693+0000] {jobinfo_jobplanet.py:131} INFO - 로민 회사 정보를 알기 위해 상세정보 클릭합니다.
[2024-01-14T12:14:19.780+0000] {jobinfo_jobplanet.py:136} INFO - 로민의 정보는 없어서 파일 생성을 못한다.
[2024-01-14T12:14:19.842+0000] {jobinfo_jobplanet.py:119} INFO - 블랙탠저린 파일이 없음
[2024-01-14T12:14:20.544+0000] {jobinfo_jobplanet.py:123} INFO - 블랙탠저린 검색을 위해 검색창에 입력했습니다.
[2024-01-14T12:14:27.073+0000] {jobinfo_jobplanet.py:126} INFO - 블랙탠저린 검색하기
[2024-01-14T12:14:27.611+0000] {jobinfo_jobplanet.py:131} INFO - 블랙탠저린 회사 정보를 알기 위해 상세정보 클릭합니다.
[2024-01-14T12:14:49.179+0000] {base.py:73} INFO - Using connection ID 's3_conn' for task execution.
[2024-01-14T12:14:49.392+0000] {jobinfo_jobplanet.py:656} INFO - File path/in/s3/bucket/review_information_블랙탠저린.csv uploaded to S3 successfully.
[2024-01-14T12:14:49.400+0000] {jobinfo_jobplanet.py:119} INFO - 파인더스 파일이 없음
[2024-01-14T12:14:49.819+0000] {jobinfo_jobplanet.py:123} INFO - 파인더스 검색을 위해 검색창에 입력했습니다.
[2024-01-14T12:14:56.390+0000] {jobinfo_jobplanet.py:126} INFO - 파인더스 검색하기
[2024-01-14T12:14:57.134+0000] {jobinfo_jobplanet.py:131} INFO - 파인더스 회사 정보를 알기 위해 상세정보 클릭합니다.
[2024-01-14T12:15:19.554+0000] {base.py:73} INFO - Using connection ID 's3_conn' for task execution.
[2024-01-14T12:15:19.800+0000] {jobinfo_jobplanet.py:656} INFO - File path/in/s3/bucket/review_information_파인더스.csv uploaded to S3 successfully.
[2024-01-14T12:15:19.805+0000] {jobinfo_jobplanet.py:119} INFO - 론픽 파일이 없음
[2024-01-14T12:15:20.154+0000] {jobinfo_jobplanet.py:123} INFO - 론픽 검색을 위해 검색창에 입력했습니다.
[2024-01-14T12:15:24.425+0000] {jobinfo_jobplanet.py:126} INFO - 론픽 검색하기
[2024-01-14T12:15:25.787+0000] {jobinfo_jobplanet.py:131} INFO - 론픽 회사 정보를 알기 위해 상세정보 클릭합니다.
[2024-01-14T12:15:45.338+0000] {base.py:73} INFO - Using connection ID 's3_conn' for task execution.
[2024-01-14T12:15:45.355+0000] {jobinfo_jobplanet.py:658} INFO - Error uploading file to S3: 'int' object has no attribute 'to_csv'
[2024-01-14T12:15:45.377+0000] {jobinfo_jobplanet.py:119} INFO - 비포플레이 파일이 없음
[2024-01-14T12:15:45.815+0000] {jobinfo_jobplanet.py:123} INFO - 비포플레이 검색을 위해 검색창에 입력했습니다.
[2024-01-14T12:15:48.820+0000] {jobinfo_jobplanet.py:126} INFO - 비포플레이 검색하기
[2024-01-14T12:15:49.973+0000] {jobinfo_jobplanet.py:131} INFO - 비포플레이 회사 정보를 알기 위해 상세정보 클릭합니다.
[2024-01-14T12:16:16.874+0000] {jobinfo_jobplanet.py:136} INFO - 비포플레이의 정보는 없어서 파일 생성을 못한다.
[2024-01-14T12:16:16.883+0000] {jobinfo_jobplanet.py:119} INFO - 롯데헬스케어 파일이 없음
[2024-01-14T12:16:17.230+0000] {jobinfo_jobplanet.py:123} INFO - 롯데헬스케어 검색을 위해 검색창에 입력했습니다.
[2024-01-14T12:16:18.777+0000] {jobinfo_jobplanet.py:136} INFO - 롯데헬스케어의 정보는 없어서 파일 생성을 못한다.
[2024-01-14T12:16:19.077+0000] {jobinfo_jobplanet.py:119} INFO - 롯데헬스케어 파일이 없음
[2024-01-14T12:16:20.405+0000] {jobinfo_jobplanet.py:123} INFO - 롯데헬스케어 검색을 위해 검색창에 입력했습니다.
[2024-01-14T12:16:22.730+0000] {jobinfo_jobplanet.py:126} INFO - 롯데헬스케어 검색하기
[2024-01-14T12:16:23.704+0000] {jobinfo_jobplanet.py:131} INFO - 롯데헬스케어 회사 정보를 알기 위해 상세정보 클릭합니다.
[2024-01-14T12:16:47.558+0000] {base.py:73} INFO - Using connection ID 's3_conn' for task execution.
[2024-01-14T12:16:47.775+0000] {jobinfo_jobplanet.py:656} INFO - File path/in/s3/bucket/review_information_롯데헬스케어.csv uploaded to S3 successfully.
[2024-01-14T12:16:47.782+0000] {jobinfo_jobplanet.py:119} INFO - 올라운드닥터스 파일이 없음
[2024-01-14T12:16:48.158+0000] {jobinfo_jobplanet.py:123} INFO - 올라운드닥터스 검색을 위해 검색창에 입력했습니다.
[2024-01-14T12:16:50.005+0000] {jobinfo_jobplanet.py:126} INFO - 올라운드닥터스 검색하기
[2024-01-14T12:16:52.027+0000] {jobinfo_jobplanet.py:136} INFO - 올라운드닥터스의 정보는 없어서 파일 생성을 못한다.
[2024-01-14T12:16:52.032+0000] {jobinfo_jobplanet.py:119} INFO - 와디즈 파일이 없음
[2024-01-14T12:16:52.358+0000] {jobinfo_jobplanet.py:123} INFO - 와디즈 검색을 위해 검색창에 입력했습니다.
[2024-01-14T12:16:54.109+0000] {jobinfo_jobplanet.py:126} INFO - 와디즈 검색하기
[2024-01-14T12:16:56.127+0000] {jobinfo_jobplanet.py:136} INFO - 와디즈의 정보는 없어서 파일 생성을 못한다.
[2024-01-14T12:16:56.130+0000] {jobinfo_jobplanet.py:119} INFO - 크리에이트립 파일이 없음
[2024-01-14T12:16:56.597+0000] {jobinfo_jobplanet.py:123} INFO - 크리에이트립 검색을 위해 검색창에 입력했습니다.
[2024-01-14T12:17:02.009+0000] {jobinfo_jobplanet.py:126} INFO - 크리에이트립 검색하기
[2024-01-14T12:17:04.046+0000] {jobinfo_jobplanet.py:136} INFO - 크리에이트립의 정보는 없어서 파일 생성을 못한다.
[2024-01-14T12:17:04.052+0000] {jobinfo_jobplanet.py:119} INFO - 데브툴즈 파일이 없음
[2024-01-14T12:17:04.396+0000] {jobinfo_jobplanet.py:123} INFO - 데브툴즈 검색을 위해 검색창에 입력했습니다.
[2024-01-14T12:17:06.397+0000] {jobinfo_jobplanet.py:126} INFO - 데브툴즈 검색하기
[2024-01-14T12:17:08.440+0000] {jobinfo_jobplanet.py:136} INFO - 데브툴즈의 정보는 없어서 파일 생성을 못한다.
[2024-01-14T12:17:08.446+0000] {jobinfo_jobplanet.py:119} INFO - 티니어 파일이 없음
[2024-01-14T12:17:08.871+0000] {jobinfo_jobplanet.py:123} INFO - 티니어 검색을 위해 검색창에 입력했습니다.
[2024-01-14T12:17:14.688+0000] {jobinfo_jobplanet.py:126} INFO - 티니어 검색하기
[2024-01-14T12:17:16.798+0000] {jobinfo_jobplanet.py:136} INFO - 티니어의 정보는 없어서 파일 생성을 못한다.
[2024-01-14T12:17:16.802+0000] {jobinfo_jobplanet.py:119} INFO - 키다리스튜디오 파일이 없음
[2024-01-14T12:17:17.179+0000] {jobinfo_jobplanet.py:123} INFO - 키다리스튜디오 검색을 위해 검색창에 입력했습니다.
[2024-01-14T12:17:19.408+0000] {jobinfo_jobplanet.py:126} INFO - 키다리스튜디오 검색하기
[2024-01-14T12:17:21.449+0000] {jobinfo_jobplanet.py:136} INFO - 키다리스튜디오의 정보는 없어서 파일 생성을 못한다.
[2024-01-14T12:17:21.456+0000] {jobinfo_jobplanet.py:119} INFO - 마크클라우드 파일이 없음
[2024-01-14T12:17:21.802+0000] {jobinfo_jobplanet.py:123} INFO - 마크클라우드 검색을 위해 검색창에 입력했습니다.
[2024-01-14T12:17:24.866+0000] {jobinfo_jobplanet.py:126} INFO - 마크클라우드 검색하기
[2024-01-14T12:17:26.956+0000] {jobinfo_jobplanet.py:136} INFO - 마크클라우드의 정보는 없어서 파일 생성을 못한다.
[2024-01-14T12:17:27.364+0000] {taskinstance.py:1768} ERROR - Task failed with exception
Traceback (most recent call last):
  File "/home/airflow/.local/lib/python3.7/site-packages/airflow/operators/python.py", line 175, in execute
    return_value = self.execute_callable()
  File "/home/airflow/.local/lib/python3.7/site-packages/airflow/operators/python.py", line 192, in execute_callable
    return self.python_callable(*self.op_args, **self.op_kwargs)
  File "/opt/airflow/dags/jobinfo_jobplanet.py", line 138, in jobplanet_login
    return driver
  File "/home/airflow/.local/lib/python3.7/site-packages/selenium/webdriver/remote/webdriver.py", line 220, in __exit__
    self.quit()
  File "/home/airflow/.local/lib/python3.7/site-packages/selenium/webdriver/remote/webdriver.py", line 467, in quit
    self.execute(Command.QUIT)
  File "/home/airflow/.local/lib/python3.7/site-packages/selenium/webdriver/remote/webdriver.py", line 345, in execute
    self.error_handler.check_response(response)
  File "/home/airflow/.local/lib/python3.7/site-packages/selenium/webdriver/remote/errorhandler.py", line 229, in check_response
    raise exception_class(message, screen, stacktrace)
selenium.common.exceptions.InvalidSessionIdException: Message: Unable to find session with ID: ee7a63430df5c560ac0b7e5be90c272d
Build info: version: '4.16.1', revision: '9b4c83354e'
System info: os.name: 'Linux', os.arch: 'amd64', os.version: '5.15.133.1-microsoft-standard-WSL2', java.version: '11.0.21'
Driver info: driver.version: unknown
Stacktrace:
org.openqa.selenium.NoSuchSessionException: Unable to find session with ID: ee7a63430df5c560ac0b7e5be90c272d
Build info: version: '4.16.1', revision: '9b4c83354e'
System info: os.name: 'Linux', os.arch: 'amd64', os.version: '5.15.133.1-microsoft-standard-WSL2', java.version: '11.0.21'
Driver info: driver.version: unknown
	at org.openqa.selenium.grid.sessionmap.local.LocalSessionMap.get(LocalSessionMap.java:132)
	at org.openqa.selenium.grid.sessionmap.SessionMap.getUri(SessionMap.java:84)
	at org.openqa.selenium.grid.router.HandleSession.lambda$loadSessionId$4(HandleSession.java:223)
	at io.opentelemetry.context.Context.lambda$wrap$2(Context.java:224)
	at org.openqa.selenium.grid.router.HandleSession.execute(HandleSession.java:180)
	at org.openqa.selenium.remote.http.Route$PredicatedRoute.handle(Route.java:382)
	at org.openqa.selenium.remote.http.Route.execute(Route.java:69)
	at org.openqa.selenium.remote.http.Route$CombinedRoute.handle(Route.java:345)
	at org.openqa.selenium.remote.http.Route.execute(Route.java:69)
	at org.openqa.selenium.grid.router.Router.execute(Router.java:87)
	at org.openqa.selenium.grid.web.EnsureSpecCompliantResponseHeaders.lambda$apply$0(EnsureSpecCompliantResponseHeaders.java:34)
	at org.openqa.selenium.remote.http.Filter$1.execute(Filter.java:63)
	at org.openqa.selenium.remote.http.Route$CombinedRoute.handle(Route.java:345)
	at org.openqa.selenium.remote.http.Route.execute(Route.java:69)
	at org.openqa.selenium.remote.http.Route$NestedRoute.handle(Route.java:271)
	at org.openqa.selenium.remote.http.Route.execute(Route.java:69)
	at org.openqa.selenium.remote.http.Route$CombinedRoute.handle(Route.java:345)
	at org.openqa.selenium.remote.http.Route.execute(Route.java:69)
	at org.openqa.selenium.remote.http.Route$CombinedRoute.handle(Route.java:345)
	at org.openqa.selenium.remote.http.Route.execute(Route.java:69)
	at org.openqa.selenium.remote.http.Route$CombinedRoute.handle(Route.java:345)
	at org.openqa.selenium.remote.http.Route.execute(Route.java:69)
	at org.openqa.selenium.remote.http.Route$CombinedRoute.handle(Route.java:345)
	at org.openqa.selenium.remote.http.Route.execute(Route.java:69)
	at org.openqa.selenium.remote.AddWebDriverSpecHeaders.lambda$apply$0(AddWebDriverSpecHeaders.java:35)
	at org.openqa.selenium.remote.ErrorFilter.lambda$apply$0(ErrorFilter.java:44)
	at org.openqa.selenium.remote.http.Filter$1.execute(Filter.java:63)
	at org.openqa.selenium.remote.ErrorFilter.lambda$apply$0(ErrorFilter.java:44)
	at org.openqa.selenium.remote.http.Filter$1.execute(Filter.java:63)
	at org.openqa.selenium.netty.server.SeleniumHandler.lambda$channelRead0$0(SeleniumHandler.java:44)
	at java.base/java.util.concurrent.Executors$RunnableAdapter.call(Executors.java:515)
	at java.base/java.util.concurrent.FutureTask.run(FutureTask.java:264)
	at java.base/java.util.concurrent.ThreadPoolExecutor.runWorker(ThreadPoolExecutor.java:1128)
	at java.base/java.util.concurrent.ThreadPoolExecutor$Worker.run(ThreadPoolExecutor.java:628)
	at java.base/java.lang.Thread.run(Thread.java:829)

[2024-01-14T12:17:27.373+0000] {taskinstance.py:1323} INFO - Marking task as FAILED. dag_id=jobinfo_jobplanet, task_id=jobplanet_login, execution_date=20240114T120319, start_date=20240114T120327, end_date=20240114T121727
[2024-01-14T12:17:27.392+0000] {standard_task_runner.py:105} ERROR - Failed to execute job 482 for task jobplanet_login (Message: Unable to find session with ID: ee7a63430df5c560ac0b7e5be90c272d
Build info: version: '4.16.1', revision: '9b4c83354e'
System info: os.name: 'Linux', os.arch: 'amd64', os.version: '5.15.133.1-microsoft-standard-WSL2', java.version: '11.0.21'
Driver info: driver.version: unknown
Stacktrace:
org.openqa.selenium.NoSuchSessionException: Unable to find session with ID: ee7a63430df5c560ac0b7e5be90c272d
Build info: version: '4.16.1', revision: '9b4c83354e'
System info: os.name: 'Linux', os.arch: 'amd64', os.version: '5.15.133.1-microsoft-standard-WSL2', java.version: '11.0.21'
Driver info: driver.version: unknown
	at org.openqa.selenium.grid.sessionmap.local.LocalSessionMap.get(LocalSessionMap.java:132)
	at org.openqa.selenium.grid.sessionmap.SessionMap.getUri(SessionMap.java:84)
	at org.openqa.selenium.grid.router.HandleSession.lambda$loadSessionId$4(HandleSession.java:223)
	at io.opentelemetry.context.Context.lambda$wrap$2(Context.java:224)
	at org.openqa.selenium.grid.router.HandleSession.execute(HandleSession.java:180)
	at org.openqa.selenium.remote.http.Route$PredicatedRoute.handle(Route.java:382)
	at org.openqa.selenium.remote.http.Route.execute(Route.java:69)
	at org.openqa.selenium.remote.http.Route$CombinedRoute.handle(Route.java:345)
	at org.openqa.selenium.remote.http.Route.execute(Route.java:69)
	at org.openqa.selenium.grid.router.Router.execute(Router.java:87)
	at org.openqa.selenium.grid.web.EnsureSpecCompliantResponseHeaders.lambda$apply$0(EnsureSpecCompliantResponseHeaders.java:34)
	at org.openqa.selenium.remote.http.Filter$1.execute(Filter.java:63)
	at org.openqa.selenium.remote.http.Route$CombinedRoute.handle(Route.java:345)
	at org.openqa.selenium.remote.http.Route.execute(Route.java:69)
	at org.openqa.selenium.remote.http.Route$NestedRoute.handle(Route.java:271)
	at org.openqa.selenium.remote.http.Route.execute(Route.java:69)
	at org.openqa.selenium.remote.http.Route$CombinedRoute.handle(Route.java:345)
	at org.openqa.selenium.remote.http.Route.execute(Route.java:69)
	at org.openqa.selenium.remote.http.Route$CombinedRoute.handle(Route.java:345)
	at org.openqa.selenium.remote.http.Route.execute(Route.java:69)
	at org.openqa.selenium.remote.http.Route$CombinedRoute.handle(Route.java:345)
	at org.openqa.selenium.remote.http.Route.execute(Route.java:69)
	at org.openqa.selenium.remote.http.Route$CombinedRoute.handle(Route.java:345)
	at org.openqa.selenium.remote.http.Route.execute(Route.java:69)
	at org.openqa.selenium.remote.AddWebDriverSpecHeaders.lambda$apply$0(AddWebDriverSpecHeaders.java:35)
	at org.openqa.selenium.remote.ErrorFilter.lambda$apply$0(ErrorFilter.java:44)
	at org.openqa.selenium.remote.http.Filter$1.execute(Filter.java:63)
	at org.openqa.selenium.remote.ErrorFilter.lambda$apply$0(ErrorFilter.java:44)
	at org.openqa.selenium.remote.http.Filter$1.execute(Filter.java:63)
	at org.openqa.selenium.netty.server.SeleniumHandler.lambda$channelRead0$0(SeleniumHandler.java:44)
	at java.base/java.util.concurrent.Executors$RunnableAdapter.call(Executors.java:515)
	at java.base/java.util.concurrent.FutureTask.run(FutureTask.java:264)
	at java.base/java.util.concurrent.ThreadPoolExecutor.runWorker(ThreadPoolExecutor.java:1128)
	at java.base/java.util.concurrent.ThreadPoolExecutor$Worker.run(ThreadPoolExecutor.java:628)
	at java.base/java.lang.Thread.run(Thread.java:829)
; 23360)
[2024-01-14T12:17:27.445+0000] {local_task_job.py:208} INFO - Task exited with return code 1
[2024-01-14T12:17:27.498+0000] {taskinstance.py:2578} INFO - 0 downstream tasks scheduled from follow-on schedule check
