[2024-01-14T11:42:07.715+0000] {taskinstance.py:1083} INFO - Dependencies all met for <TaskInstance: jobinfo_jobplanet.load_jumpit_file manual__2024-01-14T11:42:04.035126+00:00 [queued]>
[2024-01-14T11:42:07.737+0000] {taskinstance.py:1083} INFO - Dependencies all met for <TaskInstance: jobinfo_jobplanet.load_jumpit_file manual__2024-01-14T11:42:04.035126+00:00 [queued]>
[2024-01-14T11:42:07.737+0000] {taskinstance.py:1279} INFO - 
--------------------------------------------------------------------------------
[2024-01-14T11:42:07.737+0000] {taskinstance.py:1280} INFO - Starting attempt 1 of 1
[2024-01-14T11:42:07.737+0000] {taskinstance.py:1281} INFO - 
--------------------------------------------------------------------------------
[2024-01-14T11:42:07.781+0000] {taskinstance.py:1300} INFO - Executing <Task(PythonOperator): load_jumpit_file> on 2024-01-14 11:42:04.035126+00:00
[2024-01-14T11:42:07.791+0000] {standard_task_runner.py:55} INFO - Started process 22313 to run task
[2024-01-14T11:42:07.809+0000] {standard_task_runner.py:82} INFO - Running: ['***', 'tasks', 'run', 'jobinfo_jobplanet', 'load_jumpit_file', 'manual__2024-01-14T11:42:04.035126+00:00', '--job-id', '466', '--raw', '--subdir', 'DAGS_FOLDER/jobinfo_jobplanet.py', '--cfg-path', '/tmp/tmp94gw8pxd']
[2024-01-14T11:42:07.810+0000] {standard_task_runner.py:83} INFO - Job 466: Subtask load_jumpit_file
[2024-01-14T11:42:08.095+0000] {task_command.py:388} INFO - Running <TaskInstance: jobinfo_jobplanet.load_jumpit_file manual__2024-01-14T11:42:04.035126+00:00 [running]> on host 7b77d04f99d6
[2024-01-14T11:42:08.184+0000] {taskinstance.py:1509} INFO - Exporting the following env vars:
AIRFLOW_CTX_DAG_OWNER=***
AIRFLOW_CTX_DAG_ID=jobinfo_jobplanet
AIRFLOW_CTX_TASK_ID=load_jumpit_file
AIRFLOW_CTX_EXECUTION_DATE=2024-01-14T11:42:04.035126+00:00
AIRFLOW_CTX_TRY_NUMBER=1
AIRFLOW_CTX_DAG_RUN_ID=manual__2024-01-14T11:42:04.035126+00:00
[2024-01-14T11:42:08.821+0000] {logging_mixin.py:137} INFO - 오류 발생: An error occurred (NoSuchKey) when calling the GetObject operation: The specified key does not exist.
[2024-01-14T11:42:08.823+0000] {python.py:177} INFO - Done. Returned value was: []
[2024-01-14T11:42:08.857+0000] {taskinstance.py:1323} INFO - Marking task as SUCCESS. dag_id=jobinfo_jobplanet, task_id=load_jumpit_file, execution_date=20240114T114204, start_date=20240114T114207, end_date=20240114T114208
[2024-01-14T11:42:08.952+0000] {local_task_job.py:208} INFO - Task exited with return code 0
[2024-01-14T11:42:09.722+0000] {taskinstance.py:2578} INFO - 0 downstream tasks scheduled from follow-on schedule check
