[2024-01-17T07:56:48.882+0000] {taskinstance.py:1083} INFO - Dependencies all met for <TaskInstance: jobinfo_jobplanet.s3_to_rds manual__2024-01-17T07:56:23.835874+00:00 [queued]>
[2024-01-17T07:56:48.890+0000] {taskinstance.py:1083} INFO - Dependencies all met for <TaskInstance: jobinfo_jobplanet.s3_to_rds manual__2024-01-17T07:56:23.835874+00:00 [queued]>
[2024-01-17T07:56:48.891+0000] {taskinstance.py:1279} INFO - 
--------------------------------------------------------------------------------
[2024-01-17T07:56:48.891+0000] {taskinstance.py:1280} INFO - Starting attempt 1 of 1
[2024-01-17T07:56:48.891+0000] {taskinstance.py:1281} INFO - 
--------------------------------------------------------------------------------
[2024-01-17T07:56:48.911+0000] {taskinstance.py:1300} INFO - Executing <Task(PythonOperator): s3_to_rds> on 2024-01-17 07:56:23.835874+00:00
[2024-01-17T07:56:48.917+0000] {standard_task_runner.py:55} INFO - Started process 1356 to run task
[2024-01-17T07:56:48.921+0000] {standard_task_runner.py:82} INFO - Running: ['***', 'tasks', 'run', 'jobinfo_jobplanet', 's3_to_rds', 'manual__2024-01-17T07:56:23.835874+00:00', '--job-id', '4693', '--raw', '--subdir', 'DAGS_FOLDER/jobinfo_jobplanet.py', '--cfg-path', '/tmp/tmp7t4x08_t']
[2024-01-17T07:56:48.922+0000] {standard_task_runner.py:83} INFO - Job 4693: Subtask s3_to_rds
[2024-01-17T07:56:49.016+0000] {task_command.py:388} INFO - Running <TaskInstance: jobinfo_jobplanet.s3_to_rds manual__2024-01-17T07:56:23.835874+00:00 [running]> on host 565f6bcc10b6
[2024-01-17T07:56:49.106+0000] {taskinstance.py:1509} INFO - Exporting the following env vars:
AIRFLOW_CTX_DAG_OWNER=***
AIRFLOW_CTX_DAG_ID=jobinfo_jobplanet
AIRFLOW_CTX_TASK_ID=s3_to_rds
AIRFLOW_CTX_EXECUTION_DATE=2024-01-17T07:56:23.835874+00:00
AIRFLOW_CTX_TRY_NUMBER=1
AIRFLOW_CTX_DAG_RUN_ID=manual__2024-01-17T07:56:23.835874+00:00
[2024-01-17T07:56:49.299+0000] {base.py:73} INFO - Using connection ID 'rds_conn' for task execution.
[2024-01-17T07:56:49.436+0000] {jobinfo_jobplanet.py:747} INFO - sql insert start
[2024-01-17T07:56:49.440+0000] {jobinfo_jobplanet.py:747} INFO - sql insert start
[2024-01-17T07:56:49.444+0000] {jobinfo_jobplanet.py:747} INFO - sql insert start
[2024-01-17T07:56:49.451+0000] {jobinfo_jobplanet.py:747} INFO - sql insert start
[2024-01-17T07:56:49.456+0000] {jobinfo_jobplanet.py:747} INFO - sql insert start
[2024-01-17T07:56:49.460+0000] {jobinfo_jobplanet.py:747} INFO - sql insert start
[2024-01-17T07:56:49.464+0000] {jobinfo_jobplanet.py:747} INFO - sql insert start
[2024-01-17T07:56:49.470+0000] {jobinfo_jobplanet.py:747} INFO - sql insert start
[2024-01-17T07:56:49.474+0000] {jobinfo_jobplanet.py:747} INFO - sql insert start
[2024-01-17T07:56:49.479+0000] {jobinfo_jobplanet.py:747} INFO - sql insert start
[2024-01-17T07:56:49.483+0000] {jobinfo_jobplanet.py:747} INFO - sql insert start
[2024-01-17T07:56:49.487+0000] {jobinfo_jobplanet.py:747} INFO - sql insert start
[2024-01-17T07:56:49.496+0000] {jobinfo_jobplanet.py:747} INFO - sql insert start
[2024-01-17T07:56:49.500+0000] {jobinfo_jobplanet.py:747} INFO - sql insert start
[2024-01-17T07:56:49.504+0000] {jobinfo_jobplanet.py:747} INFO - sql insert start
[2024-01-17T07:56:49.509+0000] {jobinfo_jobplanet.py:747} INFO - sql insert start
[2024-01-17T07:56:49.513+0000] {jobinfo_jobplanet.py:747} INFO - sql insert start
[2024-01-17T07:56:49.518+0000] {jobinfo_jobplanet.py:747} INFO - sql insert start
[2024-01-17T07:56:49.522+0000] {jobinfo_jobplanet.py:747} INFO - sql insert start
[2024-01-17T07:56:49.528+0000] {python.py:177} INFO - Done. Returned value was: None
[2024-01-17T07:56:49.536+0000] {taskinstance.py:1323} INFO - Marking task as SUCCESS. dag_id=jobinfo_jobplanet, task_id=s3_to_rds, execution_date=20240117T075623, start_date=20240117T075648, end_date=20240117T075649
[2024-01-17T07:56:49.585+0000] {local_task_job.py:208} INFO - Task exited with return code 0
[2024-01-17T07:56:49.602+0000] {taskinstance.py:2578} INFO - 0 downstream tasks scheduled from follow-on schedule check
