[2024-01-14T08:16:51.939+0000] {taskinstance.py:1083} INFO - Dependencies all met for <TaskInstance: jobinfo_jobplanet.read_s3_file manual__2024-01-14T08:16:47.586463+00:00 [queued]>
[2024-01-14T08:16:51.948+0000] {taskinstance.py:1083} INFO - Dependencies all met for <TaskInstance: jobinfo_jobplanet.read_s3_file manual__2024-01-14T08:16:47.586463+00:00 [queued]>
[2024-01-14T08:16:51.948+0000] {taskinstance.py:1279} INFO - 
--------------------------------------------------------------------------------
[2024-01-14T08:16:51.948+0000] {taskinstance.py:1280} INFO - Starting attempt 1 of 1
[2024-01-14T08:16:51.948+0000] {taskinstance.py:1281} INFO - 
--------------------------------------------------------------------------------
[2024-01-14T08:16:51.970+0000] {taskinstance.py:1300} INFO - Executing <Task(PythonOperator): read_s3_file> on 2024-01-14 08:16:47.586463+00:00
[2024-01-14T08:16:51.977+0000] {standard_task_runner.py:55} INFO - Started process 12060 to run task
[2024-01-14T08:16:51.980+0000] {standard_task_runner.py:82} INFO - Running: ['***', 'tasks', 'run', 'jobinfo_jobplanet', 'read_s3_file', 'manual__2024-01-14T08:16:47.586463+00:00', '--job-id', '415', '--raw', '--subdir', 'DAGS_FOLDER/jobinfo_jobplanet.py', '--cfg-path', '/tmp/tmppv4ovnr4']
[2024-01-14T08:16:51.981+0000] {standard_task_runner.py:83} INFO - Job 415: Subtask read_s3_file
[2024-01-14T08:16:52.290+0000] {task_command.py:388} INFO - Running <TaskInstance: jobinfo_jobplanet.read_s3_file manual__2024-01-14T08:16:47.586463+00:00 [running]> on host 7b77d04f99d6
[2024-01-14T08:16:52.465+0000] {taskinstance.py:1509} INFO - Exporting the following env vars:
AIRFLOW_CTX_DAG_OWNER=***
AIRFLOW_CTX_DAG_ID=jobinfo_jobplanet
AIRFLOW_CTX_TASK_ID=read_s3_file
AIRFLOW_CTX_EXECUTION_DATE=2024-01-14T08:16:47.586463+00:00
AIRFLOW_CTX_TRY_NUMBER=1
AIRFLOW_CTX_DAG_RUN_ID=manual__2024-01-14T08:16:47.586463+00:00
[2024-01-14T08:16:52.759+0000] {python.py:177} INFO - Done. Returned value was: ['path/in/s3/bucket/jobinfo_jumpit.csv', 'path/in/s3/bucket/jobinfo_jumpit_v2.csv', 'path/in/s3/bucket/summary.csv']
[2024-01-14T08:16:52.827+0000] {taskinstance.py:1323} INFO - Marking task as SUCCESS. dag_id=jobinfo_jobplanet, task_id=read_s3_file, execution_date=20240114T081647, start_date=20240114T081651, end_date=20240114T081652
[2024-01-14T08:16:52.922+0000] {local_task_job.py:208} INFO - Task exited with return code 0
[2024-01-14T08:16:53.331+0000] {taskinstance.py:2578} INFO - 1 downstream tasks scheduled from follow-on schedule check
