[2024-01-17T10:26:16.494+0000] {taskinstance.py:1083} INFO - Dependencies all met for <TaskInstance: jobinfo_slack.postAndReview_sql_and_return_result scheduled__2024-01-16T10:00:00+00:00 [queued]>
[2024-01-17T10:26:16.501+0000] {taskinstance.py:1083} INFO - Dependencies all met for <TaskInstance: jobinfo_slack.postAndReview_sql_and_return_result scheduled__2024-01-16T10:00:00+00:00 [queued]>
[2024-01-17T10:26:16.501+0000] {taskinstance.py:1279} INFO - 
--------------------------------------------------------------------------------
[2024-01-17T10:26:16.501+0000] {taskinstance.py:1280} INFO - Starting attempt 1 of 2
[2024-01-17T10:26:16.501+0000] {taskinstance.py:1281} INFO - 
--------------------------------------------------------------------------------
[2024-01-17T10:26:16.515+0000] {taskinstance.py:1300} INFO - Executing <Task(PythonOperator): postAndReview_sql_and_return_result> on 2024-01-16 10:00:00+00:00
[2024-01-17T10:26:16.521+0000] {standard_task_runner.py:55} INFO - Started process 8809 to run task
[2024-01-17T10:26:16.525+0000] {standard_task_runner.py:82} INFO - Running: ['***', 'tasks', 'run', 'jobinfo_slack', 'postAndReview_sql_and_return_result', 'scheduled__2024-01-16T10:00:00+00:00', '--job-id', '4745', '--raw', '--subdir', 'DAGS_FOLDER/jobinfo_slack.py', '--cfg-path', '/tmp/tmp5f9a_a_h']
[2024-01-17T10:26:16.525+0000] {standard_task_runner.py:83} INFO - Job 4745: Subtask postAndReview_sql_and_return_result
[2024-01-17T10:26:16.577+0000] {task_command.py:388} INFO - Running <TaskInstance: jobinfo_slack.postAndReview_sql_and_return_result scheduled__2024-01-16T10:00:00+00:00 [running]> on host 565f6bcc10b6
[2024-01-17T10:26:16.645+0000] {taskinstance.py:1509} INFO - Exporting the following env vars:
AIRFLOW_CTX_DAG_OWNER=***
AIRFLOW_CTX_DAG_ID=jobinfo_slack
AIRFLOW_CTX_TASK_ID=postAndReview_sql_and_return_result
AIRFLOW_CTX_EXECUTION_DATE=2024-01-16T10:00:00+00:00
AIRFLOW_CTX_TRY_NUMBER=1
AIRFLOW_CTX_DAG_RUN_ID=scheduled__2024-01-16T10:00:00+00:00
[2024-01-17T10:26:16.656+0000] {base.py:73} INFO - Using connection ID 'rds_conn' for task execution.
[2024-01-17T10:26:16.698+0000] {logging_mixin.py:137} INFO - +----------------------+--------------------------------------------------------------------------------------------+-------------------------------------------------------------------------------------------+----------------------------------------------------------------------------------------------+
|        회사명        |                                            장점                                            |                                            단점                                           |                                     면접 분위기 및 답변                                      |
+----------------------+--------------------------------------------------------------------------------------------+-------------------------------------------------------------------------------------------+----------------------------------------------------------------------------------------------+
|        다큐브        |           좋음, 있음, 사람들, 주변에, 근무, 좋다, 편하게, 다닐수, 있고, 자기일만           |          모기업에, 너무, 묶여있고, 비전이, 적어, 보인다, 크고, 싶다면, 얼른, 이직         |      분위기가, 이전, 프로젝트, 경험으로, 답변했고, 긍정적인, 답변을, 받음, 좋았음, 면접      |
|       데브툴즈       |         있음, 지원, 있는, 출퇴근, 복지가, 주어지지만, 할말, 하않이다, 그래도, 나름         |           거의, 전혀, 분위기임, 없는, 앞서, 말한, 그대로, 입니다, 성장, 가능성이          |              면접을, 말을, 매우, 싶은, 면접비, 같다, 대표가, 오히려, 보는, 많이              |
|     레몬클라우드     |                                            없음                                            |                                            없음                                           |  중점으로, 본인의, 경험을, 질문, 회사에대해, 얼마나, 관심이있는지를, 보심, 면접보고, 주안에  |
|         로민         |                                         정보 없음                                          |                                         정보 없음                                         |                                          정보 없음                                           |
|         론픽         |                                         정보 없음                                          |                                         정보 없음                                         |                                          정보 없음                                           |
|     롯데헬스케어     |                  아점저, 줘요, 대기업이지만, 개발일, 하기, 비교적, 괜찮음                  | 스타트업이기, 때문에, 대기업보단, 로드가, 있다, 잠실역이라, 2호선, 지옥철을, 견뎌야, 한다 |    많이, 필요없는, 실무, 기술면접은, 관련, 질문보다는, CS관련, 질문의, 비중이, 높았습니다    |
|     마크클라우드     |        다양한, 있는, 자유로운, 않습니다, 좋은, 사람이, 경험할, 기회, 회사에, 간식이        |           시간, 하고, 야근, 모든, 일이, 프로젝트를, 것이, 또한, 일을, 생각합니다          |               조금, 많이, 사용했던, 기술에, 대한, 내용, 설명, 이유, 말함, 실습               |
| 메이븐클라우드서비스 |                                         정보 없음                                          |                                         정보 없음                                         |                                          정보 없음                                           |
|      블랙탠저린      |          가야할지, 해볼, 있었다, 실제, 성장할, 있는, 환경과, 능력을, 입증할, 시에          |       빠른, 성장을, 위해서, 삶의, 희생이, 있어야, 회사의, 목표에, 공감한다면, 괜찮음      |     없다고, 하였는데, 뭔가, 크게, 좌절을, 하고, 견뎌낸, 경험담을, 듣고싶어하셨던것, 같다     |
|      비포플레이      |                                         정보 없음                                          |                                         정보 없음                                         |                                          정보 없음                                           |
|     엠투클라우드     |       가정의달이, 있어서, 2주에, 한번씩, 금요일에, 4시에, 일이, 연차, 가능함, 퇴근함       |       없음, 직원을, 대하는, 연봉이, 위한, 퇴사율이, 높고, 복지가, 식비제공, 연봉낮음      |    질문에, 복잡한, 절차가, 없어서, 편했음, 가지마세요, 막힘은, 없으나, 날카로운, 당황하지    |
|    올라운드닥터스    |                                         정보 없음                                          |                                         정보 없음                                         |                                          정보 없음                                           |
|    월급쟁이부자들    |               있어서, 회사, 많이, 있는, 있음, 문화가, 일을, 나면, 투자, 돈을               |        업무, 지금, 하는, 업무가, 성장이라고, 분위기, 아직, 온보딩, 사내, 필요합니다       |   처우협의를, 위한, 서류, 있었습니다, 많이, 그래도, 좋았습니다, 면접, 실무면접을, 레퍼런스   |
|     크리에이트립     |                                         정보 없음                                          |                                         정보 없음                                         |                                          정보 없음                                           |
|   클라우드호스피탈   |                   들어온다, 월급이, 밀리지, 않고, 시간에, 대부분, 아침에                   |               기업의, 체계가, 잡혀있지, 않다, 업무에, 관해서도, 마찬가지이다              |          면접, 답변에, 대해, 거의, 모든, 것을, 답했지만,, 틀린, 답변도, 있었습니다           |
|    키다리스튜디오    |                                            없음                                            |                                            없음                                           |               면접은, 많이, 있는, 면접, 하는, 실무, 살짝, 업무, 콘텐츠에, 많은               |
|        티니어        |        자유로운, 좋은, 회사, 점심, 권한과, 책임,, 문화,, 워라밸,, 사람들,, 야근없음        |        굳이, 다들, 직접, 낮은, 성장성,, 열심히, 필요없고, 안주하는, 분위기, 문화나        | 면접을, 받을, 처음에, 회사에, 들어갔을때, 친목데이, 사진이, 게시판에, 걸려있어서, 신기했어요 |
|       파인더스       |                                            없음                                            |                                            없음                                           |         같습니다, 내가, 면접, 대해, 상당히, 어떤, 것이, 않고, 분위기를, 느껴졌습니다         |
|     파킹클라우드     | 자유로운, 좋았습니다, 사무실이, 깨끗하고, 건물이, 쾌적함, 구내식당, 맛있음, 주차장, 편리함 |        너무, 없고, 사람은, 자리, 이사, 인사이동이, 잦음, 안정적이고, 효율적인, 조직       |             보고, 면접, 나서, 1차,, 2차, 똑같은, 질문을, 할거면, 면접을, 나눠서              |
+----------------------+--------------------------------------------------------------------------------------------+-------------------------------------------------------------------------------------------+----------------------------------------------------------------------------------------------+
[2024-01-17T10:26:16.698+0000] {python.py:177} INFO - Done. Returned value was: +----------------------+--------------------------------------------------------------------------------------------+-------------------------------------------------------------------------------------------+----------------------------------------------------------------------------------------------+
|        회사명        |                                            장점                                            |                                            단점                                           |                                     면접 분위기 및 답변                                      |
+----------------------+--------------------------------------------------------------------------------------------+-------------------------------------------------------------------------------------------+----------------------------------------------------------------------------------------------+
|        다큐브        |           좋음, 있음, 사람들, 주변에, 근무, 좋다, 편하게, 다닐수, 있고, 자기일만           |          모기업에, 너무, 묶여있고, 비전이, 적어, 보인다, 크고, 싶다면, 얼른, 이직         |      분위기가, 이전, 프로젝트, 경험으로, 답변했고, 긍정적인, 답변을, 받음, 좋았음, 면접      |
|       데브툴즈       |         있음, 지원, 있는, 출퇴근, 복지가, 주어지지만, 할말, 하않이다, 그래도, 나름         |           거의, 전혀, 분위기임, 없는, 앞서, 말한, 그대로, 입니다, 성장, 가능성이          |              면접을, 말을, 매우, 싶은, 면접비, 같다, 대표가, 오히려, 보는, 많이              |
|     레몬클라우드     |                                            없음                                            |                                            없음                                           |  중점으로, 본인의, 경험을, 질문, 회사에대해, 얼마나, 관심이있는지를, 보심, 면접보고, 주안에  |
|         로민         |                                         정보 없음                                          |                                         정보 없음                                         |                                          정보 없음                                           |
|         론픽         |                                         정보 없음                                          |                                         정보 없음                                         |                                          정보 없음                                           |
|     롯데헬스케어     |                  아점저, 줘요, 대기업이지만, 개발일, 하기, 비교적, 괜찮음                  | 스타트업이기, 때문에, 대기업보단, 로드가, 있다, 잠실역이라, 2호선, 지옥철을, 견뎌야, 한다 |    많이, 필요없는, 실무, 기술면접은, 관련, 질문보다는, CS관련, 질문의, 비중이, 높았습니다    |
|     마크클라우드     |        다양한, 있는, 자유로운, 않습니다, 좋은, 사람이, 경험할, 기회, 회사에, 간식이        |           시간, 하고, 야근, 모든, 일이, 프로젝트를, 것이, 또한, 일을, 생각합니다          |               조금, 많이, 사용했던, 기술에, 대한, 내용, 설명, 이유, 말함, 실습               |
| 메이븐클라우드서비스 |                                         정보 없음                                          |                                         정보 없음                                         |                                          정보 없음                                           |
|      블랙탠저린      |          가야할지, 해볼, 있었다, 실제, 성장할, 있는, 환경과, 능력을, 입증할, 시에          |       빠른, 성장을, 위해서, 삶의, 희생이, 있어야, 회사의, 목표에, 공감한다면, 괜찮음      |     없다고, 하였는데, 뭔가, 크게, 좌절을, 하고, 견뎌낸, 경험담을, 듣고싶어하셨던것, 같다     |
|      비포플레이      |                                         정보 없음                                          |                                         정보 없음                                         |                                          정보 없음                                           |
|     엠투클라우드     |       가정의달이, 있어서, 2주에, 한번씩, 금요일에, 4시에, 일이, 연차, 가능함, 퇴근함       |       없음, 직원을, 대하는, 연봉이, 위한, 퇴사율이, 높고, 복지가, 식비제공, 연봉낮음      |    질문에, 복잡한, 절차가, 없어서, 편했음, 가지마세요, 막힘은, 없으나, 날카로운, 당황하지    |
|    올라운드닥터스    |                                         정보 없음                                          |                                         정보 없음                                         |                                          정보 없음                                           |
|    월급쟁이부자들    |               있어서, 회사, 많이, 있는, 있음, 문화가, 일을, 나면, 투자, 돈을               |        업무, 지금, 하는, 업무가, 성장이라고, 분위기, 아직, 온보딩, 사내, 필요합니다       |   처우협의를, 위한, 서류, 있었습니다, 많이, 그래도, 좋았습니다, 면접, 실무면접을, 레퍼런스   |
|     크리에이트립     |                                         정보 없음                                          |                                         정보 없음                                         |                                          정보 없음                                           |
|   클라우드호스피탈   |                   들어온다, 월급이, 밀리지, 않고, 시간에, 대부분, 아침에                   |               기업의, 체계가, 잡혀있지, 않다, 업무에, 관해서도, 마찬가지이다              |          면접, 답변에, 대해, 거의, 모든, 것을, 답했지만,, 틀린, 답변도, 있었습니다           |
|    키다리스튜디오    |                                            없음                                            |                                            없음                                           |               면접은, 많이, 있는, 면접, 하는, 실무, 살짝, 업무, 콘텐츠에, 많은               |
|        티니어        |        자유로운, 좋은, 회사, 점심, 권한과, 책임,, 문화,, 워라밸,, 사람들,, 야근없음        |        굳이, 다들, 직접, 낮은, 성장성,, 열심히, 필요없고, 안주하는, 분위기, 문화나        | 면접을, 받을, 처음에, 회사에, 들어갔을때, 친목데이, 사진이, 게시판에, 걸려있어서, 신기했어요 |
|       파인더스       |                                            없음                                            |                                            없음                                           |         같습니다, 내가, 면접, 대해, 상당히, 어떤, 것이, 않고, 분위기를, 느껴졌습니다         |
|     파킹클라우드     | 자유로운, 좋았습니다, 사무실이, 깨끗하고, 건물이, 쾌적함, 구내식당, 맛있음, 주차장, 편리함 |        너무, 없고, 사람은, 자리, 이사, 인사이동이, 잦음, 안정적이고, 효율적인, 조직       |             보고, 면접, 나서, 1차,, 2차, 똑같은, 질문을, 할거면, 면접을, 나눠서              |
+----------------------+--------------------------------------------------------------------------------------------+-------------------------------------------------------------------------------------------+----------------------------------------------------------------------------------------------+
[2024-01-17T10:26:16.799+0000] {taskinstance.py:1323} INFO - Marking task as SUCCESS. dag_id=jobinfo_slack, task_id=postAndReview_sql_and_return_result, execution_date=20240116T100000, start_date=20240117T102616, end_date=20240117T102616
[2024-01-17T10:26:16.863+0000] {local_task_job.py:208} INFO - Task exited with return code 0
[2024-01-17T10:26:16.917+0000] {taskinstance.py:2578} INFO - 1 downstream tasks scheduled from follow-on schedule check
