[2024-01-14T13:37:53.175+0000] {taskinstance.py:1083} INFO - Dependencies all met for <TaskInstance: jobinfo_jobplanet.jobplanet_login manual__2024-01-14T13:37:46.213453+00:00 [queued]>
[2024-01-14T13:37:53.184+0000] {taskinstance.py:1083} INFO - Dependencies all met for <TaskInstance: jobinfo_jobplanet.jobplanet_login manual__2024-01-14T13:37:46.213453+00:00 [queued]>
[2024-01-14T13:37:53.184+0000] {taskinstance.py:1279} INFO - 
--------------------------------------------------------------------------------
[2024-01-14T13:37:53.184+0000] {taskinstance.py:1280} INFO - Starting attempt 1 of 1
[2024-01-14T13:37:53.184+0000] {taskinstance.py:1281} INFO - 
--------------------------------------------------------------------------------
[2024-01-14T13:37:53.203+0000] {taskinstance.py:1300} INFO - Executing <Task(PythonOperator): jobplanet_login> on 2024-01-14 13:37:46.213453+00:00
[2024-01-14T13:37:53.211+0000] {standard_task_runner.py:55} INFO - Started process 712 to run task
[2024-01-14T13:37:53.213+0000] {standard_task_runner.py:82} INFO - Running: ['***', 'tasks', 'run', 'jobinfo_jobplanet', 'jobplanet_login', 'manual__2024-01-14T13:37:46.213453+00:00', '--job-id', '501', '--raw', '--subdir', 'DAGS_FOLDER/jobinfo_jobplanet.py', '--cfg-path', '/tmp/tmpmanx033v']
[2024-01-14T13:37:53.214+0000] {standard_task_runner.py:83} INFO - Job 501: Subtask jobplanet_login
[2024-01-14T13:37:53.313+0000] {task_command.py:388} INFO - Running <TaskInstance: jobinfo_jobplanet.jobplanet_login manual__2024-01-14T13:37:46.213453+00:00 [running]> on host 565f6bcc10b6
[2024-01-14T13:37:53.419+0000] {taskinstance.py:1509} INFO - Exporting the following env vars:
AIRFLOW_CTX_DAG_OWNER=***
AIRFLOW_CTX_DAG_ID=jobinfo_jobplanet
AIRFLOW_CTX_TASK_ID=jobplanet_login
AIRFLOW_CTX_EXECUTION_DATE=2024-01-14T13:37:46.213453+00:00
AIRFLOW_CTX_TRY_NUMBER=1
AIRFLOW_CTX_DAG_RUN_ID=manual__2024-01-14T13:37:46.213453+00:00
[2024-01-14T13:37:57.713+0000] {jobinfo_jobplanet.py:76} INFO - *********************************
[2024-01-14T13:37:57.745+0000] {jobinfo_jobplanet.py:82} INFO - 12212121313442342354534634534534534534523423443423
[2024-01-14T13:37:57.745+0000] {jobinfo_jobplanet.py:83} INFO - <selenium.webdriver.remote.webdriver.WebDriver (session="326d8a24a6efc40c76b36fcd6d9385bb")>
[2024-01-14T13:37:57.885+0000] {jobinfo_jobplanet.py:86} INFO - 890u8987978078978978079078097807897809789789789789789797
[2024-01-14T13:37:58.471+0000] {jobinfo_jobplanet.py:89} INFO - ^^^^^^^^^^^^^^^^^^^^^^^^^^^^^^^^^^^^^^^^^^^^^^^^^^^^^^^^^^^^^^^^^^^^^^^^^^^^^^^^^^^^^^
[2024-01-14T13:37:59.241+0000] {jobinfo_jobplanet.py:100} INFO - 3333333333333333333333333
[2024-01-14T13:37:59.280+0000] {jobinfo_jobplanet.py:106} INFO - 4444444444444444444444444444
[2024-01-14T13:37:59.285+0000] {jobinfo_jobplanet.py:108} INFO - ['오케스트로', '오케스트로', '제니스앤컴퍼니', '제니스앤컴퍼니', '제니스앤컴퍼니', '메이븐클라우드서비스', '엠아이티', '엠아이티', '스윗코리아', '스윗코리아', '파킹클라우드', '오케스트로', '오케스트로', '오케스트로', '오케스트로', '오케스트로', '월급쟁이부자들', '월급쟁이부자들', '로민', '블랙탠저린', '파인더스', '론픽', '비포플레이', '롯데헬스케어', '롯데헬스케어', '올라운드닥터스', '와디즈', '크리에이트립', '데브툴즈', '티니어', '키다리스튜디오', '마크클라우드']
[2024-01-14T13:37:59.287+0000] {jobinfo_jobplanet.py:109} INFO - ['path/in/s3/bucket/jobinfo_jumpit.csv', 'path/in/s3/bucket/jobinfo_jumpit_v2.csv', 'path/in/s3/bucket/review_information_로민.csv', 'path/in/s3/bucket/review_information_롯데헬스케어.csv', 'path/in/s3/bucket/review_information_메이븐클라우드서비스.csv', 'path/in/s3/bucket/review_information_블랙탠저린.csv', 'path/in/s3/bucket/review_information_비포플레이.csv', 'path/in/s3/bucket/review_information_스윗코리아.csv', 'path/in/s3/bucket/review_information_엠아이티.csv', 'path/in/s3/bucket/review_information_오케스트로.csv', 'path/in/s3/bucket/review_information_월급쟁이부자들.csv', 'path/in/s3/bucket/review_information_제니스앤컴퍼니.csv', 'path/in/s3/bucket/review_information_파인더스.csv', 'path/in/s3/bucket/review_information_파킹클라우드.csv', 'path/in/s3/bucket/summary.csv']
[2024-01-14T13:37:59.288+0000] {jobinfo_jobplanet.py:110} INFO - 시작
[2024-01-14T13:37:59.307+0000] {jobinfo_jobplanet.py:121} INFO - 오케스트로 파일이 없음
[2024-01-14T13:37:59.340+0000] {jobinfo_jobplanet.py:139} INFO - 오케스트로의 정보는 없어서 파일 생성을 못한다.
[2024-01-14T13:37:59.340+0000] {jobinfo_jobplanet.py:140} INFO - ['path/in/s3/bucket/jobinfo_jumpit.csv', 'path/in/s3/bucket/jobinfo_jumpit_v2.csv', 'path/in/s3/bucket/review_information_로민.csv', 'path/in/s3/bucket/review_information_롯데헬스케어.csv', 'path/in/s3/bucket/review_information_메이븐클라우드서비스.csv', 'path/in/s3/bucket/review_information_블랙탠저린.csv', 'path/in/s3/bucket/review_information_비포플레이.csv', 'path/in/s3/bucket/review_information_스윗코리아.csv', 'path/in/s3/bucket/review_information_엠아이티.csv', 'path/in/s3/bucket/review_information_오케스트로.csv', 'path/in/s3/bucket/review_information_월급쟁이부자들.csv', 'path/in/s3/bucket/review_information_제니스앤컴퍼니.csv', 'path/in/s3/bucket/review_information_파인더스.csv', 'path/in/s3/bucket/review_information_파킹클라우드.csv', 'path/in/s3/bucket/summary.csv']
[2024-01-14T13:37:59.345+0000] {jobinfo_jobplanet.py:121} INFO - 오케스트로 파일이 없음
[2024-01-14T13:38:02.287+0000] {jobinfo_jobplanet.py:139} INFO - 오케스트로의 정보는 없어서 파일 생성을 못한다.
[2024-01-14T13:38:02.288+0000] {jobinfo_jobplanet.py:140} INFO - ['path/in/s3/bucket/jobinfo_jumpit.csv', 'path/in/s3/bucket/jobinfo_jumpit_v2.csv', 'path/in/s3/bucket/review_information_로민.csv', 'path/in/s3/bucket/review_information_롯데헬스케어.csv', 'path/in/s3/bucket/review_information_메이븐클라우드서비스.csv', 'path/in/s3/bucket/review_information_블랙탠저린.csv', 'path/in/s3/bucket/review_information_비포플레이.csv', 'path/in/s3/bucket/review_information_스윗코리아.csv', 'path/in/s3/bucket/review_information_엠아이티.csv', 'path/in/s3/bucket/review_information_오케스트로.csv', 'path/in/s3/bucket/review_information_월급쟁이부자들.csv', 'path/in/s3/bucket/review_information_제니스앤컴퍼니.csv', 'path/in/s3/bucket/review_information_파인더스.csv', 'path/in/s3/bucket/review_information_파킹클라우드.csv', 'path/in/s3/bucket/summary.csv']
[2024-01-14T13:38:02.323+0000] {jobinfo_jobplanet.py:121} INFO - 제니스앤컴퍼니 파일이 없음
[2024-01-14T13:38:03.141+0000] {jobinfo_jobplanet.py:125} INFO - 제니스앤컴퍼니 검색을 위해 검색창에 입력했습니다.
[2024-01-14T13:38:06.870+0000] {jobinfo_jobplanet.py:128} INFO - 제니스앤컴퍼니 검색하기
[2024-01-14T13:38:09.193+0000] {jobinfo_jobplanet.py:139} INFO - 제니스앤컴퍼니의 정보는 없어서 파일 생성을 못한다.
[2024-01-14T13:38:09.194+0000] {jobinfo_jobplanet.py:140} INFO - ['path/in/s3/bucket/jobinfo_jumpit.csv', 'path/in/s3/bucket/jobinfo_jumpit_v2.csv', 'path/in/s3/bucket/review_information_로민.csv', 'path/in/s3/bucket/review_information_롯데헬스케어.csv', 'path/in/s3/bucket/review_information_메이븐클라우드서비스.csv', 'path/in/s3/bucket/review_information_블랙탠저린.csv', 'path/in/s3/bucket/review_information_비포플레이.csv', 'path/in/s3/bucket/review_information_스윗코리아.csv', 'path/in/s3/bucket/review_information_엠아이티.csv', 'path/in/s3/bucket/review_information_오케스트로.csv', 'path/in/s3/bucket/review_information_월급쟁이부자들.csv', 'path/in/s3/bucket/review_information_제니스앤컴퍼니.csv', 'path/in/s3/bucket/review_information_파인더스.csv', 'path/in/s3/bucket/review_information_파킹클라우드.csv', 'path/in/s3/bucket/summary.csv']
[2024-01-14T13:38:09.227+0000] {jobinfo_jobplanet.py:121} INFO - 제니스앤컴퍼니 파일이 없음
[2024-01-14T13:38:09.958+0000] {jobinfo_jobplanet.py:125} INFO - 제니스앤컴퍼니 검색을 위해 검색창에 입력했습니다.
[2024-01-14T13:38:11.809+0000] {jobinfo_jobplanet.py:128} INFO - 제니스앤컴퍼니 검색하기
[2024-01-14T13:38:12.419+0000] {jobinfo_jobplanet.py:133} INFO - 제니스앤컴퍼니 회사 정보를 알기 위해 상세정보 클릭합니다.
[2024-01-14T13:38:36.671+0000] {base.py:73} INFO - Using connection ID 's3_conn' for task execution.
[2024-01-14T13:38:36.868+0000] {jobinfo_jobplanet.py:624} INFO - File path/in/s3/bucket/review_information_제니스앤컴퍼니.csv uploaded to S3 successfully.
[2024-01-14T13:38:36.870+0000] {jobinfo_jobplanet.py:140} INFO - ['path/in/s3/bucket/jobinfo_jumpit.csv', 'path/in/s3/bucket/jobinfo_jumpit_v2.csv', 'path/in/s3/bucket/review_information_로민.csv', 'path/in/s3/bucket/review_information_롯데헬스케어.csv', 'path/in/s3/bucket/review_information_메이븐클라우드서비스.csv', 'path/in/s3/bucket/review_information_블랙탠저린.csv', 'path/in/s3/bucket/review_information_비포플레이.csv', 'path/in/s3/bucket/review_information_스윗코리아.csv', 'path/in/s3/bucket/review_information_엠아이티.csv', 'path/in/s3/bucket/review_information_오케스트로.csv', 'path/in/s3/bucket/review_information_월급쟁이부자들.csv', 'path/in/s3/bucket/review_information_제니스앤컴퍼니.csv', 'path/in/s3/bucket/review_information_파인더스.csv', 'path/in/s3/bucket/review_information_파킹클라우드.csv', 'path/in/s3/bucket/summary.csv', 'path/in/s3/bucket/review_information_제니스앤컴퍼니.csv']
[2024-01-14T13:38:36.875+0000] {jobinfo_jobplanet.py:121} INFO - 제니스앤컴퍼니 파일이 없음
[2024-01-14T13:38:37.228+0000] {jobinfo_jobplanet.py:125} INFO - 제니스앤컴퍼니 검색을 위해 검색창에 입력했습니다.
[2024-01-14T13:38:39.393+0000] {jobinfo_jobplanet.py:128} INFO - 제니스앤컴퍼니 검색하기
[2024-01-14T13:38:40.105+0000] {jobinfo_jobplanet.py:133} INFO - 제니스앤컴퍼니 회사 정보를 알기 위해 상세정보 클릭합니다.
[2024-01-14T13:39:04.923+0000] {base.py:73} INFO - Using connection ID 's3_conn' for task execution.
[2024-01-14T13:39:05.040+0000] {jobinfo_jobplanet.py:624} INFO - File path/in/s3/bucket/review_information_제니스앤컴퍼니.csv uploaded to S3 successfully.
[2024-01-14T13:39:05.042+0000] {jobinfo_jobplanet.py:140} INFO - ['path/in/s3/bucket/jobinfo_jumpit.csv', 'path/in/s3/bucket/jobinfo_jumpit_v2.csv', 'path/in/s3/bucket/review_information_로민.csv', 'path/in/s3/bucket/review_information_롯데헬스케어.csv', 'path/in/s3/bucket/review_information_메이븐클라우드서비스.csv', 'path/in/s3/bucket/review_information_블랙탠저린.csv', 'path/in/s3/bucket/review_information_비포플레이.csv', 'path/in/s3/bucket/review_information_스윗코리아.csv', 'path/in/s3/bucket/review_information_엠아이티.csv', 'path/in/s3/bucket/review_information_오케스트로.csv', 'path/in/s3/bucket/review_information_월급쟁이부자들.csv', 'path/in/s3/bucket/review_information_제니스앤컴퍼니.csv', 'path/in/s3/bucket/review_information_파인더스.csv', 'path/in/s3/bucket/review_information_파킹클라우드.csv', 'path/in/s3/bucket/summary.csv', 'path/in/s3/bucket/review_information_제니스앤컴퍼니.csv', 'path/in/s3/bucket/review_information_제니스앤컴퍼니.csv']
[2024-01-14T13:39:05.050+0000] {jobinfo_jobplanet.py:121} INFO - 메이븐클라우드서비스 파일이 없음
[2024-01-14T13:39:05.447+0000] {jobinfo_jobplanet.py:125} INFO - 메이븐클라우드서비스 검색을 위해 검색창에 입력했습니다.
[2024-01-14T13:39:08.196+0000] {jobinfo_jobplanet.py:128} INFO - 메이븐클라우드서비스 검색하기
[2024-01-14T13:39:08.432+0000] {jobinfo_jobplanet.py:133} INFO - 메이븐클라우드서비스 회사 정보를 알기 위해 상세정보 클릭합니다.
[2024-01-14T13:39:25.575+0000] {base.py:73} INFO - Using connection ID 's3_conn' for task execution.
[2024-01-14T13:39:25.689+0000] {jobinfo_jobplanet.py:624} INFO - File path/in/s3/bucket/review_information_메이븐클라우드서비스.csv uploaded to S3 successfully.
[2024-01-14T13:39:25.692+0000] {jobinfo_jobplanet.py:140} INFO - ['path/in/s3/bucket/jobinfo_jumpit.csv', 'path/in/s3/bucket/jobinfo_jumpit_v2.csv', 'path/in/s3/bucket/review_information_로민.csv', 'path/in/s3/bucket/review_information_롯데헬스케어.csv', 'path/in/s3/bucket/review_information_메이븐클라우드서비스.csv', 'path/in/s3/bucket/review_information_블랙탠저린.csv', 'path/in/s3/bucket/review_information_비포플레이.csv', 'path/in/s3/bucket/review_information_스윗코리아.csv', 'path/in/s3/bucket/review_information_엠아이티.csv', 'path/in/s3/bucket/review_information_오케스트로.csv', 'path/in/s3/bucket/review_information_월급쟁이부자들.csv', 'path/in/s3/bucket/review_information_제니스앤컴퍼니.csv', 'path/in/s3/bucket/review_information_파인더스.csv', 'path/in/s3/bucket/review_information_파킹클라우드.csv', 'path/in/s3/bucket/summary.csv', 'path/in/s3/bucket/review_information_제니스앤컴퍼니.csv', 'path/in/s3/bucket/review_information_제니스앤컴퍼니.csv', 'path/in/s3/bucket/review_information_메이븐클라우드서비스.csv']
[2024-01-14T13:39:25.699+0000] {jobinfo_jobplanet.py:121} INFO - 엠아이티 파일이 없음
[2024-01-14T13:39:26.120+0000] {jobinfo_jobplanet.py:125} INFO - 엠아이티 검색을 위해 검색창에 입력했습니다.
[2024-01-14T13:39:32.819+0000] {jobinfo_jobplanet.py:128} INFO - 엠아이티 검색하기
[2024-01-14T13:39:33.665+0000] {jobinfo_jobplanet.py:133} INFO - 엠아이티 회사 정보를 알기 위해 상세정보 클릭합니다.
[2024-01-14T13:39:53.786+0000] {base.py:73} INFO - Using connection ID 's3_conn' for task execution.
[2024-01-14T13:39:53.885+0000] {jobinfo_jobplanet.py:624} INFO - File path/in/s3/bucket/review_information_엠아이티.csv uploaded to S3 successfully.
[2024-01-14T13:39:53.886+0000] {jobinfo_jobplanet.py:140} INFO - ['path/in/s3/bucket/jobinfo_jumpit.csv', 'path/in/s3/bucket/jobinfo_jumpit_v2.csv', 'path/in/s3/bucket/review_information_로민.csv', 'path/in/s3/bucket/review_information_롯데헬스케어.csv', 'path/in/s3/bucket/review_information_메이븐클라우드서비스.csv', 'path/in/s3/bucket/review_information_블랙탠저린.csv', 'path/in/s3/bucket/review_information_비포플레이.csv', 'path/in/s3/bucket/review_information_스윗코리아.csv', 'path/in/s3/bucket/review_information_엠아이티.csv', 'path/in/s3/bucket/review_information_오케스트로.csv', 'path/in/s3/bucket/review_information_월급쟁이부자들.csv', 'path/in/s3/bucket/review_information_제니스앤컴퍼니.csv', 'path/in/s3/bucket/review_information_파인더스.csv', 'path/in/s3/bucket/review_information_파킹클라우드.csv', 'path/in/s3/bucket/summary.csv', 'path/in/s3/bucket/review_information_제니스앤컴퍼니.csv', 'path/in/s3/bucket/review_information_제니스앤컴퍼니.csv', 'path/in/s3/bucket/review_information_메이븐클라우드서비스.csv', 'path/in/s3/bucket/review_information_엠아이티.csv']
[2024-01-14T13:39:53.893+0000] {jobinfo_jobplanet.py:121} INFO - 엠아이티 파일이 없음
[2024-01-14T13:39:54.246+0000] {jobinfo_jobplanet.py:125} INFO - 엠아이티 검색을 위해 검색창에 입력했습니다.
[2024-01-14T13:39:54.988+0000] {jobinfo_jobplanet.py:139} INFO - 엠아이티의 정보는 없어서 파일 생성을 못한다.
[2024-01-14T13:39:54.988+0000] {jobinfo_jobplanet.py:140} INFO - ['path/in/s3/bucket/jobinfo_jumpit.csv', 'path/in/s3/bucket/jobinfo_jumpit_v2.csv', 'path/in/s3/bucket/review_information_로민.csv', 'path/in/s3/bucket/review_information_롯데헬스케어.csv', 'path/in/s3/bucket/review_information_메이븐클라우드서비스.csv', 'path/in/s3/bucket/review_information_블랙탠저린.csv', 'path/in/s3/bucket/review_information_비포플레이.csv', 'path/in/s3/bucket/review_information_스윗코리아.csv', 'path/in/s3/bucket/review_information_엠아이티.csv', 'path/in/s3/bucket/review_information_오케스트로.csv', 'path/in/s3/bucket/review_information_월급쟁이부자들.csv', 'path/in/s3/bucket/review_information_제니스앤컴퍼니.csv', 'path/in/s3/bucket/review_information_파인더스.csv', 'path/in/s3/bucket/review_information_파킹클라우드.csv', 'path/in/s3/bucket/summary.csv', 'path/in/s3/bucket/review_information_제니스앤컴퍼니.csv', 'path/in/s3/bucket/review_information_제니스앤컴퍼니.csv', 'path/in/s3/bucket/review_information_메이븐클라우드서비스.csv', 'path/in/s3/bucket/review_information_엠아이티.csv']
[2024-01-14T13:39:55.079+0000] {jobinfo_jobplanet.py:121} INFO - 스윗코리아 파일이 없음
[2024-01-14T13:39:56.110+0000] {jobinfo_jobplanet.py:125} INFO - 스윗코리아 검색을 위해 검색창에 입력했습니다.
[2024-01-14T13:40:01.830+0000] {jobinfo_jobplanet.py:128} INFO - 스윗코리아 검색하기
[2024-01-14T13:40:02.657+0000] {jobinfo_jobplanet.py:133} INFO - 스윗코리아 회사 정보를 알기 위해 상세정보 클릭합니다.
[2024-01-14T13:40:27.872+0000] {base.py:73} INFO - Using connection ID 's3_conn' for task execution.
[2024-01-14T13:40:27.989+0000] {jobinfo_jobplanet.py:624} INFO - File path/in/s3/bucket/review_information_스윗코리아.csv uploaded to S3 successfully.
[2024-01-14T13:40:27.991+0000] {jobinfo_jobplanet.py:140} INFO - ['path/in/s3/bucket/jobinfo_jumpit.csv', 'path/in/s3/bucket/jobinfo_jumpit_v2.csv', 'path/in/s3/bucket/review_information_로민.csv', 'path/in/s3/bucket/review_information_롯데헬스케어.csv', 'path/in/s3/bucket/review_information_메이븐클라우드서비스.csv', 'path/in/s3/bucket/review_information_블랙탠저린.csv', 'path/in/s3/bucket/review_information_비포플레이.csv', 'path/in/s3/bucket/review_information_스윗코리아.csv', 'path/in/s3/bucket/review_information_엠아이티.csv', 'path/in/s3/bucket/review_information_오케스트로.csv', 'path/in/s3/bucket/review_information_월급쟁이부자들.csv', 'path/in/s3/bucket/review_information_제니스앤컴퍼니.csv', 'path/in/s3/bucket/review_information_파인더스.csv', 'path/in/s3/bucket/review_information_파킹클라우드.csv', 'path/in/s3/bucket/summary.csv', 'path/in/s3/bucket/review_information_제니스앤컴퍼니.csv', 'path/in/s3/bucket/review_information_제니스앤컴퍼니.csv', 'path/in/s3/bucket/review_information_메이븐클라우드서비스.csv', 'path/in/s3/bucket/review_information_엠아이티.csv', 'path/in/s3/bucket/review_information_스윗코리아.csv']
[2024-01-14T13:40:27.998+0000] {jobinfo_jobplanet.py:121} INFO - 스윗코리아 파일이 없음
[2024-01-14T13:40:28.737+0000] {jobinfo_jobplanet.py:125} INFO - 스윗코리아 검색을 위해 검색창에 입력했습니다.
[2024-01-14T13:40:30.649+0000] {jobinfo_jobplanet.py:139} INFO - 스윗코리아의 정보는 없어서 파일 생성을 못한다.
[2024-01-14T13:40:30.649+0000] {jobinfo_jobplanet.py:140} INFO - ['path/in/s3/bucket/jobinfo_jumpit.csv', 'path/in/s3/bucket/jobinfo_jumpit_v2.csv', 'path/in/s3/bucket/review_information_로민.csv', 'path/in/s3/bucket/review_information_롯데헬스케어.csv', 'path/in/s3/bucket/review_information_메이븐클라우드서비스.csv', 'path/in/s3/bucket/review_information_블랙탠저린.csv', 'path/in/s3/bucket/review_information_비포플레이.csv', 'path/in/s3/bucket/review_information_스윗코리아.csv', 'path/in/s3/bucket/review_information_엠아이티.csv', 'path/in/s3/bucket/review_information_오케스트로.csv', 'path/in/s3/bucket/review_information_월급쟁이부자들.csv', 'path/in/s3/bucket/review_information_제니스앤컴퍼니.csv', 'path/in/s3/bucket/review_information_파인더스.csv', 'path/in/s3/bucket/review_information_파킹클라우드.csv', 'path/in/s3/bucket/summary.csv', 'path/in/s3/bucket/review_information_제니스앤컴퍼니.csv', 'path/in/s3/bucket/review_information_제니스앤컴퍼니.csv', 'path/in/s3/bucket/review_information_메이븐클라우드서비스.csv', 'path/in/s3/bucket/review_information_엠아이티.csv', 'path/in/s3/bucket/review_information_스윗코리아.csv']
[2024-01-14T13:40:30.793+0000] {jobinfo_jobplanet.py:121} INFO - 파킹클라우드 파일이 없음
[2024-01-14T13:40:32.190+0000] {jobinfo_jobplanet.py:125} INFO - 파킹클라우드 검색을 위해 검색창에 입력했습니다.
[2024-01-14T13:40:34.413+0000] {jobinfo_jobplanet.py:128} INFO - 파킹클라우드 검색하기
[2024-01-14T13:40:35.475+0000] {jobinfo_jobplanet.py:133} INFO - 파킹클라우드 회사 정보를 알기 위해 상세정보 클릭합니다.
[2024-01-14T13:40:55.755+0000] {base.py:73} INFO - Using connection ID 's3_conn' for task execution.
[2024-01-14T13:40:55.888+0000] {jobinfo_jobplanet.py:624} INFO - File path/in/s3/bucket/review_information_파킹클라우드.csv uploaded to S3 successfully.
[2024-01-14T13:40:55.891+0000] {jobinfo_jobplanet.py:140} INFO - ['path/in/s3/bucket/jobinfo_jumpit.csv', 'path/in/s3/bucket/jobinfo_jumpit_v2.csv', 'path/in/s3/bucket/review_information_로민.csv', 'path/in/s3/bucket/review_information_롯데헬스케어.csv', 'path/in/s3/bucket/review_information_메이븐클라우드서비스.csv', 'path/in/s3/bucket/review_information_블랙탠저린.csv', 'path/in/s3/bucket/review_information_비포플레이.csv', 'path/in/s3/bucket/review_information_스윗코리아.csv', 'path/in/s3/bucket/review_information_엠아이티.csv', 'path/in/s3/bucket/review_information_오케스트로.csv', 'path/in/s3/bucket/review_information_월급쟁이부자들.csv', 'path/in/s3/bucket/review_information_제니스앤컴퍼니.csv', 'path/in/s3/bucket/review_information_파인더스.csv', 'path/in/s3/bucket/review_information_파킹클라우드.csv', 'path/in/s3/bucket/summary.csv', 'path/in/s3/bucket/review_information_제니스앤컴퍼니.csv', 'path/in/s3/bucket/review_information_제니스앤컴퍼니.csv', 'path/in/s3/bucket/review_information_메이븐클라우드서비스.csv', 'path/in/s3/bucket/review_information_엠아이티.csv', 'path/in/s3/bucket/review_information_스윗코리아.csv', 'path/in/s3/bucket/review_information_파킹클라우드.csv']
[2024-01-14T13:40:56.667+0000] {jobinfo_jobplanet.py:121} INFO - 오케스트로 파일이 없음
[2024-01-14T13:40:58.093+0000] {jobinfo_jobplanet.py:125} INFO - 오케스트로 검색을 위해 검색창에 입력했습니다.
[2024-01-14T13:41:01.446+0000] {jobinfo_jobplanet.py:128} INFO - 오케스트로 검색하기
[2024-01-14T13:41:02.059+0000] {jobinfo_jobplanet.py:133} INFO - 오케스트로 회사 정보를 알기 위해 상세정보 클릭합니다.
[2024-01-14T13:41:25.201+0000] {base.py:73} INFO - Using connection ID 's3_conn' for task execution.
[2024-01-14T13:41:25.295+0000] {jobinfo_jobplanet.py:624} INFO - File path/in/s3/bucket/review_information_오케스트로.csv uploaded to S3 successfully.
[2024-01-14T13:41:25.298+0000] {jobinfo_jobplanet.py:140} INFO - ['path/in/s3/bucket/jobinfo_jumpit.csv', 'path/in/s3/bucket/jobinfo_jumpit_v2.csv', 'path/in/s3/bucket/review_information_로민.csv', 'path/in/s3/bucket/review_information_롯데헬스케어.csv', 'path/in/s3/bucket/review_information_메이븐클라우드서비스.csv', 'path/in/s3/bucket/review_information_블랙탠저린.csv', 'path/in/s3/bucket/review_information_비포플레이.csv', 'path/in/s3/bucket/review_information_스윗코리아.csv', 'path/in/s3/bucket/review_information_엠아이티.csv', 'path/in/s3/bucket/review_information_오케스트로.csv', 'path/in/s3/bucket/review_information_월급쟁이부자들.csv', 'path/in/s3/bucket/review_information_제니스앤컴퍼니.csv', 'path/in/s3/bucket/review_information_파인더스.csv', 'path/in/s3/bucket/review_information_파킹클라우드.csv', 'path/in/s3/bucket/summary.csv', 'path/in/s3/bucket/review_information_제니스앤컴퍼니.csv', 'path/in/s3/bucket/review_information_제니스앤컴퍼니.csv', 'path/in/s3/bucket/review_information_메이븐클라우드서비스.csv', 'path/in/s3/bucket/review_information_엠아이티.csv', 'path/in/s3/bucket/review_information_스윗코리아.csv', 'path/in/s3/bucket/review_information_파킹클라우드.csv', 'path/in/s3/bucket/review_information_오케스트로.csv']
[2024-01-14T13:41:25.304+0000] {jobinfo_jobplanet.py:121} INFO - 오케스트로 파일이 없음
[2024-01-14T13:41:25.726+0000] {jobinfo_jobplanet.py:125} INFO - 오케스트로 검색을 위해 검색창에 입력했습니다.
[2024-01-14T13:41:30.754+0000] {jobinfo_jobplanet.py:128} INFO - 오케스트로 검색하기
[2024-01-14T13:41:31.730+0000] {jobinfo_jobplanet.py:133} INFO - 오케스트로 회사 정보를 알기 위해 상세정보 클릭합니다.
[2024-01-14T13:41:53.362+0000] {base.py:73} INFO - Using connection ID 's3_conn' for task execution.
[2024-01-14T13:41:53.495+0000] {jobinfo_jobplanet.py:624} INFO - File path/in/s3/bucket/review_information_오케스트로.csv uploaded to S3 successfully.
[2024-01-14T13:41:53.496+0000] {jobinfo_jobplanet.py:140} INFO - ['path/in/s3/bucket/jobinfo_jumpit.csv', 'path/in/s3/bucket/jobinfo_jumpit_v2.csv', 'path/in/s3/bucket/review_information_로민.csv', 'path/in/s3/bucket/review_information_롯데헬스케어.csv', 'path/in/s3/bucket/review_information_메이븐클라우드서비스.csv', 'path/in/s3/bucket/review_information_블랙탠저린.csv', 'path/in/s3/bucket/review_information_비포플레이.csv', 'path/in/s3/bucket/review_information_스윗코리아.csv', 'path/in/s3/bucket/review_information_엠아이티.csv', 'path/in/s3/bucket/review_information_오케스트로.csv', 'path/in/s3/bucket/review_information_월급쟁이부자들.csv', 'path/in/s3/bucket/review_information_제니스앤컴퍼니.csv', 'path/in/s3/bucket/review_information_파인더스.csv', 'path/in/s3/bucket/review_information_파킹클라우드.csv', 'path/in/s3/bucket/summary.csv', 'path/in/s3/bucket/review_information_제니스앤컴퍼니.csv', 'path/in/s3/bucket/review_information_제니스앤컴퍼니.csv', 'path/in/s3/bucket/review_information_메이븐클라우드서비스.csv', 'path/in/s3/bucket/review_information_엠아이티.csv', 'path/in/s3/bucket/review_information_스윗코리아.csv', 'path/in/s3/bucket/review_information_파킹클라우드.csv', 'path/in/s3/bucket/review_information_오케스트로.csv', 'path/in/s3/bucket/review_information_오케스트로.csv']
[2024-01-14T13:41:53.505+0000] {jobinfo_jobplanet.py:121} INFO - 오케스트로 파일이 없음
[2024-01-14T13:41:53.880+0000] {jobinfo_jobplanet.py:125} INFO - 오케스트로 검색을 위해 검색창에 입력했습니다.
[2024-01-14T13:41:54.722+0000] {jobinfo_jobplanet.py:139} INFO - 오케스트로의 정보는 없어서 파일 생성을 못한다.
[2024-01-14T13:41:54.723+0000] {jobinfo_jobplanet.py:140} INFO - ['path/in/s3/bucket/jobinfo_jumpit.csv', 'path/in/s3/bucket/jobinfo_jumpit_v2.csv', 'path/in/s3/bucket/review_information_로민.csv', 'path/in/s3/bucket/review_information_롯데헬스케어.csv', 'path/in/s3/bucket/review_information_메이븐클라우드서비스.csv', 'path/in/s3/bucket/review_information_블랙탠저린.csv', 'path/in/s3/bucket/review_information_비포플레이.csv', 'path/in/s3/bucket/review_information_스윗코리아.csv', 'path/in/s3/bucket/review_information_엠아이티.csv', 'path/in/s3/bucket/review_information_오케스트로.csv', 'path/in/s3/bucket/review_information_월급쟁이부자들.csv', 'path/in/s3/bucket/review_information_제니스앤컴퍼니.csv', 'path/in/s3/bucket/review_information_파인더스.csv', 'path/in/s3/bucket/review_information_파킹클라우드.csv', 'path/in/s3/bucket/summary.csv', 'path/in/s3/bucket/review_information_제니스앤컴퍼니.csv', 'path/in/s3/bucket/review_information_제니스앤컴퍼니.csv', 'path/in/s3/bucket/review_information_메이븐클라우드서비스.csv', 'path/in/s3/bucket/review_information_엠아이티.csv', 'path/in/s3/bucket/review_information_스윗코리아.csv', 'path/in/s3/bucket/review_information_파킹클라우드.csv', 'path/in/s3/bucket/review_information_오케스트로.csv', 'path/in/s3/bucket/review_information_오케스트로.csv']
[2024-01-14T13:41:54.981+0000] {jobinfo_jobplanet.py:121} INFO - 오케스트로 파일이 없음
[2024-01-14T13:41:55.637+0000] {jobinfo_jobplanet.py:125} INFO - 오케스트로 검색을 위해 검색창에 입력했습니다.
[2024-01-14T13:41:59.362+0000] {jobinfo_jobplanet.py:128} INFO - 오케스트로 검색하기
[2024-01-14T13:42:00.103+0000] {jobinfo_jobplanet.py:133} INFO - 오케스트로 회사 정보를 알기 위해 상세정보 클릭합니다.
[2024-01-14T13:42:24.044+0000] {base.py:73} INFO - Using connection ID 's3_conn' for task execution.
[2024-01-14T13:42:24.162+0000] {jobinfo_jobplanet.py:624} INFO - File path/in/s3/bucket/review_information_오케스트로.csv uploaded to S3 successfully.
[2024-01-14T13:42:24.164+0000] {jobinfo_jobplanet.py:140} INFO - ['path/in/s3/bucket/jobinfo_jumpit.csv', 'path/in/s3/bucket/jobinfo_jumpit_v2.csv', 'path/in/s3/bucket/review_information_로민.csv', 'path/in/s3/bucket/review_information_롯데헬스케어.csv', 'path/in/s3/bucket/review_information_메이븐클라우드서비스.csv', 'path/in/s3/bucket/review_information_블랙탠저린.csv', 'path/in/s3/bucket/review_information_비포플레이.csv', 'path/in/s3/bucket/review_information_스윗코리아.csv', 'path/in/s3/bucket/review_information_엠아이티.csv', 'path/in/s3/bucket/review_information_오케스트로.csv', 'path/in/s3/bucket/review_information_월급쟁이부자들.csv', 'path/in/s3/bucket/review_information_제니스앤컴퍼니.csv', 'path/in/s3/bucket/review_information_파인더스.csv', 'path/in/s3/bucket/review_information_파킹클라우드.csv', 'path/in/s3/bucket/summary.csv', 'path/in/s3/bucket/review_information_제니스앤컴퍼니.csv', 'path/in/s3/bucket/review_information_제니스앤컴퍼니.csv', 'path/in/s3/bucket/review_information_메이븐클라우드서비스.csv', 'path/in/s3/bucket/review_information_엠아이티.csv', 'path/in/s3/bucket/review_information_스윗코리아.csv', 'path/in/s3/bucket/review_information_파킹클라우드.csv', 'path/in/s3/bucket/review_information_오케스트로.csv', 'path/in/s3/bucket/review_information_오케스트로.csv', 'path/in/s3/bucket/review_information_오케스트로.csv']
[2024-01-14T13:42:24.168+0000] {jobinfo_jobplanet.py:121} INFO - 오케스트로 파일이 없음
[2024-01-14T13:42:24.887+0000] {jobinfo_jobplanet.py:125} INFO - 오케스트로 검색을 위해 검색창에 입력했습니다.
[2024-01-14T13:42:25.643+0000] {jobinfo_jobplanet.py:139} INFO - 오케스트로의 정보는 없어서 파일 생성을 못한다.
[2024-01-14T13:42:25.643+0000] {jobinfo_jobplanet.py:140} INFO - ['path/in/s3/bucket/jobinfo_jumpit.csv', 'path/in/s3/bucket/jobinfo_jumpit_v2.csv', 'path/in/s3/bucket/review_information_로민.csv', 'path/in/s3/bucket/review_information_롯데헬스케어.csv', 'path/in/s3/bucket/review_information_메이븐클라우드서비스.csv', 'path/in/s3/bucket/review_information_블랙탠저린.csv', 'path/in/s3/bucket/review_information_비포플레이.csv', 'path/in/s3/bucket/review_information_스윗코리아.csv', 'path/in/s3/bucket/review_information_엠아이티.csv', 'path/in/s3/bucket/review_information_오케스트로.csv', 'path/in/s3/bucket/review_information_월급쟁이부자들.csv', 'path/in/s3/bucket/review_information_제니스앤컴퍼니.csv', 'path/in/s3/bucket/review_information_파인더스.csv', 'path/in/s3/bucket/review_information_파킹클라우드.csv', 'path/in/s3/bucket/summary.csv', 'path/in/s3/bucket/review_information_제니스앤컴퍼니.csv', 'path/in/s3/bucket/review_information_제니스앤컴퍼니.csv', 'path/in/s3/bucket/review_information_메이븐클라우드서비스.csv', 'path/in/s3/bucket/review_information_엠아이티.csv', 'path/in/s3/bucket/review_information_스윗코리아.csv', 'path/in/s3/bucket/review_information_파킹클라우드.csv', 'path/in/s3/bucket/review_information_오케스트로.csv', 'path/in/s3/bucket/review_information_오케스트로.csv', 'path/in/s3/bucket/review_information_오케스트로.csv']
[2024-01-14T13:42:25.767+0000] {jobinfo_jobplanet.py:121} INFO - 월급쟁이부자들 파일이 없음
[2024-01-14T13:42:26.515+0000] {jobinfo_jobplanet.py:125} INFO - 월급쟁이부자들 검색을 위해 검색창에 입력했습니다.
[2024-01-14T13:42:29.567+0000] {jobinfo_jobplanet.py:128} INFO - 월급쟁이부자들 검색하기
[2024-01-14T13:42:31.449+0000] {jobinfo_jobplanet.py:133} INFO - 월급쟁이부자들 회사 정보를 알기 위해 상세정보 클릭합니다.
[2024-01-14T13:42:55.497+0000] {base.py:73} INFO - Using connection ID 's3_conn' for task execution.
[2024-01-14T13:42:55.617+0000] {jobinfo_jobplanet.py:624} INFO - File path/in/s3/bucket/review_information_월급쟁이부자들.csv uploaded to S3 successfully.
[2024-01-14T13:42:55.619+0000] {jobinfo_jobplanet.py:140} INFO - ['path/in/s3/bucket/jobinfo_jumpit.csv', 'path/in/s3/bucket/jobinfo_jumpit_v2.csv', 'path/in/s3/bucket/review_information_로민.csv', 'path/in/s3/bucket/review_information_롯데헬스케어.csv', 'path/in/s3/bucket/review_information_메이븐클라우드서비스.csv', 'path/in/s3/bucket/review_information_블랙탠저린.csv', 'path/in/s3/bucket/review_information_비포플레이.csv', 'path/in/s3/bucket/review_information_스윗코리아.csv', 'path/in/s3/bucket/review_information_엠아이티.csv', 'path/in/s3/bucket/review_information_오케스트로.csv', 'path/in/s3/bucket/review_information_월급쟁이부자들.csv', 'path/in/s3/bucket/review_information_제니스앤컴퍼니.csv', 'path/in/s3/bucket/review_information_파인더스.csv', 'path/in/s3/bucket/review_information_파킹클라우드.csv', 'path/in/s3/bucket/summary.csv', 'path/in/s3/bucket/review_information_제니스앤컴퍼니.csv', 'path/in/s3/bucket/review_information_제니스앤컴퍼니.csv', 'path/in/s3/bucket/review_information_메이븐클라우드서비스.csv', 'path/in/s3/bucket/review_information_엠아이티.csv', 'path/in/s3/bucket/review_information_스윗코리아.csv', 'path/in/s3/bucket/review_information_파킹클라우드.csv', 'path/in/s3/bucket/review_information_오케스트로.csv', 'path/in/s3/bucket/review_information_오케스트로.csv', 'path/in/s3/bucket/review_information_오케스트로.csv', 'path/in/s3/bucket/review_information_월급쟁이부자들.csv']
[2024-01-14T13:42:55.626+0000] {jobinfo_jobplanet.py:121} INFO - 월급쟁이부자들 파일이 없음
[2024-01-14T13:42:55.979+0000] {jobinfo_jobplanet.py:125} INFO - 월급쟁이부자들 검색을 위해 검색창에 입력했습니다.
[2024-01-14T13:42:59.228+0000] {jobinfo_jobplanet.py:128} INFO - 월급쟁이부자들 검색하기
[2024-01-14T13:42:59.532+0000] {jobinfo_jobplanet.py:133} INFO - 월급쟁이부자들 회사 정보를 알기 위해 상세정보 클릭합니다.
[2024-01-14T13:43:21.536+0000] {base.py:73} INFO - Using connection ID 's3_conn' for task execution.
[2024-01-14T13:43:21.665+0000] {jobinfo_jobplanet.py:624} INFO - File path/in/s3/bucket/review_information_월급쟁이부자들.csv uploaded to S3 successfully.
[2024-01-14T13:43:21.667+0000] {jobinfo_jobplanet.py:140} INFO - ['path/in/s3/bucket/jobinfo_jumpit.csv', 'path/in/s3/bucket/jobinfo_jumpit_v2.csv', 'path/in/s3/bucket/review_information_로민.csv', 'path/in/s3/bucket/review_information_롯데헬스케어.csv', 'path/in/s3/bucket/review_information_메이븐클라우드서비스.csv', 'path/in/s3/bucket/review_information_블랙탠저린.csv', 'path/in/s3/bucket/review_information_비포플레이.csv', 'path/in/s3/bucket/review_information_스윗코리아.csv', 'path/in/s3/bucket/review_information_엠아이티.csv', 'path/in/s3/bucket/review_information_오케스트로.csv', 'path/in/s3/bucket/review_information_월급쟁이부자들.csv', 'path/in/s3/bucket/review_information_제니스앤컴퍼니.csv', 'path/in/s3/bucket/review_information_파인더스.csv', 'path/in/s3/bucket/review_information_파킹클라우드.csv', 'path/in/s3/bucket/summary.csv', 'path/in/s3/bucket/review_information_제니스앤컴퍼니.csv', 'path/in/s3/bucket/review_information_제니스앤컴퍼니.csv', 'path/in/s3/bucket/review_information_메이븐클라우드서비스.csv', 'path/in/s3/bucket/review_information_엠아이티.csv', 'path/in/s3/bucket/review_information_스윗코리아.csv', 'path/in/s3/bucket/review_information_파킹클라우드.csv', 'path/in/s3/bucket/review_information_오케스트로.csv', 'path/in/s3/bucket/review_information_오케스트로.csv', 'path/in/s3/bucket/review_information_오케스트로.csv', 'path/in/s3/bucket/review_information_월급쟁이부자들.csv', 'path/in/s3/bucket/review_information_월급쟁이부자들.csv']
[2024-01-14T13:43:21.683+0000] {jobinfo_jobplanet.py:121} INFO - 로민 파일이 없음
[2024-01-14T13:43:22.161+0000] {jobinfo_jobplanet.py:125} INFO - 로민 검색을 위해 검색창에 입력했습니다.
[2024-01-14T13:43:24.756+0000] {jobinfo_jobplanet.py:128} INFO - 로민 검색하기
[2024-01-14T13:43:26.721+0000] {jobinfo_jobplanet.py:133} INFO - 로민 회사 정보를 알기 위해 상세정보 클릭합니다.
[2024-01-14T13:43:49.385+0000] {base.py:73} INFO - Using connection ID 's3_conn' for task execution.
[2024-01-14T13:43:49.488+0000] {jobinfo_jobplanet.py:624} INFO - File path/in/s3/bucket/review_information_로민.csv uploaded to S3 successfully.
[2024-01-14T13:43:49.491+0000] {jobinfo_jobplanet.py:140} INFO - ['path/in/s3/bucket/jobinfo_jumpit.csv', 'path/in/s3/bucket/jobinfo_jumpit_v2.csv', 'path/in/s3/bucket/review_information_로민.csv', 'path/in/s3/bucket/review_information_롯데헬스케어.csv', 'path/in/s3/bucket/review_information_메이븐클라우드서비스.csv', 'path/in/s3/bucket/review_information_블랙탠저린.csv', 'path/in/s3/bucket/review_information_비포플레이.csv', 'path/in/s3/bucket/review_information_스윗코리아.csv', 'path/in/s3/bucket/review_information_엠아이티.csv', 'path/in/s3/bucket/review_information_오케스트로.csv', 'path/in/s3/bucket/review_information_월급쟁이부자들.csv', 'path/in/s3/bucket/review_information_제니스앤컴퍼니.csv', 'path/in/s3/bucket/review_information_파인더스.csv', 'path/in/s3/bucket/review_information_파킹클라우드.csv', 'path/in/s3/bucket/summary.csv', 'path/in/s3/bucket/review_information_제니스앤컴퍼니.csv', 'path/in/s3/bucket/review_information_제니스앤컴퍼니.csv', 'path/in/s3/bucket/review_information_메이븐클라우드서비스.csv', 'path/in/s3/bucket/review_information_엠아이티.csv', 'path/in/s3/bucket/review_information_스윗코리아.csv', 'path/in/s3/bucket/review_information_파킹클라우드.csv', 'path/in/s3/bucket/review_information_오케스트로.csv', 'path/in/s3/bucket/review_information_오케스트로.csv', 'path/in/s3/bucket/review_information_오케스트로.csv', 'path/in/s3/bucket/review_information_월급쟁이부자들.csv', 'path/in/s3/bucket/review_information_월급쟁이부자들.csv', 'path/in/s3/bucket/review_information_로민.csv']
[2024-01-14T13:43:49.505+0000] {jobinfo_jobplanet.py:121} INFO - 블랙탠저린 파일이 없음
[2024-01-14T13:43:50.020+0000] {jobinfo_jobplanet.py:125} INFO - 블랙탠저린 검색을 위해 검색창에 입력했습니다.
[2024-01-14T13:43:55.280+0000] {jobinfo_jobplanet.py:128} INFO - 블랙탠저린 검색하기
[2024-01-14T13:43:56.408+0000] {jobinfo_jobplanet.py:133} INFO - 블랙탠저린 회사 정보를 알기 위해 상세정보 클릭합니다.
[2024-01-14T13:44:15.575+0000] {base.py:73} INFO - Using connection ID 's3_conn' for task execution.
[2024-01-14T13:44:15.693+0000] {jobinfo_jobplanet.py:624} INFO - File path/in/s3/bucket/review_information_블랙탠저린.csv uploaded to S3 successfully.
[2024-01-14T13:44:15.694+0000] {jobinfo_jobplanet.py:140} INFO - ['path/in/s3/bucket/jobinfo_jumpit.csv', 'path/in/s3/bucket/jobinfo_jumpit_v2.csv', 'path/in/s3/bucket/review_information_로민.csv', 'path/in/s3/bucket/review_information_롯데헬스케어.csv', 'path/in/s3/bucket/review_information_메이븐클라우드서비스.csv', 'path/in/s3/bucket/review_information_블랙탠저린.csv', 'path/in/s3/bucket/review_information_비포플레이.csv', 'path/in/s3/bucket/review_information_스윗코리아.csv', 'path/in/s3/bucket/review_information_엠아이티.csv', 'path/in/s3/bucket/review_information_오케스트로.csv', 'path/in/s3/bucket/review_information_월급쟁이부자들.csv', 'path/in/s3/bucket/review_information_제니스앤컴퍼니.csv', 'path/in/s3/bucket/review_information_파인더스.csv', 'path/in/s3/bucket/review_information_파킹클라우드.csv', 'path/in/s3/bucket/summary.csv', 'path/in/s3/bucket/review_information_제니스앤컴퍼니.csv', 'path/in/s3/bucket/review_information_제니스앤컴퍼니.csv', 'path/in/s3/bucket/review_information_메이븐클라우드서비스.csv', 'path/in/s3/bucket/review_information_엠아이티.csv', 'path/in/s3/bucket/review_information_스윗코리아.csv', 'path/in/s3/bucket/review_information_파킹클라우드.csv', 'path/in/s3/bucket/review_information_오케스트로.csv', 'path/in/s3/bucket/review_information_오케스트로.csv', 'path/in/s3/bucket/review_information_오케스트로.csv', 'path/in/s3/bucket/review_information_월급쟁이부자들.csv', 'path/in/s3/bucket/review_information_월급쟁이부자들.csv', 'path/in/s3/bucket/review_information_로민.csv', 'path/in/s3/bucket/review_information_블랙탠저린.csv']
[2024-01-14T13:44:15.700+0000] {jobinfo_jobplanet.py:121} INFO - 파인더스 파일이 없음
[2024-01-14T13:44:16.078+0000] {jobinfo_jobplanet.py:125} INFO - 파인더스 검색을 위해 검색창에 입력했습니다.
[2024-01-14T13:44:22.749+0000] {jobinfo_jobplanet.py:128} INFO - 파인더스 검색하기
[2024-01-14T13:44:24.293+0000] {jobinfo_jobplanet.py:133} INFO - 파인더스 회사 정보를 알기 위해 상세정보 클릭합니다.
[2024-01-14T13:44:48.506+0000] {base.py:73} INFO - Using connection ID 's3_conn' for task execution.
[2024-01-14T13:44:48.639+0000] {jobinfo_jobplanet.py:624} INFO - File path/in/s3/bucket/review_information_파인더스.csv uploaded to S3 successfully.
[2024-01-14T13:44:48.641+0000] {jobinfo_jobplanet.py:140} INFO - ['path/in/s3/bucket/jobinfo_jumpit.csv', 'path/in/s3/bucket/jobinfo_jumpit_v2.csv', 'path/in/s3/bucket/review_information_로민.csv', 'path/in/s3/bucket/review_information_롯데헬스케어.csv', 'path/in/s3/bucket/review_information_메이븐클라우드서비스.csv', 'path/in/s3/bucket/review_information_블랙탠저린.csv', 'path/in/s3/bucket/review_information_비포플레이.csv', 'path/in/s3/bucket/review_information_스윗코리아.csv', 'path/in/s3/bucket/review_information_엠아이티.csv', 'path/in/s3/bucket/review_information_오케스트로.csv', 'path/in/s3/bucket/review_information_월급쟁이부자들.csv', 'path/in/s3/bucket/review_information_제니스앤컴퍼니.csv', 'path/in/s3/bucket/review_information_파인더스.csv', 'path/in/s3/bucket/review_information_파킹클라우드.csv', 'path/in/s3/bucket/summary.csv', 'path/in/s3/bucket/review_information_제니스앤컴퍼니.csv', 'path/in/s3/bucket/review_information_제니스앤컴퍼니.csv', 'path/in/s3/bucket/review_information_메이븐클라우드서비스.csv', 'path/in/s3/bucket/review_information_엠아이티.csv', 'path/in/s3/bucket/review_information_스윗코리아.csv', 'path/in/s3/bucket/review_information_파킹클라우드.csv', 'path/in/s3/bucket/review_information_오케스트로.csv', 'path/in/s3/bucket/review_information_오케스트로.csv', 'path/in/s3/bucket/review_information_오케스트로.csv', 'path/in/s3/bucket/review_information_월급쟁이부자들.csv', 'path/in/s3/bucket/review_information_월급쟁이부자들.csv', 'path/in/s3/bucket/review_information_로민.csv', 'path/in/s3/bucket/review_information_블랙탠저린.csv', 'path/in/s3/bucket/review_information_파인더스.csv']
[2024-01-14T13:44:48.674+0000] {jobinfo_jobplanet.py:121} INFO - 론픽 파일이 없음
[2024-01-14T13:44:49.031+0000] {jobinfo_jobplanet.py:125} INFO - 론픽 검색을 위해 검색창에 입력했습니다.
[2024-01-14T13:44:51.419+0000] {jobinfo_jobplanet.py:128} INFO - 론픽 검색하기
[2024-01-14T13:44:52.259+0000] {jobinfo_jobplanet.py:133} INFO - 론픽 회사 정보를 알기 위해 상세정보 클릭합니다.
[2024-01-14T13:45:10.173+0000] {base.py:73} INFO - Using connection ID 's3_conn' for task execution.
[2024-01-14T13:45:10.180+0000] {jobinfo_jobplanet.py:626} INFO - Error uploading file to S3: 'int' object has no attribute 'to_csv'
[2024-01-14T13:45:10.181+0000] {jobinfo_jobplanet.py:140} INFO - ['path/in/s3/bucket/jobinfo_jumpit.csv', 'path/in/s3/bucket/jobinfo_jumpit_v2.csv', 'path/in/s3/bucket/review_information_로민.csv', 'path/in/s3/bucket/review_information_롯데헬스케어.csv', 'path/in/s3/bucket/review_information_메이븐클라우드서비스.csv', 'path/in/s3/bucket/review_information_블랙탠저린.csv', 'path/in/s3/bucket/review_information_비포플레이.csv', 'path/in/s3/bucket/review_information_스윗코리아.csv', 'path/in/s3/bucket/review_information_엠아이티.csv', 'path/in/s3/bucket/review_information_오케스트로.csv', 'path/in/s3/bucket/review_information_월급쟁이부자들.csv', 'path/in/s3/bucket/review_information_제니스앤컴퍼니.csv', 'path/in/s3/bucket/review_information_파인더스.csv', 'path/in/s3/bucket/review_information_파킹클라우드.csv', 'path/in/s3/bucket/summary.csv', 'path/in/s3/bucket/review_information_제니스앤컴퍼니.csv', 'path/in/s3/bucket/review_information_제니스앤컴퍼니.csv', 'path/in/s3/bucket/review_information_메이븐클라우드서비스.csv', 'path/in/s3/bucket/review_information_엠아이티.csv', 'path/in/s3/bucket/review_information_스윗코리아.csv', 'path/in/s3/bucket/review_information_파킹클라우드.csv', 'path/in/s3/bucket/review_information_오케스트로.csv', 'path/in/s3/bucket/review_information_오케스트로.csv', 'path/in/s3/bucket/review_information_오케스트로.csv', 'path/in/s3/bucket/review_information_월급쟁이부자들.csv', 'path/in/s3/bucket/review_information_월급쟁이부자들.csv', 'path/in/s3/bucket/review_information_로민.csv', 'path/in/s3/bucket/review_information_블랙탠저린.csv', 'path/in/s3/bucket/review_information_파인더스.csv', 'path/in/s3/bucket/review_information_론픽.csv']
[2024-01-14T13:45:10.193+0000] {jobinfo_jobplanet.py:121} INFO - 비포플레이 파일이 없음
[2024-01-14T13:45:10.778+0000] {jobinfo_jobplanet.py:125} INFO - 비포플레이 검색을 위해 검색창에 입력했습니다.
[2024-01-14T13:45:14.458+0000] {jobinfo_jobplanet.py:128} INFO - 비포플레이 검색하기
[2024-01-14T13:45:16.590+0000] {jobinfo_jobplanet.py:133} INFO - 비포플레이 회사 정보를 알기 위해 상세정보 클릭합니다.
[2024-01-14T13:45:30.887+0000] {base.py:73} INFO - Using connection ID 's3_conn' for task execution.
[2024-01-14T13:45:30.988+0000] {jobinfo_jobplanet.py:624} INFO - File path/in/s3/bucket/review_information_비포플레이.csv uploaded to S3 successfully.
[2024-01-14T13:45:30.989+0000] {jobinfo_jobplanet.py:140} INFO - ['path/in/s3/bucket/jobinfo_jumpit.csv', 'path/in/s3/bucket/jobinfo_jumpit_v2.csv', 'path/in/s3/bucket/review_information_로민.csv', 'path/in/s3/bucket/review_information_롯데헬스케어.csv', 'path/in/s3/bucket/review_information_메이븐클라우드서비스.csv', 'path/in/s3/bucket/review_information_블랙탠저린.csv', 'path/in/s3/bucket/review_information_비포플레이.csv', 'path/in/s3/bucket/review_information_스윗코리아.csv', 'path/in/s3/bucket/review_information_엠아이티.csv', 'path/in/s3/bucket/review_information_오케스트로.csv', 'path/in/s3/bucket/review_information_월급쟁이부자들.csv', 'path/in/s3/bucket/review_information_제니스앤컴퍼니.csv', 'path/in/s3/bucket/review_information_파인더스.csv', 'path/in/s3/bucket/review_information_파킹클라우드.csv', 'path/in/s3/bucket/summary.csv', 'path/in/s3/bucket/review_information_제니스앤컴퍼니.csv', 'path/in/s3/bucket/review_information_제니스앤컴퍼니.csv', 'path/in/s3/bucket/review_information_메이븐클라우드서비스.csv', 'path/in/s3/bucket/review_information_엠아이티.csv', 'path/in/s3/bucket/review_information_스윗코리아.csv', 'path/in/s3/bucket/review_information_파킹클라우드.csv', 'path/in/s3/bucket/review_information_오케스트로.csv', 'path/in/s3/bucket/review_information_오케스트로.csv', 'path/in/s3/bucket/review_information_오케스트로.csv', 'path/in/s3/bucket/review_information_월급쟁이부자들.csv', 'path/in/s3/bucket/review_information_월급쟁이부자들.csv', 'path/in/s3/bucket/review_information_로민.csv', 'path/in/s3/bucket/review_information_블랙탠저린.csv', 'path/in/s3/bucket/review_information_파인더스.csv', 'path/in/s3/bucket/review_information_론픽.csv', 'path/in/s3/bucket/review_information_비포플레이.csv']
[2024-01-14T13:45:31.374+0000] {jobinfo_jobplanet.py:121} INFO - 롯데헬스케어 파일이 없음
[2024-01-14T13:45:32.338+0000] {jobinfo_jobplanet.py:125} INFO - 롯데헬스케어 검색을 위해 검색창에 입력했습니다.
[2024-01-14T13:45:36.496+0000] {jobinfo_jobplanet.py:128} INFO - 롯데헬스케어 검색하기
[2024-01-14T13:45:37.230+0000] {jobinfo_jobplanet.py:133} INFO - 롯데헬스케어 회사 정보를 알기 위해 상세정보 클릭합니다.
[2024-01-14T13:45:56.813+0000] {base.py:73} INFO - Using connection ID 's3_conn' for task execution.
[2024-01-14T13:45:56.942+0000] {jobinfo_jobplanet.py:624} INFO - File path/in/s3/bucket/review_information_롯데헬스케어.csv uploaded to S3 successfully.
[2024-01-14T13:45:56.943+0000] {jobinfo_jobplanet.py:140} INFO - ['path/in/s3/bucket/jobinfo_jumpit.csv', 'path/in/s3/bucket/jobinfo_jumpit_v2.csv', 'path/in/s3/bucket/review_information_로민.csv', 'path/in/s3/bucket/review_information_롯데헬스케어.csv', 'path/in/s3/bucket/review_information_메이븐클라우드서비스.csv', 'path/in/s3/bucket/review_information_블랙탠저린.csv', 'path/in/s3/bucket/review_information_비포플레이.csv', 'path/in/s3/bucket/review_information_스윗코리아.csv', 'path/in/s3/bucket/review_information_엠아이티.csv', 'path/in/s3/bucket/review_information_오케스트로.csv', 'path/in/s3/bucket/review_information_월급쟁이부자들.csv', 'path/in/s3/bucket/review_information_제니스앤컴퍼니.csv', 'path/in/s3/bucket/review_information_파인더스.csv', 'path/in/s3/bucket/review_information_파킹클라우드.csv', 'path/in/s3/bucket/summary.csv', 'path/in/s3/bucket/review_information_제니스앤컴퍼니.csv', 'path/in/s3/bucket/review_information_제니스앤컴퍼니.csv', 'path/in/s3/bucket/review_information_메이븐클라우드서비스.csv', 'path/in/s3/bucket/review_information_엠아이티.csv', 'path/in/s3/bucket/review_information_스윗코리아.csv', 'path/in/s3/bucket/review_information_파킹클라우드.csv', 'path/in/s3/bucket/review_information_오케스트로.csv', 'path/in/s3/bucket/review_information_오케스트로.csv', 'path/in/s3/bucket/review_information_오케스트로.csv', 'path/in/s3/bucket/review_information_월급쟁이부자들.csv', 'path/in/s3/bucket/review_information_월급쟁이부자들.csv', 'path/in/s3/bucket/review_information_로민.csv', 'path/in/s3/bucket/review_information_블랙탠저린.csv', 'path/in/s3/bucket/review_information_파인더스.csv', 'path/in/s3/bucket/review_information_론픽.csv', 'path/in/s3/bucket/review_information_비포플레이.csv', 'path/in/s3/bucket/review_information_롯데헬스케어.csv']
[2024-01-14T13:45:56.949+0000] {jobinfo_jobplanet.py:121} INFO - 롯데헬스케어 파일이 없음
[2024-01-14T13:45:57.287+0000] {jobinfo_jobplanet.py:125} INFO - 롯데헬스케어 검색을 위해 검색창에 입력했습니다.
[2024-01-14T13:46:00.995+0000] {jobinfo_jobplanet.py:128} INFO - 롯데헬스케어 검색하기
[2024-01-14T13:46:01.944+0000] {jobinfo_jobplanet.py:133} INFO - 롯데헬스케어 회사 정보를 알기 위해 상세정보 클릭합니다.
[2024-01-14T13:46:22.737+0000] {base.py:73} INFO - Using connection ID 's3_conn' for task execution.
[2024-01-14T13:46:22.879+0000] {jobinfo_jobplanet.py:624} INFO - File path/in/s3/bucket/review_information_롯데헬스케어.csv uploaded to S3 successfully.
[2024-01-14T13:46:22.880+0000] {jobinfo_jobplanet.py:140} INFO - ['path/in/s3/bucket/jobinfo_jumpit.csv', 'path/in/s3/bucket/jobinfo_jumpit_v2.csv', 'path/in/s3/bucket/review_information_로민.csv', 'path/in/s3/bucket/review_information_롯데헬스케어.csv', 'path/in/s3/bucket/review_information_메이븐클라우드서비스.csv', 'path/in/s3/bucket/review_information_블랙탠저린.csv', 'path/in/s3/bucket/review_information_비포플레이.csv', 'path/in/s3/bucket/review_information_스윗코리아.csv', 'path/in/s3/bucket/review_information_엠아이티.csv', 'path/in/s3/bucket/review_information_오케스트로.csv', 'path/in/s3/bucket/review_information_월급쟁이부자들.csv', 'path/in/s3/bucket/review_information_제니스앤컴퍼니.csv', 'path/in/s3/bucket/review_information_파인더스.csv', 'path/in/s3/bucket/review_information_파킹클라우드.csv', 'path/in/s3/bucket/summary.csv', 'path/in/s3/bucket/review_information_제니스앤컴퍼니.csv', 'path/in/s3/bucket/review_information_제니스앤컴퍼니.csv', 'path/in/s3/bucket/review_information_메이븐클라우드서비스.csv', 'path/in/s3/bucket/review_information_엠아이티.csv', 'path/in/s3/bucket/review_information_스윗코리아.csv', 'path/in/s3/bucket/review_information_파킹클라우드.csv', 'path/in/s3/bucket/review_information_오케스트로.csv', 'path/in/s3/bucket/review_information_오케스트로.csv', 'path/in/s3/bucket/review_information_오케스트로.csv', 'path/in/s3/bucket/review_information_월급쟁이부자들.csv', 'path/in/s3/bucket/review_information_월급쟁이부자들.csv', 'path/in/s3/bucket/review_information_로민.csv', 'path/in/s3/bucket/review_information_블랙탠저린.csv', 'path/in/s3/bucket/review_information_파인더스.csv', 'path/in/s3/bucket/review_information_론픽.csv', 'path/in/s3/bucket/review_information_비포플레이.csv', 'path/in/s3/bucket/review_information_롯데헬스케어.csv', 'path/in/s3/bucket/review_information_롯데헬스케어.csv']
[2024-01-14T13:46:22.885+0000] {jobinfo_jobplanet.py:121} INFO - 올라운드닥터스 파일이 없음
[2024-01-14T13:46:23.233+0000] {jobinfo_jobplanet.py:125} INFO - 올라운드닥터스 검색을 위해 검색창에 입력했습니다.
[2024-01-14T13:46:24.806+0000] {jobinfo_jobplanet.py:128} INFO - 올라운드닥터스 검색하기
[2024-01-14T13:46:26.864+0000] {jobinfo_jobplanet.py:139} INFO - 올라운드닥터스의 정보는 없어서 파일 생성을 못한다.
[2024-01-14T13:46:26.865+0000] {jobinfo_jobplanet.py:140} INFO - ['path/in/s3/bucket/jobinfo_jumpit.csv', 'path/in/s3/bucket/jobinfo_jumpit_v2.csv', 'path/in/s3/bucket/review_information_로민.csv', 'path/in/s3/bucket/review_information_롯데헬스케어.csv', 'path/in/s3/bucket/review_information_메이븐클라우드서비스.csv', 'path/in/s3/bucket/review_information_블랙탠저린.csv', 'path/in/s3/bucket/review_information_비포플레이.csv', 'path/in/s3/bucket/review_information_스윗코리아.csv', 'path/in/s3/bucket/review_information_엠아이티.csv', 'path/in/s3/bucket/review_information_오케스트로.csv', 'path/in/s3/bucket/review_information_월급쟁이부자들.csv', 'path/in/s3/bucket/review_information_제니스앤컴퍼니.csv', 'path/in/s3/bucket/review_information_파인더스.csv', 'path/in/s3/bucket/review_information_파킹클라우드.csv', 'path/in/s3/bucket/summary.csv', 'path/in/s3/bucket/review_information_제니스앤컴퍼니.csv', 'path/in/s3/bucket/review_information_제니스앤컴퍼니.csv', 'path/in/s3/bucket/review_information_메이븐클라우드서비스.csv', 'path/in/s3/bucket/review_information_엠아이티.csv', 'path/in/s3/bucket/review_information_스윗코리아.csv', 'path/in/s3/bucket/review_information_파킹클라우드.csv', 'path/in/s3/bucket/review_information_오케스트로.csv', 'path/in/s3/bucket/review_information_오케스트로.csv', 'path/in/s3/bucket/review_information_오케스트로.csv', 'path/in/s3/bucket/review_information_월급쟁이부자들.csv', 'path/in/s3/bucket/review_information_월급쟁이부자들.csv', 'path/in/s3/bucket/review_information_로민.csv', 'path/in/s3/bucket/review_information_블랙탠저린.csv', 'path/in/s3/bucket/review_information_파인더스.csv', 'path/in/s3/bucket/review_information_론픽.csv', 'path/in/s3/bucket/review_information_비포플레이.csv', 'path/in/s3/bucket/review_information_롯데헬스케어.csv', 'path/in/s3/bucket/review_information_롯데헬스케어.csv']
[2024-01-14T13:46:26.877+0000] {jobinfo_jobplanet.py:121} INFO - 와디즈 파일이 없음
[2024-01-14T13:46:27.229+0000] {jobinfo_jobplanet.py:125} INFO - 와디즈 검색을 위해 검색창에 입력했습니다.
[2024-01-14T13:46:29.968+0000] {jobinfo_jobplanet.py:128} INFO - 와디즈 검색하기
[2024-01-14T13:46:31.995+0000] {jobinfo_jobplanet.py:139} INFO - 와디즈의 정보는 없어서 파일 생성을 못한다.
[2024-01-14T13:46:31.996+0000] {jobinfo_jobplanet.py:140} INFO - ['path/in/s3/bucket/jobinfo_jumpit.csv', 'path/in/s3/bucket/jobinfo_jumpit_v2.csv', 'path/in/s3/bucket/review_information_로민.csv', 'path/in/s3/bucket/review_information_롯데헬스케어.csv', 'path/in/s3/bucket/review_information_메이븐클라우드서비스.csv', 'path/in/s3/bucket/review_information_블랙탠저린.csv', 'path/in/s3/bucket/review_information_비포플레이.csv', 'path/in/s3/bucket/review_information_스윗코리아.csv', 'path/in/s3/bucket/review_information_엠아이티.csv', 'path/in/s3/bucket/review_information_오케스트로.csv', 'path/in/s3/bucket/review_information_월급쟁이부자들.csv', 'path/in/s3/bucket/review_information_제니스앤컴퍼니.csv', 'path/in/s3/bucket/review_information_파인더스.csv', 'path/in/s3/bucket/review_information_파킹클라우드.csv', 'path/in/s3/bucket/summary.csv', 'path/in/s3/bucket/review_information_제니스앤컴퍼니.csv', 'path/in/s3/bucket/review_information_제니스앤컴퍼니.csv', 'path/in/s3/bucket/review_information_메이븐클라우드서비스.csv', 'path/in/s3/bucket/review_information_엠아이티.csv', 'path/in/s3/bucket/review_information_스윗코리아.csv', 'path/in/s3/bucket/review_information_파킹클라우드.csv', 'path/in/s3/bucket/review_information_오케스트로.csv', 'path/in/s3/bucket/review_information_오케스트로.csv', 'path/in/s3/bucket/review_information_오케스트로.csv', 'path/in/s3/bucket/review_information_월급쟁이부자들.csv', 'path/in/s3/bucket/review_information_월급쟁이부자들.csv', 'path/in/s3/bucket/review_information_로민.csv', 'path/in/s3/bucket/review_information_블랙탠저린.csv', 'path/in/s3/bucket/review_information_파인더스.csv', 'path/in/s3/bucket/review_information_론픽.csv', 'path/in/s3/bucket/review_information_비포플레이.csv', 'path/in/s3/bucket/review_information_롯데헬스케어.csv', 'path/in/s3/bucket/review_information_롯데헬스케어.csv']
[2024-01-14T13:46:32.014+0000] {jobinfo_jobplanet.py:121} INFO - 크리에이트립 파일이 없음
[2024-01-14T13:46:32.390+0000] {jobinfo_jobplanet.py:125} INFO - 크리에이트립 검색을 위해 검색창에 입력했습니다.
[2024-01-14T13:46:37.195+0000] {jobinfo_jobplanet.py:128} INFO - 크리에이트립 검색하기
[2024-01-14T13:46:39.239+0000] {jobinfo_jobplanet.py:139} INFO - 크리에이트립의 정보는 없어서 파일 생성을 못한다.
[2024-01-14T13:46:39.239+0000] {jobinfo_jobplanet.py:140} INFO - ['path/in/s3/bucket/jobinfo_jumpit.csv', 'path/in/s3/bucket/jobinfo_jumpit_v2.csv', 'path/in/s3/bucket/review_information_로민.csv', 'path/in/s3/bucket/review_information_롯데헬스케어.csv', 'path/in/s3/bucket/review_information_메이븐클라우드서비스.csv', 'path/in/s3/bucket/review_information_블랙탠저린.csv', 'path/in/s3/bucket/review_information_비포플레이.csv', 'path/in/s3/bucket/review_information_스윗코리아.csv', 'path/in/s3/bucket/review_information_엠아이티.csv', 'path/in/s3/bucket/review_information_오케스트로.csv', 'path/in/s3/bucket/review_information_월급쟁이부자들.csv', 'path/in/s3/bucket/review_information_제니스앤컴퍼니.csv', 'path/in/s3/bucket/review_information_파인더스.csv', 'path/in/s3/bucket/review_information_파킹클라우드.csv', 'path/in/s3/bucket/summary.csv', 'path/in/s3/bucket/review_information_제니스앤컴퍼니.csv', 'path/in/s3/bucket/review_information_제니스앤컴퍼니.csv', 'path/in/s3/bucket/review_information_메이븐클라우드서비스.csv', 'path/in/s3/bucket/review_information_엠아이티.csv', 'path/in/s3/bucket/review_information_스윗코리아.csv', 'path/in/s3/bucket/review_information_파킹클라우드.csv', 'path/in/s3/bucket/review_information_오케스트로.csv', 'path/in/s3/bucket/review_information_오케스트로.csv', 'path/in/s3/bucket/review_information_오케스트로.csv', 'path/in/s3/bucket/review_information_월급쟁이부자들.csv', 'path/in/s3/bucket/review_information_월급쟁이부자들.csv', 'path/in/s3/bucket/review_information_로민.csv', 'path/in/s3/bucket/review_information_블랙탠저린.csv', 'path/in/s3/bucket/review_information_파인더스.csv', 'path/in/s3/bucket/review_information_론픽.csv', 'path/in/s3/bucket/review_information_비포플레이.csv', 'path/in/s3/bucket/review_information_롯데헬스케어.csv', 'path/in/s3/bucket/review_information_롯데헬스케어.csv']
[2024-01-14T13:46:39.245+0000] {jobinfo_jobplanet.py:121} INFO - 데브툴즈 파일이 없음
[2024-01-14T13:46:39.585+0000] {jobinfo_jobplanet.py:125} INFO - 데브툴즈 검색을 위해 검색창에 입력했습니다.
[2024-01-14T13:46:41.938+0000] {jobinfo_jobplanet.py:128} INFO - 데브툴즈 검색하기
[2024-01-14T13:46:43.960+0000] {jobinfo_jobplanet.py:139} INFO - 데브툴즈의 정보는 없어서 파일 생성을 못한다.
[2024-01-14T13:46:43.960+0000] {jobinfo_jobplanet.py:140} INFO - ['path/in/s3/bucket/jobinfo_jumpit.csv', 'path/in/s3/bucket/jobinfo_jumpit_v2.csv', 'path/in/s3/bucket/review_information_로민.csv', 'path/in/s3/bucket/review_information_롯데헬스케어.csv', 'path/in/s3/bucket/review_information_메이븐클라우드서비스.csv', 'path/in/s3/bucket/review_information_블랙탠저린.csv', 'path/in/s3/bucket/review_information_비포플레이.csv', 'path/in/s3/bucket/review_information_스윗코리아.csv', 'path/in/s3/bucket/review_information_엠아이티.csv', 'path/in/s3/bucket/review_information_오케스트로.csv', 'path/in/s3/bucket/review_information_월급쟁이부자들.csv', 'path/in/s3/bucket/review_information_제니스앤컴퍼니.csv', 'path/in/s3/bucket/review_information_파인더스.csv', 'path/in/s3/bucket/review_information_파킹클라우드.csv', 'path/in/s3/bucket/summary.csv', 'path/in/s3/bucket/review_information_제니스앤컴퍼니.csv', 'path/in/s3/bucket/review_information_제니스앤컴퍼니.csv', 'path/in/s3/bucket/review_information_메이븐클라우드서비스.csv', 'path/in/s3/bucket/review_information_엠아이티.csv', 'path/in/s3/bucket/review_information_스윗코리아.csv', 'path/in/s3/bucket/review_information_파킹클라우드.csv', 'path/in/s3/bucket/review_information_오케스트로.csv', 'path/in/s3/bucket/review_information_오케스트로.csv', 'path/in/s3/bucket/review_information_오케스트로.csv', 'path/in/s3/bucket/review_information_월급쟁이부자들.csv', 'path/in/s3/bucket/review_information_월급쟁이부자들.csv', 'path/in/s3/bucket/review_information_로민.csv', 'path/in/s3/bucket/review_information_블랙탠저린.csv', 'path/in/s3/bucket/review_information_파인더스.csv', 'path/in/s3/bucket/review_information_론픽.csv', 'path/in/s3/bucket/review_information_비포플레이.csv', 'path/in/s3/bucket/review_information_롯데헬스케어.csv', 'path/in/s3/bucket/review_information_롯데헬스케어.csv']
[2024-01-14T13:46:43.965+0000] {jobinfo_jobplanet.py:121} INFO - 티니어 파일이 없음
[2024-01-14T13:46:44.281+0000] {jobinfo_jobplanet.py:125} INFO - 티니어 검색을 위해 검색창에 입력했습니다.
[2024-01-14T13:46:47.315+0000] {jobinfo_jobplanet.py:128} INFO - 티니어 검색하기
[2024-01-14T13:46:49.426+0000] {jobinfo_jobplanet.py:139} INFO - 티니어의 정보는 없어서 파일 생성을 못한다.
[2024-01-14T13:46:49.426+0000] {jobinfo_jobplanet.py:140} INFO - ['path/in/s3/bucket/jobinfo_jumpit.csv', 'path/in/s3/bucket/jobinfo_jumpit_v2.csv', 'path/in/s3/bucket/review_information_로민.csv', 'path/in/s3/bucket/review_information_롯데헬스케어.csv', 'path/in/s3/bucket/review_information_메이븐클라우드서비스.csv', 'path/in/s3/bucket/review_information_블랙탠저린.csv', 'path/in/s3/bucket/review_information_비포플레이.csv', 'path/in/s3/bucket/review_information_스윗코리아.csv', 'path/in/s3/bucket/review_information_엠아이티.csv', 'path/in/s3/bucket/review_information_오케스트로.csv', 'path/in/s3/bucket/review_information_월급쟁이부자들.csv', 'path/in/s3/bucket/review_information_제니스앤컴퍼니.csv', 'path/in/s3/bucket/review_information_파인더스.csv', 'path/in/s3/bucket/review_information_파킹클라우드.csv', 'path/in/s3/bucket/summary.csv', 'path/in/s3/bucket/review_information_제니스앤컴퍼니.csv', 'path/in/s3/bucket/review_information_제니스앤컴퍼니.csv', 'path/in/s3/bucket/review_information_메이븐클라우드서비스.csv', 'path/in/s3/bucket/review_information_엠아이티.csv', 'path/in/s3/bucket/review_information_스윗코리아.csv', 'path/in/s3/bucket/review_information_파킹클라우드.csv', 'path/in/s3/bucket/review_information_오케스트로.csv', 'path/in/s3/bucket/review_information_오케스트로.csv', 'path/in/s3/bucket/review_information_오케스트로.csv', 'path/in/s3/bucket/review_information_월급쟁이부자들.csv', 'path/in/s3/bucket/review_information_월급쟁이부자들.csv', 'path/in/s3/bucket/review_information_로민.csv', 'path/in/s3/bucket/review_information_블랙탠저린.csv', 'path/in/s3/bucket/review_information_파인더스.csv', 'path/in/s3/bucket/review_information_론픽.csv', 'path/in/s3/bucket/review_information_비포플레이.csv', 'path/in/s3/bucket/review_information_롯데헬스케어.csv', 'path/in/s3/bucket/review_information_롯데헬스케어.csv']
[2024-01-14T13:46:49.431+0000] {jobinfo_jobplanet.py:121} INFO - 키다리스튜디오 파일이 없음
[2024-01-14T13:46:49.853+0000] {jobinfo_jobplanet.py:125} INFO - 키다리스튜디오 검색을 위해 검색창에 입력했습니다.
[2024-01-14T13:46:51.796+0000] {jobinfo_jobplanet.py:128} INFO - 키다리스튜디오 검색하기
[2024-01-14T13:46:53.872+0000] {jobinfo_jobplanet.py:139} INFO - 키다리스튜디오의 정보는 없어서 파일 생성을 못한다.
[2024-01-14T13:46:53.872+0000] {jobinfo_jobplanet.py:140} INFO - ['path/in/s3/bucket/jobinfo_jumpit.csv', 'path/in/s3/bucket/jobinfo_jumpit_v2.csv', 'path/in/s3/bucket/review_information_로민.csv', 'path/in/s3/bucket/review_information_롯데헬스케어.csv', 'path/in/s3/bucket/review_information_메이븐클라우드서비스.csv', 'path/in/s3/bucket/review_information_블랙탠저린.csv', 'path/in/s3/bucket/review_information_비포플레이.csv', 'path/in/s3/bucket/review_information_스윗코리아.csv', 'path/in/s3/bucket/review_information_엠아이티.csv', 'path/in/s3/bucket/review_information_오케스트로.csv', 'path/in/s3/bucket/review_information_월급쟁이부자들.csv', 'path/in/s3/bucket/review_information_제니스앤컴퍼니.csv', 'path/in/s3/bucket/review_information_파인더스.csv', 'path/in/s3/bucket/review_information_파킹클라우드.csv', 'path/in/s3/bucket/summary.csv', 'path/in/s3/bucket/review_information_제니스앤컴퍼니.csv', 'path/in/s3/bucket/review_information_제니스앤컴퍼니.csv', 'path/in/s3/bucket/review_information_메이븐클라우드서비스.csv', 'path/in/s3/bucket/review_information_엠아이티.csv', 'path/in/s3/bucket/review_information_스윗코리아.csv', 'path/in/s3/bucket/review_information_파킹클라우드.csv', 'path/in/s3/bucket/review_information_오케스트로.csv', 'path/in/s3/bucket/review_information_오케스트로.csv', 'path/in/s3/bucket/review_information_오케스트로.csv', 'path/in/s3/bucket/review_information_월급쟁이부자들.csv', 'path/in/s3/bucket/review_information_월급쟁이부자들.csv', 'path/in/s3/bucket/review_information_로민.csv', 'path/in/s3/bucket/review_information_블랙탠저린.csv', 'path/in/s3/bucket/review_information_파인더스.csv', 'path/in/s3/bucket/review_information_론픽.csv', 'path/in/s3/bucket/review_information_비포플레이.csv', 'path/in/s3/bucket/review_information_롯데헬스케어.csv', 'path/in/s3/bucket/review_information_롯데헬스케어.csv']
[2024-01-14T13:46:53.877+0000] {jobinfo_jobplanet.py:121} INFO - 마크클라우드 파일이 없음
[2024-01-14T13:46:54.244+0000] {jobinfo_jobplanet.py:125} INFO - 마크클라우드 검색을 위해 검색창에 입력했습니다.
[2024-01-14T13:46:56.081+0000] {jobinfo_jobplanet.py:128} INFO - 마크클라우드 검색하기
[2024-01-14T13:46:58.101+0000] {jobinfo_jobplanet.py:139} INFO - 마크클라우드의 정보는 없어서 파일 생성을 못한다.
[2024-01-14T13:46:58.101+0000] {jobinfo_jobplanet.py:140} INFO - ['path/in/s3/bucket/jobinfo_jumpit.csv', 'path/in/s3/bucket/jobinfo_jumpit_v2.csv', 'path/in/s3/bucket/review_information_로민.csv', 'path/in/s3/bucket/review_information_롯데헬스케어.csv', 'path/in/s3/bucket/review_information_메이븐클라우드서비스.csv', 'path/in/s3/bucket/review_information_블랙탠저린.csv', 'path/in/s3/bucket/review_information_비포플레이.csv', 'path/in/s3/bucket/review_information_스윗코리아.csv', 'path/in/s3/bucket/review_information_엠아이티.csv', 'path/in/s3/bucket/review_information_오케스트로.csv', 'path/in/s3/bucket/review_information_월급쟁이부자들.csv', 'path/in/s3/bucket/review_information_제니스앤컴퍼니.csv', 'path/in/s3/bucket/review_information_파인더스.csv', 'path/in/s3/bucket/review_information_파킹클라우드.csv', 'path/in/s3/bucket/summary.csv', 'path/in/s3/bucket/review_information_제니스앤컴퍼니.csv', 'path/in/s3/bucket/review_information_제니스앤컴퍼니.csv', 'path/in/s3/bucket/review_information_메이븐클라우드서비스.csv', 'path/in/s3/bucket/review_information_엠아이티.csv', 'path/in/s3/bucket/review_information_스윗코리아.csv', 'path/in/s3/bucket/review_information_파킹클라우드.csv', 'path/in/s3/bucket/review_information_오케스트로.csv', 'path/in/s3/bucket/review_information_오케스트로.csv', 'path/in/s3/bucket/review_information_오케스트로.csv', 'path/in/s3/bucket/review_information_월급쟁이부자들.csv', 'path/in/s3/bucket/review_information_월급쟁이부자들.csv', 'path/in/s3/bucket/review_information_로민.csv', 'path/in/s3/bucket/review_information_블랙탠저린.csv', 'path/in/s3/bucket/review_information_파인더스.csv', 'path/in/s3/bucket/review_information_론픽.csv', 'path/in/s3/bucket/review_information_비포플레이.csv', 'path/in/s3/bucket/review_information_롯데헬스케어.csv', 'path/in/s3/bucket/review_information_롯데헬스케어.csv']
[2024-01-14T13:46:58.316+0000] {taskinstance.py:1768} ERROR - Task failed with exception
Traceback (most recent call last):
  File "/home/airflow/.local/lib/python3.7/site-packages/airflow/operators/python.py", line 175, in execute
    return_value = self.execute_callable()
  File "/home/airflow/.local/lib/python3.7/site-packages/airflow/operators/python.py", line 192, in execute_callable
    return self.python_callable(*self.op_args, **self.op_kwargs)
  File "/opt/airflow/dags/jobinfo_jobplanet.py", line 142, in jobplanet_login
    return driver
  File "/home/airflow/.local/lib/python3.7/site-packages/selenium/webdriver/remote/webdriver.py", line 220, in __exit__
    self.quit()
  File "/home/airflow/.local/lib/python3.7/site-packages/selenium/webdriver/remote/webdriver.py", line 467, in quit
    self.execute(Command.QUIT)
  File "/home/airflow/.local/lib/python3.7/site-packages/selenium/webdriver/remote/webdriver.py", line 345, in execute
    self.error_handler.check_response(response)
  File "/home/airflow/.local/lib/python3.7/site-packages/selenium/webdriver/remote/errorhandler.py", line 229, in check_response
    raise exception_class(message, screen, stacktrace)
selenium.common.exceptions.InvalidSessionIdException: Message: Unable to find session with ID: 326d8a24a6efc40c76b36fcd6d9385bb
Build info: version: '4.16.1', revision: '9b4c83354e'
System info: os.name: 'Linux', os.arch: 'amd64', os.version: '5.15.133.1-microsoft-standard-WSL2', java.version: '11.0.21'
Driver info: driver.version: unknown
Stacktrace:
org.openqa.selenium.NoSuchSessionException: Unable to find session with ID: 326d8a24a6efc40c76b36fcd6d9385bb
Build info: version: '4.16.1', revision: '9b4c83354e'
System info: os.name: 'Linux', os.arch: 'amd64', os.version: '5.15.133.1-microsoft-standard-WSL2', java.version: '11.0.21'
Driver info: driver.version: unknown
	at org.openqa.selenium.grid.sessionmap.local.LocalSessionMap.get(LocalSessionMap.java:132)
	at org.openqa.selenium.grid.sessionmap.SessionMap.getUri(SessionMap.java:84)
	at org.openqa.selenium.grid.router.HandleSession.lambda$loadSessionId$4(HandleSession.java:223)
	at io.opentelemetry.context.Context.lambda$wrap$2(Context.java:224)
	at org.openqa.selenium.grid.router.HandleSession.execute(HandleSession.java:180)
	at org.openqa.selenium.remote.http.Route$PredicatedRoute.handle(Route.java:382)
	at org.openqa.selenium.remote.http.Route.execute(Route.java:69)
	at org.openqa.selenium.remote.http.Route$CombinedRoute.handle(Route.java:345)
	at org.openqa.selenium.remote.http.Route.execute(Route.java:69)
	at org.openqa.selenium.grid.router.Router.execute(Router.java:87)
	at org.openqa.selenium.grid.web.EnsureSpecCompliantResponseHeaders.lambda$apply$0(EnsureSpecCompliantResponseHeaders.java:34)
	at org.openqa.selenium.remote.http.Filter$1.execute(Filter.java:63)
	at org.openqa.selenium.remote.http.Route$CombinedRoute.handle(Route.java:345)
	at org.openqa.selenium.remote.http.Route.execute(Route.java:69)
	at org.openqa.selenium.remote.http.Route$NestedRoute.handle(Route.java:271)
	at org.openqa.selenium.remote.http.Route.execute(Route.java:69)
	at org.openqa.selenium.remote.http.Route$CombinedRoute.handle(Route.java:345)
	at org.openqa.selenium.remote.http.Route.execute(Route.java:69)
	at org.openqa.selenium.remote.http.Route$CombinedRoute.handle(Route.java:345)
	at org.openqa.selenium.remote.http.Route.execute(Route.java:69)
	at org.openqa.selenium.remote.http.Route$CombinedRoute.handle(Route.java:345)
	at org.openqa.selenium.remote.http.Route.execute(Route.java:69)
	at org.openqa.selenium.remote.http.Route$CombinedRoute.handle(Route.java:345)
	at org.openqa.selenium.remote.http.Route.execute(Route.java:69)
	at org.openqa.selenium.remote.AddWebDriverSpecHeaders.lambda$apply$0(AddWebDriverSpecHeaders.java:35)
	at org.openqa.selenium.remote.ErrorFilter.lambda$apply$0(ErrorFilter.java:44)
	at org.openqa.selenium.remote.http.Filter$1.execute(Filter.java:63)
	at org.openqa.selenium.remote.ErrorFilter.lambda$apply$0(ErrorFilter.java:44)
	at org.openqa.selenium.remote.http.Filter$1.execute(Filter.java:63)
	at org.openqa.selenium.netty.server.SeleniumHandler.lambda$channelRead0$0(SeleniumHandler.java:44)
	at java.base/java.util.concurrent.Executors$RunnableAdapter.call(Executors.java:515)
	at java.base/java.util.concurrent.FutureTask.run(FutureTask.java:264)
	at java.base/java.util.concurrent.ThreadPoolExecutor.runWorker(ThreadPoolExecutor.java:1128)
	at java.base/java.util.concurrent.ThreadPoolExecutor$Worker.run(ThreadPoolExecutor.java:628)
	at java.base/java.lang.Thread.run(Thread.java:829)

[2024-01-14T13:46:58.326+0000] {taskinstance.py:1323} INFO - Marking task as FAILED. dag_id=jobinfo_jobplanet, task_id=jobplanet_login, execution_date=20240114T133746, start_date=20240114T133753, end_date=20240114T134658
[2024-01-14T13:46:58.353+0000] {standard_task_runner.py:105} ERROR - Failed to execute job 501 for task jobplanet_login (Message: Unable to find session with ID: 326d8a24a6efc40c76b36fcd6d9385bb
Build info: version: '4.16.1', revision: '9b4c83354e'
System info: os.name: 'Linux', os.arch: 'amd64', os.version: '5.15.133.1-microsoft-standard-WSL2', java.version: '11.0.21'
Driver info: driver.version: unknown
Stacktrace:
org.openqa.selenium.NoSuchSessionException: Unable to find session with ID: 326d8a24a6efc40c76b36fcd6d9385bb
Build info: version: '4.16.1', revision: '9b4c83354e'
System info: os.name: 'Linux', os.arch: 'amd64', os.version: '5.15.133.1-microsoft-standard-WSL2', java.version: '11.0.21'
Driver info: driver.version: unknown
	at org.openqa.selenium.grid.sessionmap.local.LocalSessionMap.get(LocalSessionMap.java:132)
	at org.openqa.selenium.grid.sessionmap.SessionMap.getUri(SessionMap.java:84)
	at org.openqa.selenium.grid.router.HandleSession.lambda$loadSessionId$4(HandleSession.java:223)
	at io.opentelemetry.context.Context.lambda$wrap$2(Context.java:224)
	at org.openqa.selenium.grid.router.HandleSession.execute(HandleSession.java:180)
	at org.openqa.selenium.remote.http.Route$PredicatedRoute.handle(Route.java:382)
	at org.openqa.selenium.remote.http.Route.execute(Route.java:69)
	at org.openqa.selenium.remote.http.Route$CombinedRoute.handle(Route.java:345)
	at org.openqa.selenium.remote.http.Route.execute(Route.java:69)
	at org.openqa.selenium.grid.router.Router.execute(Router.java:87)
	at org.openqa.selenium.grid.web.EnsureSpecCompliantResponseHeaders.lambda$apply$0(EnsureSpecCompliantResponseHeaders.java:34)
	at org.openqa.selenium.remote.http.Filter$1.execute(Filter.java:63)
	at org.openqa.selenium.remote.http.Route$CombinedRoute.handle(Route.java:345)
	at org.openqa.selenium.remote.http.Route.execute(Route.java:69)
	at org.openqa.selenium.remote.http.Route$NestedRoute.handle(Route.java:271)
	at org.openqa.selenium.remote.http.Route.execute(Route.java:69)
	at org.openqa.selenium.remote.http.Route$CombinedRoute.handle(Route.java:345)
	at org.openqa.selenium.remote.http.Route.execute(Route.java:69)
	at org.openqa.selenium.remote.http.Route$CombinedRoute.handle(Route.java:345)
	at org.openqa.selenium.remote.http.Route.execute(Route.java:69)
	at org.openqa.selenium.remote.http.Route$CombinedRoute.handle(Route.java:345)
	at org.openqa.selenium.remote.http.Route.execute(Route.java:69)
	at org.openqa.selenium.remote.http.Route$CombinedRoute.handle(Route.java:345)
	at org.openqa.selenium.remote.http.Route.execute(Route.java:69)
	at org.openqa.selenium.remote.AddWebDriverSpecHeaders.lambda$apply$0(AddWebDriverSpecHeaders.java:35)
	at org.openqa.selenium.remote.ErrorFilter.lambda$apply$0(ErrorFilter.java:44)
	at org.openqa.selenium.remote.http.Filter$1.execute(Filter.java:63)
	at org.openqa.selenium.remote.ErrorFilter.lambda$apply$0(ErrorFilter.java:44)
	at org.openqa.selenium.remote.http.Filter$1.execute(Filter.java:63)
	at org.openqa.selenium.netty.server.SeleniumHandler.lambda$channelRead0$0(SeleniumHandler.java:44)
	at java.base/java.util.concurrent.Executors$RunnableAdapter.call(Executors.java:515)
	at java.base/java.util.concurrent.FutureTask.run(FutureTask.java:264)
	at java.base/java.util.concurrent.ThreadPoolExecutor.runWorker(ThreadPoolExecutor.java:1128)
	at java.base/java.util.concurrent.ThreadPoolExecutor$Worker.run(ThreadPoolExecutor.java:628)
	at java.base/java.lang.Thread.run(Thread.java:829)
; 712)
[2024-01-14T13:46:58.400+0000] {local_task_job.py:208} INFO - Task exited with return code 1
[2024-01-14T13:46:58.428+0000] {taskinstance.py:2578} INFO - 0 downstream tasks scheduled from follow-on schedule check
