[2024-01-17T09:28:44.252+0000] {taskinstance.py:1083} INFO - Dependencies all met for <TaskInstance: jobinfo_slack.closeDeadline_sql_and_return_result manual__2024-01-17T09:28:35.465360+00:00 [queued]>
[2024-01-17T09:28:44.272+0000] {taskinstance.py:1083} INFO - Dependencies all met for <TaskInstance: jobinfo_slack.closeDeadline_sql_and_return_result manual__2024-01-17T09:28:35.465360+00:00 [queued]>
[2024-01-17T09:28:44.273+0000] {taskinstance.py:1279} INFO - 
--------------------------------------------------------------------------------
[2024-01-17T09:28:44.273+0000] {taskinstance.py:1280} INFO - Starting attempt 1 of 2
[2024-01-17T09:28:44.273+0000] {taskinstance.py:1281} INFO - 
--------------------------------------------------------------------------------
[2024-01-17T09:28:44.312+0000] {taskinstance.py:1300} INFO - Executing <Task(PythonOperator): closeDeadline_sql_and_return_result> on 2024-01-17 09:28:35.465360+00:00
[2024-01-17T09:28:44.316+0000] {standard_task_runner.py:55} INFO - Started process 5961 to run task
[2024-01-17T09:28:44.334+0000] {standard_task_runner.py:82} INFO - Running: ['***', 'tasks', 'run', 'jobinfo_slack', 'closeDeadline_sql_and_return_result', 'manual__2024-01-17T09:28:35.465360+00:00', '--job-id', '4731', '--raw', '--subdir', 'DAGS_FOLDER/jobinfo_slack.py', '--cfg-path', '/tmp/tmpgg6vdh84']
[2024-01-17T09:28:44.335+0000] {standard_task_runner.py:83} INFO - Job 4731: Subtask closeDeadline_sql_and_return_result
[2024-01-17T09:28:44.465+0000] {task_command.py:388} INFO - Running <TaskInstance: jobinfo_slack.closeDeadline_sql_and_return_result manual__2024-01-17T09:28:35.465360+00:00 [running]> on host 565f6bcc10b6
[2024-01-17T09:28:44.772+0000] {taskinstance.py:1509} INFO - Exporting the following env vars:
AIRFLOW_CTX_DAG_OWNER=***
AIRFLOW_CTX_DAG_ID=jobinfo_slack
AIRFLOW_CTX_TASK_ID=closeDeadline_sql_and_return_result
AIRFLOW_CTX_EXECUTION_DATE=2024-01-17T09:28:35.465360+00:00
AIRFLOW_CTX_TRY_NUMBER=1
AIRFLOW_CTX_DAG_RUN_ID=manual__2024-01-17T09:28:35.465360+00:00
[2024-01-17T09:28:44.786+0000] {base.py:73} INFO - Using connection ID 'rds_conn' for task execution.
[2024-01-17T09:28:44.866+0000] {logging_mixin.py:137} INFO - +--------+------+----------+----------+------------+
| 회사명 | 직급 | 필요역량 | 마감기한 | 채용페이지 |
+--------+------+----------+----------+------------+
+--------+------+----------+----------+------------+
[2024-01-17T09:28:44.866+0000] {python.py:177} INFO - Done. Returned value was: +--------+------+----------+----------+------------+
| 회사명 | 직급 | 필요역량 | 마감기한 | 채용페이지 |
+--------+------+----------+----------+------------+
+--------+------+----------+----------+------------+
[2024-01-17T09:28:44.923+0000] {taskinstance.py:1323} INFO - Marking task as SUCCESS. dag_id=jobinfo_slack, task_id=closeDeadline_sql_and_return_result, execution_date=20240117T092835, start_date=20240117T092844, end_date=20240117T092844
[2024-01-17T09:28:44.980+0000] {local_task_job.py:208} INFO - Task exited with return code 0
[2024-01-17T09:28:45.034+0000] {taskinstance.py:2578} INFO - 1 downstream tasks scheduled from follow-on schedule check
