[2024-01-17T09:55:55.255+0000] {taskinstance.py:1083} INFO - Dependencies all met for <TaskInstance: jobinfo_jobplanet.s3_to_rds manual__2024-01-17T09:25:12.411857+00:00 [queued]>
[2024-01-17T09:55:55.262+0000] {taskinstance.py:1083} INFO - Dependencies all met for <TaskInstance: jobinfo_jobplanet.s3_to_rds manual__2024-01-17T09:25:12.411857+00:00 [queued]>
[2024-01-17T09:55:55.262+0000] {taskinstance.py:1279} INFO - 
--------------------------------------------------------------------------------
[2024-01-17T09:55:55.262+0000] {taskinstance.py:1280} INFO - Starting attempt 1 of 1
[2024-01-17T09:55:55.262+0000] {taskinstance.py:1281} INFO - 
--------------------------------------------------------------------------------
[2024-01-17T09:55:55.278+0000] {taskinstance.py:1300} INFO - Executing <Task(PythonOperator): s3_to_rds> on 2024-01-17 09:25:12.411857+00:00
[2024-01-17T09:55:55.286+0000] {standard_task_runner.py:55} INFO - Started process 7284 to run task
[2024-01-17T09:55:55.288+0000] {standard_task_runner.py:82} INFO - Running: ['***', 'tasks', 'run', 'jobinfo_jobplanet', 's3_to_rds', 'manual__2024-01-17T09:25:12.411857+00:00', '--job-id', '4735', '--raw', '--subdir', 'DAGS_FOLDER/jobinfo_jobplanet.py', '--cfg-path', '/tmp/tmp7zs4o9x9']
[2024-01-17T09:55:55.289+0000] {standard_task_runner.py:83} INFO - Job 4735: Subtask s3_to_rds
[2024-01-17T09:55:55.343+0000] {task_command.py:388} INFO - Running <TaskInstance: jobinfo_jobplanet.s3_to_rds manual__2024-01-17T09:25:12.411857+00:00 [running]> on host 565f6bcc10b6
[2024-01-17T09:55:55.424+0000] {taskinstance.py:1509} INFO - Exporting the following env vars:
AIRFLOW_CTX_DAG_OWNER=***
AIRFLOW_CTX_DAG_ID=jobinfo_jobplanet
AIRFLOW_CTX_TASK_ID=s3_to_rds
AIRFLOW_CTX_EXECUTION_DATE=2024-01-17T09:25:12.411857+00:00
AIRFLOW_CTX_TRY_NUMBER=1
AIRFLOW_CTX_DAG_RUN_ID=manual__2024-01-17T09:25:12.411857+00:00
[2024-01-17T09:55:55.600+0000] {base.py:73} INFO - Using connection ID 'rds_conn' for task execution.
[2024-01-17T09:55:55.700+0000] {jobinfo_jobplanet.py:753} INFO - sql insert start
[2024-01-17T09:55:55.704+0000] {jobinfo_jobplanet.py:753} INFO - sql insert start
[2024-01-17T09:55:55.708+0000] {jobinfo_jobplanet.py:753} INFO - sql insert start
[2024-01-17T09:55:55.711+0000] {jobinfo_jobplanet.py:753} INFO - sql insert start
[2024-01-17T09:55:55.715+0000] {jobinfo_jobplanet.py:753} INFO - sql insert start
[2024-01-17T09:55:55.719+0000] {jobinfo_jobplanet.py:753} INFO - sql insert start
[2024-01-17T09:55:55.722+0000] {jobinfo_jobplanet.py:753} INFO - sql insert start
[2024-01-17T09:55:55.728+0000] {jobinfo_jobplanet.py:753} INFO - sql insert start
[2024-01-17T09:55:55.733+0000] {jobinfo_jobplanet.py:753} INFO - sql insert start
[2024-01-17T09:55:55.737+0000] {jobinfo_jobplanet.py:753} INFO - sql insert start
[2024-01-17T09:55:55.742+0000] {jobinfo_jobplanet.py:753} INFO - sql insert start
[2024-01-17T09:55:55.745+0000] {jobinfo_jobplanet.py:753} INFO - sql insert start
[2024-01-17T09:55:55.749+0000] {jobinfo_jobplanet.py:753} INFO - sql insert start
[2024-01-17T09:55:55.753+0000] {jobinfo_jobplanet.py:753} INFO - sql insert start
[2024-01-17T09:55:55.767+0000] {jobinfo_jobplanet.py:753} INFO - sql insert start
[2024-01-17T09:55:55.771+0000] {jobinfo_jobplanet.py:753} INFO - sql insert start
[2024-01-17T09:55:55.775+0000] {jobinfo_jobplanet.py:753} INFO - sql insert start
[2024-01-17T09:55:55.779+0000] {jobinfo_jobplanet.py:753} INFO - sql insert start
[2024-01-17T09:55:55.782+0000] {jobinfo_jobplanet.py:753} INFO - sql insert start
[2024-01-17T09:55:55.788+0000] {python.py:177} INFO - Done. Returned value was: None
[2024-01-17T09:55:55.796+0000] {taskinstance.py:1323} INFO - Marking task as SUCCESS. dag_id=jobinfo_jobplanet, task_id=s3_to_rds, execution_date=20240117T092512, start_date=20240117T095555, end_date=20240117T095555
[2024-01-17T09:55:55.838+0000] {local_task_job.py:208} INFO - Task exited with return code 0
[2024-01-17T09:55:55.853+0000] {taskinstance.py:2578} INFO - 0 downstream tasks scheduled from follow-on schedule check
