[2024-01-14T02:01:12.581+0000] {taskinstance.py:1083} INFO - Dependencies all met for <TaskInstance: jobinfo_jobplanet.create_infomation_s3 manual__2024-01-14T02:01:06.491213+00:00 [queued]>
[2024-01-14T02:01:12.589+0000] {taskinstance.py:1083} INFO - Dependencies all met for <TaskInstance: jobinfo_jobplanet.create_infomation_s3 manual__2024-01-14T02:01:06.491213+00:00 [queued]>
[2024-01-14T02:01:12.589+0000] {taskinstance.py:1279} INFO - 
--------------------------------------------------------------------------------
[2024-01-14T02:01:12.590+0000] {taskinstance.py:1280} INFO - Starting attempt 1 of 1
[2024-01-14T02:01:12.590+0000] {taskinstance.py:1281} INFO - 
--------------------------------------------------------------------------------
[2024-01-14T02:01:12.608+0000] {taskinstance.py:1300} INFO - Executing <Task(PythonOperator): create_infomation_s3> on 2024-01-14 02:01:06.491213+00:00
[2024-01-14T02:01:12.614+0000] {standard_task_runner.py:55} INFO - Started process 6891 to run task
[2024-01-14T02:01:12.618+0000] {standard_task_runner.py:82} INFO - Running: ['***', 'tasks', 'run', 'jobinfo_jobplanet', 'create_infomation_s3', 'manual__2024-01-14T02:01:06.491213+00:00', '--job-id', '400', '--raw', '--subdir', 'DAGS_FOLDER/jobinfo_jobplanet.py', '--cfg-path', '/tmp/tmpy4cp91jb']
[2024-01-14T02:01:12.618+0000] {standard_task_runner.py:83} INFO - Job 400: Subtask create_infomation_s3
[2024-01-14T02:01:12.830+0000] {task_command.py:388} INFO - Running <TaskInstance: jobinfo_jobplanet.create_infomation_s3 manual__2024-01-14T02:01:06.491213+00:00 [running]> on host 7b77d04f99d6
[2024-01-14T02:01:12.910+0000] {taskinstance.py:1509} INFO - Exporting the following env vars:
AIRFLOW_CTX_DAG_OWNER=***
AIRFLOW_CTX_DAG_ID=jobinfo_jobplanet
AIRFLOW_CTX_TASK_ID=create_infomation_s3
AIRFLOW_CTX_EXECUTION_DATE=2024-01-14T02:01:06.491213+00:00
AIRFLOW_CTX_TRY_NUMBER=1
AIRFLOW_CTX_DAG_RUN_ID=manual__2024-01-14T02:01:06.491213+00:00
[2024-01-14T02:01:16.048+0000] {jobinfo_jobplanet.py:79} INFO - 11111111111111111
[2024-01-14T02:01:16.079+0000] {jobinfo_jobplanet.py:87} INFO - 2222222222222222222222222
[2024-01-14T02:01:16.596+0000] {jobinfo_jobplanet.py:95} INFO - 33333333333333333
[2024-01-14T02:01:17.484+0000] {jobinfo_jobplanet.py:105} INFO - 4444444444444
[2024-01-14T02:01:17.570+0000] {logging_mixin.py:137} INFO - Companies from XCom: []
[2024-01-14T02:01:17.583+0000] {python.py:177} INFO - Done. Returned value was: None
[2024-01-14T02:01:17.592+0000] {taskinstance.py:1323} INFO - Marking task as SUCCESS. dag_id=jobinfo_jobplanet, task_id=create_infomation_s3, execution_date=20240114T020106, start_date=20240114T020112, end_date=20240114T020117
[2024-01-14T02:01:17.624+0000] {local_task_job.py:208} INFO - Task exited with return code 0
[2024-01-14T02:01:17.809+0000] {taskinstance.py:2578} INFO - 1 downstream tasks scheduled from follow-on schedule check
