[2024-01-13T12:55:14.221+0000] {taskinstance.py:1083} INFO - Dependencies all met for <TaskInstance: jobinfo_jobplanet.load_jumpit_file manual__2024-01-13T12:55:11.264159+00:00 [queued]>
[2024-01-13T12:55:14.513+0000] {taskinstance.py:1083} INFO - Dependencies all met for <TaskInstance: jobinfo_jobplanet.load_jumpit_file manual__2024-01-13T12:55:11.264159+00:00 [queued]>
[2024-01-13T12:55:14.513+0000] {taskinstance.py:1279} INFO - 
--------------------------------------------------------------------------------
[2024-01-13T12:55:14.513+0000] {taskinstance.py:1280} INFO - Starting attempt 1 of 1
[2024-01-13T12:55:14.513+0000] {taskinstance.py:1281} INFO - 
--------------------------------------------------------------------------------
[2024-01-13T12:55:14.541+0000] {taskinstance.py:1300} INFO - Executing <Task(PythonOperator): load_jumpit_file> on 2024-01-13 12:55:11.264159+00:00
[2024-01-13T12:55:14.554+0000] {standard_task_runner.py:55} INFO - Started process 266 to run task
[2024-01-13T12:55:14.561+0000] {standard_task_runner.py:82} INFO - Running: ['***', 'tasks', 'run', 'jobinfo_jobplanet', 'load_jumpit_file', 'manual__2024-01-13T12:55:11.264159+00:00', '--job-id', '360', '--raw', '--subdir', 'DAGS_FOLDER/jobinfo_jobplanet.py', '--cfg-path', '/tmp/tmpj63pm5gg']
[2024-01-13T12:55:14.561+0000] {standard_task_runner.py:83} INFO - Job 360: Subtask load_jumpit_file
[2024-01-13T12:55:14.749+0000] {task_command.py:388} INFO - Running <TaskInstance: jobinfo_jobplanet.load_jumpit_file manual__2024-01-13T12:55:11.264159+00:00 [running]> on host 7b77d04f99d6
[2024-01-13T12:55:14.909+0000] {taskinstance.py:1509} INFO - Exporting the following env vars:
AIRFLOW_CTX_DAG_OWNER=***
AIRFLOW_CTX_DAG_ID=jobinfo_jobplanet
AIRFLOW_CTX_TASK_ID=load_jumpit_file
AIRFLOW_CTX_EXECUTION_DATE=2024-01-13T12:55:11.264159+00:00
AIRFLOW_CTX_TRY_NUMBER=1
AIRFLOW_CTX_DAG_RUN_ID=manual__2024-01-13T12:55:11.264159+00:00
[2024-01-13T12:55:15.206+0000] {logging_mixin.py:137} INFO - 오류 발생: An error occurred (NoSuchKey) when calling the GetObject operation: The specified key does not exist.
[2024-01-13T12:55:15.208+0000] {python.py:177} INFO - Done. Returned value was: []
[2024-01-13T12:55:15.260+0000] {taskinstance.py:1323} INFO - Marking task as SUCCESS. dag_id=jobinfo_jobplanet, task_id=load_jumpit_file, execution_date=20240113T125511, start_date=20240113T125514, end_date=20240113T125515
[2024-01-13T12:55:15.298+0000] {local_task_job.py:208} INFO - Task exited with return code 0
[2024-01-13T12:55:15.351+0000] {taskinstance.py:2578} INFO - 1 downstream tasks scheduled from follow-on schedule check
