[2024-01-13T01:52:58.647+0000] {taskinstance.py:1083} INFO - Dependencies all met for <TaskInstance: jobinfo_jobplanet.load_jumpit_file scheduled__2024-01-10T00:00:00+00:00 [queued]>
[2024-01-13T01:52:59.150+0000] {taskinstance.py:1083} INFO - Dependencies all met for <TaskInstance: jobinfo_jobplanet.load_jumpit_file scheduled__2024-01-10T00:00:00+00:00 [queued]>
[2024-01-13T01:52:59.150+0000] {taskinstance.py:1279} INFO - 
--------------------------------------------------------------------------------
[2024-01-13T01:52:59.150+0000] {taskinstance.py:1280} INFO - Starting attempt 1 of 1
[2024-01-13T01:52:59.150+0000] {taskinstance.py:1281} INFO - 
--------------------------------------------------------------------------------
[2024-01-13T01:52:59.204+0000] {taskinstance.py:1300} INFO - Executing <Task(PythonOperator): load_jumpit_file> on 2024-01-10 00:00:00+00:00
[2024-01-13T01:52:59.221+0000] {standard_task_runner.py:55} INFO - Started process 450 to run task
[2024-01-13T01:52:59.224+0000] {standard_task_runner.py:82} INFO - Running: ['***', 'tasks', 'run', 'jobinfo_jobplanet', 'load_jumpit_file', 'scheduled__2024-01-10T00:00:00+00:00', '--job-id', '44', '--raw', '--subdir', 'DAGS_FOLDER/jobinfo_jobplanet.py', '--cfg-path', '/tmp/tmp9a8fpjks']
[2024-01-13T01:52:59.225+0000] {standard_task_runner.py:83} INFO - Job 44: Subtask load_jumpit_file
[2024-01-13T01:52:59.371+0000] {task_command.py:388} INFO - Running <TaskInstance: jobinfo_jobplanet.load_jumpit_file scheduled__2024-01-10T00:00:00+00:00 [running]> on host 9efe593e960f
[2024-01-13T01:52:59.578+0000] {taskinstance.py:1509} INFO - Exporting the following env vars:
AIRFLOW_CTX_DAG_OWNER=***
AIRFLOW_CTX_DAG_ID=jobinfo_jobplanet
AIRFLOW_CTX_TASK_ID=load_jumpit_file
AIRFLOW_CTX_EXECUTION_DATE=2024-01-10T00:00:00+00:00
AIRFLOW_CTX_TRY_NUMBER=1
AIRFLOW_CTX_DAG_RUN_ID=scheduled__2024-01-10T00:00:00+00:00
[2024-01-13T01:52:59.973+0000] {logging_mixin.py:137} INFO - 오류 발생: An error occurred (NoSuchKey) when calling the GetObject operation: The specified key does not exist.
[2024-01-13T01:52:59.979+0000] {python.py:177} INFO - Done. Returned value was: []
[2024-01-13T01:53:00.040+0000] {taskinstance.py:1323} INFO - Marking task as SUCCESS. dag_id=jobinfo_jobplanet, task_id=load_jumpit_file, execution_date=20240110T000000, start_date=20240113T015258, end_date=20240113T015300
[2024-01-13T01:53:00.127+0000] {local_task_job.py:208} INFO - Task exited with return code 0
[2024-01-13T01:53:00.230+0000] {taskinstance.py:2578} INFO - 1 downstream tasks scheduled from follow-on schedule check
[2024-01-13T07:16:42.902+0000] {taskinstance.py:1083} INFO - Dependencies all met for <TaskInstance: jobinfo_jobplanet.load_jumpit_file scheduled__2024-01-10T00:00:00+00:00 [queued]>
[2024-01-13T07:16:43.059+0000] {taskinstance.py:1083} INFO - Dependencies all met for <TaskInstance: jobinfo_jobplanet.load_jumpit_file scheduled__2024-01-10T00:00:00+00:00 [queued]>
[2024-01-13T07:16:43.059+0000] {taskinstance.py:1279} INFO - 
--------------------------------------------------------------------------------
[2024-01-13T07:16:43.059+0000] {taskinstance.py:1280} INFO - Starting attempt 1 of 1
[2024-01-13T07:16:43.059+0000] {taskinstance.py:1281} INFO - 
--------------------------------------------------------------------------------
[2024-01-13T07:16:43.074+0000] {taskinstance.py:1300} INFO - Executing <Task(PythonOperator): load_jumpit_file> on 2024-01-10 00:00:00+00:00
[2024-01-13T07:16:43.080+0000] {standard_task_runner.py:55} INFO - Started process 334 to run task
[2024-01-13T07:16:43.083+0000] {standard_task_runner.py:82} INFO - Running: ['***', 'tasks', 'run', 'jobinfo_jobplanet', 'load_jumpit_file', 'scheduled__2024-01-10T00:00:00+00:00', '--job-id', '258', '--raw', '--subdir', 'DAGS_FOLDER/jobinfo_jobplanet.py', '--cfg-path', '/tmp/tmpk6k2on0t']
[2024-01-13T07:16:43.083+0000] {standard_task_runner.py:83} INFO - Job 258: Subtask load_jumpit_file
[2024-01-13T07:16:43.139+0000] {task_command.py:388} INFO - Running <TaskInstance: jobinfo_jobplanet.load_jumpit_file scheduled__2024-01-10T00:00:00+00:00 [running]> on host ae96a963b918
[2024-01-13T07:16:43.207+0000] {taskinstance.py:1509} INFO - Exporting the following env vars:
AIRFLOW_CTX_DAG_OWNER=***
AIRFLOW_CTX_DAG_ID=jobinfo_jobplanet
AIRFLOW_CTX_TASK_ID=load_jumpit_file
AIRFLOW_CTX_EXECUTION_DATE=2024-01-10T00:00:00+00:00
AIRFLOW_CTX_TRY_NUMBER=1
AIRFLOW_CTX_DAG_RUN_ID=scheduled__2024-01-10T00:00:00+00:00
[2024-01-13T07:16:43.387+0000] {logging_mixin.py:137} INFO - 오류 발생: An error occurred (NoSuchKey) when calling the GetObject operation: The specified key does not exist.
[2024-01-13T07:16:43.389+0000] {python.py:177} INFO - Done. Returned value was: []
[2024-01-13T07:16:43.411+0000] {taskinstance.py:1323} INFO - Marking task as SUCCESS. dag_id=jobinfo_jobplanet, task_id=load_jumpit_file, execution_date=20240110T000000, start_date=20240113T071642, end_date=20240113T071643
[2024-01-13T07:16:43.455+0000] {local_task_job.py:208} INFO - Task exited with return code 0
[2024-01-13T07:16:43.482+0000] {taskinstance.py:2578} INFO - 1 downstream tasks scheduled from follow-on schedule check
