[2024-01-14T15:25:46.943+0000] {taskinstance.py:1083} INFO - Dependencies all met for <TaskInstance: jobinfo_jobplanet.jobplanet_login manual__2024-01-14T15:25:40.139652+00:00 [queued]>
[2024-01-14T15:25:46.957+0000] {taskinstance.py:1083} INFO - Dependencies all met for <TaskInstance: jobinfo_jobplanet.jobplanet_login manual__2024-01-14T15:25:40.139652+00:00 [queued]>
[2024-01-14T15:25:46.957+0000] {taskinstance.py:1279} INFO - 
--------------------------------------------------------------------------------
[2024-01-14T15:25:46.958+0000] {taskinstance.py:1280} INFO - Starting attempt 1 of 1
[2024-01-14T15:25:46.958+0000] {taskinstance.py:1281} INFO - 
--------------------------------------------------------------------------------
[2024-01-14T15:25:46.989+0000] {taskinstance.py:1300} INFO - Executing <Task(PythonOperator): jobplanet_login> on 2024-01-14 15:25:40.139652+00:00
[2024-01-14T15:25:47.001+0000] {standard_task_runner.py:55} INFO - Started process 6009 to run task
[2024-01-14T15:25:47.003+0000] {standard_task_runner.py:82} INFO - Running: ['***', 'tasks', 'run', 'jobinfo_jobplanet', 'jobplanet_login', 'manual__2024-01-14T15:25:40.139652+00:00', '--job-id', '527', '--raw', '--subdir', 'DAGS_FOLDER/jobinfo_jobplanet.py', '--cfg-path', '/tmp/tmpnvlioa2v']
[2024-01-14T15:25:47.004+0000] {standard_task_runner.py:83} INFO - Job 527: Subtask jobplanet_login
[2024-01-14T15:25:47.092+0000] {task_command.py:388} INFO - Running <TaskInstance: jobinfo_jobplanet.jobplanet_login manual__2024-01-14T15:25:40.139652+00:00 [running]> on host 565f6bcc10b6
[2024-01-14T15:25:47.202+0000] {taskinstance.py:1509} INFO - Exporting the following env vars:
AIRFLOW_CTX_DAG_OWNER=***
AIRFLOW_CTX_DAG_ID=jobinfo_jobplanet
AIRFLOW_CTX_TASK_ID=jobplanet_login
AIRFLOW_CTX_EXECUTION_DATE=2024-01-14T15:25:40.139652+00:00
AIRFLOW_CTX_TRY_NUMBER=1
AIRFLOW_CTX_DAG_RUN_ID=manual__2024-01-14T15:25:40.139652+00:00
[2024-01-14T15:25:51.058+0000] {jobinfo_jobplanet.py:76} INFO - *********************************
[2024-01-14T15:25:51.105+0000] {jobinfo_jobplanet.py:82} INFO - 12212121313442342354534634534534534534523423443423
[2024-01-14T15:25:51.105+0000] {jobinfo_jobplanet.py:83} INFO - <selenium.webdriver.remote.webdriver.WebDriver (session="6487325f03362a25dc1703601e6a4c38")>
[2024-01-14T15:25:51.331+0000] {jobinfo_jobplanet.py:86} INFO - 890u8987978078978978079078097807897809789789789789789797
[2024-01-14T15:25:51.865+0000] {jobinfo_jobplanet.py:89} INFO - ^^^^^^^^^^^^^^^^^^^^^^^^^^^^^^^^^^^^^^^^^^^^^^^^^^^^^^^^^^^^^^^^^^^^^^^^^^^^^^^^^^^^^^
[2024-01-14T15:25:52.750+0000] {jobinfo_jobplanet.py:100} INFO - 3333333333333333333333333
[2024-01-14T15:25:52.816+0000] {jobinfo_jobplanet.py:106} INFO - 4444444444444444444444444444
[2024-01-14T15:25:52.820+0000] {jobinfo_jobplanet.py:108} INFO - ['오케스트로', '오케스트로', '제니스앤컴퍼니', '제니스앤컴퍼니', '제니스앤컴퍼니', '메이븐클라우드서비스', '엠아이티', '엠아이티', '스윗코리아', '스윗코리아', '파킹클라우드', '오케스트로', '오케스트로', '오케스트로', '오케스트로', '오케스트로', '월급쟁이부자들', '월급쟁이부자들', '로민', '블랙탠저린', '파인더스', '론픽', '비포플레이', '롯데헬스케어', '롯데헬스케어', '올라운드닥터스', '와디즈', '크리에이트립', '데브툴즈', '티니어', '키다리스튜디오', '마크클라우드']
[2024-01-14T15:25:52.822+0000] {jobinfo_jobplanet.py:109} INFO - ['path/in/s3/bucket/jobinfo_jumpit.csv', 'path/in/s3/bucket/jobinfo_jumpit_v2.csv', 'path/in/s3/bucket/review_information_데브툴즈.csv', 'path/in/s3/bucket/review_information_로민.csv', 'path/in/s3/bucket/review_information_롯데헬스케어.csv', 'path/in/s3/bucket/review_information_마크클라우드.csv', 'path/in/s3/bucket/review_information_메이븐클라우드서비스.csv', 'path/in/s3/bucket/review_information_블랙탠저린.csv', 'path/in/s3/bucket/review_information_비포플레이.csv', 'path/in/s3/bucket/review_information_스윗코리아.csv', 'path/in/s3/bucket/review_information_엠아이티.csv', 'path/in/s3/bucket/review_information_오케스트로.csv', 'path/in/s3/bucket/review_information_월급쟁이부자들.csv', 'path/in/s3/bucket/review_information_제니스앤컴퍼니.csv', 'path/in/s3/bucket/review_information_크리에이트립.csv', 'path/in/s3/bucket/review_information_키다리스튜디오.csv', 'path/in/s3/bucket/review_information_티니어.csv', 'path/in/s3/bucket/review_information_파인더스.csv', 'path/in/s3/bucket/review_information_파킹클라우드.csv', 'path/in/s3/bucket/summary.csv']
[2024-01-14T15:25:52.822+0000] {jobinfo_jobplanet.py:110} INFO - 시작
[2024-01-14T15:25:52.823+0000] {jobinfo_jobplanet.py:114} INFO - 오케스트로 있음
[2024-01-14T15:25:52.823+0000] {jobinfo_jobplanet.py:114} INFO - 오케스트로 있음
[2024-01-14T15:25:52.823+0000] {jobinfo_jobplanet.py:114} INFO - 제니스앤컴퍼니 있음
[2024-01-14T15:25:52.823+0000] {jobinfo_jobplanet.py:114} INFO - 제니스앤컴퍼니 있음
[2024-01-14T15:25:52.824+0000] {jobinfo_jobplanet.py:114} INFO - 제니스앤컴퍼니 있음
[2024-01-14T15:25:52.824+0000] {jobinfo_jobplanet.py:114} INFO - 메이븐클라우드서비스 있음
[2024-01-14T15:25:52.824+0000] {jobinfo_jobplanet.py:114} INFO - 엠아이티 있음
[2024-01-14T15:25:52.824+0000] {jobinfo_jobplanet.py:114} INFO - 엠아이티 있음
[2024-01-14T15:25:52.825+0000] {jobinfo_jobplanet.py:114} INFO - 스윗코리아 있음
[2024-01-14T15:25:52.825+0000] {jobinfo_jobplanet.py:114} INFO - 스윗코리아 있음
[2024-01-14T15:25:52.825+0000] {jobinfo_jobplanet.py:114} INFO - 파킹클라우드 있음
[2024-01-14T15:25:52.825+0000] {jobinfo_jobplanet.py:114} INFO - 오케스트로 있음
[2024-01-14T15:25:52.825+0000] {jobinfo_jobplanet.py:114} INFO - 오케스트로 있음
[2024-01-14T15:25:52.826+0000] {jobinfo_jobplanet.py:114} INFO - 오케스트로 있음
[2024-01-14T15:25:52.826+0000] {jobinfo_jobplanet.py:114} INFO - 오케스트로 있음
[2024-01-14T15:25:52.826+0000] {jobinfo_jobplanet.py:114} INFO - 오케스트로 있음
[2024-01-14T15:25:52.827+0000] {jobinfo_jobplanet.py:114} INFO - 월급쟁이부자들 있음
[2024-01-14T15:25:52.827+0000] {jobinfo_jobplanet.py:114} INFO - 월급쟁이부자들 있음
[2024-01-14T15:25:52.827+0000] {jobinfo_jobplanet.py:114} INFO - 로민 있음
[2024-01-14T15:25:52.827+0000] {jobinfo_jobplanet.py:114} INFO - 블랙탠저린 있음
[2024-01-14T15:25:52.828+0000] {jobinfo_jobplanet.py:114} INFO - 파인더스 있음
[2024-01-14T15:25:52.901+0000] {jobinfo_jobplanet.py:121} INFO - 론픽 파일이 없음
[2024-01-14T15:25:55.237+0000] {jobinfo_jobplanet.py:125} INFO - 론픽 검색을 위해 검색창에 입력했습니다.
[2024-01-14T15:25:59.375+0000] {jobinfo_jobplanet.py:128} INFO - 론픽 검색하기
[2024-01-14T15:26:01.452+0000] {jobinfo_jobplanet.py:139} INFO - 론픽의 정보는 없어서 파일 생성을 못한다.
[2024-01-14T15:26:01.452+0000] {jobinfo_jobplanet.py:140} INFO - ['path/in/s3/bucket/jobinfo_jumpit.csv', 'path/in/s3/bucket/jobinfo_jumpit_v2.csv', 'path/in/s3/bucket/review_information_데브툴즈.csv', 'path/in/s3/bucket/review_information_로민.csv', 'path/in/s3/bucket/review_information_롯데헬스케어.csv', 'path/in/s3/bucket/review_information_마크클라우드.csv', 'path/in/s3/bucket/review_information_메이븐클라우드서비스.csv', 'path/in/s3/bucket/review_information_블랙탠저린.csv', 'path/in/s3/bucket/review_information_비포플레이.csv', 'path/in/s3/bucket/review_information_스윗코리아.csv', 'path/in/s3/bucket/review_information_엠아이티.csv', 'path/in/s3/bucket/review_information_오케스트로.csv', 'path/in/s3/bucket/review_information_월급쟁이부자들.csv', 'path/in/s3/bucket/review_information_제니스앤컴퍼니.csv', 'path/in/s3/bucket/review_information_크리에이트립.csv', 'path/in/s3/bucket/review_information_키다리스튜디오.csv', 'path/in/s3/bucket/review_information_티니어.csv', 'path/in/s3/bucket/review_information_파인더스.csv', 'path/in/s3/bucket/review_information_파킹클라우드.csv', 'path/in/s3/bucket/summary.csv']
[2024-01-14T15:26:01.452+0000] {jobinfo_jobplanet.py:114} INFO - 비포플레이 있음
[2024-01-14T15:26:01.453+0000] {jobinfo_jobplanet.py:114} INFO - 롯데헬스케어 있음
[2024-01-14T15:26:01.453+0000] {jobinfo_jobplanet.py:114} INFO - 롯데헬스케어 있음
[2024-01-14T15:26:01.467+0000] {jobinfo_jobplanet.py:121} INFO - 올라운드닥터스 파일이 없음
[2024-01-14T15:26:01.818+0000] {jobinfo_jobplanet.py:125} INFO - 올라운드닥터스 검색을 위해 검색창에 입력했습니다.
[2024-01-14T15:26:04.044+0000] {jobinfo_jobplanet.py:128} INFO - 올라운드닥터스 검색하기
[2024-01-14T15:26:06.075+0000] {jobinfo_jobplanet.py:139} INFO - 올라운드닥터스의 정보는 없어서 파일 생성을 못한다.
[2024-01-14T15:26:06.075+0000] {jobinfo_jobplanet.py:140} INFO - ['path/in/s3/bucket/jobinfo_jumpit.csv', 'path/in/s3/bucket/jobinfo_jumpit_v2.csv', 'path/in/s3/bucket/review_information_데브툴즈.csv', 'path/in/s3/bucket/review_information_로민.csv', 'path/in/s3/bucket/review_information_롯데헬스케어.csv', 'path/in/s3/bucket/review_information_마크클라우드.csv', 'path/in/s3/bucket/review_information_메이븐클라우드서비스.csv', 'path/in/s3/bucket/review_information_블랙탠저린.csv', 'path/in/s3/bucket/review_information_비포플레이.csv', 'path/in/s3/bucket/review_information_스윗코리아.csv', 'path/in/s3/bucket/review_information_엠아이티.csv', 'path/in/s3/bucket/review_information_오케스트로.csv', 'path/in/s3/bucket/review_information_월급쟁이부자들.csv', 'path/in/s3/bucket/review_information_제니스앤컴퍼니.csv', 'path/in/s3/bucket/review_information_크리에이트립.csv', 'path/in/s3/bucket/review_information_키다리스튜디오.csv', 'path/in/s3/bucket/review_information_티니어.csv', 'path/in/s3/bucket/review_information_파인더스.csv', 'path/in/s3/bucket/review_information_파킹클라우드.csv', 'path/in/s3/bucket/summary.csv']
[2024-01-14T15:26:06.079+0000] {jobinfo_jobplanet.py:121} INFO - 와디즈 파일이 없음
[2024-01-14T15:26:06.411+0000] {jobinfo_jobplanet.py:125} INFO - 와디즈 검색을 위해 검색창에 입력했습니다.
[2024-01-14T15:26:08.409+0000] {jobinfo_jobplanet.py:128} INFO - 와디즈 검색하기
[2024-01-14T15:26:10.529+0000] {jobinfo_jobplanet.py:139} INFO - 와디즈의 정보는 없어서 파일 생성을 못한다.
[2024-01-14T15:26:10.530+0000] {jobinfo_jobplanet.py:140} INFO - ['path/in/s3/bucket/jobinfo_jumpit.csv', 'path/in/s3/bucket/jobinfo_jumpit_v2.csv', 'path/in/s3/bucket/review_information_데브툴즈.csv', 'path/in/s3/bucket/review_information_로민.csv', 'path/in/s3/bucket/review_information_롯데헬스케어.csv', 'path/in/s3/bucket/review_information_마크클라우드.csv', 'path/in/s3/bucket/review_information_메이븐클라우드서비스.csv', 'path/in/s3/bucket/review_information_블랙탠저린.csv', 'path/in/s3/bucket/review_information_비포플레이.csv', 'path/in/s3/bucket/review_information_스윗코리아.csv', 'path/in/s3/bucket/review_information_엠아이티.csv', 'path/in/s3/bucket/review_information_오케스트로.csv', 'path/in/s3/bucket/review_information_월급쟁이부자들.csv', 'path/in/s3/bucket/review_information_제니스앤컴퍼니.csv', 'path/in/s3/bucket/review_information_크리에이트립.csv', 'path/in/s3/bucket/review_information_키다리스튜디오.csv', 'path/in/s3/bucket/review_information_티니어.csv', 'path/in/s3/bucket/review_information_파인더스.csv', 'path/in/s3/bucket/review_information_파킹클라우드.csv', 'path/in/s3/bucket/summary.csv']
[2024-01-14T15:26:10.531+0000] {jobinfo_jobplanet.py:114} INFO - 크리에이트립 있음
[2024-01-14T15:26:10.532+0000] {jobinfo_jobplanet.py:114} INFO - 데브툴즈 있음
[2024-01-14T15:26:10.541+0000] {jobinfo_jobplanet.py:114} INFO - 티니어 있음
[2024-01-14T15:26:10.541+0000] {jobinfo_jobplanet.py:114} INFO - 키다리스튜디오 있음
[2024-01-14T15:26:10.542+0000] {jobinfo_jobplanet.py:114} INFO - 마크클라우드 있음
[2024-01-14T15:26:10.573+0000] {base.py:73} INFO - Using connection ID 's3_conn' for task execution.
[2024-01-14T15:26:10.839+0000] {base.py:73} INFO - Using connection ID 's3_conn' for task execution.
[2024-01-14T15:26:10.922+0000] {jobinfo_jobplanet.py:629} INFO - 제니스앤컴퍼니 정보 없ㅇ,ㅡ
[2024-01-14T15:26:10.923+0000] {jobinfo_jobplanet.py:630} INFO - Failed to read CSV file from S3: An error occurred (NoSuchKey) when calling the GetObject operation: The specified key does not exist.
[2024-01-14T15:26:25.992+0000] {base.py:73} INFO - Using connection ID 's3_conn' for task execution.
[2024-01-14T15:26:26.076+0000] {jobinfo_jobplanet.py:629} INFO - 제니스앤컴퍼니 정보 없ㅇ,ㅡ
[2024-01-14T15:26:26.076+0000] {jobinfo_jobplanet.py:630} INFO - Failed to read CSV file from S3: An error occurred (NoSuchKey) when calling the GetObject operation: The specified key does not exist.
[2024-01-14T15:26:41.265+0000] {base.py:73} INFO - Using connection ID 's3_conn' for task execution.
[2024-01-14T15:26:41.359+0000] {jobinfo_jobplanet.py:629} INFO - 제니스앤컴퍼니 정보 없ㅇ,ㅡ
[2024-01-14T15:26:41.359+0000] {jobinfo_jobplanet.py:630} INFO - Failed to read CSV file from S3: An error occurred (NoSuchKey) when calling the GetObject operation: The specified key does not exist.
[2024-01-14T15:26:57.226+0000] {base.py:73} INFO - Using connection ID 's3_conn' for task execution.
[2024-01-14T15:26:57.297+0000] {jobinfo_jobplanet.py:629} INFO - 메이븐클라우드서비스 정보 없ㅇ,ㅡ
[2024-01-14T15:26:57.297+0000] {jobinfo_jobplanet.py:630} INFO - Failed to read CSV file from S3: An error occurred (NoSuchKey) when calling the GetObject operation: The specified key does not exist.
[2024-01-14T15:27:12.759+0000] {base.py:73} INFO - Using connection ID 's3_conn' for task execution.
[2024-01-14T15:27:12.829+0000] {jobinfo_jobplanet.py:629} INFO - 엠아이티 정보 없ㅇ,ㅡ
[2024-01-14T15:27:12.829+0000] {jobinfo_jobplanet.py:630} INFO - Failed to read CSV file from S3: An error occurred (NoSuchKey) when calling the GetObject operation: The specified key does not exist.
[2024-01-14T15:27:28.315+0000] {base.py:73} INFO - Using connection ID 's3_conn' for task execution.
[2024-01-14T15:27:28.389+0000] {jobinfo_jobplanet.py:629} INFO - 엠아이티 정보 없ㅇ,ㅡ
[2024-01-14T15:27:28.389+0000] {jobinfo_jobplanet.py:630} INFO - Failed to read CSV file from S3: An error occurred (NoSuchKey) when calling the GetObject operation: The specified key does not exist.
[2024-01-14T15:27:42.867+0000] {base.py:73} INFO - Using connection ID 's3_conn' for task execution.
[2024-01-14T15:27:42.963+0000] {jobinfo_jobplanet.py:629} INFO - 스윗코리아 정보 없ㅇ,ㅡ
[2024-01-14T15:27:42.963+0000] {jobinfo_jobplanet.py:630} INFO - Failed to read CSV file from S3: An error occurred (NoSuchKey) when calling the GetObject operation: The specified key does not exist.
[2024-01-14T15:28:00.336+0000] {base.py:73} INFO - Using connection ID 's3_conn' for task execution.
[2024-01-14T15:28:00.433+0000] {jobinfo_jobplanet.py:629} INFO - 스윗코리아 정보 없ㅇ,ㅡ
[2024-01-14T15:28:00.433+0000] {jobinfo_jobplanet.py:630} INFO - Failed to read CSV file from S3: An error occurred (NoSuchKey) when calling the GetObject operation: The specified key does not exist.
[2024-01-14T15:28:15.355+0000] {base.py:73} INFO - Using connection ID 's3_conn' for task execution.
[2024-01-14T15:28:15.433+0000] {jobinfo_jobplanet.py:629} INFO - 파킹클라우드 정보 없ㅇ,ㅡ
[2024-01-14T15:28:15.433+0000] {jobinfo_jobplanet.py:630} INFO - Failed to read CSV file from S3: An error occurred (NoSuchKey) when calling the GetObject operation: The specified key does not exist.
[2024-01-14T15:28:30.432+0000] {base.py:73} INFO - Using connection ID 's3_conn' for task execution.
[2024-01-14T15:28:30.510+0000] {jobinfo_jobplanet.py:629} INFO - 월급쟁이부자들 정보 없ㅇ,ㅡ
[2024-01-14T15:28:30.511+0000] {jobinfo_jobplanet.py:630} INFO - Failed to read CSV file from S3: An error occurred (NoSuchKey) when calling the GetObject operation: The specified key does not exist.
[2024-01-14T15:28:46.613+0000] {base.py:73} INFO - Using connection ID 's3_conn' for task execution.
[2024-01-14T15:28:46.694+0000] {jobinfo_jobplanet.py:629} INFO - 월급쟁이부자들 정보 없ㅇ,ㅡ
[2024-01-14T15:28:46.695+0000] {jobinfo_jobplanet.py:630} INFO - Failed to read CSV file from S3: An error occurred (NoSuchKey) when calling the GetObject operation: The specified key does not exist.
[2024-01-14T15:29:04.524+0000] {base.py:73} INFO - Using connection ID 's3_conn' for task execution.
[2024-01-14T15:29:04.623+0000] {jobinfo_jobplanet.py:629} INFO - 로민 정보 없ㅇ,ㅡ
[2024-01-14T15:29:04.628+0000] {jobinfo_jobplanet.py:630} INFO - Failed to read CSV file from S3: An error occurred (NoSuchKey) when calling the GetObject operation: The specified key does not exist.
[2024-01-14T15:29:19.827+0000] {base.py:73} INFO - Using connection ID 's3_conn' for task execution.
[2024-01-14T15:29:19.950+0000] {jobinfo_jobplanet.py:629} INFO - 블랙탠저린 정보 없ㅇ,ㅡ
[2024-01-14T15:29:19.950+0000] {jobinfo_jobplanet.py:630} INFO - Failed to read CSV file from S3: An error occurred (NoSuchKey) when calling the GetObject operation: The specified key does not exist.
[2024-01-14T15:29:34.971+0000] {base.py:73} INFO - Using connection ID 's3_conn' for task execution.
[2024-01-14T15:29:35.068+0000] {jobinfo_jobplanet.py:629} INFO - 파인더스 정보 없ㅇ,ㅡ
[2024-01-14T15:29:35.068+0000] {jobinfo_jobplanet.py:630} INFO - Failed to read CSV file from S3: An error occurred (NoSuchKey) when calling the GetObject operation: The specified key does not exist.
[2024-01-14T15:29:51.184+0000] {base.py:73} INFO - Using connection ID 's3_conn' for task execution.
[2024-01-14T15:29:51.257+0000] {jobinfo_jobplanet.py:629} INFO - 론픽 정보 없ㅇ,ㅡ
[2024-01-14T15:29:51.257+0000] {jobinfo_jobplanet.py:630} INFO - Failed to read CSV file from S3: An error occurred (NoSuchKey) when calling the GetObject operation: The specified key does not exist.
[2024-01-14T15:30:06.504+0000] {base.py:73} INFO - Using connection ID 's3_conn' for task execution.
[2024-01-14T15:30:06.590+0000] {jobinfo_jobplanet.py:629} INFO - 비포플레이 정보 없ㅇ,ㅡ
[2024-01-14T15:30:06.591+0000] {jobinfo_jobplanet.py:630} INFO - Failed to read CSV file from S3: An error occurred (NoSuchKey) when calling the GetObject operation: The specified key does not exist.
[2024-01-14T15:30:20.941+0000] {base.py:73} INFO - Using connection ID 's3_conn' for task execution.
[2024-01-14T15:30:21.024+0000] {jobinfo_jobplanet.py:629} INFO - 롯데헬스케어 정보 없ㅇ,ㅡ
[2024-01-14T15:30:21.024+0000] {jobinfo_jobplanet.py:630} INFO - Failed to read CSV file from S3: An error occurred (NoSuchKey) when calling the GetObject operation: The specified key does not exist.
[2024-01-14T15:30:35.488+0000] {base.py:73} INFO - Using connection ID 's3_conn' for task execution.
[2024-01-14T15:30:35.551+0000] {jobinfo_jobplanet.py:629} INFO - 롯데헬스케어 정보 없ㅇ,ㅡ
[2024-01-14T15:30:35.551+0000] {jobinfo_jobplanet.py:630} INFO - Failed to read CSV file from S3: An error occurred (NoSuchKey) when calling the GetObject operation: The specified key does not exist.
[2024-01-14T15:30:49.168+0000] {base.py:73} INFO - Using connection ID 's3_conn' for task execution.
[2024-01-14T15:30:49.268+0000] {jobinfo_jobplanet.py:629} INFO - 올라운드닥터스 정보 없ㅇ,ㅡ
[2024-01-14T15:30:49.268+0000] {jobinfo_jobplanet.py:630} INFO - Failed to read CSV file from S3: An error occurred (NoSuchKey) when calling the GetObject operation: The specified key does not exist.
[2024-01-14T15:31:01.921+0000] {base.py:73} INFO - Using connection ID 's3_conn' for task execution.
[2024-01-14T15:31:01.996+0000] {jobinfo_jobplanet.py:629} INFO - 와디즈 정보 없ㅇ,ㅡ
[2024-01-14T15:31:01.997+0000] {jobinfo_jobplanet.py:630} INFO - Failed to read CSV file from S3: An error occurred (NoSuchKey) when calling the GetObject operation: The specified key does not exist.
[2024-01-14T15:31:14.738+0000] {base.py:73} INFO - Using connection ID 's3_conn' for task execution.
[2024-01-14T15:31:14.918+0000] {jobinfo_jobplanet.py:629} INFO - 크리에이트립 정보 없ㅇ,ㅡ
[2024-01-14T15:31:14.918+0000] {jobinfo_jobplanet.py:630} INFO - Failed to read CSV file from S3: An error occurred (NoSuchKey) when calling the GetObject operation: The specified key does not exist.
[2024-01-14T15:31:27.891+0000] {base.py:73} INFO - Using connection ID 's3_conn' for task execution.
[2024-01-14T15:31:27.980+0000] {jobinfo_jobplanet.py:629} INFO - 데브툴즈 정보 없ㅇ,ㅡ
[2024-01-14T15:31:27.980+0000] {jobinfo_jobplanet.py:630} INFO - Failed to read CSV file from S3: An error occurred (NoSuchKey) when calling the GetObject operation: The specified key does not exist.
[2024-01-14T15:31:40.768+0000] {base.py:73} INFO - Using connection ID 's3_conn' for task execution.
[2024-01-14T15:31:40.844+0000] {jobinfo_jobplanet.py:629} INFO - 티니어 정보 없ㅇ,ㅡ
[2024-01-14T15:31:40.844+0000] {jobinfo_jobplanet.py:630} INFO - Failed to read CSV file from S3: An error occurred (NoSuchKey) when calling the GetObject operation: The specified key does not exist.
[2024-01-14T15:31:53.813+0000] {base.py:73} INFO - Using connection ID 's3_conn' for task execution.
[2024-01-14T15:31:53.879+0000] {jobinfo_jobplanet.py:629} INFO - 키다리스튜디오 정보 없ㅇ,ㅡ
[2024-01-14T15:31:53.879+0000] {jobinfo_jobplanet.py:630} INFO - Failed to read CSV file from S3: An error occurred (NoSuchKey) when calling the GetObject operation: The specified key does not exist.
[2024-01-14T15:32:06.368+0000] {base.py:73} INFO - Using connection ID 's3_conn' for task execution.
[2024-01-14T15:32:06.718+0000] {jobinfo_jobplanet.py:629} INFO - 마크클라우드 정보 없ㅇ,ㅡ
[2024-01-14T15:32:06.718+0000] {jobinfo_jobplanet.py:630} INFO - Failed to read CSV file from S3: An error occurred (NoSuchKey) when calling the GetObject operation: The specified key does not exist.
[2024-01-14T15:32:19.338+0000] {python.py:177} INFO - Done. Returned value was: None
[2024-01-14T15:32:19.351+0000] {taskinstance.py:1323} INFO - Marking task as SUCCESS. dag_id=jobinfo_jobplanet, task_id=jobplanet_login, execution_date=20240114T152540, start_date=20240114T152546, end_date=20240114T153219
[2024-01-14T15:32:19.394+0000] {local_task_job.py:208} INFO - Task exited with return code 0
[2024-01-14T15:32:19.415+0000] {taskinstance.py:2578} INFO - 1 downstream tasks scheduled from follow-on schedule check
