[2024-01-14T10:34:44.150+0000] {taskinstance.py:1083} INFO - Dependencies all met for <TaskInstance: jobinfo_jobplanet.create_infomation_s3 manual__2024-01-14T10:34:37.973100+00:00 [queued]>
[2024-01-14T10:34:44.159+0000] {taskinstance.py:1083} INFO - Dependencies all met for <TaskInstance: jobinfo_jobplanet.create_infomation_s3 manual__2024-01-14T10:34:37.973100+00:00 [queued]>
[2024-01-14T10:34:44.160+0000] {taskinstance.py:1279} INFO - 
--------------------------------------------------------------------------------
[2024-01-14T10:34:44.160+0000] {taskinstance.py:1280} INFO - Starting attempt 1 of 1
[2024-01-14T10:34:44.160+0000] {taskinstance.py:1281} INFO - 
--------------------------------------------------------------------------------
[2024-01-14T10:34:44.175+0000] {taskinstance.py:1300} INFO - Executing <Task(PythonOperator): create_infomation_s3> on 2024-01-14 10:34:37.973100+00:00
[2024-01-14T10:34:44.182+0000] {standard_task_runner.py:55} INFO - Started process 18954 to run task
[2024-01-14T10:34:44.184+0000] {standard_task_runner.py:82} INFO - Running: ['***', 'tasks', 'run', 'jobinfo_jobplanet', 'create_infomation_s3', 'manual__2024-01-14T10:34:37.973100+00:00', '--job-id', '441', '--raw', '--subdir', 'DAGS_FOLDER/jobinfo_jobplanet.py', '--cfg-path', '/tmp/tmpoxmgwytq']
[2024-01-14T10:34:44.185+0000] {standard_task_runner.py:83} INFO - Job 441: Subtask create_infomation_s3
[2024-01-14T10:34:44.394+0000] {task_command.py:388} INFO - Running <TaskInstance: jobinfo_jobplanet.create_infomation_s3 manual__2024-01-14T10:34:37.973100+00:00 [running]> on host 7b77d04f99d6
[2024-01-14T10:34:44.481+0000] {taskinstance.py:1509} INFO - Exporting the following env vars:
AIRFLOW_CTX_DAG_OWNER=***
AIRFLOW_CTX_DAG_ID=jobinfo_jobplanet
AIRFLOW_CTX_TASK_ID=create_infomation_s3
AIRFLOW_CTX_EXECUTION_DATE=2024-01-14T10:34:37.973100+00:00
AIRFLOW_CTX_TRY_NUMBER=1
AIRFLOW_CTX_DAG_RUN_ID=manual__2024-01-14T10:34:37.973100+00:00
[2024-01-14T10:34:48.263+0000] {jobinfo_jobplanet.py:91} INFO - 11111111111111111
[2024-01-14T10:34:48.285+0000] {jobinfo_jobplanet.py:99} INFO - 2222222222222222222222222
[2024-01-14T10:34:48.373+0000] {jobinfo_jobplanet.py:106} INFO - user_email
[2024-01-14T10:34:49.041+0000] {jobinfo_jobplanet.py:110} INFO - 33333333333333333
[2024-01-14T10:34:49.087+0000] {jobinfo_jobplanet.py:114} INFO - user_password
[2024-01-14T10:34:49.450+0000] {jobinfo_jobplanet.py:121} INFO - driver
[2024-01-14T10:34:49.794+0000] {jobinfo_jobplanet.py:123} INFO - driver
[2024-01-14T10:34:49.801+0000] {jobinfo_jobplanet.py:125} INFO - 4444444444444
[2024-01-14T10:34:49.887+0000] {logging_mixin.py:137} INFO - Companies from XCom: []
[2024-01-14T10:34:49.899+0000] {jobinfo_jobplanet.py:137} INFO - 5555555555555
[2024-01-14T10:34:49.899+0000] {jobinfo_jobplanet.py:138} INFO - []
[2024-01-14T10:34:49.899+0000] {python.py:177} INFO - Done. Returned value was: None
[2024-01-14T10:34:49.907+0000] {taskinstance.py:1323} INFO - Marking task as SUCCESS. dag_id=jobinfo_jobplanet, task_id=create_infomation_s3, execution_date=20240114T103437, start_date=20240114T103444, end_date=20240114T103449
[2024-01-14T10:34:49.964+0000] {local_task_job.py:208} INFO - Task exited with return code 0
[2024-01-14T10:34:50.116+0000] {taskinstance.py:2578} INFO - 1 downstream tasks scheduled from follow-on schedule check
