[2024-01-15T11:56:08.874+0000] {taskinstance.py:1083} INFO - Dependencies all met for <TaskInstance: jumpit_jobinfo.save_to_csv scheduled__2024-01-14T11:56:00+00:00 [queued]>
[2024-01-15T11:56:08.883+0000] {taskinstance.py:1083} INFO - Dependencies all met for <TaskInstance: jumpit_jobinfo.save_to_csv scheduled__2024-01-14T11:56:00+00:00 [queued]>
[2024-01-15T11:56:08.883+0000] {taskinstance.py:1279} INFO - 
--------------------------------------------------------------------------------
[2024-01-15T11:56:08.883+0000] {taskinstance.py:1280} INFO - Starting attempt 1 of 2
[2024-01-15T11:56:08.883+0000] {taskinstance.py:1281} INFO - 
--------------------------------------------------------------------------------
[2024-01-15T11:56:08.901+0000] {taskinstance.py:1300} INFO - Executing <Task(PythonOperator): save_to_csv> on 2024-01-14 11:56:00+00:00
[2024-01-15T11:56:08.911+0000] {standard_task_runner.py:55} INFO - Started process 35023 to run task
[2024-01-15T11:56:08.915+0000] {standard_task_runner.py:82} INFO - Running: ['***', 'tasks', 'run', 'jumpit_jobinfo', 'save_to_csv', 'scheduled__2024-01-14T11:56:00+00:00', '--job-id', '614', '--raw', '--subdir', 'DAGS_FOLDER/jobinfo_jumpit.py', '--cfg-path', '/tmp/tmp273ub6rq']
[2024-01-15T11:56:08.915+0000] {standard_task_runner.py:83} INFO - Job 614: Subtask save_to_csv
[2024-01-15T11:56:09.001+0000] {task_command.py:388} INFO - Running <TaskInstance: jumpit_jobinfo.save_to_csv scheduled__2024-01-14T11:56:00+00:00 [running]> on host 565f6bcc10b6
[2024-01-15T11:56:09.112+0000] {taskinstance.py:1509} INFO - Exporting the following env vars:
AIRFLOW_CTX_DAG_OWNER=***
AIRFLOW_CTX_DAG_ID=jumpit_jobinfo
AIRFLOW_CTX_TASK_ID=save_to_csv
AIRFLOW_CTX_EXECUTION_DATE=2024-01-14T11:56:00+00:00
AIRFLOW_CTX_TRY_NUMBER=1
AIRFLOW_CTX_DAG_RUN_ID=scheduled__2024-01-14T11:56:00+00:00
[2024-01-15T11:56:09.127+0000] {jobinfo_jumpit.py:87} INFO - Attempting to write to: /opt/***/dags/jumpit.csv
[2024-01-15T11:56:09.128+0000] {jobinfo_jumpit.py:97} INFO - File successfully written to: /opt/***/dags/jumpit.csv
[2024-01-15T11:56:09.145+0000] {python.py:177} INFO - Done. Returned value was: /opt/***/dags/jumpit.csv
[2024-01-15T11:56:09.174+0000] {taskinstance.py:1323} INFO - Marking task as SUCCESS. dag_id=jumpit_jobinfo, task_id=save_to_csv, execution_date=20240114T115600, start_date=20240115T115608, end_date=20240115T115609
[2024-01-15T11:56:09.208+0000] {local_task_job.py:208} INFO - Task exited with return code 0
[2024-01-15T11:56:09.236+0000] {taskinstance.py:2578} INFO - 1 downstream tasks scheduled from follow-on schedule check
