[2024-01-14T14:07:12.848+0000] {taskinstance.py:1083} INFO - Dependencies all met for <TaskInstance: jobinfo_jobplanet.jobplanet_login manual__2024-01-14T14:07:06.143630+00:00 [queued]>
[2024-01-14T14:07:12.856+0000] {taskinstance.py:1083} INFO - Dependencies all met for <TaskInstance: jobinfo_jobplanet.jobplanet_login manual__2024-01-14T14:07:06.143630+00:00 [queued]>
[2024-01-14T14:07:12.857+0000] {taskinstance.py:1279} INFO - 
--------------------------------------------------------------------------------
[2024-01-14T14:07:12.857+0000] {taskinstance.py:1280} INFO - Starting attempt 1 of 1
[2024-01-14T14:07:12.857+0000] {taskinstance.py:1281} INFO - 
--------------------------------------------------------------------------------
[2024-01-14T14:07:12.878+0000] {taskinstance.py:1300} INFO - Executing <Task(PythonOperator): jobplanet_login> on 2024-01-14 14:07:06.143630+00:00
[2024-01-14T14:07:12.907+0000] {standard_task_runner.py:82} INFO - Running: ['***', 'tasks', 'run', 'jobinfo_jobplanet', 'jobplanet_login', 'manual__2024-01-14T14:07:06.143630+00:00', '--job-id', '510', '--raw', '--subdir', 'DAGS_FOLDER/jobinfo_jobplanet.py', '--cfg-path', '/tmp/tmpksabx9bg']
[2024-01-14T14:07:12.910+0000] {standard_task_runner.py:83} INFO - Job 510: Subtask jobplanet_login
[2024-01-14T14:07:12.933+0000] {standard_task_runner.py:55} INFO - Started process 2129 to run task
[2024-01-14T14:07:13.072+0000] {task_command.py:388} INFO - Running <TaskInstance: jobinfo_jobplanet.jobplanet_login manual__2024-01-14T14:07:06.143630+00:00 [running]> on host 565f6bcc10b6
[2024-01-14T14:07:13.235+0000] {taskinstance.py:1509} INFO - Exporting the following env vars:
AIRFLOW_CTX_DAG_OWNER=***
AIRFLOW_CTX_DAG_ID=jobinfo_jobplanet
AIRFLOW_CTX_TASK_ID=jobplanet_login
AIRFLOW_CTX_EXECUTION_DATE=2024-01-14T14:07:06.143630+00:00
AIRFLOW_CTX_TRY_NUMBER=1
AIRFLOW_CTX_DAG_RUN_ID=manual__2024-01-14T14:07:06.143630+00:00
[2024-01-14T14:07:18.642+0000] {jobinfo_jobplanet.py:76} INFO - *********************************
[2024-01-14T14:07:18.673+0000] {jobinfo_jobplanet.py:82} INFO - 12212121313442342354534634534534534534523423443423
[2024-01-14T14:07:18.673+0000] {jobinfo_jobplanet.py:83} INFO - <selenium.webdriver.remote.webdriver.WebDriver (session="c85e97c0e9db6eb49f5561331f917072")>
[2024-01-14T14:07:18.852+0000] {jobinfo_jobplanet.py:86} INFO - 890u8987978078978978079078097807897809789789789789789797
[2024-01-14T14:07:19.457+0000] {jobinfo_jobplanet.py:89} INFO - ^^^^^^^^^^^^^^^^^^^^^^^^^^^^^^^^^^^^^^^^^^^^^^^^^^^^^^^^^^^^^^^^^^^^^^^^^^^^^^^^^^^^^^
[2024-01-14T14:07:20.241+0000] {jobinfo_jobplanet.py:100} INFO - 3333333333333333333333333
[2024-01-14T14:07:20.323+0000] {jobinfo_jobplanet.py:106} INFO - 4444444444444444444444444444
[2024-01-14T14:07:20.349+0000] {jobinfo_jobplanet.py:108} INFO - ['오케스트로', '오케스트로', '제니스앤컴퍼니', '제니스앤컴퍼니', '제니스앤컴퍼니', '메이븐클라우드서비스', '엠아이티', '엠아이티', '스윗코리아', '스윗코리아', '파킹클라우드', '오케스트로', '오케스트로', '오케스트로', '오케스트로', '오케스트로', '월급쟁이부자들', '월급쟁이부자들', '로민', '블랙탠저린', '파인더스', '론픽', '비포플레이', '롯데헬스케어', '롯데헬스케어', '올라운드닥터스', '와디즈', '크리에이트립', '데브툴즈', '티니어', '키다리스튜디오', '마크클라우드']
[2024-01-14T14:07:20.349+0000] {jobinfo_jobplanet.py:109} INFO - ['path/in/s3/bucket/jobinfo_jumpit.csv', 'path/in/s3/bucket/jobinfo_jumpit_v2.csv', 'path/in/s3/bucket/review_information_데브툴즈.csv', 'path/in/s3/bucket/review_information_로민.csv', 'path/in/s3/bucket/review_information_롯데헬스케어.csv', 'path/in/s3/bucket/review_information_마크클라우드.csv', 'path/in/s3/bucket/review_information_메이븐클라우드서비스.csv', 'path/in/s3/bucket/review_information_블랙탠저린.csv', 'path/in/s3/bucket/review_information_비포플레이.csv', 'path/in/s3/bucket/review_information_스윗코리아.csv', 'path/in/s3/bucket/review_information_엠아이티.csv', 'path/in/s3/bucket/review_information_오케스트로.csv', 'path/in/s3/bucket/review_information_월급쟁이부자들.csv', 'path/in/s3/bucket/review_information_제니스앤컴퍼니.csv', 'path/in/s3/bucket/review_information_키다리스튜디오.csv', 'path/in/s3/bucket/review_information_티니어.csv', 'path/in/s3/bucket/review_information_파인더스.csv', 'path/in/s3/bucket/review_information_파킹클라우드.csv', 'path/in/s3/bucket/summary.csv']
[2024-01-14T14:07:20.349+0000] {jobinfo_jobplanet.py:110} INFO - 시작
[2024-01-14T14:07:20.350+0000] {jobinfo_jobplanet.py:114} INFO - 오케스트로 있음
[2024-01-14T14:07:20.350+0000] {jobinfo_jobplanet.py:114} INFO - 오케스트로 있음
[2024-01-14T14:07:20.350+0000] {jobinfo_jobplanet.py:114} INFO - 제니스앤컴퍼니 있음
[2024-01-14T14:07:20.350+0000] {jobinfo_jobplanet.py:114} INFO - 제니스앤컴퍼니 있음
[2024-01-14T14:07:20.351+0000] {jobinfo_jobplanet.py:114} INFO - 제니스앤컴퍼니 있음
[2024-01-14T14:07:20.351+0000] {jobinfo_jobplanet.py:114} INFO - 메이븐클라우드서비스 있음
[2024-01-14T14:07:20.351+0000] {jobinfo_jobplanet.py:114} INFO - 엠아이티 있음
[2024-01-14T14:07:20.351+0000] {jobinfo_jobplanet.py:114} INFO - 엠아이티 있음
[2024-01-14T14:07:20.352+0000] {jobinfo_jobplanet.py:114} INFO - 스윗코리아 있음
[2024-01-14T14:07:20.352+0000] {jobinfo_jobplanet.py:114} INFO - 스윗코리아 있음
[2024-01-14T14:07:20.352+0000] {jobinfo_jobplanet.py:114} INFO - 파킹클라우드 있음
[2024-01-14T14:07:20.352+0000] {jobinfo_jobplanet.py:114} INFO - 오케스트로 있음
[2024-01-14T14:07:20.353+0000] {jobinfo_jobplanet.py:114} INFO - 오케스트로 있음
[2024-01-14T14:07:20.353+0000] {jobinfo_jobplanet.py:114} INFO - 오케스트로 있음
[2024-01-14T14:07:20.353+0000] {jobinfo_jobplanet.py:114} INFO - 오케스트로 있음
[2024-01-14T14:07:20.353+0000] {jobinfo_jobplanet.py:114} INFO - 오케스트로 있음
[2024-01-14T14:07:20.353+0000] {jobinfo_jobplanet.py:114} INFO - 월급쟁이부자들 있음
[2024-01-14T14:07:20.354+0000] {jobinfo_jobplanet.py:114} INFO - 월급쟁이부자들 있음
[2024-01-14T14:07:20.354+0000] {jobinfo_jobplanet.py:114} INFO - 로민 있음
[2024-01-14T14:07:20.354+0000] {jobinfo_jobplanet.py:114} INFO - 블랙탠저린 있음
[2024-01-14T14:07:20.355+0000] {jobinfo_jobplanet.py:114} INFO - 파인더스 있음
[2024-01-14T14:07:20.460+0000] {jobinfo_jobplanet.py:121} INFO - 론픽 파일이 없음
[2024-01-14T14:07:22.793+0000] {jobinfo_jobplanet.py:125} INFO - 론픽 검색을 위해 검색창에 입력했습니다.
[2024-01-14T14:07:25.576+0000] {jobinfo_jobplanet.py:128} INFO - 론픽 검색하기
[2024-01-14T14:07:25.884+0000] {jobinfo_jobplanet.py:133} INFO - 론픽 회사 정보를 알기 위해 상세정보 클릭합니다.
[2024-01-14T14:07:44.589+0000] {base.py:73} INFO - Using connection ID 's3_conn' for task execution.
[2024-01-14T14:07:44.725+0000] {jobinfo_jobplanet.py:625} INFO - Error uploading file to S3: 'int' object has no attribute 'to_csv'
[2024-01-14T14:07:44.726+0000] {jobinfo_jobplanet.py:140} INFO - ['path/in/s3/bucket/jobinfo_jumpit.csv', 'path/in/s3/bucket/jobinfo_jumpit_v2.csv', 'path/in/s3/bucket/review_information_데브툴즈.csv', 'path/in/s3/bucket/review_information_로민.csv', 'path/in/s3/bucket/review_information_롯데헬스케어.csv', 'path/in/s3/bucket/review_information_마크클라우드.csv', 'path/in/s3/bucket/review_information_메이븐클라우드서비스.csv', 'path/in/s3/bucket/review_information_블랙탠저린.csv', 'path/in/s3/bucket/review_information_비포플레이.csv', 'path/in/s3/bucket/review_information_스윗코리아.csv', 'path/in/s3/bucket/review_information_엠아이티.csv', 'path/in/s3/bucket/review_information_오케스트로.csv', 'path/in/s3/bucket/review_information_월급쟁이부자들.csv', 'path/in/s3/bucket/review_information_제니스앤컴퍼니.csv', 'path/in/s3/bucket/review_information_키다리스튜디오.csv', 'path/in/s3/bucket/review_information_티니어.csv', 'path/in/s3/bucket/review_information_파인더스.csv', 'path/in/s3/bucket/review_information_파킹클라우드.csv', 'path/in/s3/bucket/summary.csv', 'path/in/s3/bucket/review_information_론픽.csv']
[2024-01-14T14:07:44.726+0000] {jobinfo_jobplanet.py:114} INFO - 비포플레이 있음
[2024-01-14T14:07:44.727+0000] {jobinfo_jobplanet.py:114} INFO - 롯데헬스케어 있음
[2024-01-14T14:07:44.727+0000] {jobinfo_jobplanet.py:114} INFO - 롯데헬스케어 있음
[2024-01-14T14:07:44.731+0000] {jobinfo_jobplanet.py:121} INFO - 올라운드닥터스 파일이 없음
[2024-01-14T14:07:45.131+0000] {jobinfo_jobplanet.py:125} INFO - 올라운드닥터스 검색을 위해 검색창에 입력했습니다.
[2024-01-14T14:07:48.281+0000] {jobinfo_jobplanet.py:128} INFO - 올라운드닥터스 검색하기
[2024-01-14T14:07:50.390+0000] {jobinfo_jobplanet.py:139} INFO - 올라운드닥터스의 정보는 없어서 파일 생성을 못한다.
[2024-01-14T14:07:50.391+0000] {jobinfo_jobplanet.py:140} INFO - ['path/in/s3/bucket/jobinfo_jumpit.csv', 'path/in/s3/bucket/jobinfo_jumpit_v2.csv', 'path/in/s3/bucket/review_information_데브툴즈.csv', 'path/in/s3/bucket/review_information_로민.csv', 'path/in/s3/bucket/review_information_롯데헬스케어.csv', 'path/in/s3/bucket/review_information_마크클라우드.csv', 'path/in/s3/bucket/review_information_메이븐클라우드서비스.csv', 'path/in/s3/bucket/review_information_블랙탠저린.csv', 'path/in/s3/bucket/review_information_비포플레이.csv', 'path/in/s3/bucket/review_information_스윗코리아.csv', 'path/in/s3/bucket/review_information_엠아이티.csv', 'path/in/s3/bucket/review_information_오케스트로.csv', 'path/in/s3/bucket/review_information_월급쟁이부자들.csv', 'path/in/s3/bucket/review_information_제니스앤컴퍼니.csv', 'path/in/s3/bucket/review_information_키다리스튜디오.csv', 'path/in/s3/bucket/review_information_티니어.csv', 'path/in/s3/bucket/review_information_파인더스.csv', 'path/in/s3/bucket/review_information_파킹클라우드.csv', 'path/in/s3/bucket/summary.csv', 'path/in/s3/bucket/review_information_론픽.csv']
[2024-01-14T14:07:50.413+0000] {jobinfo_jobplanet.py:121} INFO - 와디즈 파일이 없음
[2024-01-14T14:07:50.723+0000] {jobinfo_jobplanet.py:125} INFO - 와디즈 검색을 위해 검색창에 입력했습니다.
[2024-01-14T14:07:53.990+0000] {jobinfo_jobplanet.py:128} INFO - 와디즈 검색하기
[2024-01-14T14:07:56.033+0000] {jobinfo_jobplanet.py:139} INFO - 와디즈의 정보는 없어서 파일 생성을 못한다.
[2024-01-14T14:07:56.033+0000] {jobinfo_jobplanet.py:140} INFO - ['path/in/s3/bucket/jobinfo_jumpit.csv', 'path/in/s3/bucket/jobinfo_jumpit_v2.csv', 'path/in/s3/bucket/review_information_데브툴즈.csv', 'path/in/s3/bucket/review_information_로민.csv', 'path/in/s3/bucket/review_information_롯데헬스케어.csv', 'path/in/s3/bucket/review_information_마크클라우드.csv', 'path/in/s3/bucket/review_information_메이븐클라우드서비스.csv', 'path/in/s3/bucket/review_information_블랙탠저린.csv', 'path/in/s3/bucket/review_information_비포플레이.csv', 'path/in/s3/bucket/review_information_스윗코리아.csv', 'path/in/s3/bucket/review_information_엠아이티.csv', 'path/in/s3/bucket/review_information_오케스트로.csv', 'path/in/s3/bucket/review_information_월급쟁이부자들.csv', 'path/in/s3/bucket/review_information_제니스앤컴퍼니.csv', 'path/in/s3/bucket/review_information_키다리스튜디오.csv', 'path/in/s3/bucket/review_information_티니어.csv', 'path/in/s3/bucket/review_information_파인더스.csv', 'path/in/s3/bucket/review_information_파킹클라우드.csv', 'path/in/s3/bucket/summary.csv', 'path/in/s3/bucket/review_information_론픽.csv']
[2024-01-14T14:07:56.037+0000] {jobinfo_jobplanet.py:121} INFO - 크리에이트립 파일이 없음
[2024-01-14T14:07:56.389+0000] {jobinfo_jobplanet.py:125} INFO - 크리에이트립 검색을 위해 검색창에 입력했습니다.
[2024-01-14T14:07:59.073+0000] {jobinfo_jobplanet.py:128} INFO - 크리에이트립 검색하기
[2024-01-14T14:08:01.154+0000] {jobinfo_jobplanet.py:139} INFO - 크리에이트립의 정보는 없어서 파일 생성을 못한다.
[2024-01-14T14:08:01.154+0000] {jobinfo_jobplanet.py:140} INFO - ['path/in/s3/bucket/jobinfo_jumpit.csv', 'path/in/s3/bucket/jobinfo_jumpit_v2.csv', 'path/in/s3/bucket/review_information_데브툴즈.csv', 'path/in/s3/bucket/review_information_로민.csv', 'path/in/s3/bucket/review_information_롯데헬스케어.csv', 'path/in/s3/bucket/review_information_마크클라우드.csv', 'path/in/s3/bucket/review_information_메이븐클라우드서비스.csv', 'path/in/s3/bucket/review_information_블랙탠저린.csv', 'path/in/s3/bucket/review_information_비포플레이.csv', 'path/in/s3/bucket/review_information_스윗코리아.csv', 'path/in/s3/bucket/review_information_엠아이티.csv', 'path/in/s3/bucket/review_information_오케스트로.csv', 'path/in/s3/bucket/review_information_월급쟁이부자들.csv', 'path/in/s3/bucket/review_information_제니스앤컴퍼니.csv', 'path/in/s3/bucket/review_information_키다리스튜디오.csv', 'path/in/s3/bucket/review_information_티니어.csv', 'path/in/s3/bucket/review_information_파인더스.csv', 'path/in/s3/bucket/review_information_파킹클라우드.csv', 'path/in/s3/bucket/summary.csv', 'path/in/s3/bucket/review_information_론픽.csv']
[2024-01-14T14:08:01.155+0000] {jobinfo_jobplanet.py:114} INFO - 데브툴즈 있음
[2024-01-14T14:08:01.155+0000] {jobinfo_jobplanet.py:114} INFO - 티니어 있음
[2024-01-14T14:08:01.155+0000] {jobinfo_jobplanet.py:114} INFO - 키다리스튜디오 있음
[2024-01-14T14:08:01.155+0000] {jobinfo_jobplanet.py:114} INFO - 마크클라우드 있음
[2024-01-14T14:08:01.282+0000] {python.py:177} INFO - Done. Returned value was: <selenium.webdriver.remote.webdriver.WebDriver (session="c85e97c0e9db6eb49f5561331f917072")>
[2024-01-14T14:08:01.291+0000] {xcom.py:635} ERROR - Object of type WebDriver is not JSON serializable. If you are using pickle instead of JSON for XCom, then you need to enable pickle support for XCom in your *** config or make sure to decorate your object with attr.
[2024-01-14T14:08:01.292+0000] {taskinstance.py:1768} ERROR - Task failed with exception
Traceback (most recent call last):
  File "/home/airflow/.local/lib/python3.7/site-packages/airflow/utils/session.py", line 72, in wrapper
    return func(*args, **kwargs)
  File "/home/airflow/.local/lib/python3.7/site-packages/airflow/models/taskinstance.py", line 2297, in xcom_push
    session=session,
  File "/home/airflow/.local/lib/python3.7/site-packages/airflow/utils/session.py", line 72, in wrapper
    return func(*args, **kwargs)
  File "/home/airflow/.local/lib/python3.7/site-packages/airflow/models/xcom.py", line 240, in set
    map_index=map_index,
  File "/home/airflow/.local/lib/python3.7/site-packages/airflow/models/xcom.py", line 627, in serialize_value
    return json.dumps(value, cls=XComEncoder).encode("UTF-8")
  File "/usr/local/lib/python3.7/json/__init__.py", line 238, in dumps
    **kw).encode(obj)
  File "/home/airflow/.local/lib/python3.7/site-packages/airflow/utils/json.py", line 176, in encode
    return super().encode(o)
  File "/usr/local/lib/python3.7/json/encoder.py", line 199, in encode
    chunks = self.iterencode(o, _one_shot=True)
  File "/usr/local/lib/python3.7/json/encoder.py", line 257, in iterencode
    return _iterencode(o, 0)
  File "/home/airflow/.local/lib/python3.7/site-packages/airflow/utils/json.py", line 170, in default
    return super().default(o)
  File "/usr/local/lib/python3.7/json/encoder.py", line 179, in default
    raise TypeError(f'Object of type {o.__class__.__name__} '
TypeError: Object of type WebDriver is not JSON serializable
[2024-01-14T14:08:01.300+0000] {taskinstance.py:1323} INFO - Marking task as FAILED. dag_id=jobinfo_jobplanet, task_id=jobplanet_login, execution_date=20240114T140706, start_date=20240114T140712, end_date=20240114T140801
[2024-01-14T14:08:01.315+0000] {standard_task_runner.py:105} ERROR - Failed to execute job 510 for task jobplanet_login (Object of type WebDriver is not JSON serializable; 2129)
[2024-01-14T14:08:01.362+0000] {local_task_job.py:208} INFO - Task exited with return code 1
[2024-01-14T14:08:01.390+0000] {taskinstance.py:2578} INFO - 0 downstream tasks scheduled from follow-on schedule check
