[2024-01-14T02:14:57.795+0000] {taskinstance.py:1083} INFO - Dependencies all met for <TaskInstance: jobinfo_jobplanet.create_summary_s3_to_rds manual__2024-01-14T02:14:44.859946+00:00 [queued]>
[2024-01-14T02:14:57.804+0000] {taskinstance.py:1083} INFO - Dependencies all met for <TaskInstance: jobinfo_jobplanet.create_summary_s3_to_rds manual__2024-01-14T02:14:44.859946+00:00 [queued]>
[2024-01-14T02:14:57.805+0000] {taskinstance.py:1279} INFO - 
--------------------------------------------------------------------------------
[2024-01-14T02:14:57.805+0000] {taskinstance.py:1280} INFO - Starting attempt 1 of 1
[2024-01-14T02:14:57.806+0000] {taskinstance.py:1281} INFO - 
--------------------------------------------------------------------------------
[2024-01-14T02:14:57.822+0000] {taskinstance.py:1300} INFO - Executing <Task(PythonOperator): create_summary_s3_to_rds> on 2024-01-14 02:14:44.859946+00:00
[2024-01-14T02:14:57.829+0000] {standard_task_runner.py:55} INFO - Started process 7593 to run task
[2024-01-14T02:14:57.832+0000] {standard_task_runner.py:82} INFO - Running: ['***', 'tasks', 'run', 'jobinfo_jobplanet', 'create_summary_s3_to_rds', 'manual__2024-01-14T02:14:44.859946+00:00', '--job-id', '405', '--raw', '--subdir', 'DAGS_FOLDER/jobinfo_jobplanet.py', '--cfg-path', '/tmp/tmpmo7_dyo6']
[2024-01-14T02:14:57.833+0000] {standard_task_runner.py:83} INFO - Job 405: Subtask create_summary_s3_to_rds
[2024-01-14T02:14:58.045+0000] {task_command.py:388} INFO - Running <TaskInstance: jobinfo_jobplanet.create_summary_s3_to_rds manual__2024-01-14T02:14:44.859946+00:00 [running]> on host 7b77d04f99d6
[2024-01-14T02:14:58.150+0000] {taskinstance.py:1509} INFO - Exporting the following env vars:
AIRFLOW_CTX_DAG_OWNER=***
AIRFLOW_CTX_DAG_ID=jobinfo_jobplanet
AIRFLOW_CTX_TASK_ID=create_summary_s3_to_rds
AIRFLOW_CTX_EXECUTION_DATE=2024-01-14T02:14:44.859946+00:00
AIRFLOW_CTX_TRY_NUMBER=1
AIRFLOW_CTX_DAG_RUN_ID=manual__2024-01-14T02:14:44.859946+00:00
[2024-01-14T02:15:01.350+0000] {jobinfo_jobplanet.py:79} INFO - 11111111111111111
[2024-01-14T02:15:01.370+0000] {jobinfo_jobplanet.py:87} INFO - 2222222222222222222222222
[2024-01-14T02:15:01.786+0000] {jobinfo_jobplanet.py:95} INFO - 33333333333333333
[2024-01-14T02:15:02.636+0000] {jobinfo_jobplanet.py:105} INFO - 4444444444444
[2024-01-14T02:15:02.734+0000] {taskinstance.py:1768} ERROR - Task failed with exception
Traceback (most recent call last):
  File "/home/airflow/.local/lib/python3.7/site-packages/airflow/operators/python.py", line 175, in execute
    return_value = self.execute_callable()
  File "/home/airflow/.local/lib/python3.7/site-packages/airflow/operators/python.py", line 192, in execute_callable
    return self.python_callable(*self.op_args, **self.op_kwargs)
  File "/opt/airflow/dags/jobinfo_jobplanet.py", line 352, in create_summary_s3_to_rds
    'company' : [companies[0]],
IndexError: list index out of range
[2024-01-14T02:15:02.740+0000] {taskinstance.py:1323} INFO - Marking task as FAILED. dag_id=jobinfo_jobplanet, task_id=create_summary_s3_to_rds, execution_date=20240114T021444, start_date=20240114T021457, end_date=20240114T021502
[2024-01-14T02:15:02.756+0000] {standard_task_runner.py:105} ERROR - Failed to execute job 405 for task create_summary_s3_to_rds (list index out of range; 7593)
[2024-01-14T02:15:02.796+0000] {local_task_job.py:208} INFO - Task exited with return code 1
[2024-01-14T02:15:02.811+0000] {taskinstance.py:2578} INFO - 0 downstream tasks scheduled from follow-on schedule check
