[2024-01-17T07:56:31.595+0000] {taskinstance.py:1083} INFO - Dependencies all met for <TaskInstance: jobinfo_jobplanet.jobplanet_login manual__2024-01-17T07:56:23.835874+00:00 [queued]>
[2024-01-17T07:56:31.604+0000] {taskinstance.py:1083} INFO - Dependencies all met for <TaskInstance: jobinfo_jobplanet.jobplanet_login manual__2024-01-17T07:56:23.835874+00:00 [queued]>
[2024-01-17T07:56:31.604+0000] {taskinstance.py:1279} INFO - 
--------------------------------------------------------------------------------
[2024-01-17T07:56:31.604+0000] {taskinstance.py:1280} INFO - Starting attempt 1 of 1
[2024-01-17T07:56:31.604+0000] {taskinstance.py:1281} INFO - 
--------------------------------------------------------------------------------
[2024-01-17T07:56:31.619+0000] {taskinstance.py:1300} INFO - Executing <Task(PythonOperator): jobplanet_login> on 2024-01-17 07:56:23.835874+00:00
[2024-01-17T07:56:31.631+0000] {standard_task_runner.py:55} INFO - Started process 1343 to run task
[2024-01-17T07:56:31.634+0000] {standard_task_runner.py:82} INFO - Running: ['***', 'tasks', 'run', 'jobinfo_jobplanet', 'jobplanet_login', 'manual__2024-01-17T07:56:23.835874+00:00', '--job-id', '4692', '--raw', '--subdir', 'DAGS_FOLDER/jobinfo_jobplanet.py', '--cfg-path', '/tmp/tmp8cqdhdam']
[2024-01-17T07:56:31.634+0000] {standard_task_runner.py:83} INFO - Job 4692: Subtask jobplanet_login
[2024-01-17T07:56:31.723+0000] {task_command.py:388} INFO - Running <TaskInstance: jobinfo_jobplanet.jobplanet_login manual__2024-01-17T07:56:23.835874+00:00 [running]> on host 565f6bcc10b6
[2024-01-17T07:56:31.817+0000] {taskinstance.py:1509} INFO - Exporting the following env vars:
AIRFLOW_CTX_DAG_OWNER=***
AIRFLOW_CTX_DAG_ID=jobinfo_jobplanet
AIRFLOW_CTX_TASK_ID=jobplanet_login
AIRFLOW_CTX_EXECUTION_DATE=2024-01-17T07:56:23.835874+00:00
AIRFLOW_CTX_TRY_NUMBER=1
AIRFLOW_CTX_DAG_RUN_ID=manual__2024-01-17T07:56:23.835874+00:00
[2024-01-17T07:56:35.762+0000] {jobinfo_jobplanet.py:104} INFO - ['메이븐클라우드서비스', '파킹클라우드', '클라우드호스피탈', '파킹클라우드', '레몬클라우드', '레몬클라우드', '엠투클라우드', '엠투클라우드', '파킹클라우드', '메이븐클라우드서비스', '엠투클라우드', '엠투클라우드', '마크클라우드', '마크클라우드', '클라우드호스피탈', '클라우드호스피탈', '월급쟁이부자들', '월급쟁이부자들', '로민', '블랙탠저린', '파인더스', '론픽', '비포플레이', '롯데헬스케어', '롯데헬스케어', '올라운드닥터스', '다큐브', '크리에이트립', '데브툴즈', '티니어', '키다리스튜디오']
[2024-01-17T07:56:35.762+0000] {jobinfo_jobplanet.py:105} INFO - ['path/in/s3/bucket/jobinfo_jumpit.csv', 'path/in/s3/bucket/review_information_다큐브.csv', 'path/in/s3/bucket/review_information_데브툴즈.csv', 'path/in/s3/bucket/review_information_레몬클라우드.csv', 'path/in/s3/bucket/review_information_로민.csv', 'path/in/s3/bucket/review_information_롯데헬스케어.csv', 'path/in/s3/bucket/review_information_마크클라우드.csv', 'path/in/s3/bucket/review_information_메이븐클라우드서비스.csv', 'path/in/s3/bucket/review_information_블랙탠저린.csv', 'path/in/s3/bucket/review_information_비포플레이.csv', 'path/in/s3/bucket/review_information_스윗코리아.csv', 'path/in/s3/bucket/review_information_엠아이티.csv', 'path/in/s3/bucket/review_information_엠투클라우드.csv', 'path/in/s3/bucket/review_information_오케스트로.csv', 'path/in/s3/bucket/review_information_월급쟁이부자들.csv', 'path/in/s3/bucket/review_information_제니스앤컴퍼니.csv', 'path/in/s3/bucket/review_information_크리에이트립.csv', 'path/in/s3/bucket/review_information_클라우드호스피탈.csv', 'path/in/s3/bucket/review_information_키다리스튜디오.csv', 'path/in/s3/bucket/review_information_티니어.csv', 'path/in/s3/bucket/review_information_파인더스.csv', 'path/in/s3/bucket/review_information_파킹클라우드.csv', 'path/in/s3/bucket/summary2.csv']
[2024-01-17T07:56:35.762+0000] {jobinfo_jobplanet.py:106} INFO - 시작
[2024-01-17T07:56:35.762+0000] {jobinfo_jobplanet.py:111} INFO - 메이븐클라우드서비스 있음
[2024-01-17T07:56:35.762+0000] {jobinfo_jobplanet.py:111} INFO - 파킹클라우드 있음
[2024-01-17T07:56:35.763+0000] {jobinfo_jobplanet.py:111} INFO - 클라우드호스피탈 있음
[2024-01-17T07:56:35.763+0000] {jobinfo_jobplanet.py:111} INFO - 파킹클라우드 있음
[2024-01-17T07:56:35.763+0000] {jobinfo_jobplanet.py:111} INFO - 레몬클라우드 있음
[2024-01-17T07:56:35.763+0000] {jobinfo_jobplanet.py:111} INFO - 레몬클라우드 있음
[2024-01-17T07:56:35.763+0000] {jobinfo_jobplanet.py:111} INFO - 엠투클라우드 있음
[2024-01-17T07:56:35.763+0000] {jobinfo_jobplanet.py:111} INFO - 엠투클라우드 있음
[2024-01-17T07:56:35.763+0000] {jobinfo_jobplanet.py:111} INFO - 파킹클라우드 있음
[2024-01-17T07:56:35.763+0000] {jobinfo_jobplanet.py:111} INFO - 메이븐클라우드서비스 있음
[2024-01-17T07:56:35.763+0000] {jobinfo_jobplanet.py:111} INFO - 엠투클라우드 있음
[2024-01-17T07:56:35.763+0000] {jobinfo_jobplanet.py:111} INFO - 엠투클라우드 있음
[2024-01-17T07:56:35.763+0000] {jobinfo_jobplanet.py:111} INFO - 마크클라우드 있음
[2024-01-17T07:56:35.763+0000] {jobinfo_jobplanet.py:111} INFO - 마크클라우드 있음
[2024-01-17T07:56:35.763+0000] {jobinfo_jobplanet.py:111} INFO - 클라우드호스피탈 있음
[2024-01-17T07:56:35.763+0000] {jobinfo_jobplanet.py:111} INFO - 클라우드호스피탈 있음
[2024-01-17T07:56:35.763+0000] {jobinfo_jobplanet.py:111} INFO - 월급쟁이부자들 있음
[2024-01-17T07:56:35.763+0000] {jobinfo_jobplanet.py:111} INFO - 월급쟁이부자들 있음
[2024-01-17T07:56:35.764+0000] {jobinfo_jobplanet.py:111} INFO - 로민 있음
[2024-01-17T07:56:35.764+0000] {jobinfo_jobplanet.py:111} INFO - 블랙탠저린 있음
[2024-01-17T07:56:35.764+0000] {jobinfo_jobplanet.py:111} INFO - 파인더스 있음
[2024-01-17T07:56:35.786+0000] {jobinfo_jobplanet.py:118} INFO - 론픽 파일이 없음
[2024-01-17T07:56:38.820+0000] {jobinfo_jobplanet.py:139} INFO - 론픽의 정보는 없어서 파일 생성을 못한다.
[2024-01-17T07:56:38.820+0000] {jobinfo_jobplanet.py:143} INFO - ['path/in/s3/bucket/jobinfo_jumpit.csv', 'path/in/s3/bucket/review_information_다큐브.csv', 'path/in/s3/bucket/review_information_데브툴즈.csv', 'path/in/s3/bucket/review_information_레몬클라우드.csv', 'path/in/s3/bucket/review_information_로민.csv', 'path/in/s3/bucket/review_information_롯데헬스케어.csv', 'path/in/s3/bucket/review_information_마크클라우드.csv', 'path/in/s3/bucket/review_information_메이븐클라우드서비스.csv', 'path/in/s3/bucket/review_information_블랙탠저린.csv', 'path/in/s3/bucket/review_information_비포플레이.csv', 'path/in/s3/bucket/review_information_스윗코리아.csv', 'path/in/s3/bucket/review_information_엠아이티.csv', 'path/in/s3/bucket/review_information_엠투클라우드.csv', 'path/in/s3/bucket/review_information_오케스트로.csv', 'path/in/s3/bucket/review_information_월급쟁이부자들.csv', 'path/in/s3/bucket/review_information_제니스앤컴퍼니.csv', 'path/in/s3/bucket/review_information_크리에이트립.csv', 'path/in/s3/bucket/review_information_클라우드호스피탈.csv', 'path/in/s3/bucket/review_information_키다리스튜디오.csv', 'path/in/s3/bucket/review_information_티니어.csv', 'path/in/s3/bucket/review_information_파인더스.csv', 'path/in/s3/bucket/review_information_파킹클라우드.csv', 'path/in/s3/bucket/summary2.csv']
[2024-01-17T07:56:38.820+0000] {jobinfo_jobplanet.py:111} INFO - 비포플레이 있음
[2024-01-17T07:56:38.820+0000] {jobinfo_jobplanet.py:111} INFO - 롯데헬스케어 있음
[2024-01-17T07:56:38.821+0000] {jobinfo_jobplanet.py:111} INFO - 롯데헬스케어 있음
[2024-01-17T07:56:38.836+0000] {jobinfo_jobplanet.py:118} INFO - 올라운드닥터스 파일이 없음
[2024-01-17T07:56:39.965+0000] {jobinfo_jobplanet.py:123} INFO - 올라운드닥터스 검색을 위해 검색창에 입력했습니다.
[2024-01-17T07:56:44.064+0000] {jobinfo_jobplanet.py:126} INFO - 올라운드닥터스 검색하기
[2024-01-17T07:56:46.098+0000] {jobinfo_jobplanet.py:139} INFO - 올라운드닥터스의 정보는 없어서 파일 생성을 못한다.
[2024-01-17T07:56:46.099+0000] {jobinfo_jobplanet.py:143} INFO - ['path/in/s3/bucket/jobinfo_jumpit.csv', 'path/in/s3/bucket/review_information_다큐브.csv', 'path/in/s3/bucket/review_information_데브툴즈.csv', 'path/in/s3/bucket/review_information_레몬클라우드.csv', 'path/in/s3/bucket/review_information_로민.csv', 'path/in/s3/bucket/review_information_롯데헬스케어.csv', 'path/in/s3/bucket/review_information_마크클라우드.csv', 'path/in/s3/bucket/review_information_메이븐클라우드서비스.csv', 'path/in/s3/bucket/review_information_블랙탠저린.csv', 'path/in/s3/bucket/review_information_비포플레이.csv', 'path/in/s3/bucket/review_information_스윗코리아.csv', 'path/in/s3/bucket/review_information_엠아이티.csv', 'path/in/s3/bucket/review_information_엠투클라우드.csv', 'path/in/s3/bucket/review_information_오케스트로.csv', 'path/in/s3/bucket/review_information_월급쟁이부자들.csv', 'path/in/s3/bucket/review_information_제니스앤컴퍼니.csv', 'path/in/s3/bucket/review_information_크리에이트립.csv', 'path/in/s3/bucket/review_information_클라우드호스피탈.csv', 'path/in/s3/bucket/review_information_키다리스튜디오.csv', 'path/in/s3/bucket/review_information_티니어.csv', 'path/in/s3/bucket/review_information_파인더스.csv', 'path/in/s3/bucket/review_information_파킹클라우드.csv', 'path/in/s3/bucket/summary2.csv']
[2024-01-17T07:56:46.099+0000] {jobinfo_jobplanet.py:111} INFO - 다큐브 있음
[2024-01-17T07:56:46.099+0000] {jobinfo_jobplanet.py:111} INFO - 크리에이트립 있음
[2024-01-17T07:56:46.099+0000] {jobinfo_jobplanet.py:111} INFO - 데브툴즈 있음
[2024-01-17T07:56:46.099+0000] {jobinfo_jobplanet.py:111} INFO - 티니어 있음
[2024-01-17T07:56:46.099+0000] {jobinfo_jobplanet.py:111} INFO - 키다리스튜디오 있음
[2024-01-17T07:56:46.940+0000] {python.py:177} INFO - Done. Returned value was: None
[2024-01-17T07:56:46.953+0000] {taskinstance.py:1323} INFO - Marking task as SUCCESS. dag_id=jobinfo_jobplanet, task_id=jobplanet_login, execution_date=20240117T075623, start_date=20240117T075631, end_date=20240117T075646
[2024-01-17T07:56:46.993+0000] {local_task_job.py:208} INFO - Task exited with return code 0
[2024-01-17T07:56:47.013+0000] {taskinstance.py:2578} INFO - 1 downstream tasks scheduled from follow-on schedule check
