[2024-01-15T11:36:01.114+0000] {taskinstance.py:1083} INFO - Dependencies all met for <TaskInstance: jobinfo_slack.postAndReview_sql_and_return_result scheduled__2024-01-14T10:00:00+00:00 [queued]>
[2024-01-15T11:36:01.138+0000] {taskinstance.py:1083} INFO - Dependencies all met for <TaskInstance: jobinfo_slack.postAndReview_sql_and_return_result scheduled__2024-01-14T10:00:00+00:00 [queued]>
[2024-01-15T11:36:01.138+0000] {taskinstance.py:1279} INFO - 
--------------------------------------------------------------------------------
[2024-01-15T11:36:01.138+0000] {taskinstance.py:1280} INFO - Starting attempt 1 of 2
[2024-01-15T11:36:01.138+0000] {taskinstance.py:1281} INFO - 
--------------------------------------------------------------------------------
[2024-01-15T11:36:01.161+0000] {taskinstance.py:1300} INFO - Executing <Task(PythonOperator): postAndReview_sql_and_return_result> on 2024-01-14 10:00:00+00:00
[2024-01-15T11:36:01.170+0000] {standard_task_runner.py:55} INFO - Started process 34004 to run task
[2024-01-15T11:36:01.174+0000] {standard_task_runner.py:82} INFO - Running: ['***', 'tasks', 'run', 'jobinfo_slack', 'postAndReview_sql_and_return_result', 'scheduled__2024-01-14T10:00:00+00:00', '--job-id', '593', '--raw', '--subdir', 'DAGS_FOLDER/jobinfo_slack.py', '--cfg-path', '/tmp/tmpl7kgqk9w']
[2024-01-15T11:36:01.174+0000] {standard_task_runner.py:83} INFO - Job 593: Subtask postAndReview_sql_and_return_result
[2024-01-15T11:36:01.307+0000] {task_command.py:388} INFO - Running <TaskInstance: jobinfo_slack.postAndReview_sql_and_return_result scheduled__2024-01-14T10:00:00+00:00 [running]> on host 565f6bcc10b6
[2024-01-15T11:36:01.416+0000] {taskinstance.py:1509} INFO - Exporting the following env vars:
AIRFLOW_CTX_DAG_OWNER=***
AIRFLOW_CTX_DAG_ID=jobinfo_slack
AIRFLOW_CTX_TASK_ID=postAndReview_sql_and_return_result
AIRFLOW_CTX_EXECUTION_DATE=2024-01-14T10:00:00+00:00
AIRFLOW_CTX_TRY_NUMBER=1
AIRFLOW_CTX_DAG_RUN_ID=scheduled__2024-01-14T10:00:00+00:00
[2024-01-15T11:36:01.439+0000] {base.py:73} INFO - Using connection ID 'rds_conn' for task execution.
[2024-01-15T11:36:01.503+0000] {logging_mixin.py:137} INFO - +----------------------+-------------------------------------------+----------------------------------------------------------------------------------------------+----------------+------------+-----------------------------------------+
|       company        |                  position                 |                                            skills                                            | average_salary |  due_date  |                   link                  |
+----------------------+-------------------------------------------+----------------------------------------------------------------------------------------------+----------------+------------+-----------------------------------------+
|      오케스트로      |          지능형클라우드R&D 연구원         |                            Python· Jira· R· SQL· AI/인공지능· Git                            |   3,014 만원   |    상시    | https://www.jumpit.co.kr/position/12803 |
|      오케스트로      |          지능형클라우드R&D 연구원         |                            Python· Jira· R· SQL· AI/인공지능· Git                            |   정보 없음    |    상시    | https://www.jumpit.co.kr/position/12803 |
|    제니스앤컴퍼니    |  Azure기반의클라우드솔루션 Presales 채용  |                                            AZURE                                             |   3,307 만원   |    상시    | https://www.jumpit.co.kr/position/13741 |
|    제니스앤컴퍼니    |         클라우드보안 엔지니어 채용        |                                         AZURE· CISSP                                         |   3,307 만원   |    상시    | https://www.jumpit.co.kr/position/13742 |
|    제니스앤컴퍼니    |         클라우드보안 컨설턴트 채용        |                                         AZURE· CISSP                                         |   3,307 만원   |    상시    | https://www.jumpit.co.kr/position/13744 |
|     롯데헬스케어     |      커머스백엔드엔지니어 (개발 리더)     |                                   MySQL· Python· AWS· GCP                                    |   정보 없음    |    상시    | https://www.jumpit.co.kr/position/14572 |
|     롯데헬스케어     |      서비스백엔드엔지니어 (개발 리더)     |                                    AWS· GCP· Java· Python                                    |   정보 없음    |    상시    | https://www.jumpit.co.kr/position/14576 |
|      스윗코리아      |         클라우드엔지니어 (팀리더)         |                        ips· aws waf· l2· l3· l4· l7· linux· git· gcp                         |   5,270 만원   |    상시    | https://www.jumpit.co.kr/position/15114 |
|      스윗코리아      | 클라우드엔지니어 Cloud Engineer (3년이상) |         ips· aws waf· linux· git· terraform· kubernetes· gcp· google cloud platform          |   5,270 만원   |    상시    | https://www.jumpit.co.kr/position/15115 |
|     크리에이트립     |              백엔드파트 리더              | Node.js· NestJS· AWS· TypeORM· TypeScript· gRPC· GraphQL· Mongoose· Terraform· Redis· Sentry |   4,431 만원   |    상시    | https://www.jumpit.co.kr/position/16032 |
|       파인더스       |             백엔드개발자 채용             |         Java· Spring Boot· Spring Data JPA· MariaDB· NestJS· MongoDB· AWS· REST API          |   4,781 만원   |    상시    | https://www.jumpit.co.kr/position/16929 |
|      오케스트로      |        Cloud Infra Engineer (대전)        |            Java· Spring· Vue.js· OpenStack· Kubernetes· vmware· Confluence· Jira             |   3,014 만원   |    상시    | https://www.jumpit.co.kr/position/17844 |
|      오케스트로      |        Cloud Infra Engineer (대전)        |            Java· Spring· Vue.js· OpenStack· Kubernetes· vmware· Confluence· Jira             |   정보 없음    |    상시    | https://www.jumpit.co.kr/position/17844 |
|      오케스트로      |   지능형클라우드R&D 연구원(전문연구요원)  |                                Python· Linux· AWS· GCP· AZURE                                |   3,014 만원   |    상시    | https://www.jumpit.co.kr/position/17894 |
|      오케스트로      |   지능형클라우드R&D 연구원(전문연구요원)  |                                Python· Linux· AWS· GCP· AZURE                                |   정보 없음    |    상시    | https://www.jumpit.co.kr/position/17894 |
|    키다리스튜디오    |                백엔드개발자               |                          Java· Kotlin· Spring· MySQL· AWS· Git Flow                          |   3,513 만원   |    상시    | https://www.jumpit.co.kr/position/18846 |
|     파킹클라우드     | [SK계열사] 자바 백엔드 개발자(클라우드팀) |                                Java· Spring Boot· NoSql· RDB                                 |   3,082 만원   |    상시    | https://www.jumpit.co.kr/position/19409 |
|      오케스트로      |            Cloud Architect (TA)           |                                       HW· SW· Network                                        |   3,014 만원   |    상시    | https://www.jumpit.co.kr/position/19865 |
|      오케스트로      |            Cloud Architect (TA)           |                                       HW· SW· Network                                        |   정보 없음    |    상시    | https://www.jumpit.co.kr/position/19865 |
|      오케스트로      |        Cloud Infra Operation (광주)       |                            HW· SW· OpenStack· Kubernetes· Network                            |   3,014 만원   |    상시    | https://www.jumpit.co.kr/position/19871 |
|      오케스트로      |        Cloud Infra Operation (광주)       |                            HW· SW· OpenStack· Kubernetes· Network                            |   정보 없음    |    상시    | https://www.jumpit.co.kr/position/19871 |
|      오케스트로      |        Cloud Infra Operation (대구)       |                                HW· SW· OpenStack· Kubernetes                                 |   3,014 만원   |    상시    | https://www.jumpit.co.kr/position/19880 |
|      오케스트로      |        Cloud Infra Operation (대구)       |                                HW· SW· OpenStack· Kubernetes                                 |   정보 없음    |    상시    | https://www.jumpit.co.kr/position/19880 |
|    월급쟁이부자들    |     [월급쟁이부자들]백엔드엔지니어(BE)    |                 Java· Spring· Spring Boot· AWS· GCP· Jira· notion.so· Kotlin                 |   7,982 만원   |    상시    | https://www.jumpit.co.kr/position/20198 |
|    월급쟁이부자들    |      [월급쟁이부자들]백엔드개발 리드      |                    Java· AWS· Spring· GCP· notion.so· Spring Boot· Kotlin                    |   7,982 만원   |    상시    | https://www.jumpit.co.kr/position/20199 |
|      비포플레이      |                백엔드개발자               |                                         Node.js· AWS                                         |   3,831 만원   |    상시    | https://www.jumpit.co.kr/position/20941 |
|       엠아이티       |       클라우드인프라 운영 (울산센터)      |                          MSA· Azure DevOps· AWS· AZURE· Kubernetes                           |   3,073 만원   |    상시    | https://www.jumpit.co.kr/position/21047 |
|       엠아이티       |       클라우드인프라 운영 (서울센터)      |                          MSA· Azure DevOps· AWS· AZURE· Kubernetes                           |   3,073 만원   |    상시    | https://www.jumpit.co.kr/position/21070 |
| 메이븐클라우드서비스 |          클라우드인프라 엔지니어          |                               Network· IBM Containers· Node.js                               |   3,675 만원   |    상시    | https://www.jumpit.co.kr/position/21531 |
|      오케스트로      |      Opensource / Middleware Engineer     |                          Terraform· Ansible· Linux· Windows· Python                          |   3,014 만원   |    상시    | https://www.jumpit.co.kr/position/21701 |
|      오케스트로      |      Opensource / Middleware Engineer     |                          Terraform· Ansible· Linux· Windows· Python                          |   정보 없음    |    상시    | https://www.jumpit.co.kr/position/21701 |
|         로민         |               백엔드엔지니어              |                Python· PostgreSQL· FastAPI· Docker· CircleCI· AWS· GCP· Linux                |   4,482 만원   | 2024-01-31 | https://www.jumpit.co.kr/position/21982 |
|     마크클라우드     |                백엔드개발자               |         Python· MongoDB· Elasticsearch· Docker· NGINX· MariaDB· AWS· Linux· FastAPI          |   3,523 만원   | 2024-01-31 | https://www.jumpit.co.kr/position/22130 |
|        티니어        |           백엔드서버 개발자 채용          |                     AWS· Java· Spring Boot· RDB· Spring Data JPA· MySQL                      |   정보 없음    |    상시    | https://www.jumpit.co.kr/position/22225 |
|       데브툴즈       |                백엔드개발자               |                                 Go· Node.js· NoSql· REST API                                 |   4,648 만원   | 2024-02-08 | https://www.jumpit.co.kr/position/22253 |
+----------------------+-------------------------------------------+----------------------------------------------------------------------------------------------+----------------+------------+-----------------------------------------+
[2024-01-15T11:36:01.504+0000] {python.py:177} INFO - Done. Returned value was: +----------------------+-------------------------------------------+----------------------------------------------------------------------------------------------+----------------+------------+-----------------------------------------+
|       company        |                  position                 |                                            skills                                            | average_salary |  due_date  |                   link                  |
+----------------------+-------------------------------------------+----------------------------------------------------------------------------------------------+----------------+------------+-----------------------------------------+
|      오케스트로      |          지능형클라우드R&D 연구원         |                            Python· Jira· R· SQL· AI/인공지능· Git                            |   3,014 만원   |    상시    | https://www.jumpit.co.kr/position/12803 |
|      오케스트로      |          지능형클라우드R&D 연구원         |                            Python· Jira· R· SQL· AI/인공지능· Git                            |   정보 없음    |    상시    | https://www.jumpit.co.kr/position/12803 |
|    제니스앤컴퍼니    |  Azure기반의클라우드솔루션 Presales 채용  |                                            AZURE                                             |   3,307 만원   |    상시    | https://www.jumpit.co.kr/position/13741 |
|    제니스앤컴퍼니    |         클라우드보안 엔지니어 채용        |                                         AZURE· CISSP                                         |   3,307 만원   |    상시    | https://www.jumpit.co.kr/position/13742 |
|    제니스앤컴퍼니    |         클라우드보안 컨설턴트 채용        |                                         AZURE· CISSP                                         |   3,307 만원   |    상시    | https://www.jumpit.co.kr/position/13744 |
|     롯데헬스케어     |      커머스백엔드엔지니어 (개발 리더)     |                                   MySQL· Python· AWS· GCP                                    |   정보 없음    |    상시    | https://www.jumpit.co.kr/position/14572 |
|     롯데헬스케어     |      서비스백엔드엔지니어 (개발 리더)     |                                    AWS· GCP· Java· Python                                    |   정보 없음    |    상시    | https://www.jumpit.co.kr/position/14576 |
|      스윗코리아      |         클라우드엔지니어 (팀리더)         |                        ips· aws waf· l2· l3· l4· l7· linux· git· gcp                         |   5,270 만원   |    상시    | https://www.jumpit.co.kr/position/15114 |
|      스윗코리아      | 클라우드엔지니어 Cloud Engineer (3년이상) |         ips· aws waf· linux· git· terraform· kubernetes· gcp· google cloud platform          |   5,270 만원   |    상시    | https://www.jumpit.co.kr/position/15115 |
|     크리에이트립     |              백엔드파트 리더              | Node.js· NestJS· AWS· TypeORM· TypeScript· gRPC· GraphQL· Mongoose· Terraform· Redis· Sentry |   4,431 만원   |    상시    | https://www.jumpit.co.kr/position/16032 |
|       파인더스       |             백엔드개발자 채용             |         Java· Spring Boot· Spring Data JPA· MariaDB· NestJS· MongoDB· AWS· REST API          |   4,781 만원   |    상시    | https://www.jumpit.co.kr/position/16929 |
|      오케스트로      |        Cloud Infra Engineer (대전)        |            Java· Spring· Vue.js· OpenStack· Kubernetes· vmware· Confluence· Jira             |   3,014 만원   |    상시    | https://www.jumpit.co.kr/position/17844 |
|      오케스트로      |        Cloud Infra Engineer (대전)        |            Java· Spring· Vue.js· OpenStack· Kubernetes· vmware· Confluence· Jira             |   정보 없음    |    상시    | https://www.jumpit.co.kr/position/17844 |
|      오케스트로      |   지능형클라우드R&D 연구원(전문연구요원)  |                                Python· Linux· AWS· GCP· AZURE                                |   3,014 만원   |    상시    | https://www.jumpit.co.kr/position/17894 |
|      오케스트로      |   지능형클라우드R&D 연구원(전문연구요원)  |                                Python· Linux· AWS· GCP· AZURE                                |   정보 없음    |    상시    | https://www.jumpit.co.kr/position/17894 |
|    키다리스튜디오    |                백엔드개발자               |                          Java· Kotlin· Spring· MySQL· AWS· Git Flow                          |   3,513 만원   |    상시    | https://www.jumpit.co.kr/position/18846 |
|     파킹클라우드     | [SK계열사] 자바 백엔드 개발자(클라우드팀) |                                Java· Spring Boot· NoSql· RDB                                 |   3,082 만원   |    상시    | https://www.jumpit.co.kr/position/19409 |
|      오케스트로      |            Cloud Architect (TA)           |                                       HW· SW· Network                                        |   3,014 만원   |    상시    | https://www.jumpit.co.kr/position/19865 |
|      오케스트로      |            Cloud Architect (TA)           |                                       HW· SW· Network                                        |   정보 없음    |    상시    | https://www.jumpit.co.kr/position/19865 |
|      오케스트로      |        Cloud Infra Operation (광주)       |                            HW· SW· OpenStack· Kubernetes· Network                            |   3,014 만원   |    상시    | https://www.jumpit.co.kr/position/19871 |
|      오케스트로      |        Cloud Infra Operation (광주)       |                            HW· SW· OpenStack· Kubernetes· Network                            |   정보 없음    |    상시    | https://www.jumpit.co.kr/position/19871 |
|      오케스트로      |        Cloud Infra Operation (대구)       |                                HW· SW· OpenStack· Kubernetes                                 |   3,014 만원   |    상시    | https://www.jumpit.co.kr/position/19880 |
|      오케스트로      |        Cloud Infra Operation (대구)       |                                HW· SW· OpenStack· Kubernetes                                 |   정보 없음    |    상시    | https://www.jumpit.co.kr/position/19880 |
|    월급쟁이부자들    |     [월급쟁이부자들]백엔드엔지니어(BE)    |                 Java· Spring· Spring Boot· AWS· GCP· Jira· notion.so· Kotlin                 |   7,982 만원   |    상시    | https://www.jumpit.co.kr/position/20198 |
|    월급쟁이부자들    |      [월급쟁이부자들]백엔드개발 리드      |                    Java· AWS· Spring· GCP· notion.so· Spring Boot· Kotlin                    |   7,982 만원   |    상시    | https://www.jumpit.co.kr/position/20199 |
|      비포플레이      |                백엔드개발자               |                                         Node.js· AWS                                         |   3,831 만원   |    상시    | https://www.jumpit.co.kr/position/20941 |
|       엠아이티       |       클라우드인프라 운영 (울산센터)      |                          MSA· Azure DevOps· AWS· AZURE· Kubernetes                           |   3,073 만원   |    상시    | https://www.jumpit.co.kr/position/21047 |
|       엠아이티       |       클라우드인프라 운영 (서울센터)      |                          MSA· Azure DevOps· AWS· AZURE· Kubernetes                           |   3,073 만원   |    상시    | https://www.jumpit.co.kr/position/21070 |
| 메이븐클라우드서비스 |          클라우드인프라 엔지니어          |                               Network· IBM Containers· Node.js                               |   3,675 만원   |    상시    | https://www.jumpit.co.kr/position/21531 |
|      오케스트로      |      Opensource / Middleware Engineer     |                          Terraform· Ansible· Linux· Windows· Python                          |   3,014 만원   |    상시    | https://www.jumpit.co.kr/position/21701 |
|      오케스트로      |      Opensource / Middleware Engineer     |                          Terraform· Ansible· Linux· Windows· Python                          |   정보 없음    |    상시    | https://www.jumpit.co.kr/position/21701 |
|         로민         |               백엔드엔지니어              |                Python· PostgreSQL· FastAPI· Docker· CircleCI· AWS· GCP· Linux                |   4,482 만원   | 2024-01-31 | https://www.jumpit.co.kr/position/21982 |
|     마크클라우드     |                백엔드개발자               |         Python· MongoDB· Elasticsearch· Docker· NGINX· MariaDB· AWS· Linux· FastAPI          |   3,523 만원   | 2024-01-31 | https://www.jumpit.co.kr/position/22130 |
|        티니어        |           백엔드서버 개발자 채용          |                     AWS· Java· Spring Boot· RDB· Spring Data JPA· MySQL                      |   정보 없음    |    상시    | https://www.jumpit.co.kr/position/22225 |
|       데브툴즈       |                백엔드개발자               |                                 Go· Node.js· NoSql· REST API                                 |   4,648 만원   | 2024-02-08 | https://www.jumpit.co.kr/position/22253 |
+----------------------+-------------------------------------------+----------------------------------------------------------------------------------------------+----------------+------------+-----------------------------------------+
[2024-01-15T11:36:01.542+0000] {taskinstance.py:1323} INFO - Marking task as SUCCESS. dag_id=jobinfo_slack, task_id=postAndReview_sql_and_return_result, execution_date=20240114T100000, start_date=20240115T113601, end_date=20240115T113601
[2024-01-15T11:36:01.577+0000] {local_task_job.py:208} INFO - Task exited with return code 0
[2024-01-15T11:36:01.632+0000] {taskinstance.py:2578} INFO - 1 downstream tasks scheduled from follow-on schedule check
[2024-01-16T06:27:55.642+0000] {taskinstance.py:1083} INFO - Dependencies all met for <TaskInstance: jobinfo_slack.postAndReview_sql_and_return_result scheduled__2024-01-14T10:00:00+00:00 [queued]>
[2024-01-16T06:27:55.660+0000] {taskinstance.py:1083} INFO - Dependencies all met for <TaskInstance: jobinfo_slack.postAndReview_sql_and_return_result scheduled__2024-01-14T10:00:00+00:00 [queued]>
[2024-01-16T06:27:55.661+0000] {taskinstance.py:1279} INFO - 
--------------------------------------------------------------------------------
[2024-01-16T06:27:55.661+0000] {taskinstance.py:1280} INFO - Starting attempt 1 of 2
[2024-01-16T06:27:55.661+0000] {taskinstance.py:1281} INFO - 
--------------------------------------------------------------------------------
[2024-01-16T06:27:55.676+0000] {taskinstance.py:1300} INFO - Executing <Task(PythonOperator): postAndReview_sql_and_return_result> on 2024-01-14 10:00:00+00:00
[2024-01-16T06:27:55.681+0000] {standard_task_runner.py:55} INFO - Started process 63713 to run task
[2024-01-16T06:27:55.683+0000] {standard_task_runner.py:82} INFO - Running: ['***', 'tasks', 'run', 'jobinfo_slack', 'postAndReview_sql_and_return_result', 'scheduled__2024-01-14T10:00:00+00:00', '--job-id', '726', '--raw', '--subdir', 'DAGS_FOLDER/jobinfo_slack.py', '--cfg-path', '/tmp/tmpdldyxpzt']
[2024-01-16T06:27:55.683+0000] {standard_task_runner.py:83} INFO - Job 726: Subtask postAndReview_sql_and_return_result
[2024-01-16T06:27:55.778+0000] {task_command.py:388} INFO - Running <TaskInstance: jobinfo_slack.postAndReview_sql_and_return_result scheduled__2024-01-14T10:00:00+00:00 [running]> on host 565f6bcc10b6
[2024-01-16T06:27:55.883+0000] {taskinstance.py:1509} INFO - Exporting the following env vars:
AIRFLOW_CTX_DAG_OWNER=***
AIRFLOW_CTX_DAG_ID=jobinfo_slack
AIRFLOW_CTX_TASK_ID=postAndReview_sql_and_return_result
AIRFLOW_CTX_EXECUTION_DATE=2024-01-14T10:00:00+00:00
AIRFLOW_CTX_TRY_NUMBER=1
AIRFLOW_CTX_DAG_RUN_ID=scheduled__2024-01-14T10:00:00+00:00
[2024-01-16T06:27:55.891+0000] {base.py:73} INFO - Using connection ID 'rds_conn' for task execution.
[2024-01-16T06:27:55.964+0000] {logging_mixin.py:137} INFO - +----------------------+--------------------------------------------------------------------------------+--------------------------------------------------------------------------+----------------------------------------------------------------------+
|        회사명        |                                      장점                                      |                                   단점                                   |                         면접 분위기 및 답변                          |
+----------------------+--------------------------------------------------------------------------------+--------------------------------------------------------------------------+----------------------------------------------------------------------+
|       데브툴즈       |                         지원, 복지, 개발, 회사, 출퇴근                         |                     대표, 분위기, 성장, 직원들, 인원                     |    면접, 대표, 진행, 회사, 생각, 질문, 기술면접, 개발, 기술, 관련    |
|       데브툴즈       |                         지원. 복지. 개발. 회사. 출퇴근                         |                     대표. 분위기. 성장. 직원들. 인원                     |    면접. 대표. 진행. 회사. 생각. 질문. 기술면접. 개발. 기술. 관련    |
|       딥노이드       |     연차, 가능, 분위기, 사람, 자유로운, 업무, 성장, 연차사용, 자유, 수평적     |        회사, 복지, 사람, 업무, 체계, 연봉, 상장, 사업, 실력, 직원        |     면접관, 답변, 질문, 면접, 연봉, 문제, 경험, 대답, 수준, 제시     |
|         로민         | 가능, 재택근무, 연차, 지원, 야근수당, 자유, 사용, 자율출퇴근제, 사람들, 분위기 |      야근, 업무, 회사, 수행, 때문, 개발, 주변, 월급, 목표, 프로젝트      |    질문들, 경험, 면접관, 느낌, 회사, 생각, 정도, 면접, 질문, 공부    |
|         로민         | 가능. 재택근무. 연차. 지원. 야근수당. 자유. 사용. 자율출퇴근제. 사람들. 분위기 |      야근. 업무. 회사. 수행. 때문. 개발. 주변. 월급. 목표. 프로젝트      |    질문들. 경험. 면접관. 느낌. 회사. 생각. 정도. 면접. 질문. 공부    |
|     롯데헬스케어     |                          아점저, 대기업, 개발, 비교적                          |  스타트업, 때문, 대기업보, 로드, 잠실역, 2호, 지옥철, 오후, 4시, 퇴근해  |                 관련, 질문, 부족, 필요, 면접관, 경험                 |
|     롯데헬스케어     |                          아점저. 대기업. 개발. 비교적                          |  스타트업. 때문. 대기업보. 로드. 잠실역. 2호. 지옥철. 오후. 4시. 퇴근해  |                 관련. 질문. 부족. 필요. 면접관. 경험                 |
|     마크클라우드     |   사람, 자유, 연차, 선릉역, 자유로운, 분위기, 사용, 아이스크림, 다양한, 생각   |        사람, 야근, 회사, 대표, 수당, 업무, 생각, 근무, 직원, 리뷰        |                              질문, 긴장                              |
|     마크클라우드     |   사람. 자유. 연차. 선릉역. 자유로운. 분위기. 사용. 아이스크림. 다양한. 생각   |        사람. 야근. 회사. 대표. 수당. 업무. 생각. 근무. 직원. 리뷰        |                              질문. 긴장                              |
|    메이븐클라우드    |          지원, 연봉, 회사, 환경, 월급, 근무, 제공, 목소리, 업무, 경험          | 회사, 직원들, 관리, 대표, 프로젝트, 사이트, 업무, 대다수, 정치, 고객사에 |                          분위기, 공간, 질문                          |
| 메이븐클라우드서비스 |          지원, 연봉, 회사, 환경, 월급, 근무, 제공, 목소리, 업무, 경험          | 회사, 직원들, 관리, 대표, 프로젝트, 사이트, 업무, 대다수, 정치, 고객사에 |                          분위기, 공간, 질문                          |
|      메이크스타      |      연차, 사옥, 분위기, 사용, 눈치, 5만원, 케이팝, 업무, 자유로운, 깨끗       |      사람, 회사, 직원들, 업무, 연봉, 복지, 태도, 본인들, 특정, 시간      |                  질문, 인터뷰, 전문적, 소개, 면접자                  |
|       무브멘토       |    확실, 9-6환경,, 야근, 주말근무, 특수, 상황, 근무환경, 분위기, 자유, 편안    |                                   회사                                   |                                 None                                 |
|     브레인커머스     |                                      None                                      |                                   None                                   | 면접, 질문, 부분, 분위기, 답변, 이력서, 자기소개, 면접관, 불쾌, 생각 |
|      비포플레이      |         재택근무, 문제, 사람, 경영진, 장점, 강남역, 근무, 사무실, 사용         |     문제, 사람, 기획, 개발, 시스템, 대표, 직원들, 압박, 사람들, 일정     |                               개인면접                               |
|      비포플레이      |         재택근무. 문제. 사람. 경영진. 장점. 강남역. 근무. 사무실. 사용         |     문제. 사람. 기획. 개발. 시스템. 대표. 직원들. 압박. 사람들. 일정     |                               개인면접                               |
|      스윗코리아      |          회사, 자유, 지원, 연차, 복지, 문화, 사용, 신경, 기업, 대부분          |        필요, 회사, 업무, 사람, 성장, 대표, 경우, 기획, 문화, 체계        |       답변, 설명, 경험, 생각, 프로젝트, 상세, 자기, 경력, 질문       |
|      스윗코리아      |          회사. 자유. 지원. 연차. 복지. 문화. 사용. 신경. 기업. 대부분          |        필요. 회사. 업무. 사람. 성장. 대표. 경우. 기획. 문화. 체계        |       답변. 설명. 경험. 생각. 프로젝트. 상세. 자기. 경력. 질문       |
|       엠아이티       |        연차, 사이트, 야근, 사용, 근무, 눈치, 본사, 운영, 자유, 근무환경        |   사이트, 급여, 쿠팡, 계약직, 복지, 연봉, 연봉협상, 근무, 업무, 워라벨   |                       면접, 고객사, 직원, 교육                       |
|       엠아이티       |        연차. 사이트. 야근. 사용. 근무. 눈치. 본사. 운영. 자유. 근무환경        |   사이트. 급여. 쿠팡. 계약직. 복지. 연봉. 연봉협상. 근무. 업무. 워라벨   |                       면접. 고객사. 직원. 교육                       |
|      오케스트로      |         회사, 파크원, 점심, 식대, 사무, 분위기, 여의, 건물, 위치, 제공         |      연봉, 사람, 회사, 솔루션, 근무, 일부, 신입, 경력, 직원들, 생각      | 질문, 면접, 면접관, 경험, 분위기, 2차, 자기소개, 이력서, 회사, 사람  |
|      오케스트로      |         회사. 파크원. 점심. 식대. 사무. 분위기. 여의. 건물. 위치. 제공         |      연봉. 사람. 회사. 솔루션. 근무. 일부. 신입. 경력. 직원들. 생각      | 질문. 면접. 면접관. 경험. 분위기. 2차. 자기소개. 이력서. 회사. 사람  |
|        와디즈        |                                      None                                      |                                   None                                   |                       질문, 분위기, 꼬리, 제품                       |
|        와디즈        |                                    no data                                     |                                 no data                                  |                       질문, 분위기, 꼬리, 제품                       |
|        와디즈        |                                    no data                                     |                                 no data                                  |                       질문. 분위기. 꼬리. 제품                       |
|     와이더플래닛     |       점심, 제공, 연차, 역삼역, 트래픽, 경험, 월급, 분위기, 워라벨, 장점       |     회사, 사람, 퇴사, 데이터, 연봉, 오래걸림, 처리, 필요, 개발, 천지     |     질문, 답변, 면접, 태도, 평이한, 느낌, 1차, 사람, 무시, 진행      |
|         웅진         |                               본사, 정규직, 제공                               |                            뒷받침, 포괄임금제                            |       질문, 면접, 불편, 경험, 기술적, 대답, 분위기, 꼬리, 답변       |
|    워트인텔리전스    |                                   회사, 성장                                   |                          회사, 장점, 생각, 친절                          |                      질문, 부분들, 관련, 질문들                      |
|    월급쟁이부자들    |         회사, 성장, 직원들, 사람, 분위기, 목표, 생각, 일할, 월부, 환경         |     회사, 성장, 업무, 야근, 수준, 필요, 때문, 분위기, 고인물, 온보딩     |                     면접, 설명, 진행, 안내, 입사                     |
|    월급쟁이부자들    |         회사. 성장. 직원들. 사람. 분위기. 목표. 생각. 일할. 월부. 환경         |     회사. 성장. 업무. 야근. 수준. 필요. 때문. 분위기. 고인물. 온보딩     |                     면접. 설명. 진행. 안내. 입사                     |
|    제니스앤컴퍼니    |                                      None                                      |                                   None                                   |                               개인면접                               |
|    제니스앤컴퍼니    |                                    no data                                     |                                 no data                                  |                               개인면접                               |
|     크리에이트립     |         사람, 분위기, 복지, 성장, 연차, 업무, 실력, 사람들, 문제, 해결         |   사람, 야근, 사람들, 평가, 업무, 강도, 스타트업, 의사결정, 근무, 한계   |     면접, 대표, 질문, 경험, 여기, 준비, 이력서, 고민, 2차, 사람      |
|     크리에이트립     |         사람. 분위기. 복지. 성장. 연차. 업무. 실력. 사람들. 문제. 해결         |   사람. 야근. 사람들. 평가. 업무. 강도. 스타트업. 의사결정. 근무. 한계   |     면접. 대표. 질문. 경험. 여기. 준비. 이력서. 고민. 2차. 사람      |
|    키다리스튜디오    |                                      None                                      |                                   None                                   |      면접, 생각, 진행, 질문, 답변, 대답, 준비, 시간, 관련, 과제      |
|    키다리스튜디오    |                                    no data                                     |                                 no data                                  |      면접, 생각, 진행, 질문, 답변, 대답, 준비, 시간, 관련, 과제      |
|    키다리스튜디오    |                                    no data                                     |                                 no data                                  |      면접. 생각. 진행. 질문. 답변. 대답. 준비. 시간. 관련. 과제      |
|        티니어        |           회사, 자유로운, 문화, 야근, 분위기, 점심, 사람, 성장, 의지           |                                사람, 다들                                |                              면접, 생각                              |
|        티니어        |           회사. 자유로운. 문화. 야근. 분위기. 점심. 사람. 성장. 의지           |                                사람. 다들                                |                              면접. 생각                              |
|       파인더스       |                                      None                                      |                                   None                                   |    회사, 생각, 문제, 면접, 진행, 평가, 때문, 면접자, 분위기, 설명    |
|       파인더스       |                                    no data                                     |                                 no data                                  |    회사, 생각, 문제, 면접, 진행, 평가, 때문, 면접자, 분위기, 설명    |
|       파인더스       |                                    no data                                     |                                 no data                                  |    회사. 생각. 문제. 면접. 진행. 평가. 때문. 면접자. 분위기. 설명    |
|     파킹클라우드     |       자유로운, 분위기, 자유, 깨끗, 사무실, 시간, 퇴근, 가능, 연차, 건물       |        사람, 복지, 체계, 업무, 회사, 연차, 이사, 상황, 현명, 생각        |   면접, 대용량, 트래픽, 이직, 경험, 진짜, 연봉, 못준다, 최악, 안주   |
|     파킹클라우드     |       자유로운. 분위기. 자유. 깨끗. 사무실. 시간. 퇴근. 가능. 연차. 건물       |        사람. 복지. 체계. 업무. 회사. 연차. 이사. 상황. 현명. 생각        |   면접. 대용량. 트래픽. 이직. 경험. 진짜. 연봉. 못준다. 최악. 안주   |
|       페이히어       |          지원, 점심, 복지, 제공, 환경, 강남역, 회사, 업무, 직원, 휴가          |      문제, 생각, 마인드, 야근, 개발, 그것, 복잡, 안정성, 기능, 기업      |     분위기, 면접, 준비, 편안, 긴장, 느낌, 답변, 1차, 생각, 진행      |
|       플래티어       |       복지, 회사, 연차, 대표, 사람, 직원들, 대부분, 자유로운, 사용, 명절       |      사람, 회사, 근무, 단점, 하나, 부분, 업무, 프로젝트, 경우, 비슷      |     면접, 분위기, 답변, 편안, 이력서, 기술면접, 질문, 자리, 합격     |
|    휴맥스모빌리티    |       연차, 자유, 사용, 눈치, 사내카페, 워라밸, 워라벨, 보장, 복지, 등등       |   회사, 모빌리티, 사람, 사업, 체계, 업무, 방향성, 진행, 부족한, 대부분   |                        면접, 편안, 결과, 질문                        |
+----------------------+--------------------------------------------------------------------------------+--------------------------------------------------------------------------+----------------------------------------------------------------------+
[2024-01-16T06:27:55.971+0000] {python.py:177} INFO - Done. Returned value was: +----------------------+--------------------------------------------------------------------------------+--------------------------------------------------------------------------+----------------------------------------------------------------------+
|        회사명        |                                      장점                                      |                                   단점                                   |                         면접 분위기 및 답변                          |
+----------------------+--------------------------------------------------------------------------------+--------------------------------------------------------------------------+----------------------------------------------------------------------+
|       데브툴즈       |                         지원, 복지, 개발, 회사, 출퇴근                         |                     대표, 분위기, 성장, 직원들, 인원                     |    면접, 대표, 진행, 회사, 생각, 질문, 기술면접, 개발, 기술, 관련    |
|       데브툴즈       |                         지원. 복지. 개발. 회사. 출퇴근                         |                     대표. 분위기. 성장. 직원들. 인원                     |    면접. 대표. 진행. 회사. 생각. 질문. 기술면접. 개발. 기술. 관련    |
|       딥노이드       |     연차, 가능, 분위기, 사람, 자유로운, 업무, 성장, 연차사용, 자유, 수평적     |        회사, 복지, 사람, 업무, 체계, 연봉, 상장, 사업, 실력, 직원        |     면접관, 답변, 질문, 면접, 연봉, 문제, 경험, 대답, 수준, 제시     |
|         로민         | 가능, 재택근무, 연차, 지원, 야근수당, 자유, 사용, 자율출퇴근제, 사람들, 분위기 |      야근, 업무, 회사, 수행, 때문, 개발, 주변, 월급, 목표, 프로젝트      |    질문들, 경험, 면접관, 느낌, 회사, 생각, 정도, 면접, 질문, 공부    |
|         로민         | 가능. 재택근무. 연차. 지원. 야근수당. 자유. 사용. 자율출퇴근제. 사람들. 분위기 |      야근. 업무. 회사. 수행. 때문. 개발. 주변. 월급. 목표. 프로젝트      |    질문들. 경험. 면접관. 느낌. 회사. 생각. 정도. 면접. 질문. 공부    |
|     롯데헬스케어     |                          아점저, 대기업, 개발, 비교적                          |  스타트업, 때문, 대기업보, 로드, 잠실역, 2호, 지옥철, 오후, 4시, 퇴근해  |                 관련, 질문, 부족, 필요, 면접관, 경험                 |
|     롯데헬스케어     |                          아점저. 대기업. 개발. 비교적                          |  스타트업. 때문. 대기업보. 로드. 잠실역. 2호. 지옥철. 오후. 4시. 퇴근해  |                 관련. 질문. 부족. 필요. 면접관. 경험                 |
|     마크클라우드     |   사람, 자유, 연차, 선릉역, 자유로운, 분위기, 사용, 아이스크림, 다양한, 생각   |        사람, 야근, 회사, 대표, 수당, 업무, 생각, 근무, 직원, 리뷰        |                              질문, 긴장                              |
|     마크클라우드     |   사람. 자유. 연차. 선릉역. 자유로운. 분위기. 사용. 아이스크림. 다양한. 생각   |        사람. 야근. 회사. 대표. 수당. 업무. 생각. 근무. 직원. 리뷰        |                              질문. 긴장                              |
|    메이븐클라우드    |          지원, 연봉, 회사, 환경, 월급, 근무, 제공, 목소리, 업무, 경험          | 회사, 직원들, 관리, 대표, 프로젝트, 사이트, 업무, 대다수, 정치, 고객사에 |                          분위기, 공간, 질문                          |
| 메이븐클라우드서비스 |          지원, 연봉, 회사, 환경, 월급, 근무, 제공, 목소리, 업무, 경험          | 회사, 직원들, 관리, 대표, 프로젝트, 사이트, 업무, 대다수, 정치, 고객사에 |                          분위기, 공간, 질문                          |
|      메이크스타      |      연차, 사옥, 분위기, 사용, 눈치, 5만원, 케이팝, 업무, 자유로운, 깨끗       |      사람, 회사, 직원들, 업무, 연봉, 복지, 태도, 본인들, 특정, 시간      |                  질문, 인터뷰, 전문적, 소개, 면접자                  |
|       무브멘토       |    확실, 9-6환경,, 야근, 주말근무, 특수, 상황, 근무환경, 분위기, 자유, 편안    |                                   회사                                   |                                 None                                 |
|     브레인커머스     |                                      None                                      |                                   None                                   | 면접, 질문, 부분, 분위기, 답변, 이력서, 자기소개, 면접관, 불쾌, 생각 |
|      비포플레이      |         재택근무, 문제, 사람, 경영진, 장점, 강남역, 근무, 사무실, 사용         |     문제, 사람, 기획, 개발, 시스템, 대표, 직원들, 압박, 사람들, 일정     |                               개인면접                               |
|      비포플레이      |         재택근무. 문제. 사람. 경영진. 장점. 강남역. 근무. 사무실. 사용         |     문제. 사람. 기획. 개발. 시스템. 대표. 직원들. 압박. 사람들. 일정     |                               개인면접                               |
|      스윗코리아      |          회사, 자유, 지원, 연차, 복지, 문화, 사용, 신경, 기업, 대부분          |        필요, 회사, 업무, 사람, 성장, 대표, 경우, 기획, 문화, 체계        |       답변, 설명, 경험, 생각, 프로젝트, 상세, 자기, 경력, 질문       |
|      스윗코리아      |          회사. 자유. 지원. 연차. 복지. 문화. 사용. 신경. 기업. 대부분          |        필요. 회사. 업무. 사람. 성장. 대표. 경우. 기획. 문화. 체계        |       답변. 설명. 경험. 생각. 프로젝트. 상세. 자기. 경력. 질문       |
|       엠아이티       |        연차, 사이트, 야근, 사용, 근무, 눈치, 본사, 운영, 자유, 근무환경        |   사이트, 급여, 쿠팡, 계약직, 복지, 연봉, 연봉협상, 근무, 업무, 워라벨   |                       면접, 고객사, 직원, 교육                       |
|       엠아이티       |        연차. 사이트. 야근. 사용. 근무. 눈치. 본사. 운영. 자유. 근무환경        |   사이트. 급여. 쿠팡. 계약직. 복지. 연봉. 연봉협상. 근무. 업무. 워라벨   |                       면접. 고객사. 직원. 교육                       |
|      오케스트로      |         회사, 파크원, 점심, 식대, 사무, 분위기, 여의, 건물, 위치, 제공         |      연봉, 사람, 회사, 솔루션, 근무, 일부, 신입, 경력, 직원들, 생각      | 질문, 면접, 면접관, 경험, 분위기, 2차, 자기소개, 이력서, 회사, 사람  |
|      오케스트로      |         회사. 파크원. 점심. 식대. 사무. 분위기. 여의. 건물. 위치. 제공         |      연봉. 사람. 회사. 솔루션. 근무. 일부. 신입. 경력. 직원들. 생각      | 질문. 면접. 면접관. 경험. 분위기. 2차. 자기소개. 이력서. 회사. 사람  |
|        와디즈        |                                      None                                      |                                   None                                   |                       질문, 분위기, 꼬리, 제품                       |
|        와디즈        |                                    no data                                     |                                 no data                                  |                       질문, 분위기, 꼬리, 제품                       |
|        와디즈        |                                    no data                                     |                                 no data                                  |                       질문. 분위기. 꼬리. 제품                       |
|     와이더플래닛     |       점심, 제공, 연차, 역삼역, 트래픽, 경험, 월급, 분위기, 워라벨, 장점       |     회사, 사람, 퇴사, 데이터, 연봉, 오래걸림, 처리, 필요, 개발, 천지     |     질문, 답변, 면접, 태도, 평이한, 느낌, 1차, 사람, 무시, 진행      |
|         웅진         |                               본사, 정규직, 제공                               |                            뒷받침, 포괄임금제                            |       질문, 면접, 불편, 경험, 기술적, 대답, 분위기, 꼬리, 답변       |
|    워트인텔리전스    |                                   회사, 성장                                   |                          회사, 장점, 생각, 친절                          |                      질문, 부분들, 관련, 질문들                      |
|    월급쟁이부자들    |         회사, 성장, 직원들, 사람, 분위기, 목표, 생각, 일할, 월부, 환경         |     회사, 성장, 업무, 야근, 수준, 필요, 때문, 분위기, 고인물, 온보딩     |                     면접, 설명, 진행, 안내, 입사                     |
|    월급쟁이부자들    |         회사. 성장. 직원들. 사람. 분위기. 목표. 생각. 일할. 월부. 환경         |     회사. 성장. 업무. 야근. 수준. 필요. 때문. 분위기. 고인물. 온보딩     |                     면접. 설명. 진행. 안내. 입사                     |
|    제니스앤컴퍼니    |                                      None                                      |                                   None                                   |                               개인면접                               |
|    제니스앤컴퍼니    |                                    no data                                     |                                 no data                                  |                               개인면접                               |
|     크리에이트립     |         사람, 분위기, 복지, 성장, 연차, 업무, 실력, 사람들, 문제, 해결         |   사람, 야근, 사람들, 평가, 업무, 강도, 스타트업, 의사결정, 근무, 한계   |     면접, 대표, 질문, 경험, 여기, 준비, 이력서, 고민, 2차, 사람      |
|     크리에이트립     |         사람. 분위기. 복지. 성장. 연차. 업무. 실력. 사람들. 문제. 해결         |   사람. 야근. 사람들. 평가. 업무. 강도. 스타트업. 의사결정. 근무. 한계   |     면접. 대표. 질문. 경험. 여기. 준비. 이력서. 고민. 2차. 사람      |
|    키다리스튜디오    |                                      None                                      |                                   None                                   |      면접, 생각, 진행, 질문, 답변, 대답, 준비, 시간, 관련, 과제      |
|    키다리스튜디오    |                                    no data                                     |                                 no data                                  |      면접, 생각, 진행, 질문, 답변, 대답, 준비, 시간, 관련, 과제      |
|    키다리스튜디오    |                                    no data                                     |                                 no data                                  |      면접. 생각. 진행. 질문. 답변. 대답. 준비. 시간. 관련. 과제      |
|        티니어        |           회사, 자유로운, 문화, 야근, 분위기, 점심, 사람, 성장, 의지           |                                사람, 다들                                |                              면접, 생각                              |
|        티니어        |           회사. 자유로운. 문화. 야근. 분위기. 점심. 사람. 성장. 의지           |                                사람. 다들                                |                              면접. 생각                              |
|       파인더스       |                                      None                                      |                                   None                                   |    회사, 생각, 문제, 면접, 진행, 평가, 때문, 면접자, 분위기, 설명    |
|       파인더스       |                                    no data                                     |                                 no data                                  |    회사, 생각, 문제, 면접, 진행, 평가, 때문, 면접자, 분위기, 설명    |
|       파인더스       |                                    no data                                     |                                 no data                                  |    회사. 생각. 문제. 면접. 진행. 평가. 때문. 면접자. 분위기. 설명    |
|     파킹클라우드     |       자유로운, 분위기, 자유, 깨끗, 사무실, 시간, 퇴근, 가능, 연차, 건물       |        사람, 복지, 체계, 업무, 회사, 연차, 이사, 상황, 현명, 생각        |   면접, 대용량, 트래픽, 이직, 경험, 진짜, 연봉, 못준다, 최악, 안주   |
|     파킹클라우드     |       자유로운. 분위기. 자유. 깨끗. 사무실. 시간. 퇴근. 가능. 연차. 건물       |        사람. 복지. 체계. 업무. 회사. 연차. 이사. 상황. 현명. 생각        |   면접. 대용량. 트래픽. 이직. 경험. 진짜. 연봉. 못준다. 최악. 안주   |
|       페이히어       |          지원, 점심, 복지, 제공, 환경, 강남역, 회사, 업무, 직원, 휴가          |      문제, 생각, 마인드, 야근, 개발, 그것, 복잡, 안정성, 기능, 기업      |     분위기, 면접, 준비, 편안, 긴장, 느낌, 답변, 1차, 생각, 진행      |
|       플래티어       |       복지, 회사, 연차, 대표, 사람, 직원들, 대부분, 자유로운, 사용, 명절       |      사람, 회사, 근무, 단점, 하나, 부분, 업무, 프로젝트, 경우, 비슷      |     면접, 분위기, 답변, 편안, 이력서, 기술면접, 질문, 자리, 합격     |
|    휴맥스모빌리티    |       연차, 자유, 사용, 눈치, 사내카페, 워라밸, 워라벨, 보장, 복지, 등등       |   회사, 모빌리티, 사람, 사업, 체계, 업무, 방향성, 진행, 부족한, 대부분   |                        면접, 편안, 결과, 질문                        |
+----------------------+--------------------------------------------------------------------------------+--------------------------------------------------------------------------+----------------------------------------------------------------------+
[2024-01-16T06:27:55.998+0000] {taskinstance.py:1323} INFO - Marking task as SUCCESS. dag_id=jobinfo_slack, task_id=postAndReview_sql_and_return_result, execution_date=20240114T100000, start_date=20240116T062755, end_date=20240116T062755
[2024-01-16T06:27:56.061+0000] {local_task_job.py:208} INFO - Task exited with return code 0
[2024-01-16T06:27:56.096+0000] {taskinstance.py:2578} INFO - 1 downstream tasks scheduled from follow-on schedule check
