[2024-01-16T06:19:51.300+0000] {taskinstance.py:1083} INFO - Dependencies all met for <TaskInstance: jobinfo_slack.postAndReview_sql_and_return_result manual__2024-01-16T06:17:58.884650+00:00 [queued]>
[2024-01-16T06:19:51.326+0000] {taskinstance.py:1083} INFO - Dependencies all met for <TaskInstance: jobinfo_slack.postAndReview_sql_and_return_result manual__2024-01-16T06:17:58.884650+00:00 [queued]>
[2024-01-16T06:19:51.332+0000] {taskinstance.py:1279} INFO - 
--------------------------------------------------------------------------------
[2024-01-16T06:19:51.332+0000] {taskinstance.py:1280} INFO - Starting attempt 1 of 2
[2024-01-16T06:19:51.332+0000] {taskinstance.py:1281} INFO - 
--------------------------------------------------------------------------------
[2024-01-16T06:19:51.358+0000] {taskinstance.py:1300} INFO - Executing <Task(PythonOperator): postAndReview_sql_and_return_result> on 2024-01-16 06:17:58.884650+00:00
[2024-01-16T06:19:51.368+0000] {standard_task_runner.py:82} INFO - Running: ['***', 'tasks', 'run', 'jobinfo_slack', 'postAndReview_sql_and_return_result', 'manual__2024-01-16T06:17:58.884650+00:00', '--job-id', '715', '--raw', '--subdir', 'DAGS_FOLDER/jobinfo_slack.py', '--cfg-path', '/tmp/tmpal8jijh3']
[2024-01-16T06:19:51.368+0000] {standard_task_runner.py:83} INFO - Job 715: Subtask postAndReview_sql_and_return_result
[2024-01-16T06:19:51.365+0000] {standard_task_runner.py:55} INFO - Started process 63299 to run task
[2024-01-16T06:19:51.453+0000] {task_command.py:388} INFO - Running <TaskInstance: jobinfo_slack.postAndReview_sql_and_return_result manual__2024-01-16T06:17:58.884650+00:00 [running]> on host 565f6bcc10b6
[2024-01-16T06:19:51.528+0000] {taskinstance.py:1509} INFO - Exporting the following env vars:
AIRFLOW_CTX_DAG_OWNER=***
AIRFLOW_CTX_DAG_ID=jobinfo_slack
AIRFLOW_CTX_TASK_ID=postAndReview_sql_and_return_result
AIRFLOW_CTX_EXECUTION_DATE=2024-01-16T06:17:58.884650+00:00
AIRFLOW_CTX_TRY_NUMBER=1
AIRFLOW_CTX_DAG_RUN_ID=manual__2024-01-16T06:17:58.884650+00:00
[2024-01-16T06:19:51.541+0000] {base.py:73} INFO - Using connection ID 'rds_conn' for task execution.
[2024-01-16T06:19:51.577+0000] {taskinstance.py:1768} ERROR - Task failed with exception
Traceback (most recent call last):
  File "/home/airflow/.local/lib/python3.7/site-packages/airflow/operators/python.py", line 175, in execute
    return_value = self.execute_callable()
  File "/home/airflow/.local/lib/python3.7/site-packages/airflow/operators/python.py", line 192, in execute_callable
    return self.python_callable(*self.op_args, **self.op_kwargs)
  File "/opt/airflow/dags/jobinfo_slack.py", line 47, in postAndReview_sql_and_return_result
    cursor.execute(sql_query)
  File "/home/airflow/.local/lib/python3.7/site-packages/MySQLdb/cursors.py", line 206, in execute
    res = self._query(query)
  File "/home/airflow/.local/lib/python3.7/site-packages/MySQLdb/cursors.py", line 319, in _query
    db.query(q)
  File "/home/airflow/.local/lib/python3.7/site-packages/MySQLdb/connections.py", line 254, in query
    _mysql.connection.query(self, query)
MySQLdb.ProgrammingError: (1064, "You have an error in your SQL syntax; check the manual that corresponds to your MySQL server version for the right syntax to use near '*\n                order by 회사명' at line 3")
[2024-01-16T06:19:51.586+0000] {taskinstance.py:1323} INFO - Marking task as UP_FOR_RETRY. dag_id=jobinfo_slack, task_id=postAndReview_sql_and_return_result, execution_date=20240116T061758, start_date=20240116T061951, end_date=20240116T061951
[2024-01-16T06:19:51.599+0000] {standard_task_runner.py:105} ERROR - Failed to execute job 715 for task postAndReview_sql_and_return_result ((1064, "You have an error in your SQL syntax; check the manual that corresponds to your MySQL server version for the right syntax to use near '*\n                order by 회사명' at line 3"); 63299)
[2024-01-16T06:19:51.629+0000] {local_task_job.py:208} INFO - Task exited with return code 1
[2024-01-16T06:19:51.658+0000] {taskinstance.py:2578} INFO - 0 downstream tasks scheduled from follow-on schedule check
