[2024-01-17T09:25:18.799+0000] {taskinstance.py:1083} INFO - Dependencies all met for <TaskInstance: jobinfo_jobplanet.jobplanet_login manual__2024-01-17T09:25:12.411857+00:00 [queued]>
[2024-01-17T09:25:18.807+0000] {taskinstance.py:1083} INFO - Dependencies all met for <TaskInstance: jobinfo_jobplanet.jobplanet_login manual__2024-01-17T09:25:12.411857+00:00 [queued]>
[2024-01-17T09:25:18.807+0000] {taskinstance.py:1279} INFO - 
--------------------------------------------------------------------------------
[2024-01-17T09:25:18.807+0000] {taskinstance.py:1280} INFO - Starting attempt 1 of 1
[2024-01-17T09:25:18.807+0000] {taskinstance.py:1281} INFO - 
--------------------------------------------------------------------------------
[2024-01-17T09:25:18.831+0000] {taskinstance.py:1300} INFO - Executing <Task(PythonOperator): jobplanet_login> on 2024-01-17 09:25:12.411857+00:00
[2024-01-17T09:25:18.838+0000] {standard_task_runner.py:55} INFO - Started process 5783 to run task
[2024-01-17T09:25:18.841+0000] {standard_task_runner.py:82} INFO - Running: ['***', 'tasks', 'run', 'jobinfo_jobplanet', 'jobplanet_login', 'manual__2024-01-17T09:25:12.411857+00:00', '--job-id', '4727', '--raw', '--subdir', 'DAGS_FOLDER/jobinfo_jobplanet.py', '--cfg-path', '/tmp/tmpnqf6fyz1']
[2024-01-17T09:25:18.842+0000] {standard_task_runner.py:83} INFO - Job 4727: Subtask jobplanet_login
[2024-01-17T09:25:18.901+0000] {task_command.py:388} INFO - Running <TaskInstance: jobinfo_jobplanet.jobplanet_login manual__2024-01-17T09:25:12.411857+00:00 [running]> on host 565f6bcc10b6
[2024-01-17T09:25:18.984+0000] {taskinstance.py:1509} INFO - Exporting the following env vars:
AIRFLOW_CTX_DAG_OWNER=***
AIRFLOW_CTX_DAG_ID=jobinfo_jobplanet
AIRFLOW_CTX_TASK_ID=jobplanet_login
AIRFLOW_CTX_EXECUTION_DATE=2024-01-17T09:25:12.411857+00:00
AIRFLOW_CTX_TRY_NUMBER=1
AIRFLOW_CTX_DAG_RUN_ID=manual__2024-01-17T09:25:12.411857+00:00
[2024-01-17T09:25:23.255+0000] {jobinfo_jobplanet.py:110} INFO - ['메이븐클라우드서비스', '파킹클라우드', '클라우드호스피탈', '파킹클라우드', '레몬클라우드', '레몬클라우드', '엠투클라우드', '엠투클라우드', '파킹클라우드', '메이븐클라우드서비스', '엠투클라우드', '엠투클라우드', '마크클라우드', '마크클라우드', '클라우드호스피탈', '클라우드호스피탈', '월급쟁이부자들', '월급쟁이부자들', '로민', '블랙탠저린', '파인더스', '론픽', '비포플레이', '롯데헬스케어', '롯데헬스케어', '올라운드닥터스', '다큐브', '크리에이트립', '데브툴즈', '티니어', '키다리스튜디오']
[2024-01-17T09:25:23.256+0000] {jobinfo_jobplanet.py:111} INFO - ['path/in/s3/bucket/jobinfo_jumpit.csv']
[2024-01-17T09:25:23.256+0000] {jobinfo_jobplanet.py:112} INFO - 시작
[2024-01-17T09:25:23.269+0000] {jobinfo_jobplanet.py:124} INFO - 메이븐클라우드서비스 파일이 없음
[2024-01-17T09:25:25.227+0000] {jobinfo_jobplanet.py:145} INFO - 메이븐클라우드서비스의 정보는 없어서 파일 생성을 못한다.
[2024-01-17T09:25:25.227+0000] {jobinfo_jobplanet.py:149} INFO - ['path/in/s3/bucket/jobinfo_jumpit.csv']
[2024-01-17T09:25:25.237+0000] {jobinfo_jobplanet.py:124} INFO - 파킹클라우드 파일이 없음
[2024-01-17T09:25:26.286+0000] {jobinfo_jobplanet.py:129} INFO - 파킹클라우드 검색을 위해 검색창에 입력했습니다.
[2024-01-17T09:25:29.322+0000] {jobinfo_jobplanet.py:132} INFO - 파킹클라우드 검색하기
[2024-01-17T09:25:39.354+0000] {jobinfo_jobplanet.py:145} INFO - 파킹클라우드의 정보는 없어서 파일 생성을 못한다.
[2024-01-17T09:25:39.354+0000] {jobinfo_jobplanet.py:149} INFO - ['path/in/s3/bucket/jobinfo_jumpit.csv']
[2024-01-17T09:25:39.363+0000] {jobinfo_jobplanet.py:124} INFO - 클라우드호스피탈 파일이 없음
[2024-01-17T09:25:39.819+0000] {jobinfo_jobplanet.py:129} INFO - 클라우드호스피탈 검색을 위해 검색창에 입력했습니다.
[2024-01-17T09:25:43.050+0000] {jobinfo_jobplanet.py:132} INFO - 클라우드호스피탈 검색하기
[2024-01-17T09:25:43.752+0000] {jobinfo_jobplanet.py:137} INFO - 클라우드호스피탈 회사 정보를 알기 위해 상세정보 클릭합니다.
[2024-01-17T09:26:18.142+0000] {jobinfo_jobplanet.py:728} INFO - File path/in/s3/bucket/review_information_클라우드호스피탈.csv uploaded to S3 successfully.
[2024-01-17T09:26:18.230+0000] {jobinfo_jobplanet.py:679} INFO - 메이븐클라우드서비스 정보 없ㅇ,ㅡ
[2024-01-17T09:26:18.231+0000] {jobinfo_jobplanet.py:680} INFO - Failed to read CSV file from S3: An error occurred (NoSuchKey) when calling the GetObject operation: The specified key does not exist.
[2024-01-17T09:26:18.232+0000] {jobinfo_jobplanet.py:149} INFO - ['path/in/s3/bucket/jobinfo_jumpit.csv', 'path/in/s3/bucket/review_information_클라우드호스피탈.csv']
[2024-01-17T09:26:18.237+0000] {jobinfo_jobplanet.py:124} INFO - 파킹클라우드 파일이 없음
[2024-01-17T09:26:19.474+0000] {jobinfo_jobplanet.py:145} INFO - 파킹클라우드의 정보는 없어서 파일 생성을 못한다.
[2024-01-17T09:26:19.474+0000] {jobinfo_jobplanet.py:149} INFO - ['path/in/s3/bucket/jobinfo_jumpit.csv', 'path/in/s3/bucket/review_information_클라우드호스피탈.csv']
[2024-01-17T09:26:19.668+0000] {jobinfo_jobplanet.py:124} INFO - 레몬클라우드 파일이 없음
[2024-01-17T09:26:20.470+0000] {jobinfo_jobplanet.py:129} INFO - 레몬클라우드 검색을 위해 검색창에 입력했습니다.
[2024-01-17T09:26:23.264+0000] {jobinfo_jobplanet.py:132} INFO - 레몬클라우드 검색하기
[2024-01-17T09:26:24.310+0000] {jobinfo_jobplanet.py:137} INFO - 레몬클라우드 회사 정보를 알기 위해 상세정보 클릭합니다.
[2024-01-17T09:27:19.028+0000] {jobinfo_jobplanet.py:728} INFO - File path/in/s3/bucket/review_information_레몬클라우드.csv uploaded to S3 successfully.
[2024-01-17T09:27:19.105+0000] {jobinfo_jobplanet.py:679} INFO - 메이븐클라우드서비스 정보 없ㅇ,ㅡ
[2024-01-17T09:27:19.105+0000] {jobinfo_jobplanet.py:680} INFO - Failed to read CSV file from S3: An error occurred (NoSuchKey) when calling the GetObject operation: The specified key does not exist.
[2024-01-17T09:27:19.106+0000] {jobinfo_jobplanet.py:149} INFO - ['path/in/s3/bucket/jobinfo_jumpit.csv', 'path/in/s3/bucket/review_information_클라우드호스피탈.csv', 'path/in/s3/bucket/review_information_레몬클라우드.csv']
[2024-01-17T09:27:19.106+0000] {jobinfo_jobplanet.py:117} INFO - 레몬클라우드 있음
[2024-01-17T09:27:19.109+0000] {jobinfo_jobplanet.py:124} INFO - 엠투클라우드 파일이 없음
[2024-01-17T09:27:19.553+0000] {jobinfo_jobplanet.py:129} INFO - 엠투클라우드 검색을 위해 검색창에 입력했습니다.
[2024-01-17T09:27:21.499+0000] {jobinfo_jobplanet.py:132} INFO - 엠투클라우드 검색하기
[2024-01-17T09:27:22.670+0000] {jobinfo_jobplanet.py:137} INFO - 엠투클라우드 회사 정보를 알기 위해 상세정보 클릭합니다.
[2024-01-17T09:27:58.563+0000] {jobinfo_jobplanet.py:728} INFO - File path/in/s3/bucket/review_information_엠투클라우드.csv uploaded to S3 successfully.
[2024-01-17T09:27:58.643+0000] {jobinfo_jobplanet.py:679} INFO - 메이븐클라우드서비스 정보 없ㅇ,ㅡ
[2024-01-17T09:27:58.644+0000] {jobinfo_jobplanet.py:680} INFO - Failed to read CSV file from S3: An error occurred (NoSuchKey) when calling the GetObject operation: The specified key does not exist.
[2024-01-17T09:27:58.645+0000] {jobinfo_jobplanet.py:149} INFO - ['path/in/s3/bucket/jobinfo_jumpit.csv', 'path/in/s3/bucket/review_information_클라우드호스피탈.csv', 'path/in/s3/bucket/review_information_레몬클라우드.csv', 'path/in/s3/bucket/review_information_엠투클라우드.csv']
[2024-01-17T09:27:58.646+0000] {jobinfo_jobplanet.py:117} INFO - 엠투클라우드 있음
[2024-01-17T09:27:58.654+0000] {jobinfo_jobplanet.py:124} INFO - 파킹클라우드 파일이 없음
[2024-01-17T09:28:01.388+0000] {jobinfo_jobplanet.py:129} INFO - 파킹클라우드 검색을 위해 검색창에 입력했습니다.
[2024-01-17T09:28:02.939+0000] {jobinfo_jobplanet.py:132} INFO - 파킹클라우드 검색하기
[2024-01-17T09:28:03.378+0000] {jobinfo_jobplanet.py:137} INFO - 파킹클라우드 회사 정보를 알기 위해 상세정보 클릭합니다.
[2024-01-17T09:28:38.031+0000] {jobinfo_jobplanet.py:728} INFO - File path/in/s3/bucket/review_information_파킹클라우드.csv uploaded to S3 successfully.
[2024-01-17T09:28:38.191+0000] {jobinfo_jobplanet.py:679} INFO - 메이븐클라우드서비스 정보 없ㅇ,ㅡ
[2024-01-17T09:28:38.191+0000] {jobinfo_jobplanet.py:680} INFO - Failed to read CSV file from S3: An error occurred (NoSuchKey) when calling the GetObject operation: The specified key does not exist.
[2024-01-17T09:28:38.192+0000] {jobinfo_jobplanet.py:149} INFO - ['path/in/s3/bucket/jobinfo_jumpit.csv', 'path/in/s3/bucket/review_information_클라우드호스피탈.csv', 'path/in/s3/bucket/review_information_레몬클라우드.csv', 'path/in/s3/bucket/review_information_엠투클라우드.csv', 'path/in/s3/bucket/review_information_파킹클라우드.csv']
[2024-01-17T09:28:38.201+0000] {jobinfo_jobplanet.py:124} INFO - 메이븐클라우드서비스 파일이 없음
[2024-01-17T09:28:40.580+0000] {jobinfo_jobplanet.py:129} INFO - 메이븐클라우드서비스 검색을 위해 검색창에 입력했습니다.
[2024-01-17T09:28:41.294+0000] {jobinfo_jobplanet.py:145} INFO - 메이븐클라우드서비스의 정보는 없어서 파일 생성을 못한다.
[2024-01-17T09:28:41.295+0000] {jobinfo_jobplanet.py:149} INFO - ['path/in/s3/bucket/jobinfo_jumpit.csv', 'path/in/s3/bucket/review_information_클라우드호스피탈.csv', 'path/in/s3/bucket/review_information_레몬클라우드.csv', 'path/in/s3/bucket/review_information_엠투클라우드.csv', 'path/in/s3/bucket/review_information_파킹클라우드.csv']
[2024-01-17T09:28:41.295+0000] {jobinfo_jobplanet.py:117} INFO - 엠투클라우드 있음
[2024-01-17T09:28:41.296+0000] {jobinfo_jobplanet.py:117} INFO - 엠투클라우드 있음
[2024-01-17T09:28:41.407+0000] {jobinfo_jobplanet.py:124} INFO - 마크클라우드 파일이 없음
[2024-01-17T09:28:42.963+0000] {jobinfo_jobplanet.py:129} INFO - 마크클라우드 검색을 위해 검색창에 입력했습니다.
[2024-01-17T09:28:47.659+0000] {jobinfo_jobplanet.py:132} INFO - 마크클라우드 검색하기
[2024-01-17T09:28:48.492+0000] {jobinfo_jobplanet.py:137} INFO - 마크클라우드 회사 정보를 알기 위해 상세정보 클릭합니다.
[2024-01-17T09:30:02.407+0000] {jobinfo_jobplanet.py:728} INFO - File path/in/s3/bucket/review_information_마크클라우드.csv uploaded to S3 successfully.
[2024-01-17T09:30:02.505+0000] {jobinfo_jobplanet.py:679} INFO - 메이븐클라우드서비스 정보 없ㅇ,ㅡ
[2024-01-17T09:30:02.507+0000] {jobinfo_jobplanet.py:680} INFO - Failed to read CSV file from S3: An error occurred (NoSuchKey) when calling the GetObject operation: The specified key does not exist.
[2024-01-17T09:30:02.508+0000] {jobinfo_jobplanet.py:149} INFO - ['path/in/s3/bucket/jobinfo_jumpit.csv', 'path/in/s3/bucket/review_information_클라우드호스피탈.csv', 'path/in/s3/bucket/review_information_레몬클라우드.csv', 'path/in/s3/bucket/review_information_엠투클라우드.csv', 'path/in/s3/bucket/review_information_파킹클라우드.csv', 'path/in/s3/bucket/review_information_마크클라우드.csv']
[2024-01-17T09:30:02.508+0000] {jobinfo_jobplanet.py:117} INFO - 마크클라우드 있음
[2024-01-17T09:30:02.509+0000] {jobinfo_jobplanet.py:117} INFO - 클라우드호스피탈 있음
[2024-01-17T09:30:02.509+0000] {jobinfo_jobplanet.py:117} INFO - 클라우드호스피탈 있음
[2024-01-17T09:30:02.512+0000] {jobinfo_jobplanet.py:124} INFO - 월급쟁이부자들 파일이 없음
[2024-01-17T09:30:02.949+0000] {jobinfo_jobplanet.py:129} INFO - 월급쟁이부자들 검색을 위해 검색창에 입력했습니다.
[2024-01-17T09:30:05.515+0000] {jobinfo_jobplanet.py:132} INFO - 월급쟁이부자들 검색하기
[2024-01-17T09:30:05.966+0000] {jobinfo_jobplanet.py:137} INFO - 월급쟁이부자들 회사 정보를 알기 위해 상세정보 클릭합니다.
[2024-01-17T09:30:40.224+0000] {jobinfo_jobplanet.py:728} INFO - File path/in/s3/bucket/review_information_월급쟁이부자들.csv uploaded to S3 successfully.
[2024-01-17T09:30:40.316+0000] {jobinfo_jobplanet.py:679} INFO - 메이븐클라우드서비스 정보 없ㅇ,ㅡ
[2024-01-17T09:30:40.316+0000] {jobinfo_jobplanet.py:680} INFO - Failed to read CSV file from S3: An error occurred (NoSuchKey) when calling the GetObject operation: The specified key does not exist.
[2024-01-17T09:30:40.317+0000] {jobinfo_jobplanet.py:149} INFO - ['path/in/s3/bucket/jobinfo_jumpit.csv', 'path/in/s3/bucket/review_information_클라우드호스피탈.csv', 'path/in/s3/bucket/review_information_레몬클라우드.csv', 'path/in/s3/bucket/review_information_엠투클라우드.csv', 'path/in/s3/bucket/review_information_파킹클라우드.csv', 'path/in/s3/bucket/review_information_마크클라우드.csv', 'path/in/s3/bucket/review_information_월급쟁이부자들.csv']
[2024-01-17T09:30:40.317+0000] {jobinfo_jobplanet.py:117} INFO - 월급쟁이부자들 있음
[2024-01-17T09:30:40.402+0000] {jobinfo_jobplanet.py:124} INFO - 로민 파일이 없음
[2024-01-17T09:30:41.199+0000] {jobinfo_jobplanet.py:129} INFO - 로민 검색을 위해 검색창에 입력했습니다.
[2024-01-17T09:30:43.013+0000] {jobinfo_jobplanet.py:132} INFO - 로민 검색하기
[2024-01-17T09:30:43.453+0000] {jobinfo_jobplanet.py:137} INFO - 로민 회사 정보를 알기 위해 상세정보 클릭합니다.
[2024-01-17T09:31:34.690+0000] {jobinfo_jobplanet.py:145} INFO - 로민의 정보는 없어서 파일 생성을 못한다.
[2024-01-17T09:31:34.690+0000] {jobinfo_jobplanet.py:149} INFO - ['path/in/s3/bucket/jobinfo_jumpit.csv', 'path/in/s3/bucket/review_information_클라우드호스피탈.csv', 'path/in/s3/bucket/review_information_레몬클라우드.csv', 'path/in/s3/bucket/review_information_엠투클라우드.csv', 'path/in/s3/bucket/review_information_파킹클라우드.csv', 'path/in/s3/bucket/review_information_마크클라우드.csv', 'path/in/s3/bucket/review_information_월급쟁이부자들.csv']
[2024-01-17T09:31:34.693+0000] {jobinfo_jobplanet.py:124} INFO - 블랙탠저린 파일이 없음
[2024-01-17T09:31:35.044+0000] {jobinfo_jobplanet.py:129} INFO - 블랙탠저린 검색을 위해 검색창에 입력했습니다.
[2024-01-17T09:31:36.915+0000] {jobinfo_jobplanet.py:132} INFO - 블랙탠저린 검색하기
[2024-01-17T09:31:37.506+0000] {jobinfo_jobplanet.py:137} INFO - 블랙탠저린 회사 정보를 알기 위해 상세정보 클릭합니다.
[2024-01-17T09:32:34.054+0000] {jobinfo_jobplanet.py:728} INFO - File path/in/s3/bucket/review_information_블랙탠저린.csv uploaded to S3 successfully.
[2024-01-17T09:32:34.125+0000] {jobinfo_jobplanet.py:679} INFO - 메이븐클라우드서비스 정보 없ㅇ,ㅡ
[2024-01-17T09:32:34.126+0000] {jobinfo_jobplanet.py:680} INFO - Failed to read CSV file from S3: An error occurred (NoSuchKey) when calling the GetObject operation: The specified key does not exist.
[2024-01-17T09:32:34.127+0000] {jobinfo_jobplanet.py:149} INFO - ['path/in/s3/bucket/jobinfo_jumpit.csv', 'path/in/s3/bucket/review_information_클라우드호스피탈.csv', 'path/in/s3/bucket/review_information_레몬클라우드.csv', 'path/in/s3/bucket/review_information_엠투클라우드.csv', 'path/in/s3/bucket/review_information_파킹클라우드.csv', 'path/in/s3/bucket/review_information_마크클라우드.csv', 'path/in/s3/bucket/review_information_월급쟁이부자들.csv', 'path/in/s3/bucket/review_information_블랙탠저린.csv']
[2024-01-17T09:32:34.132+0000] {jobinfo_jobplanet.py:124} INFO - 파인더스 파일이 없음
[2024-01-17T09:32:34.489+0000] {jobinfo_jobplanet.py:129} INFO - 파인더스 검색을 위해 검색창에 입력했습니다.
[2024-01-17T09:32:36.175+0000] {jobinfo_jobplanet.py:132} INFO - 파인더스 검색하기
[2024-01-17T09:32:36.424+0000] {jobinfo_jobplanet.py:137} INFO - 파인더스 회사 정보를 알기 위해 상세정보 클릭합니다.
[2024-01-17T09:33:39.912+0000] {jobinfo_jobplanet.py:728} INFO - File path/in/s3/bucket/review_information_파인더스.csv uploaded to S3 successfully.
[2024-01-17T09:33:39.992+0000] {jobinfo_jobplanet.py:679} INFO - 메이븐클라우드서비스 정보 없ㅇ,ㅡ
[2024-01-17T09:33:39.993+0000] {jobinfo_jobplanet.py:680} INFO - Failed to read CSV file from S3: An error occurred (NoSuchKey) when calling the GetObject operation: The specified key does not exist.
[2024-01-17T09:33:39.994+0000] {jobinfo_jobplanet.py:149} INFO - ['path/in/s3/bucket/jobinfo_jumpit.csv', 'path/in/s3/bucket/review_information_클라우드호스피탈.csv', 'path/in/s3/bucket/review_information_레몬클라우드.csv', 'path/in/s3/bucket/review_information_엠투클라우드.csv', 'path/in/s3/bucket/review_information_파킹클라우드.csv', 'path/in/s3/bucket/review_information_마크클라우드.csv', 'path/in/s3/bucket/review_information_월급쟁이부자들.csv', 'path/in/s3/bucket/review_information_블랙탠저린.csv', 'path/in/s3/bucket/review_information_파인더스.csv']
[2024-01-17T09:33:39.998+0000] {jobinfo_jobplanet.py:124} INFO - 론픽 파일이 없음
[2024-01-17T09:33:40.361+0000] {jobinfo_jobplanet.py:129} INFO - 론픽 검색을 위해 검색창에 입력했습니다.
[2024-01-17T09:33:43.008+0000] {jobinfo_jobplanet.py:132} INFO - 론픽 검색하기
[2024-01-17T09:33:43.104+0000] {jobinfo_jobplanet.py:137} INFO - 론픽 회사 정보를 알기 위해 상세정보 클릭합니다.
[2024-01-17T09:34:46.613+0000] {jobinfo_jobplanet.py:730} INFO - Error uploading file to S3: 'int' object has no attribute 'to_csv'
[2024-01-17T09:34:46.691+0000] {jobinfo_jobplanet.py:679} INFO - 메이븐클라우드서비스 정보 없ㅇ,ㅡ
[2024-01-17T09:34:46.691+0000] {jobinfo_jobplanet.py:680} INFO - Failed to read CSV file from S3: An error occurred (NoSuchKey) when calling the GetObject operation: The specified key does not exist.
[2024-01-17T09:34:46.692+0000] {jobinfo_jobplanet.py:149} INFO - ['path/in/s3/bucket/jobinfo_jumpit.csv', 'path/in/s3/bucket/review_information_클라우드호스피탈.csv', 'path/in/s3/bucket/review_information_레몬클라우드.csv', 'path/in/s3/bucket/review_information_엠투클라우드.csv', 'path/in/s3/bucket/review_information_파킹클라우드.csv', 'path/in/s3/bucket/review_information_마크클라우드.csv', 'path/in/s3/bucket/review_information_월급쟁이부자들.csv', 'path/in/s3/bucket/review_information_블랙탠저린.csv', 'path/in/s3/bucket/review_information_파인더스.csv', 'path/in/s3/bucket/review_information_론픽.csv']
[2024-01-17T09:34:46.696+0000] {jobinfo_jobplanet.py:124} INFO - 비포플레이 파일이 없음
[2024-01-17T09:34:47.112+0000] {jobinfo_jobplanet.py:129} INFO - 비포플레이 검색을 위해 검색창에 입력했습니다.
[2024-01-17T09:34:51.474+0000] {jobinfo_jobplanet.py:132} INFO - 비포플레이 검색하기
[2024-01-17T09:34:51.579+0000] {jobinfo_jobplanet.py:137} INFO - 비포플레이 회사 정보를 알기 위해 상세정보 클릭합니다.
[2024-01-17T09:35:23.308+0000] {jobinfo_jobplanet.py:145} INFO - 비포플레이의 정보는 없어서 파일 생성을 못한다.
[2024-01-17T09:35:23.309+0000] {jobinfo_jobplanet.py:149} INFO - ['path/in/s3/bucket/jobinfo_jumpit.csv', 'path/in/s3/bucket/review_information_클라우드호스피탈.csv', 'path/in/s3/bucket/review_information_레몬클라우드.csv', 'path/in/s3/bucket/review_information_엠투클라우드.csv', 'path/in/s3/bucket/review_information_파킹클라우드.csv', 'path/in/s3/bucket/review_information_마크클라우드.csv', 'path/in/s3/bucket/review_information_월급쟁이부자들.csv', 'path/in/s3/bucket/review_information_블랙탠저린.csv', 'path/in/s3/bucket/review_information_파인더스.csv', 'path/in/s3/bucket/review_information_론픽.csv']
[2024-01-17T09:35:23.328+0000] {jobinfo_jobplanet.py:124} INFO - 롯데헬스케어 파일이 없음
[2024-01-17T09:35:24.759+0000] {jobinfo_jobplanet.py:145} INFO - 롯데헬스케어의 정보는 없어서 파일 생성을 못한다.
[2024-01-17T09:35:24.760+0000] {jobinfo_jobplanet.py:149} INFO - ['path/in/s3/bucket/jobinfo_jumpit.csv', 'path/in/s3/bucket/review_information_클라우드호스피탈.csv', 'path/in/s3/bucket/review_information_레몬클라우드.csv', 'path/in/s3/bucket/review_information_엠투클라우드.csv', 'path/in/s3/bucket/review_information_파킹클라우드.csv', 'path/in/s3/bucket/review_information_마크클라우드.csv', 'path/in/s3/bucket/review_information_월급쟁이부자들.csv', 'path/in/s3/bucket/review_information_블랙탠저린.csv', 'path/in/s3/bucket/review_information_파인더스.csv', 'path/in/s3/bucket/review_information_론픽.csv']
[2024-01-17T09:35:24.975+0000] {jobinfo_jobplanet.py:124} INFO - 롯데헬스케어 파일이 없음
[2024-01-17T09:35:26.084+0000] {jobinfo_jobplanet.py:129} INFO - 롯데헬스케어 검색을 위해 검색창에 입력했습니다.
[2024-01-17T09:35:29.198+0000] {jobinfo_jobplanet.py:132} INFO - 롯데헬스케어 검색하기
[2024-01-17T09:35:29.573+0000] {jobinfo_jobplanet.py:137} INFO - 롯데헬스케어 회사 정보를 알기 위해 상세정보 클릭합니다.
[2024-01-17T09:36:50.902+0000] {jobinfo_jobplanet.py:728} INFO - File path/in/s3/bucket/review_information_롯데헬스케어.csv uploaded to S3 successfully.
[2024-01-17T09:36:50.976+0000] {jobinfo_jobplanet.py:679} INFO - 메이븐클라우드서비스 정보 없ㅇ,ㅡ
[2024-01-17T09:36:50.976+0000] {jobinfo_jobplanet.py:680} INFO - Failed to read CSV file from S3: An error occurred (NoSuchKey) when calling the GetObject operation: The specified key does not exist.
[2024-01-17T09:36:50.977+0000] {jobinfo_jobplanet.py:149} INFO - ['path/in/s3/bucket/jobinfo_jumpit.csv', 'path/in/s3/bucket/review_information_클라우드호스피탈.csv', 'path/in/s3/bucket/review_information_레몬클라우드.csv', 'path/in/s3/bucket/review_information_엠투클라우드.csv', 'path/in/s3/bucket/review_information_파킹클라우드.csv', 'path/in/s3/bucket/review_information_마크클라우드.csv', 'path/in/s3/bucket/review_information_월급쟁이부자들.csv', 'path/in/s3/bucket/review_information_블랙탠저린.csv', 'path/in/s3/bucket/review_information_파인더스.csv', 'path/in/s3/bucket/review_information_론픽.csv', 'path/in/s3/bucket/review_information_롯데헬스케어.csv']
[2024-01-17T09:36:50.997+0000] {jobinfo_jobplanet.py:124} INFO - 올라운드닥터스 파일이 없음
[2024-01-17T09:36:51.406+0000] {jobinfo_jobplanet.py:129} INFO - 올라운드닥터스 검색을 위해 검색창에 입력했습니다.
[2024-01-17T09:36:52.939+0000] {jobinfo_jobplanet.py:132} INFO - 올라운드닥터스 검색하기
[2024-01-17T09:37:02.973+0000] {jobinfo_jobplanet.py:145} INFO - 올라운드닥터스의 정보는 없어서 파일 생성을 못한다.
[2024-01-17T09:37:02.974+0000] {jobinfo_jobplanet.py:149} INFO - ['path/in/s3/bucket/jobinfo_jumpit.csv', 'path/in/s3/bucket/review_information_클라우드호스피탈.csv', 'path/in/s3/bucket/review_information_레몬클라우드.csv', 'path/in/s3/bucket/review_information_엠투클라우드.csv', 'path/in/s3/bucket/review_information_파킹클라우드.csv', 'path/in/s3/bucket/review_information_마크클라우드.csv', 'path/in/s3/bucket/review_information_월급쟁이부자들.csv', 'path/in/s3/bucket/review_information_블랙탠저린.csv', 'path/in/s3/bucket/review_information_파인더스.csv', 'path/in/s3/bucket/review_information_론픽.csv', 'path/in/s3/bucket/review_information_롯데헬스케어.csv']
[2024-01-17T09:37:02.977+0000] {jobinfo_jobplanet.py:124} INFO - 다큐브 파일이 없음
[2024-01-17T09:37:03.333+0000] {jobinfo_jobplanet.py:129} INFO - 다큐브 검색을 위해 검색창에 입력했습니다.
[2024-01-17T09:37:06.205+0000] {jobinfo_jobplanet.py:132} INFO - 다큐브 검색하기
[2024-01-17T09:37:06.291+0000] {jobinfo_jobplanet.py:137} INFO - 다큐브 회사 정보를 알기 위해 상세정보 클릭합니다.
[2024-01-17T09:38:24.128+0000] {jobinfo_jobplanet.py:728} INFO - File path/in/s3/bucket/review_information_다큐브.csv uploaded to S3 successfully.
[2024-01-17T09:38:24.202+0000] {jobinfo_jobplanet.py:679} INFO - 메이븐클라우드서비스 정보 없ㅇ,ㅡ
[2024-01-17T09:38:24.202+0000] {jobinfo_jobplanet.py:680} INFO - Failed to read CSV file from S3: An error occurred (NoSuchKey) when calling the GetObject operation: The specified key does not exist.
[2024-01-17T09:38:24.203+0000] {jobinfo_jobplanet.py:149} INFO - ['path/in/s3/bucket/jobinfo_jumpit.csv', 'path/in/s3/bucket/review_information_클라우드호스피탈.csv', 'path/in/s3/bucket/review_information_레몬클라우드.csv', 'path/in/s3/bucket/review_information_엠투클라우드.csv', 'path/in/s3/bucket/review_information_파킹클라우드.csv', 'path/in/s3/bucket/review_information_마크클라우드.csv', 'path/in/s3/bucket/review_information_월급쟁이부자들.csv', 'path/in/s3/bucket/review_information_블랙탠저린.csv', 'path/in/s3/bucket/review_information_파인더스.csv', 'path/in/s3/bucket/review_information_론픽.csv', 'path/in/s3/bucket/review_information_롯데헬스케어.csv', 'path/in/s3/bucket/review_information_다큐브.csv']
[2024-01-17T09:38:24.206+0000] {jobinfo_jobplanet.py:124} INFO - 크리에이트립 파일이 없음
[2024-01-17T09:38:24.605+0000] {jobinfo_jobplanet.py:129} INFO - 크리에이트립 검색을 위해 검색창에 입력했습니다.
[2024-01-17T09:38:26.924+0000] {jobinfo_jobplanet.py:132} INFO - 크리에이트립 검색하기
[2024-01-17T09:38:27.208+0000] {jobinfo_jobplanet.py:137} INFO - 크리에이트립 회사 정보를 알기 위해 상세정보 클릭합니다.
[2024-01-17T09:40:03.648+0000] {jobinfo_jobplanet.py:145} INFO - 크리에이트립의 정보는 없어서 파일 생성을 못한다.
[2024-01-17T09:40:03.649+0000] {jobinfo_jobplanet.py:149} INFO - ['path/in/s3/bucket/jobinfo_jumpit.csv', 'path/in/s3/bucket/review_information_클라우드호스피탈.csv', 'path/in/s3/bucket/review_information_레몬클라우드.csv', 'path/in/s3/bucket/review_information_엠투클라우드.csv', 'path/in/s3/bucket/review_information_파킹클라우드.csv', 'path/in/s3/bucket/review_information_마크클라우드.csv', 'path/in/s3/bucket/review_information_월급쟁이부자들.csv', 'path/in/s3/bucket/review_information_블랙탠저린.csv', 'path/in/s3/bucket/review_information_파인더스.csv', 'path/in/s3/bucket/review_information_론픽.csv', 'path/in/s3/bucket/review_information_롯데헬스케어.csv', 'path/in/s3/bucket/review_information_다큐브.csv']
[2024-01-17T09:40:03.652+0000] {jobinfo_jobplanet.py:124} INFO - 데브툴즈 파일이 없음
[2024-01-17T09:40:04.249+0000] {jobinfo_jobplanet.py:129} INFO - 데브툴즈 검색을 위해 검색창에 입력했습니다.
[2024-01-17T09:40:06.412+0000] {jobinfo_jobplanet.py:132} INFO - 데브툴즈 검색하기
[2024-01-17T09:40:07.020+0000] {jobinfo_jobplanet.py:137} INFO - 데브툴즈 회사 정보를 알기 위해 상세정보 클릭합니다.
[2024-01-17T09:40:52.932+0000] {jobinfo_jobplanet.py:728} INFO - File path/in/s3/bucket/review_information_데브툴즈.csv uploaded to S3 successfully.
[2024-01-17T09:40:53.017+0000] {jobinfo_jobplanet.py:679} INFO - 메이븐클라우드서비스 정보 없ㅇ,ㅡ
[2024-01-17T09:40:53.017+0000] {jobinfo_jobplanet.py:680} INFO - Failed to read CSV file from S3: An error occurred (NoSuchKey) when calling the GetObject operation: The specified key does not exist.
[2024-01-17T09:40:53.018+0000] {jobinfo_jobplanet.py:149} INFO - ['path/in/s3/bucket/jobinfo_jumpit.csv', 'path/in/s3/bucket/review_information_클라우드호스피탈.csv', 'path/in/s3/bucket/review_information_레몬클라우드.csv', 'path/in/s3/bucket/review_information_엠투클라우드.csv', 'path/in/s3/bucket/review_information_파킹클라우드.csv', 'path/in/s3/bucket/review_information_마크클라우드.csv', 'path/in/s3/bucket/review_information_월급쟁이부자들.csv', 'path/in/s3/bucket/review_information_블랙탠저린.csv', 'path/in/s3/bucket/review_information_파인더스.csv', 'path/in/s3/bucket/review_information_론픽.csv', 'path/in/s3/bucket/review_information_롯데헬스케어.csv', 'path/in/s3/bucket/review_information_다큐브.csv', 'path/in/s3/bucket/review_information_데브툴즈.csv']
[2024-01-17T09:40:53.023+0000] {jobinfo_jobplanet.py:124} INFO - 티니어 파일이 없음
[2024-01-17T09:40:53.526+0000] {jobinfo_jobplanet.py:129} INFO - 티니어 검색을 위해 검색창에 입력했습니다.
[2024-01-17T09:40:58.658+0000] {jobinfo_jobplanet.py:132} INFO - 티니어 검색하기
[2024-01-17T09:40:59.952+0000] {jobinfo_jobplanet.py:137} INFO - 티니어 회사 정보를 알기 위해 상세정보 클릭합니다.
[2024-01-17T09:41:45.636+0000] {jobinfo_jobplanet.py:728} INFO - File path/in/s3/bucket/review_information_티니어.csv uploaded to S3 successfully.
[2024-01-17T09:41:45.706+0000] {jobinfo_jobplanet.py:679} INFO - 메이븐클라우드서비스 정보 없ㅇ,ㅡ
[2024-01-17T09:41:45.706+0000] {jobinfo_jobplanet.py:680} INFO - Failed to read CSV file from S3: An error occurred (NoSuchKey) when calling the GetObject operation: The specified key does not exist.
[2024-01-17T09:41:45.707+0000] {jobinfo_jobplanet.py:149} INFO - ['path/in/s3/bucket/jobinfo_jumpit.csv', 'path/in/s3/bucket/review_information_클라우드호스피탈.csv', 'path/in/s3/bucket/review_information_레몬클라우드.csv', 'path/in/s3/bucket/review_information_엠투클라우드.csv', 'path/in/s3/bucket/review_information_파킹클라우드.csv', 'path/in/s3/bucket/review_information_마크클라우드.csv', 'path/in/s3/bucket/review_information_월급쟁이부자들.csv', 'path/in/s3/bucket/review_information_블랙탠저린.csv', 'path/in/s3/bucket/review_information_파인더스.csv', 'path/in/s3/bucket/review_information_론픽.csv', 'path/in/s3/bucket/review_information_롯데헬스케어.csv', 'path/in/s3/bucket/review_information_다큐브.csv', 'path/in/s3/bucket/review_information_데브툴즈.csv', 'path/in/s3/bucket/review_information_티니어.csv']
[2024-01-17T09:41:45.711+0000] {jobinfo_jobplanet.py:124} INFO - 키다리스튜디오 파일이 없음
[2024-01-17T09:41:46.102+0000] {jobinfo_jobplanet.py:129} INFO - 키다리스튜디오 검색을 위해 검색창에 입력했습니다.
[2024-01-17T09:41:49.707+0000] {jobinfo_jobplanet.py:132} INFO - 키다리스튜디오 검색하기
[2024-01-17T09:41:50.314+0000] {jobinfo_jobplanet.py:137} INFO - 키다리스튜디오 회사 정보를 알기 위해 상세정보 클릭합니다.
[2024-01-17T09:42:55.430+0000] {jobinfo_jobplanet.py:728} INFO - File path/in/s3/bucket/review_information_키다리스튜디오.csv uploaded to S3 successfully.
[2024-01-17T09:42:55.500+0000] {jobinfo_jobplanet.py:679} INFO - 메이븐클라우드서비스 정보 없ㅇ,ㅡ
[2024-01-17T09:42:55.500+0000] {jobinfo_jobplanet.py:680} INFO - Failed to read CSV file from S3: An error occurred (NoSuchKey) when calling the GetObject operation: The specified key does not exist.
[2024-01-17T09:42:55.502+0000] {jobinfo_jobplanet.py:149} INFO - ['path/in/s3/bucket/jobinfo_jumpit.csv', 'path/in/s3/bucket/review_information_클라우드호스피탈.csv', 'path/in/s3/bucket/review_information_레몬클라우드.csv', 'path/in/s3/bucket/review_information_엠투클라우드.csv', 'path/in/s3/bucket/review_information_파킹클라우드.csv', 'path/in/s3/bucket/review_information_마크클라우드.csv', 'path/in/s3/bucket/review_information_월급쟁이부자들.csv', 'path/in/s3/bucket/review_information_블랙탠저린.csv', 'path/in/s3/bucket/review_information_파인더스.csv', 'path/in/s3/bucket/review_information_론픽.csv', 'path/in/s3/bucket/review_information_롯데헬스케어.csv', 'path/in/s3/bucket/review_information_다큐브.csv', 'path/in/s3/bucket/review_information_데브툴즈.csv', 'path/in/s3/bucket/review_information_티니어.csv', 'path/in/s3/bucket/review_information_키다리스튜디오.csv']
[2024-01-17T09:42:55.574+0000] {jobinfo_jobplanet.py:679} INFO - 메이븐클라우드서비스 정보 없ㅇ,ㅡ
[2024-01-17T09:42:55.575+0000] {jobinfo_jobplanet.py:680} INFO - Failed to read CSV file from S3: An error occurred (NoSuchKey) when calling the GetObject operation: The specified key does not exist.
[2024-01-17T09:43:30.802+0000] {jobinfo_jobplanet.py:728} INFO - File path/in/s3/bucket/summary.csv uploaded to S3 successfully.
[2024-01-17T09:43:31.187+0000] {jobinfo_jobplanet.py:552} INFO -                             review_summary  ... result_date
0  젊고 자유로운 분위기, 시키지 않아도 척척 해내는 알잘딱깔센 인재 필요  ...       14일 후
1                       엄청 최악은 아니지만 좋지도 않은  ...     no data
2                     우당탕탕 성장하는 기업 사람들은 좋다  ...     no data
3                     그저 일 안해도 월급이 나오는 회사요  ...     no data
4                사내 복지좀 줄이지 말고 직원들좀 신경써주세요  ...     no data

[5 rows x 8 columns]
[2024-01-17T09:44:05.881+0000] {jobinfo_jobplanet.py:199} INFO - summary file upload s3
[2024-01-17T09:44:05.882+0000] {jobinfo_jobplanet.py:200} INFO -       company review_summary  ... answer_summary average_salary
0  메이븐클라우드서비스          정보 없음  ...          정보 없음       3,789 만원

[1 rows x 8 columns]
[2024-01-17T09:44:05.890+0000] {jobinfo_jobplanet.py:211} INFO -   company  ... average_salary
0  파킹클라우드  ...       3,114 만원

[1 rows x 8 columns]
[2024-01-17T09:44:06.024+0000] {jobinfo_jobplanet.py:728} INFO - File path/in/s3/bucket/summary.csv uploaded to S3 successfully.
[2024-01-17T09:44:06.025+0000] {jobinfo_jobplanet.py:217} INFO - Data appended successfully.
[2024-01-17T09:44:06.176+0000] {jobinfo_jobplanet.py:552} INFO -                         review_summary  ... result_date
0  근무환경 쾌적하고 공용 냉장고도 깨끗하다 정수기도 자주 관리해준  ...        0일 후

[1 rows x 8 columns]
[2024-01-17T09:44:51.845+0000] {jobinfo_jobplanet.py:543} INFO - 클라우드호스피탈 salary information not find
[2024-01-17T09:44:51.845+0000] {jobinfo_jobplanet.py:199} INFO - summary file upload s3
[2024-01-17T09:44:51.846+0000] {jobinfo_jobplanet.py:200} INFO -       company  ... average_salary
0  메이븐클라우드서비스  ...       3,789 만원
1      파킹클라우드  ...       3,114 만원

[2 rows x 8 columns]
[2024-01-17T09:44:51.854+0000] {jobinfo_jobplanet.py:211} INFO -     company  ... average_salary
0  클라우드호스피탈  ...          정보 없음

[1 rows x 8 columns]
[2024-01-17T09:44:52.014+0000] {jobinfo_jobplanet.py:728} INFO - File path/in/s3/bucket/summary.csv uploaded to S3 successfully.
[2024-01-17T09:44:52.015+0000] {jobinfo_jobplanet.py:217} INFO - Data appended successfully.
[2024-01-17T09:44:52.193+0000] {jobinfo_jobplanet.py:552} INFO -   review_summary    merit  ... hire_way result_date
0        no data  no data  ...     개인면접     no data

[1 rows x 8 columns]
[2024-01-17T09:45:39.226+0000] {jobinfo_jobplanet.py:543} INFO - 레몬클라우드 salary information not find
[2024-01-17T09:45:39.227+0000] {jobinfo_jobplanet.py:199} INFO - summary file upload s3
[2024-01-17T09:45:39.227+0000] {jobinfo_jobplanet.py:200} INFO -       company  ... average_salary
0  메이븐클라우드서비스  ...       3,789 만원
1      파킹클라우드  ...       3,114 만원
2    클라우드호스피탈  ...          정보 없음

[3 rows x 8 columns]
[2024-01-17T09:45:39.239+0000] {jobinfo_jobplanet.py:211} INFO -   company  ... average_salary
0  레몬클라우드  ...          정보 없음

[1 rows x 8 columns]
[2024-01-17T09:45:39.405+0000] {jobinfo_jobplanet.py:728} INFO - File path/in/s3/bucket/summary.csv uploaded to S3 successfully.
[2024-01-17T09:45:39.406+0000] {jobinfo_jobplanet.py:217} INFO - Data appended successfully.
[2024-01-17T09:45:39.594+0000] {jobinfo_jobplanet.py:552} INFO -                                       review_summary  ... result_date
0  부서마다 극한으로 차이가 보이는회사 꼰대회사 믿을인간없는회사 부서별로 갑과 을이 존...  ...       30일 후
1     능률, 역량에 맞지 않은 업무지시와 잡업무가 많으며 사소한 일 처리까지 모두 보고함  ...        7일 후
2              수평적인 기업문화를 말하지만 수직적인 기업문화와 조직을 강조하는회사  ...     no data
3      TMS 서비스를 기반으로 하는 IOT 회사로, 업무나 대인관계에 있어서 좋은 회사  ...     no data

[4 rows x 8 columns]
[2024-01-17T09:46:25.297+0000] {jobinfo_jobplanet.py:543} INFO - 엠투클라우드 salary information not find
[2024-01-17T09:46:25.297+0000] {jobinfo_jobplanet.py:199} INFO - summary file upload s3
[2024-01-17T09:46:25.298+0000] {jobinfo_jobplanet.py:200} INFO -       company  ... average_salary
0  메이븐클라우드서비스  ...       3,789 만원
1      파킹클라우드  ...       3,114 만원
2    클라우드호스피탈  ...          정보 없음
3      레몬클라우드  ...          정보 없음

[4 rows x 8 columns]
[2024-01-17T09:46:25.306+0000] {jobinfo_jobplanet.py:211} INFO -   company  ... average_salary
0  엠투클라우드  ...          정보 없음

[1 rows x 8 columns]
[2024-01-17T09:46:25.421+0000] {jobinfo_jobplanet.py:728} INFO - File path/in/s3/bucket/summary.csv uploaded to S3 successfully.
[2024-01-17T09:46:25.422+0000] {jobinfo_jobplanet.py:217} INFO - Data appended successfully.
[2024-01-17T09:46:25.662+0000] {jobinfo_jobplanet.py:552} INFO -                                       review_summary  ... result_date
0                              많은 것을 경험해볼 수 있는 회사입니다  ...     no data
1                              많은 것을 경험해볼 수 있는 회사입니다  ...        2일 후
2  사람과 사람으로 만나면 좋은 사람들 / 직장에서 동료로 만나면 힘든 사람들 / 체계...  ...     no data
3                신입이 경력을 쌓기에는 좋다 근데 더 좋은 곳으로 갔으면 좋겠다  ...     no data
4                              체계는 없지만 처음 시작하기 좋은 회사  ...     no data

[5 rows x 8 columns]
[2024-01-17T09:47:01.174+0000] {jobinfo_jobplanet.py:199} INFO - summary file upload s3
[2024-01-17T09:47:01.175+0000] {jobinfo_jobplanet.py:200} INFO -       company  ... average_salary
0  메이븐클라우드서비스  ...       3,789 만원
1      파킹클라우드  ...       3,114 만원
2    클라우드호스피탈  ...          정보 없음
3      레몬클라우드  ...          정보 없음
4      엠투클라우드  ...          정보 없음

[5 rows x 8 columns]
[2024-01-17T09:47:01.183+0000] {jobinfo_jobplanet.py:211} INFO -   company  ... average_salary
0  마크클라우드  ...       3,524 만원

[1 rows x 8 columns]
[2024-01-17T09:47:01.281+0000] {jobinfo_jobplanet.py:728} INFO - File path/in/s3/bucket/summary.csv uploaded to S3 successfully.
[2024-01-17T09:47:01.282+0000] {jobinfo_jobplanet.py:217} INFO - Data appended successfully.
[2024-01-17T09:47:01.491+0000] {jobinfo_jobplanet.py:552} INFO -                                       review_summary  ... result_date
0              상식선 이상으로 일을 많이 할 자세가 되어있다면 너무너무 좋은 회사  ...        2일 후
1                      워라밸이 개선되고 있다 월부에서는 부자가 될 수 있다  ...       20일 후
2                       성장에 진심, 넘사인 분들이 넘치는 팬덤 강한 회사  ...     no data
3  성장하는 이유를 입사하자마자 느낄 수 있다 여기 오려고 커리어를 쌓았다고 생각이 들...  ...     no data
4    내가 원하는 모든 것들을 이룰 수 있는 기업, 내부 직원들의 만족도가 매우 높은 기업  ...     no data

[5 rows x 8 columns]
[2024-01-17T09:47:37.148+0000] {jobinfo_jobplanet.py:199} INFO - summary file upload s3
[2024-01-17T09:47:37.148+0000] {jobinfo_jobplanet.py:200} INFO -       company  ... average_salary
0  메이븐클라우드서비스  ...       3,789 만원
1      파킹클라우드  ...       3,114 만원
2    클라우드호스피탈  ...          정보 없음
3      레몬클라우드  ...          정보 없음
4      엠투클라우드  ...          정보 없음

[5 rows x 8 columns]
[2024-01-17T09:47:37.162+0000] {jobinfo_jobplanet.py:211} INFO -    company  ... average_salary
0  월급쟁이부자들  ...       8,030 만원

[1 rows x 8 columns]
[2024-01-17T09:47:37.285+0000] {jobinfo_jobplanet.py:728} INFO - File path/in/s3/bucket/summary.csv uploaded to S3 successfully.
[2024-01-17T09:47:37.286+0000] {jobinfo_jobplanet.py:217} INFO - Data appended successfully.
[2024-01-17T09:47:37.452+0000] {jobinfo_jobplanet.py:679} INFO - 로민 정보 없ㅇ,ㅡ
[2024-01-17T09:47:37.453+0000] {jobinfo_jobplanet.py:680} INFO - Failed to read CSV file from S3: An error occurred (NoSuchKey) when calling the GetObject operation: The specified key does not exist.
[2024-01-17T09:48:14.830+0000] {jobinfo_jobplanet.py:199} INFO - summary file upload s3
[2024-01-17T09:48:14.830+0000] {jobinfo_jobplanet.py:200} INFO -       company  ... average_salary
0  메이븐클라우드서비스  ...       3,789 만원
1      파킹클라우드  ...       3,114 만원
2    클라우드호스피탈  ...          정보 없음
3      레몬클라우드  ...          정보 없음
4      엠투클라우드  ...          정보 없음

[5 rows x 8 columns]
[2024-01-17T09:48:14.883+0000] {jobinfo_jobplanet.py:211} INFO -   company review_summary  ... answer_summary average_salary
0      로민          정보 없음  ...          정보 없음       4,474 만원

[1 rows x 8 columns]
[2024-01-17T09:48:15.178+0000] {jobinfo_jobplanet.py:728} INFO - File path/in/s3/bucket/summary.csv uploaded to S3 successfully.
[2024-01-17T09:48:15.180+0000] {jobinfo_jobplanet.py:217} INFO - Data appended successfully.
[2024-01-17T09:48:15.546+0000] {jobinfo_jobplanet.py:552} INFO -                                   review_summary  ... result_date
0                    업무 능력을 확장시키기에 성장하기 좋은 환경입니다  ...        3일 후
1                   스타트업이 뭔지, 빠른 성장이 뭔지 알 수 있는 곳  ...     no data
2  여러가지 업무를 경험할 수 있습니다 그게 장점일지 단점일지는 본인의 판단에 따라…  ...     no data
3             빠르게 성장하는 스타트업, 패션 이커머스 앱을 혁신할 수 있음  ...     no data
4                    업무 능력을 확장시키기에 성장하기 좋은 환경입니다  ...     no data

[5 rows x 8 columns]
[2024-01-17T09:48:52.460+0000] {jobinfo_jobplanet.py:199} INFO - summary file upload s3
[2024-01-17T09:48:52.460+0000] {jobinfo_jobplanet.py:200} INFO -       company  ... average_salary
0  메이븐클라우드서비스  ...       3,789 만원
1      파킹클라우드  ...       3,114 만원
2    클라우드호스피탈  ...          정보 없음
3      레몬클라우드  ...          정보 없음
4      엠투클라우드  ...          정보 없음

[5 rows x 8 columns]
[2024-01-17T09:48:52.474+0000] {jobinfo_jobplanet.py:211} INFO -   company  ... average_salary
0   블랙탠저린  ...       3,495 만원

[1 rows x 8 columns]
[2024-01-17T09:48:52.625+0000] {jobinfo_jobplanet.py:728} INFO - File path/in/s3/bucket/summary.csv uploaded to S3 successfully.
[2024-01-17T09:48:52.626+0000] {jobinfo_jobplanet.py:217} INFO - Data appended successfully.
[2024-01-17T09:48:52.856+0000] {jobinfo_jobplanet.py:552} INFO -   review_summary    merit  ...      hire_way result_date
0        no data  no data  ...          개인면접       20일 후
1        no data  no data  ...    토론면접, 개인면접        5일 후
2        no data  no data  ...  케이스 면접, 개인면접        3일 후
3        no data  no data  ...          7일 후     no data
4        no data  no data  ...       no data     no data

[5 rows x 8 columns]
[2024-01-17T09:49:28.568+0000] {jobinfo_jobplanet.py:199} INFO - summary file upload s3
[2024-01-17T09:49:28.568+0000] {jobinfo_jobplanet.py:200} INFO -       company  ... average_salary
0  메이븐클라우드서비스  ...       3,789 만원
1      파킹클라우드  ...       3,114 만원
2    클라우드호스피탈  ...          정보 없음
3      레몬클라우드  ...          정보 없음
4      엠투클라우드  ...          정보 없음

[5 rows x 8 columns]
[2024-01-17T09:49:28.578+0000] {jobinfo_jobplanet.py:211} INFO -   company  ... average_salary
0    파인더스  ...       4,791 만원

[1 rows x 8 columns]
[2024-01-17T09:49:28.687+0000] {jobinfo_jobplanet.py:728} INFO - File path/in/s3/bucket/summary.csv uploaded to S3 successfully.
[2024-01-17T09:49:28.689+0000] {jobinfo_jobplanet.py:217} INFO - Data appended successfully.
[2024-01-17T09:49:28.810+0000] {jobinfo_jobplanet.py:679} INFO - 론픽 정보 없ㅇ,ㅡ
[2024-01-17T09:49:28.811+0000] {jobinfo_jobplanet.py:680} INFO - Failed to read CSV file from S3: An error occurred (NoSuchKey) when calling the GetObject operation: The specified key does not exist.
[2024-01-17T09:50:13.571+0000] {jobinfo_jobplanet.py:543} INFO - 론픽 salary information not find
[2024-01-17T09:50:13.572+0000] {jobinfo_jobplanet.py:199} INFO - summary file upload s3
[2024-01-17T09:50:13.572+0000] {jobinfo_jobplanet.py:200} INFO -       company  ... average_salary
0  메이븐클라우드서비스  ...       3,789 만원
1      파킹클라우드  ...       3,114 만원
2    클라우드호스피탈  ...          정보 없음
3      레몬클라우드  ...          정보 없음
4      엠투클라우드  ...          정보 없음

[5 rows x 8 columns]
[2024-01-17T09:50:13.582+0000] {jobinfo_jobplanet.py:211} INFO -   company review_summary  ... answer_summary average_salary
0      론픽          정보 없음  ...          정보 없음          정보 없음

[1 rows x 8 columns]
[2024-01-17T09:50:13.696+0000] {jobinfo_jobplanet.py:728} INFO - File path/in/s3/bucket/summary.csv uploaded to S3 successfully.
[2024-01-17T09:50:13.697+0000] {jobinfo_jobplanet.py:217} INFO - Data appended successfully.
[2024-01-17T09:50:13.856+0000] {jobinfo_jobplanet.py:679} INFO - 비포플레이 정보 없ㅇ,ㅡ
[2024-01-17T09:50:13.857+0000] {jobinfo_jobplanet.py:680} INFO - Failed to read CSV file from S3: An error occurred (NoSuchKey) when calling the GetObject operation: The specified key does not exist.
[2024-01-17T09:50:50.811+0000] {jobinfo_jobplanet.py:199} INFO - summary file upload s3
[2024-01-17T09:50:50.811+0000] {jobinfo_jobplanet.py:200} INFO -       company  ... average_salary
0  메이븐클라우드서비스  ...       3,789 만원
1      파킹클라우드  ...       3,114 만원
2    클라우드호스피탈  ...          정보 없음
3      레몬클라우드  ...          정보 없음
4      엠투클라우드  ...          정보 없음

[5 rows x 8 columns]
[2024-01-17T09:50:50.827+0000] {jobinfo_jobplanet.py:211} INFO -   company review_summary  ... answer_summary average_salary
0   비포플레이          정보 없음  ...          정보 없음       3,847 만원

[1 rows x 8 columns]
[2024-01-17T09:50:50.980+0000] {jobinfo_jobplanet.py:728} INFO - File path/in/s3/bucket/summary.csv uploaded to S3 successfully.
[2024-01-17T09:50:50.981+0000] {jobinfo_jobplanet.py:217} INFO - Data appended successfully.
[2024-01-17T09:50:51.155+0000] {jobinfo_jobplanet.py:552} INFO -                          review_summary  ... result_date
0  대기업과 스타트업 장단점이 혼재되어있다 장점도 2배, 단점도 2배  ...        3일 후
1                               no data  ...     no data
2                               no data  ...     no data
3                               no data  ...     no data
4                               no data  ...     no data

[5 rows x 8 columns]
[2024-01-17T09:51:37.167+0000] {jobinfo_jobplanet.py:543} INFO - 롯데헬스케어 salary information not find
[2024-01-17T09:51:37.168+0000] {jobinfo_jobplanet.py:199} INFO - summary file upload s3
[2024-01-17T09:51:37.168+0000] {jobinfo_jobplanet.py:200} INFO -       company  ... average_salary
0  메이븐클라우드서비스  ...       3,789 만원
1      파킹클라우드  ...       3,114 만원
2    클라우드호스피탈  ...          정보 없음
3      레몬클라우드  ...          정보 없음
4      엠투클라우드  ...          정보 없음

[5 rows x 8 columns]
[2024-01-17T09:51:37.178+0000] {jobinfo_jobplanet.py:211} INFO -   company  ... average_salary
0  롯데헬스케어  ...          정보 없음

[1 rows x 8 columns]
[2024-01-17T09:51:37.307+0000] {jobinfo_jobplanet.py:728} INFO - File path/in/s3/bucket/summary.csv uploaded to S3 successfully.
[2024-01-17T09:51:37.309+0000] {jobinfo_jobplanet.py:217} INFO - Data appended successfully.
[2024-01-17T09:51:37.449+0000] {jobinfo_jobplanet.py:679} INFO - 올라운드닥터스 정보 없ㅇ,ㅡ
[2024-01-17T09:51:37.450+0000] {jobinfo_jobplanet.py:680} INFO - Failed to read CSV file from S3: An error occurred (NoSuchKey) when calling the GetObject operation: The specified key does not exist.
[2024-01-17T09:52:31.541+0000] {jobinfo_jobplanet.py:199} INFO - summary file upload s3
[2024-01-17T09:52:31.542+0000] {jobinfo_jobplanet.py:200} INFO -       company  ... average_salary
0  메이븐클라우드서비스  ...       3,789 만원
1      파킹클라우드  ...       3,114 만원
2    클라우드호스피탈  ...          정보 없음
3      레몬클라우드  ...          정보 없음
4      엠투클라우드  ...          정보 없음

[5 rows x 8 columns]
[2024-01-17T09:52:31.568+0000] {jobinfo_jobplanet.py:211} INFO -    company review_summary  ... answer_summary average_salary
0  올라운드닥터스          정보 없음  ...          정보 없음        no data

[1 rows x 8 columns]
[2024-01-17T09:52:31.724+0000] {jobinfo_jobplanet.py:728} INFO - File path/in/s3/bucket/summary.csv uploaded to S3 successfully.
[2024-01-17T09:52:31.725+0000] {jobinfo_jobplanet.py:217} INFO - Data appended successfully.
[2024-01-17T09:52:31.938+0000] {jobinfo_jobplanet.py:552} INFO -                                       review_summary  ... result_date
0                           워라벨은 좋은회사 그냥저냥 다니기 좋은 회사  ...     no data
1  새로운 IT 비즈니스에 도전하고 있는데 일단 영업력이 좋아서 대기업, 글로벌기업 등...  ...     no data
2                   출퇴근시간에 교통 편리하지만 시간이 많이 걸리는 단점있네요  ...       16일 후
3                   여의도에서 음성인식의 A-Z까지 배우고 싶다면 입사 추천함  ...     no data
4  개인 워라밸 이만한 곳 없다 본인 포지션의 담당 업무를 개인 역량으로 문제없이 수행...  ...     no data

[5 rows x 8 columns]
[2024-01-17T09:53:11.237+0000] {jobinfo_jobplanet.py:199} INFO - summary file upload s3
[2024-01-17T09:53:11.237+0000] {jobinfo_jobplanet.py:200} INFO -       company  ... average_salary
0  메이븐클라우드서비스  ...       3,789 만원
1      파킹클라우드  ...       3,114 만원
2    클라우드호스피탈  ...          정보 없음
3      레몬클라우드  ...          정보 없음
4      엠투클라우드  ...          정보 없음

[5 rows x 8 columns]
[2024-01-17T09:53:11.262+0000] {jobinfo_jobplanet.py:211} INFO -   company  ... average_salary
0     다큐브  ...       6,503 만원

[1 rows x 8 columns]
[2024-01-17T09:53:11.479+0000] {jobinfo_jobplanet.py:728} INFO - File path/in/s3/bucket/summary.csv uploaded to S3 successfully.
[2024-01-17T09:53:11.480+0000] {jobinfo_jobplanet.py:217} INFO - Data appended successfully.
[2024-01-17T09:53:12.601+0000] {jobinfo_jobplanet.py:679} INFO - 크리에이트립 정보 없ㅇ,ㅡ
[2024-01-17T09:53:12.601+0000] {jobinfo_jobplanet.py:680} INFO - Failed to read CSV file from S3: An error occurred (NoSuchKey) when calling the GetObject operation: The specified key does not exist.
[2024-01-17T09:53:51.549+0000] {jobinfo_jobplanet.py:199} INFO - summary file upload s3
[2024-01-17T09:53:51.549+0000] {jobinfo_jobplanet.py:200} INFO -       company  ... average_salary
0  메이븐클라우드서비스  ...       3,789 만원
1      파킹클라우드  ...       3,114 만원
2    클라우드호스피탈  ...          정보 없음
3      레몬클라우드  ...          정보 없음
4      엠투클라우드  ...          정보 없음

[5 rows x 8 columns]
[2024-01-17T09:53:51.563+0000] {jobinfo_jobplanet.py:211} INFO -   company review_summary  ... answer_summary average_salary
0  크리에이트립          정보 없음  ...          정보 없음       4,404 만원

[1 rows x 8 columns]
[2024-01-17T09:53:51.701+0000] {jobinfo_jobplanet.py:728} INFO - File path/in/s3/bucket/summary.csv uploaded to S3 successfully.
[2024-01-17T09:53:51.702+0000] {jobinfo_jobplanet.py:217} INFO - Data appended successfully.
[2024-01-17T09:53:51.888+0000] {jobinfo_jobplanet.py:552} INFO -                                       review_summary  ... result_date
0                     약간 공장같은 분위기에 여길 다녀도 될까 의아한 환경?  ...        2일 후
1  대표가 직원들을 전혀 존중해 주지 않는 회사, 그것으로 인해 직원들이 못 버티고 계...  ...     no data
2                               다양한 개발환경을 경험할 수 있는 곳  ...     no data
3                               대우받으며 보람차게 일할 수 있는 곳  ...     no data
4  개발자 중심의 회사이기에 개인별 업무에 독립성이 강한반면, 모두 관계가 좋고 서로를...  ...     no data

[5 rows x 8 columns]
[2024-01-17T09:54:29.278+0000] {jobinfo_jobplanet.py:199} INFO - summary file upload s3
[2024-01-17T09:54:29.279+0000] {jobinfo_jobplanet.py:200} INFO -       company  ... average_salary
0  메이븐클라우드서비스  ...       3,789 만원
1      파킹클라우드  ...       3,114 만원
2    클라우드호스피탈  ...          정보 없음
3      레몬클라우드  ...          정보 없음
4      엠투클라우드  ...          정보 없음

[5 rows x 8 columns]
[2024-01-17T09:54:29.299+0000] {jobinfo_jobplanet.py:211} INFO -   company  ... average_salary
0    데브툴즈  ...       4,640 만원

[1 rows x 8 columns]
[2024-01-17T09:54:29.548+0000] {jobinfo_jobplanet.py:728} INFO - File path/in/s3/bucket/summary.csv uploaded to S3 successfully.
[2024-01-17T09:54:29.549+0000] {jobinfo_jobplanet.py:217} INFO - Data appended successfully.
[2024-01-17T09:54:29.742+0000] {jobinfo_jobplanet.py:552} INFO -                            review_summary  ... result_date
0  누구에게나 평등하게 발언권이 주어지고, 합리적인 의견을 수용하는 기업  ...        1일 후
1             워라벨이 좋고 업무 강도가 높지 않고 문화가 좋다  ...        0일 후
2  인턴으로 있었지만 스타트업의 좋은 점을 깨달을 수 있었던 회사였습니다  ...     no data
3                    합리적고 긍정적인 사람들이 모인 조직  ...     no data
4       다양한 경험을 쌓으며 수평적인 문화 속에서 클 수 있는 환경  ...     no data

[5 rows x 8 columns]
[2024-01-17T09:55:15.456+0000] {jobinfo_jobplanet.py:543} INFO - 티니어 salary information not find
[2024-01-17T09:55:15.457+0000] {jobinfo_jobplanet.py:199} INFO - summary file upload s3
[2024-01-17T09:55:15.457+0000] {jobinfo_jobplanet.py:200} INFO -       company  ... average_salary
0  메이븐클라우드서비스  ...       3,789 만원
1      파킹클라우드  ...       3,114 만원
2    클라우드호스피탈  ...          정보 없음
3      레몬클라우드  ...          정보 없음
4      엠투클라우드  ...          정보 없음

[5 rows x 8 columns]
[2024-01-17T09:55:15.486+0000] {jobinfo_jobplanet.py:211} INFO -   company  ... average_salary
0     티니어  ...          정보 없음

[1 rows x 8 columns]
[2024-01-17T09:55:15.634+0000] {jobinfo_jobplanet.py:728} INFO - File path/in/s3/bucket/summary.csv uploaded to S3 successfully.
[2024-01-17T09:55:15.635+0000] {jobinfo_jobplanet.py:217} INFO - Data appended successfully.
[2024-01-17T09:55:15.838+0000] {jobinfo_jobplanet.py:552} INFO -   review_summary    merit  ...            hire_way result_date
0        no data  no data  ...  인/적성검사, PT면접, 개인면접       14일 후
1        no data  no data  ...        인/적성검사, 개인면접       14일 후
2        no data  no data  ...        인/적성검사, 개인면접       30일 후
3        no data  no data  ...    인/적성검사, 개인면접, 기타        1일 후
4        no data  no data  ...                5일 후     no data

[5 rows x 8 columns]
[2024-01-17T09:55:53.581+0000] {jobinfo_jobplanet.py:199} INFO - summary file upload s3
[2024-01-17T09:55:53.582+0000] {jobinfo_jobplanet.py:200} INFO -       company  ... average_salary
0  메이븐클라우드서비스  ...       3,789 만원
1      파킹클라우드  ...       3,114 만원
2    클라우드호스피탈  ...          정보 없음
3      레몬클라우드  ...          정보 없음
4      엠투클라우드  ...          정보 없음

[5 rows x 8 columns]
[2024-01-17T09:55:53.599+0000] {jobinfo_jobplanet.py:211} INFO -    company  ... average_salary
0  키다리스튜디오  ...       3,548 만원

[1 rows x 8 columns]
[2024-01-17T09:55:53.748+0000] {jobinfo_jobplanet.py:728} INFO - File path/in/s3/bucket/summary.csv uploaded to S3 successfully.
[2024-01-17T09:55:53.750+0000] {jobinfo_jobplanet.py:217} INFO - Data appended successfully.
[2024-01-17T09:55:54.008+0000] {python.py:177} INFO - Done. Returned value was: None
[2024-01-17T09:55:54.018+0000] {taskinstance.py:1323} INFO - Marking task as SUCCESS. dag_id=jobinfo_jobplanet, task_id=jobplanet_login, execution_date=20240117T092512, start_date=20240117T092518, end_date=20240117T095554
[2024-01-17T09:55:54.056+0000] {local_task_job.py:208} INFO - Task exited with return code 0
[2024-01-17T09:55:54.074+0000] {taskinstance.py:2578} INFO - 1 downstream tasks scheduled from follow-on schedule check
