[2024-01-17T07:02:47.229+0000] {taskinstance.py:1083} INFO - Dependencies all met for <TaskInstance: jobinfo_jobplanet.jobplanet_login manual__2024-01-17T07:02:39.824425+00:00 [queued]>
[2024-01-17T07:02:47.242+0000] {taskinstance.py:1083} INFO - Dependencies all met for <TaskInstance: jobinfo_jobplanet.jobplanet_login manual__2024-01-17T07:02:39.824425+00:00 [queued]>
[2024-01-17T07:02:47.242+0000] {taskinstance.py:1279} INFO - 
--------------------------------------------------------------------------------
[2024-01-17T07:02:47.242+0000] {taskinstance.py:1280} INFO - Starting attempt 1 of 1
[2024-01-17T07:02:47.242+0000] {taskinstance.py:1281} INFO - 
--------------------------------------------------------------------------------
[2024-01-17T07:02:47.283+0000] {taskinstance.py:1300} INFO - Executing <Task(PythonOperator): jobplanet_login> on 2024-01-17 07:02:39.824425+00:00
[2024-01-17T07:02:47.300+0000] {standard_task_runner.py:55} INFO - Started process 31571 to run task
[2024-01-17T07:02:47.302+0000] {standard_task_runner.py:82} INFO - Running: ['***', 'tasks', 'run', 'jobinfo_jobplanet', 'jobplanet_login', 'manual__2024-01-17T07:02:39.824425+00:00', '--job-id', '4407', '--raw', '--subdir', 'DAGS_FOLDER/jobinfo_jobplanet.py', '--cfg-path', '/tmp/tmpyyt5ms5t']
[2024-01-17T07:02:47.303+0000] {standard_task_runner.py:83} INFO - Job 4407: Subtask jobplanet_login
[2024-01-17T07:02:47.388+0000] {task_command.py:388} INFO - Running <TaskInstance: jobinfo_jobplanet.jobplanet_login manual__2024-01-17T07:02:39.824425+00:00 [running]> on host 565f6bcc10b6
[2024-01-17T07:02:47.567+0000] {taskinstance.py:1509} INFO - Exporting the following env vars:
AIRFLOW_CTX_DAG_OWNER=***
AIRFLOW_CTX_DAG_ID=jobinfo_jobplanet
AIRFLOW_CTX_TASK_ID=jobplanet_login
AIRFLOW_CTX_EXECUTION_DATE=2024-01-17T07:02:39.824425+00:00
AIRFLOW_CTX_TRY_NUMBER=1
AIRFLOW_CTX_DAG_RUN_ID=manual__2024-01-17T07:02:39.824425+00:00
[2024-01-17T07:02:52.075+0000] {jobinfo_jobplanet.py:104} INFO - ['메이븐클라우드서비스', '파킹클라우드', '클라우드호스피탈', '파킹클라우드', '레몬클라우드', '레몬클라우드', '엠투클라우드', '엠투클라우드', '파킹클라우드', '메이븐클라우드서비스', '엠투클라우드', '엠투클라우드', '마크클라우드', '마크클라우드', '클라우드호스피탈', '클라우드호스피탈', '월급쟁이부자들', '월급쟁이부자들', '로민', '블랙탠저린', '파인더스', '론픽', '비포플레이', '롯데헬스케어', '롯데헬스케어', '올라운드닥터스', '다큐브', '크리에이트립', '데브툴즈', '티니어', '키다리스튜디오']
[2024-01-17T07:02:52.075+0000] {jobinfo_jobplanet.py:105} INFO - ['path/in/s3/bucket/jobinfo_jumpit.csv', 'path/in/s3/bucket/review_information_다큐브.csv', 'path/in/s3/bucket/review_information_데브툴즈.csv', 'path/in/s3/bucket/review_information_레몬클라우드.csv', 'path/in/s3/bucket/review_information_로민.csv', 'path/in/s3/bucket/review_information_롯데헬스케어.csv', 'path/in/s3/bucket/review_information_마크클라우드.csv', 'path/in/s3/bucket/review_information_메이븐클라우드서비스.csv', 'path/in/s3/bucket/review_information_블랙탠저린.csv', 'path/in/s3/bucket/review_information_비포플레이.csv', 'path/in/s3/bucket/review_information_스윗코리아.csv', 'path/in/s3/bucket/review_information_엠아이티.csv', 'path/in/s3/bucket/review_information_엠투클라우드.csv', 'path/in/s3/bucket/review_information_오케스트로.csv', 'path/in/s3/bucket/review_information_월급쟁이부자들.csv', 'path/in/s3/bucket/review_information_제니스앤컴퍼니.csv', 'path/in/s3/bucket/review_information_크리에이트립.csv', 'path/in/s3/bucket/review_information_클라우드호스피탈.csv', 'path/in/s3/bucket/review_information_키다리스튜디오.csv', 'path/in/s3/bucket/review_information_티니어.csv', 'path/in/s3/bucket/review_information_파인더스.csv', 'path/in/s3/bucket/review_information_파킹클라우드.csv', 'path/in/s3/bucket/summary.csv']
[2024-01-17T07:02:52.076+0000] {jobinfo_jobplanet.py:106} INFO - 시작
[2024-01-17T07:02:52.076+0000] {jobinfo_jobplanet.py:111} INFO - 메이븐클라우드서비스 있음
[2024-01-17T07:02:52.077+0000] {jobinfo_jobplanet.py:111} INFO - 파킹클라우드 있음
[2024-01-17T07:02:52.077+0000] {jobinfo_jobplanet.py:111} INFO - 클라우드호스피탈 있음
[2024-01-17T07:02:52.078+0000] {jobinfo_jobplanet.py:111} INFO - 파킹클라우드 있음
[2024-01-17T07:02:52.078+0000] {jobinfo_jobplanet.py:111} INFO - 레몬클라우드 있음
[2024-01-17T07:02:52.078+0000] {jobinfo_jobplanet.py:111} INFO - 레몬클라우드 있음
[2024-01-17T07:02:52.079+0000] {jobinfo_jobplanet.py:111} INFO - 엠투클라우드 있음
[2024-01-17T07:02:52.079+0000] {jobinfo_jobplanet.py:111} INFO - 엠투클라우드 있음
[2024-01-17T07:02:52.079+0000] {jobinfo_jobplanet.py:111} INFO - 파킹클라우드 있음
[2024-01-17T07:02:52.079+0000] {jobinfo_jobplanet.py:111} INFO - 메이븐클라우드서비스 있음
[2024-01-17T07:02:52.080+0000] {jobinfo_jobplanet.py:111} INFO - 엠투클라우드 있음
[2024-01-17T07:02:52.080+0000] {jobinfo_jobplanet.py:111} INFO - 엠투클라우드 있음
[2024-01-17T07:02:52.080+0000] {jobinfo_jobplanet.py:111} INFO - 마크클라우드 있음
[2024-01-17T07:02:52.080+0000] {jobinfo_jobplanet.py:111} INFO - 마크클라우드 있음
[2024-01-17T07:02:52.081+0000] {jobinfo_jobplanet.py:111} INFO - 클라우드호스피탈 있음
[2024-01-17T07:02:52.081+0000] {jobinfo_jobplanet.py:111} INFO - 클라우드호스피탈 있음
[2024-01-17T07:02:52.081+0000] {jobinfo_jobplanet.py:111} INFO - 월급쟁이부자들 있음
[2024-01-17T07:02:52.081+0000] {jobinfo_jobplanet.py:111} INFO - 월급쟁이부자들 있음
[2024-01-17T07:02:52.081+0000] {jobinfo_jobplanet.py:111} INFO - 로민 있음
[2024-01-17T07:02:52.082+0000] {jobinfo_jobplanet.py:111} INFO - 블랙탠저린 있음
[2024-01-17T07:02:52.082+0000] {jobinfo_jobplanet.py:111} INFO - 파인더스 있음
[2024-01-17T07:02:52.092+0000] {jobinfo_jobplanet.py:118} INFO - 론픽 파일이 없음
[2024-01-17T07:02:55.710+0000] {jobinfo_jobplanet.py:139} INFO - 론픽의 정보는 없어서 파일 생성을 못한다.
[2024-01-17T07:02:55.710+0000] {jobinfo_jobplanet.py:143} INFO - ['path/in/s3/bucket/jobinfo_jumpit.csv', 'path/in/s3/bucket/review_information_다큐브.csv', 'path/in/s3/bucket/review_information_데브툴즈.csv', 'path/in/s3/bucket/review_information_레몬클라우드.csv', 'path/in/s3/bucket/review_information_로민.csv', 'path/in/s3/bucket/review_information_롯데헬스케어.csv', 'path/in/s3/bucket/review_information_마크클라우드.csv', 'path/in/s3/bucket/review_information_메이븐클라우드서비스.csv', 'path/in/s3/bucket/review_information_블랙탠저린.csv', 'path/in/s3/bucket/review_information_비포플레이.csv', 'path/in/s3/bucket/review_information_스윗코리아.csv', 'path/in/s3/bucket/review_information_엠아이티.csv', 'path/in/s3/bucket/review_information_엠투클라우드.csv', 'path/in/s3/bucket/review_information_오케스트로.csv', 'path/in/s3/bucket/review_information_월급쟁이부자들.csv', 'path/in/s3/bucket/review_information_제니스앤컴퍼니.csv', 'path/in/s3/bucket/review_information_크리에이트립.csv', 'path/in/s3/bucket/review_information_클라우드호스피탈.csv', 'path/in/s3/bucket/review_information_키다리스튜디오.csv', 'path/in/s3/bucket/review_information_티니어.csv', 'path/in/s3/bucket/review_information_파인더스.csv', 'path/in/s3/bucket/review_information_파킹클라우드.csv', 'path/in/s3/bucket/summary.csv']
[2024-01-17T07:02:55.710+0000] {jobinfo_jobplanet.py:111} INFO - 비포플레이 있음
[2024-01-17T07:02:55.711+0000] {jobinfo_jobplanet.py:111} INFO - 롯데헬스케어 있음
[2024-01-17T07:02:55.711+0000] {jobinfo_jobplanet.py:111} INFO - 롯데헬스케어 있음
[2024-01-17T07:02:55.735+0000] {jobinfo_jobplanet.py:118} INFO - 올라운드닥터스 파일이 없음
[2024-01-17T07:02:56.534+0000] {jobinfo_jobplanet.py:123} INFO - 올라운드닥터스 검색을 위해 검색창에 입력했습니다.
[2024-01-17T07:03:00.695+0000] {jobinfo_jobplanet.py:126} INFO - 올라운드닥터스 검색하기
[2024-01-17T07:03:02.741+0000] {jobinfo_jobplanet.py:139} INFO - 올라운드닥터스의 정보는 없어서 파일 생성을 못한다.
[2024-01-17T07:03:02.742+0000] {jobinfo_jobplanet.py:143} INFO - ['path/in/s3/bucket/jobinfo_jumpit.csv', 'path/in/s3/bucket/review_information_다큐브.csv', 'path/in/s3/bucket/review_information_데브툴즈.csv', 'path/in/s3/bucket/review_information_레몬클라우드.csv', 'path/in/s3/bucket/review_information_로민.csv', 'path/in/s3/bucket/review_information_롯데헬스케어.csv', 'path/in/s3/bucket/review_information_마크클라우드.csv', 'path/in/s3/bucket/review_information_메이븐클라우드서비스.csv', 'path/in/s3/bucket/review_information_블랙탠저린.csv', 'path/in/s3/bucket/review_information_비포플레이.csv', 'path/in/s3/bucket/review_information_스윗코리아.csv', 'path/in/s3/bucket/review_information_엠아이티.csv', 'path/in/s3/bucket/review_information_엠투클라우드.csv', 'path/in/s3/bucket/review_information_오케스트로.csv', 'path/in/s3/bucket/review_information_월급쟁이부자들.csv', 'path/in/s3/bucket/review_information_제니스앤컴퍼니.csv', 'path/in/s3/bucket/review_information_크리에이트립.csv', 'path/in/s3/bucket/review_information_클라우드호스피탈.csv', 'path/in/s3/bucket/review_information_키다리스튜디오.csv', 'path/in/s3/bucket/review_information_티니어.csv', 'path/in/s3/bucket/review_information_파인더스.csv', 'path/in/s3/bucket/review_information_파킹클라우드.csv', 'path/in/s3/bucket/summary.csv']
[2024-01-17T07:03:02.742+0000] {jobinfo_jobplanet.py:111} INFO - 다큐브 있음
[2024-01-17T07:03:02.743+0000] {jobinfo_jobplanet.py:111} INFO - 크리에이트립 있음
[2024-01-17T07:03:02.743+0000] {jobinfo_jobplanet.py:111} INFO - 데브툴즈 있음
[2024-01-17T07:03:02.743+0000] {jobinfo_jobplanet.py:111} INFO - 티니어 있음
[2024-01-17T07:03:02.743+0000] {jobinfo_jobplanet.py:111} INFO - 키다리스튜디오 있음
[2024-01-17T07:03:03.148+0000] {jobinfo_jobplanet.py:548} INFO -                             review_summary  ... result_date
0  젊고 자유로운 분위기, 시키지 않아도 척척 해내는 알잘딱깔센 인재 필요  ...       14일 후
1                       엄청 최악은 아니지만 좋지도 않은  ...     no data
2                     우당탕탕 성장하는 기업 사람들은 좋다  ...     no data
3                     그저 일 안해도 월급이 나오는 회사요  ...     no data
4                사내 복지좀 줄이지 말고 직원들좀 신경써주세요  ...     no data

[5 rows x 8 columns]
[2024-01-17T07:03:17.565+0000] {jobinfo_jobplanet.py:195} INFO - summary file upload s3
[2024-01-17T07:03:17.565+0000] {jobinfo_jobplanet.py:196} INFO -      0    1    2  ... merit_summary question_summary review_summary
0  NaN  NaN  NaN  ...            회사               없음     메이븐클라우드서비스
1  NaN  NaN  NaN  ...           NaN              NaN            NaN
2  NaN  NaN  NaN  ...           NaN              NaN            NaN
3  NaN  NaN  NaN  ...           NaN              NaN            NaN
4  NaN  NaN  NaN  ...           NaN              NaN            NaN

[5 rows x 240 columns]
[2024-01-17T07:03:17.841+0000] {jobinfo_jobplanet.py:548} INFO -                         review_summary  ... result_date
0  근무환경 쾌적하고 공용 냉장고도 깨끗하다 정수기도 자주 관리해준  ...        0일 후

[1 rows x 8 columns]
[2024-01-17T07:03:32.983+0000] {jobinfo_jobplanet.py:539} INFO - 클라우드호스피탈 salary information not find
[2024-01-17T07:03:32.983+0000] {jobinfo_jobplanet.py:195} INFO - summary file upload s3
[2024-01-17T07:03:32.984+0000] {jobinfo_jobplanet.py:196} INFO -      0    1    2  ... merit_summary question_summary review_summary
0  NaN  NaN  NaN  ...            회사               없음     메이븐클라우드서비스
1  NaN  NaN  NaN  ...           NaN              NaN            NaN
2  NaN  NaN  NaN  ...           NaN              NaN            NaN
3  NaN  NaN  NaN  ...           NaN              NaN            NaN
4  NaN  NaN  NaN  ...           NaN              NaN            NaN

[5 rows x 240 columns]
[2024-01-17T07:03:33.253+0000] {jobinfo_jobplanet.py:548} INFO -                             review_summary  ... result_date
0  젊고 자유로운 분위기, 시키지 않아도 척척 해내는 알잘딱깔센 인재 필요  ...       14일 후
1                       엄청 최악은 아니지만 좋지도 않은  ...     no data
2                     우당탕탕 성장하는 기업 사람들은 좋다  ...     no data
3                     그저 일 안해도 월급이 나오는 회사요  ...     no data
4                사내 복지좀 줄이지 말고 직원들좀 신경써주세요  ...     no data

[5 rows x 8 columns]
[2024-01-17T07:03:48.268+0000] {jobinfo_jobplanet.py:195} INFO - summary file upload s3
[2024-01-17T07:03:48.269+0000] {jobinfo_jobplanet.py:196} INFO -      0    1    2  ... merit_summary question_summary review_summary
0  NaN  NaN  NaN  ...            회사               없음     메이븐클라우드서비스
1  NaN  NaN  NaN  ...           NaN              NaN            NaN
2  NaN  NaN  NaN  ...           NaN              NaN            NaN
3  NaN  NaN  NaN  ...           NaN              NaN            NaN
4  NaN  NaN  NaN  ...           NaN              NaN            NaN

[5 rows x 240 columns]
[2024-01-17T07:03:48.552+0000] {jobinfo_jobplanet.py:548} INFO -   review_summary    merit  ... hire_way result_date
0        no data  no data  ...     개인면접     no data

[1 rows x 8 columns]
[2024-01-17T07:04:02.708+0000] {jobinfo_jobplanet.py:539} INFO - 레몬클라우드 salary information not find
[2024-01-17T07:04:02.709+0000] {jobinfo_jobplanet.py:195} INFO - summary file upload s3
[2024-01-17T07:04:02.709+0000] {jobinfo_jobplanet.py:196} INFO -      0    1    2  ... merit_summary question_summary review_summary
0  NaN  NaN  NaN  ...            회사               없음     메이븐클라우드서비스
1  NaN  NaN  NaN  ...           NaN              NaN            NaN
2  NaN  NaN  NaN  ...           NaN              NaN            NaN
3  NaN  NaN  NaN  ...           NaN              NaN            NaN
4  NaN  NaN  NaN  ...           NaN              NaN            NaN

[5 rows x 240 columns]
[2024-01-17T07:04:03.035+0000] {jobinfo_jobplanet.py:548} INFO -   review_summary    merit  ... hire_way result_date
0        no data  no data  ...     개인면접     no data

[1 rows x 8 columns]
[2024-01-17T07:04:19.464+0000] {jobinfo_jobplanet.py:539} INFO - 레몬클라우드 salary information not find
[2024-01-17T07:04:19.464+0000] {jobinfo_jobplanet.py:195} INFO - summary file upload s3
[2024-01-17T07:04:19.465+0000] {jobinfo_jobplanet.py:196} INFO -      0    1    2  ... merit_summary question_summary review_summary
0  NaN  NaN  NaN  ...            회사               없음     메이븐클라우드서비스
1  NaN  NaN  NaN  ...           NaN              NaN            NaN
2  NaN  NaN  NaN  ...           NaN              NaN            NaN
3  NaN  NaN  NaN  ...           NaN              NaN            NaN
4  NaN  NaN  NaN  ...           NaN              NaN            NaN

[5 rows x 240 columns]
[2024-01-17T07:04:19.706+0000] {jobinfo_jobplanet.py:548} INFO -                                       review_summary  ... result_date
0  부서마다 극한으로 차이가 보이는회사 꼰대회사 믿을인간없는회사 부서별로 갑과 을이 존...  ...       30일 후
1     능률, 역량에 맞지 않은 업무지시와 잡업무가 많으며 사소한 일 처리까지 모두 보고함  ...        7일 후
2              수평적인 기업문화를 말하지만 수직적인 기업문화와 조직을 강조하는회사  ...     no data
3      TMS 서비스를 기반으로 하는 IOT 회사로, 업무나 대인관계에 있어서 좋은 회사  ...     no data

[4 rows x 8 columns]
[2024-01-17T07:04:36.419+0000] {jobinfo_jobplanet.py:539} INFO - 엠투클라우드 salary information not find
[2024-01-17T07:04:36.419+0000] {jobinfo_jobplanet.py:195} INFO - summary file upload s3
[2024-01-17T07:04:36.420+0000] {jobinfo_jobplanet.py:196} INFO -      0    1    2  ... merit_summary question_summary review_summary
0  NaN  NaN  NaN  ...            회사               없음     메이븐클라우드서비스
1  NaN  NaN  NaN  ...           NaN              NaN            NaN
2  NaN  NaN  NaN  ...           NaN              NaN            NaN
3  NaN  NaN  NaN  ...           NaN              NaN            NaN
4  NaN  NaN  NaN  ...           NaN              NaN            NaN

[5 rows x 240 columns]
[2024-01-17T07:04:36.885+0000] {jobinfo_jobplanet.py:548} INFO -                                       review_summary  ... result_date
0  부서마다 극한으로 차이가 보이는회사 꼰대회사 믿을인간없는회사 부서별로 갑과 을이 존...  ...       30일 후
1     능률, 역량에 맞지 않은 업무지시와 잡업무가 많으며 사소한 일 처리까지 모두 보고함  ...        7일 후
2              수평적인 기업문화를 말하지만 수직적인 기업문화와 조직을 강조하는회사  ...     no data
3      TMS 서비스를 기반으로 하는 IOT 회사로, 업무나 대인관계에 있어서 좋은 회사  ...     no data

[4 rows x 8 columns]
[2024-01-17T07:04:53.152+0000] {jobinfo_jobplanet.py:539} INFO - 엠투클라우드 salary information not find
[2024-01-17T07:04:53.152+0000] {jobinfo_jobplanet.py:195} INFO - summary file upload s3
[2024-01-17T07:04:53.153+0000] {jobinfo_jobplanet.py:196} INFO -      0    1    2  ... merit_summary question_summary review_summary
0  NaN  NaN  NaN  ...            회사               없음     메이븐클라우드서비스
1  NaN  NaN  NaN  ...           NaN              NaN            NaN
2  NaN  NaN  NaN  ...           NaN              NaN            NaN
3  NaN  NaN  NaN  ...           NaN              NaN            NaN
4  NaN  NaN  NaN  ...           NaN              NaN            NaN

[5 rows x 240 columns]
[2024-01-17T07:04:53.396+0000] {jobinfo_jobplanet.py:548} INFO -                             review_summary  ... result_date
0  젊고 자유로운 분위기, 시키지 않아도 척척 해내는 알잘딱깔센 인재 필요  ...       14일 후
1                       엄청 최악은 아니지만 좋지도 않은  ...     no data
2                     우당탕탕 성장하는 기업 사람들은 좋다  ...     no data
3                     그저 일 안해도 월급이 나오는 회사요  ...     no data
4                사내 복지좀 줄이지 말고 직원들좀 신경써주세요  ...     no data

[5 rows x 8 columns]
[2024-01-17T07:05:10.707+0000] {jobinfo_jobplanet.py:195} INFO - summary file upload s3
[2024-01-17T07:05:10.708+0000] {jobinfo_jobplanet.py:196} INFO -      0    1    2  ... merit_summary question_summary review_summary
0  NaN  NaN  NaN  ...            회사               없음     메이븐클라우드서비스
1  NaN  NaN  NaN  ...           NaN              NaN            NaN
2  NaN  NaN  NaN  ...           NaN              NaN            NaN
3  NaN  NaN  NaN  ...           NaN              NaN            NaN
4  NaN  NaN  NaN  ...           NaN              NaN            NaN

[5 rows x 240 columns]
[2024-01-17T07:05:11.137+0000] {jobinfo_jobplanet.py:548} INFO -                                       review_summary  ... result_date
0  부서마다 극한으로 차이가 보이는회사 꼰대회사 믿을인간없는회사 부서별로 갑과 을이 존...  ...       30일 후
1     능률, 역량에 맞지 않은 업무지시와 잡업무가 많으며 사소한 일 처리까지 모두 보고함  ...        7일 후
2              수평적인 기업문화를 말하지만 수직적인 기업문화와 조직을 강조하는회사  ...     no data
3      TMS 서비스를 기반으로 하는 IOT 회사로, 업무나 대인관계에 있어서 좋은 회사  ...     no data

[4 rows x 8 columns]
[2024-01-17T07:05:26.508+0000] {jobinfo_jobplanet.py:539} INFO - 엠투클라우드 salary information not find
[2024-01-17T07:05:26.509+0000] {jobinfo_jobplanet.py:195} INFO - summary file upload s3
[2024-01-17T07:05:26.509+0000] {jobinfo_jobplanet.py:196} INFO -      0    1    2  ... merit_summary question_summary review_summary
0  NaN  NaN  NaN  ...            회사               없음     메이븐클라우드서비스
1  NaN  NaN  NaN  ...           NaN              NaN            NaN
2  NaN  NaN  NaN  ...           NaN              NaN            NaN
3  NaN  NaN  NaN  ...           NaN              NaN            NaN
4  NaN  NaN  NaN  ...           NaN              NaN            NaN

[5 rows x 240 columns]
[2024-01-17T07:05:26.791+0000] {jobinfo_jobplanet.py:548} INFO -                                       review_summary  ... result_date
0  부서마다 극한으로 차이가 보이는회사 꼰대회사 믿을인간없는회사 부서별로 갑과 을이 존...  ...       30일 후
1     능률, 역량에 맞지 않은 업무지시와 잡업무가 많으며 사소한 일 처리까지 모두 보고함  ...        7일 후
2              수평적인 기업문화를 말하지만 수직적인 기업문화와 조직을 강조하는회사  ...     no data
3      TMS 서비스를 기반으로 하는 IOT 회사로, 업무나 대인관계에 있어서 좋은 회사  ...     no data

[4 rows x 8 columns]
[2024-01-17T07:05:43.309+0000] {jobinfo_jobplanet.py:539} INFO - 엠투클라우드 salary information not find
[2024-01-17T07:05:43.310+0000] {jobinfo_jobplanet.py:195} INFO - summary file upload s3
[2024-01-17T07:05:43.310+0000] {jobinfo_jobplanet.py:196} INFO -      0    1    2  ... merit_summary question_summary review_summary
0  NaN  NaN  NaN  ...            회사               없음     메이븐클라우드서비스
1  NaN  NaN  NaN  ...           NaN              NaN            NaN
2  NaN  NaN  NaN  ...           NaN              NaN            NaN
3  NaN  NaN  NaN  ...           NaN              NaN            NaN
4  NaN  NaN  NaN  ...           NaN              NaN            NaN

[5 rows x 240 columns]
[2024-01-17T07:05:43.632+0000] {jobinfo_jobplanet.py:548} INFO -                                       review_summary  ... result_date
0                              많은 것을 경험해볼 수 있는 회사입니다  ...     no data
1                              많은 것을 경험해볼 수 있는 회사입니다  ...     no data
2  사람과 사람으로 만나면 좋은 사람들 / 직장에서 동료로 만나면 힘든 사람들 / 체계...  ...     no data
3                신입이 경력을 쌓기에는 좋다 근데 더 좋은 곳으로 갔으면 좋겠다  ...     no data
4                              체계는 없지만 처음 시작하기 좋은 회사  ...     no data

[5 rows x 8 columns]
[2024-01-17T07:05:58.739+0000] {jobinfo_jobplanet.py:195} INFO - summary file upload s3
[2024-01-17T07:05:58.739+0000] {jobinfo_jobplanet.py:196} INFO -      0    1    2  ... merit_summary question_summary review_summary
0  NaN  NaN  NaN  ...            회사               없음     메이븐클라우드서비스
1  NaN  NaN  NaN  ...           NaN              NaN            NaN
2  NaN  NaN  NaN  ...           NaN              NaN            NaN
3  NaN  NaN  NaN  ...           NaN              NaN            NaN
4  NaN  NaN  NaN  ...           NaN              NaN            NaN

[5 rows x 240 columns]
[2024-01-17T07:05:59.401+0000] {jobinfo_jobplanet.py:548} INFO -                                       review_summary  ... result_date
0                              많은 것을 경험해볼 수 있는 회사입니다  ...     no data
1                              많은 것을 경험해볼 수 있는 회사입니다  ...     no data
2  사람과 사람으로 만나면 좋은 사람들 / 직장에서 동료로 만나면 힘든 사람들 / 체계...  ...     no data
3                신입이 경력을 쌓기에는 좋다 근데 더 좋은 곳으로 갔으면 좋겠다  ...     no data
4                              체계는 없지만 처음 시작하기 좋은 회사  ...     no data

[5 rows x 8 columns]
[2024-01-17T07:06:15.323+0000] {jobinfo_jobplanet.py:195} INFO - summary file upload s3
[2024-01-17T07:06:15.324+0000] {jobinfo_jobplanet.py:196} INFO -      0    1    2  ... merit_summary question_summary review_summary
0  NaN  NaN  NaN  ...            회사               없음     메이븐클라우드서비스
1  NaN  NaN  NaN  ...           NaN              NaN            NaN
2  NaN  NaN  NaN  ...           NaN              NaN            NaN
3  NaN  NaN  NaN  ...           NaN              NaN            NaN
4  NaN  NaN  NaN  ...           NaN              NaN            NaN

[5 rows x 240 columns]
[2024-01-17T07:06:15.763+0000] {jobinfo_jobplanet.py:548} INFO -                         review_summary  ... result_date
0  근무환경 쾌적하고 공용 냉장고도 깨끗하다 정수기도 자주 관리해준  ...        0일 후

[1 rows x 8 columns]
[2024-01-17T07:06:30.859+0000] {jobinfo_jobplanet.py:539} INFO - 클라우드호스피탈 salary information not find
[2024-01-17T07:06:30.860+0000] {jobinfo_jobplanet.py:195} INFO - summary file upload s3
[2024-01-17T07:06:30.861+0000] {jobinfo_jobplanet.py:196} INFO -      0    1    2  ... merit_summary question_summary review_summary
0  NaN  NaN  NaN  ...            회사               없음     메이븐클라우드서비스
1  NaN  NaN  NaN  ...           NaN              NaN            NaN
2  NaN  NaN  NaN  ...           NaN              NaN            NaN
3  NaN  NaN  NaN  ...           NaN              NaN            NaN
4  NaN  NaN  NaN  ...           NaN              NaN            NaN

[5 rows x 240 columns]
[2024-01-17T07:06:31.170+0000] {jobinfo_jobplanet.py:548} INFO -                         review_summary  ... result_date
0  근무환경 쾌적하고 공용 냉장고도 깨끗하다 정수기도 자주 관리해준  ...        0일 후

[1 rows x 8 columns]
[2024-01-17T07:06:46.945+0000] {jobinfo_jobplanet.py:539} INFO - 클라우드호스피탈 salary information not find
[2024-01-17T07:06:46.946+0000] {jobinfo_jobplanet.py:195} INFO - summary file upload s3
[2024-01-17T07:06:46.946+0000] {jobinfo_jobplanet.py:196} INFO -      0    1    2  ... merit_summary question_summary review_summary
0  NaN  NaN  NaN  ...            회사               없음     메이븐클라우드서비스
1  NaN  NaN  NaN  ...           NaN              NaN            NaN
2  NaN  NaN  NaN  ...           NaN              NaN            NaN
3  NaN  NaN  NaN  ...           NaN              NaN            NaN
4  NaN  NaN  NaN  ...           NaN              NaN            NaN

[5 rows x 240 columns]
[2024-01-17T07:06:47.214+0000] {jobinfo_jobplanet.py:548} INFO -                                       review_summary  ... result_date
0              상식선 이상으로 일을 많이 할 자세가 되어있다면 너무너무 좋은 회사  ...     no data
1                      워라밸이 개선되고 있다 월부에서는 부자가 될 수 있다  ...     no data
2                       성장에 진심, 넘사인 분들이 넘치는 팬덤 강한 회사  ...     no data
3  성장하는 이유를 입사하자마자 느낄 수 있다 여기 오려고 커리어를 쌓았다고 생각이 들...  ...     no data
4    내가 원하는 모든 것들을 이룰 수 있는 기업, 내부 직원들의 만족도가 매우 높은 기업  ...     no data

[5 rows x 8 columns]
[2024-01-17T07:07:03.481+0000] {jobinfo_jobplanet.py:195} INFO - summary file upload s3
[2024-01-17T07:07:03.482+0000] {jobinfo_jobplanet.py:196} INFO -      0    1    2  ... merit_summary question_summary review_summary
0  NaN  NaN  NaN  ...            회사               없음     메이븐클라우드서비스
1  NaN  NaN  NaN  ...           NaN              NaN            NaN
2  NaN  NaN  NaN  ...           NaN              NaN            NaN
3  NaN  NaN  NaN  ...           NaN              NaN            NaN
4  NaN  NaN  NaN  ...           NaN              NaN            NaN

[5 rows x 240 columns]
[2024-01-17T07:07:03.831+0000] {jobinfo_jobplanet.py:548} INFO -                                       review_summary  ... result_date
0              상식선 이상으로 일을 많이 할 자세가 되어있다면 너무너무 좋은 회사  ...     no data
1                      워라밸이 개선되고 있다 월부에서는 부자가 될 수 있다  ...     no data
2                       성장에 진심, 넘사인 분들이 넘치는 팬덤 강한 회사  ...     no data
3  성장하는 이유를 입사하자마자 느낄 수 있다 여기 오려고 커리어를 쌓았다고 생각이 들...  ...     no data
4    내가 원하는 모든 것들을 이룰 수 있는 기업, 내부 직원들의 만족도가 매우 높은 기업  ...     no data

[5 rows x 8 columns]
[2024-01-17T07:07:19.463+0000] {jobinfo_jobplanet.py:195} INFO - summary file upload s3
[2024-01-17T07:07:19.463+0000] {jobinfo_jobplanet.py:196} INFO -      0    1    2  ... merit_summary question_summary review_summary
0  NaN  NaN  NaN  ...            회사               없음     메이븐클라우드서비스
1  NaN  NaN  NaN  ...           NaN              NaN            NaN
2  NaN  NaN  NaN  ...           NaN              NaN            NaN
3  NaN  NaN  NaN  ...           NaN              NaN            NaN
4  NaN  NaN  NaN  ...           NaN              NaN            NaN

[5 rows x 240 columns]
[2024-01-17T07:07:19.841+0000] {jobinfo_jobplanet.py:548} INFO -                                       review_summary  ... result_date
0                              자유롭지만 체계적이고 즐거운 회사입니다  ...     no data
1  직원들을 존중해주려고 노력하시는 회사입니다 22년 초까지의 기준이지만 지금도 비슷하...  ...     no data
2                업무강도는 강하지만 사람좋고 복지좋은 회사 지하철역에서도 가까움  ...     no data
3                            야근 많음, 동기부여가 전혀되지 않는 회사  ...     no data
4                              성장통을 겪고 있는 전형적인 스타트업?  ...     no data

[5 rows x 8 columns]
[2024-01-17T07:07:35.650+0000] {jobinfo_jobplanet.py:195} INFO - summary file upload s3
[2024-01-17T07:07:35.651+0000] {jobinfo_jobplanet.py:196} INFO -      0    1    2  ... merit_summary question_summary review_summary
0  NaN  NaN  NaN  ...            회사               없음     메이븐클라우드서비스
1  NaN  NaN  NaN  ...           NaN              NaN            NaN
2  NaN  NaN  NaN  ...           NaN              NaN            NaN
3  NaN  NaN  NaN  ...           NaN              NaN            NaN
4  NaN  NaN  NaN  ...           NaN              NaN            NaN

[5 rows x 240 columns]
[2024-01-17T07:07:35.998+0000] {jobinfo_jobplanet.py:548} INFO -                                   review_summary  ... result_date
0                    업무 능력을 확장시키기에 성장하기 좋은 환경입니다  ...        3일 후
1                   스타트업이 뭔지, 빠른 성장이 뭔지 알 수 있는 곳  ...     no data
2  여러가지 업무를 경험할 수 있습니다 그게 장점일지 단점일지는 본인의 판단에 따라…  ...     no data
3             빠르게 성장하는 스타트업, 패션 이커머스 앱을 혁신할 수 있음  ...     no data

[4 rows x 8 columns]
[2024-01-17T07:07:52.049+0000] {jobinfo_jobplanet.py:195} INFO - summary file upload s3
[2024-01-17T07:07:52.050+0000] {jobinfo_jobplanet.py:196} INFO -      0    1    2  ... merit_summary question_summary review_summary
0  NaN  NaN  NaN  ...            회사               없음     메이븐클라우드서비스
1  NaN  NaN  NaN  ...           NaN              NaN            NaN
2  NaN  NaN  NaN  ...           NaN              NaN            NaN
3  NaN  NaN  NaN  ...           NaN              NaN            NaN
4  NaN  NaN  NaN  ...           NaN              NaN            NaN

[5 rows x 240 columns]
[2024-01-17T07:07:52.924+0000] {jobinfo_jobplanet.py:548} INFO -   review_summary    merit  ...      hire_way result_date
0        no data  no data  ...          개인면접       20일 후
1        no data  no data  ...    토론면접, 개인면접        5일 후
2        no data  no data  ...  케이스 면접, 개인면접     no data
3        no data  no data  ...       no data     no data
4        no data  no data  ...       no data     no data

[5 rows x 8 columns]
[2024-01-17T07:08:08.480+0000] {jobinfo_jobplanet.py:195} INFO - summary file upload s3
[2024-01-17T07:08:08.480+0000] {jobinfo_jobplanet.py:196} INFO -      0    1    2  ... merit_summary question_summary review_summary
0  NaN  NaN  NaN  ...            회사               없음     메이븐클라우드서비스
1  NaN  NaN  NaN  ...           NaN              NaN            NaN
2  NaN  NaN  NaN  ...           NaN              NaN            NaN
3  NaN  NaN  NaN  ...           NaN              NaN            NaN
4  NaN  NaN  NaN  ...           NaN              NaN            NaN

[5 rows x 240 columns]
[2024-01-17T07:08:08.860+0000] {jobinfo_jobplanet.py:675} INFO - 론픽 정보 없ㅇ,ㅡ
[2024-01-17T07:08:08.860+0000] {jobinfo_jobplanet.py:676} INFO - Failed to read CSV file from S3: An error occurred (NoSuchKey) when calling the GetObject operation: The specified key does not exist.
[2024-01-17T07:08:25.398+0000] {jobinfo_jobplanet.py:539} INFO - 론픽 salary information not find
[2024-01-17T07:08:25.398+0000] {jobinfo_jobplanet.py:195} INFO - summary file upload s3
[2024-01-17T07:08:25.398+0000] {jobinfo_jobplanet.py:196} INFO -      0    1    2  ... merit_summary question_summary review_summary
0  NaN  NaN  NaN  ...            회사               없음     메이븐클라우드서비스
1  NaN  NaN  NaN  ...           NaN              NaN            NaN
2  NaN  NaN  NaN  ...           NaN              NaN            NaN
3  NaN  NaN  NaN  ...           NaN              NaN            NaN
4  NaN  NaN  NaN  ...           NaN              NaN            NaN

[5 rows x 240 columns]
[2024-01-17T07:08:25.735+0000] {jobinfo_jobplanet.py:548} INFO -                                       review_summary  ... result_date
0      SI업체에 가깝습니다 의심병 걸려서 마이크로 매니징 대표가 팀원들을 힘들게 합니다  ...     no data
1                     하루하루 내일이 걱정되는 회사입니다 1점도 아까운 기업  ...     no data
2                              여러가지 일을 할 수 있는 곳입니다!!  ...     no data
3               자유로운 환경에서 자기가 원하는 기술 스택으로 개발해 볼 수 있음  ...     no data
4  직원을 정말 소모품만도 못하게 다루는 기업 정말 갈곳이 없는게 아니라면 다시 생각해...  ...     no data

[5 rows x 8 columns]
[2024-01-17T07:08:41.003+0000] {jobinfo_jobplanet.py:195} INFO - summary file upload s3
[2024-01-17T07:08:41.004+0000] {jobinfo_jobplanet.py:196} INFO -      0    1    2  ... merit_summary question_summary review_summary
0  NaN  NaN  NaN  ...            회사               없음     메이븐클라우드서비스
1  NaN  NaN  NaN  ...           NaN              NaN            NaN
2  NaN  NaN  NaN  ...           NaN              NaN            NaN
3  NaN  NaN  NaN  ...           NaN              NaN            NaN
4  NaN  NaN  NaN  ...           NaN              NaN            NaN

[5 rows x 240 columns]
[2024-01-17T07:08:41.303+0000] {jobinfo_jobplanet.py:548} INFO -                          review_summary  ... result_date
0  대기업과 스타트업 장단점이 혼재되어있다 장점도 2배, 단점도 2배  ...        3일 후
1                               no data  ...     no data
2                               no data  ...     no data
3                               no data  ...     no data
4                               no data  ...     no data

[5 rows x 8 columns]
[2024-01-17T07:08:58.820+0000] {jobinfo_jobplanet.py:539} INFO - 롯데헬스케어 salary information not find
[2024-01-17T07:08:58.820+0000] {jobinfo_jobplanet.py:195} INFO - summary file upload s3
[2024-01-17T07:08:58.820+0000] {jobinfo_jobplanet.py:196} INFO -      0    1    2  ... merit_summary question_summary review_summary
0  NaN  NaN  NaN  ...            회사               없음     메이븐클라우드서비스
1  NaN  NaN  NaN  ...           NaN              NaN            NaN
2  NaN  NaN  NaN  ...           NaN              NaN            NaN
3  NaN  NaN  NaN  ...           NaN              NaN            NaN
4  NaN  NaN  NaN  ...           NaN              NaN            NaN

[5 rows x 240 columns]
[2024-01-17T07:08:59.184+0000] {jobinfo_jobplanet.py:548} INFO -                          review_summary  ... result_date
0  대기업과 스타트업 장단점이 혼재되어있다 장점도 2배, 단점도 2배  ...        3일 후
1                               no data  ...     no data
2                               no data  ...     no data
3                               no data  ...     no data
4                               no data  ...     no data

[5 rows x 8 columns]
[2024-01-17T07:09:14.399+0000] {jobinfo_jobplanet.py:539} INFO - 롯데헬스케어 salary information not find
[2024-01-17T07:09:14.399+0000] {jobinfo_jobplanet.py:195} INFO - summary file upload s3
[2024-01-17T07:09:14.400+0000] {jobinfo_jobplanet.py:196} INFO -      0    1    2  ... merit_summary question_summary review_summary
0  NaN  NaN  NaN  ...            회사               없음     메이븐클라우드서비스
1  NaN  NaN  NaN  ...           NaN              NaN            NaN
2  NaN  NaN  NaN  ...           NaN              NaN            NaN
3  NaN  NaN  NaN  ...           NaN              NaN            NaN
4  NaN  NaN  NaN  ...           NaN              NaN            NaN

[5 rows x 240 columns]
[2024-01-17T07:09:14.676+0000] {jobinfo_jobplanet.py:675} INFO - 올라운드닥터스 정보 없ㅇ,ㅡ
[2024-01-17T07:09:14.676+0000] {jobinfo_jobplanet.py:676} INFO - Failed to read CSV file from S3: An error occurred (NoSuchKey) when calling the GetObject operation: The specified key does not exist.
[2024-01-17T07:09:28.797+0000] {jobinfo_jobplanet.py:195} INFO - summary file upload s3
[2024-01-17T07:09:28.798+0000] {jobinfo_jobplanet.py:196} INFO -      0    1    2  ... merit_summary question_summary review_summary
0  NaN  NaN  NaN  ...            회사               없음     메이븐클라우드서비스
1  NaN  NaN  NaN  ...           NaN              NaN            NaN
2  NaN  NaN  NaN  ...           NaN              NaN            NaN
3  NaN  NaN  NaN  ...           NaN              NaN            NaN
4  NaN  NaN  NaN  ...           NaN              NaN            NaN

[5 rows x 240 columns]
[2024-01-17T07:09:29.070+0000] {jobinfo_jobplanet.py:548} INFO -                                       review_summary  ... result_date
0                           워라벨은 좋은회사 그냥저냥 다니기 좋은 회사  ...     no data
1  새로운 IT 비즈니스에 도전하고 있는데 일단 영업력이 좋아서 대기업, 글로벌기업 등...  ...     no data
2                   출퇴근시간에 교통 편리하지만 시간이 많이 걸리는 단점있네요  ...       16일 후
3                   여의도에서 음성인식의 A-Z까지 배우고 싶다면 입사 추천함  ...     no data
4  개인 워라밸 이만한 곳 없다 본인 포지션의 담당 업무를 개인 역량으로 문제없이 수행...  ...     no data

[5 rows x 8 columns]
[2024-01-17T07:09:42.290+0000] {jobinfo_jobplanet.py:195} INFO - summary file upload s3
[2024-01-17T07:09:42.290+0000] {jobinfo_jobplanet.py:196} INFO -      0    1    2  ... merit_summary question_summary review_summary
0  NaN  NaN  NaN  ...            회사               없음     메이븐클라우드서비스
1  NaN  NaN  NaN  ...           NaN              NaN            NaN
2  NaN  NaN  NaN  ...           NaN              NaN            NaN
3  NaN  NaN  NaN  ...           NaN              NaN            NaN
4  NaN  NaN  NaN  ...           NaN              NaN            NaN

[5 rows x 240 columns]
[2024-01-17T07:09:42.599+0000] {jobinfo_jobplanet.py:548} INFO -                                       review_summary  ... result_date
0                            자유롭고 수평적이지만 이상하게 별로인 회사  ...        2일 후
1  의사결정이 합리적이고 상식적인 회사 답답한 부분이 거의 없다 직원들이 말하는 부분들...  ...     no data
2          자기 할 일만 제대로 한다면 최상의 자유가 보장되는 곳 성장하기 좋은 회사  ...     no data
3  경영진의 마이크로매니징이 극악입니니다HR에서도 이미 많이 피드백을 받아서 C레벨들의...  ...     no data
4                                            no data  ...     no data

[5 rows x 8 columns]
[2024-01-17T07:09:56.259+0000] {jobinfo_jobplanet.py:195} INFO - summary file upload s3
[2024-01-17T07:09:56.260+0000] {jobinfo_jobplanet.py:196} INFO -      0    1    2  ... merit_summary question_summary review_summary
0  NaN  NaN  NaN  ...            회사               없음     메이븐클라우드서비스
1  NaN  NaN  NaN  ...           NaN              NaN            NaN
2  NaN  NaN  NaN  ...           NaN              NaN            NaN
3  NaN  NaN  NaN  ...           NaN              NaN            NaN
4  NaN  NaN  NaN  ...           NaN              NaN            NaN

[5 rows x 240 columns]
[2024-01-17T07:09:56.644+0000] {jobinfo_jobplanet.py:548} INFO -                                       review_summary  ... result_date
0                     약간 공장같은 분위기에 여길 다녀도 될까 의아한 환경?  ...        2일 후
1  대표가 직원들을 전혀 존중해 주지 않는 회사, 그것으로 인해 직원들이 못 버티고 계...  ...        0일 후
2                               다양한 개발환경을 경험할 수 있는 곳  ...     no data
3                               대우받으며 보람차게 일할 수 있는 곳  ...     no data
4  개발자 중심의 회사이기에 개인별 업무에 독립성이 강한반면, 모두 관계가 좋고 서로를...  ...     no data

[5 rows x 8 columns]
[2024-01-17T07:10:12.155+0000] {jobinfo_jobplanet.py:195} INFO - summary file upload s3
[2024-01-17T07:10:12.156+0000] {jobinfo_jobplanet.py:196} INFO -      0    1    2  ... merit_summary question_summary review_summary
0  NaN  NaN  NaN  ...            회사               없음     메이븐클라우드서비스
1  NaN  NaN  NaN  ...           NaN              NaN            NaN
2  NaN  NaN  NaN  ...           NaN              NaN            NaN
3  NaN  NaN  NaN  ...           NaN              NaN            NaN
4  NaN  NaN  NaN  ...           NaN              NaN            NaN

[5 rows x 240 columns]
[2024-01-17T07:10:12.469+0000] {jobinfo_jobplanet.py:548} INFO -                            review_summary  ... result_date
0  누구에게나 평등하게 발언권이 주어지고, 합리적인 의견을 수용하는 기업  ...        1일 후
1             워라벨이 좋고 업무 강도가 높지 않고 문화가 좋다  ...        0일 후
2  인턴으로 있었지만 스타트업의 좋은 점을 깨달을 수 있었던 회사였습니다  ...     no data
3                    합리적고 긍정적인 사람들이 모인 조직  ...     no data
4       다양한 경험을 쌓으며 수평적인 문화 속에서 클 수 있는 환경  ...     no data

[5 rows x 8 columns]
[2024-01-17T07:10:29.466+0000] {jobinfo_jobplanet.py:539} INFO - 티니어 salary information not find
[2024-01-17T07:10:29.466+0000] {jobinfo_jobplanet.py:195} INFO - summary file upload s3
[2024-01-17T07:10:29.466+0000] {jobinfo_jobplanet.py:196} INFO -      0    1    2  ... merit_summary question_summary review_summary
0  NaN  NaN  NaN  ...            회사               없음     메이븐클라우드서비스
1  NaN  NaN  NaN  ...           NaN              NaN            NaN
2  NaN  NaN  NaN  ...           NaN              NaN            NaN
3  NaN  NaN  NaN  ...           NaN              NaN            NaN
4  NaN  NaN  NaN  ...           NaN              NaN            NaN

[5 rows x 240 columns]
[2024-01-17T07:10:29.781+0000] {jobinfo_jobplanet.py:548} INFO -   review_summary    merit  ...            hire_way result_date
0        no data  no data  ...  인/적성검사, PT면접, 개인면접       14일 후
1        no data  no data  ...        인/적성검사, 개인면접       14일 후
2        no data  no data  ...        인/적성검사, 개인면접       30일 후
3        no data  no data  ...             no data     no data
4        no data  no data  ...             no data     no data

[5 rows x 8 columns]
[2024-01-17T07:10:41.730+0000] {jobinfo_jobplanet.py:195} INFO - summary file upload s3
[2024-01-17T07:10:41.730+0000] {jobinfo_jobplanet.py:196} INFO -      0    1    2  ... merit_summary question_summary review_summary
0  NaN  NaN  NaN  ...            회사               없음     메이븐클라우드서비스
1  NaN  NaN  NaN  ...           NaN              NaN            NaN
2  NaN  NaN  NaN  ...           NaN              NaN            NaN
3  NaN  NaN  NaN  ...           NaN              NaN            NaN
4  NaN  NaN  NaN  ...           NaN              NaN            NaN

[5 rows x 240 columns]
[2024-01-17T07:10:42.017+0000] {python.py:177} INFO - Done. Returned value was: None
[2024-01-17T07:10:42.028+0000] {taskinstance.py:1323} INFO - Marking task as SUCCESS. dag_id=jobinfo_jobplanet, task_id=jobplanet_login, execution_date=20240117T070239, start_date=20240117T070247, end_date=20240117T071042
[2024-01-17T07:10:42.066+0000] {local_task_job.py:208} INFO - Task exited with return code 0
[2024-01-17T07:10:42.096+0000] {taskinstance.py:2578} INFO - 1 downstream tasks scheduled from follow-on schedule check
