[2024-01-17T10:21:35.363+0000] {taskinstance.py:1083} INFO - Dependencies all met for <TaskInstance: jobinfo_jobplanet.s3_to_rds manual__2024-01-17T10:18:16.250938+00:00 [queued]>
[2024-01-17T10:21:35.371+0000] {taskinstance.py:1083} INFO - Dependencies all met for <TaskInstance: jobinfo_jobplanet.s3_to_rds manual__2024-01-17T10:18:16.250938+00:00 [queued]>
[2024-01-17T10:21:35.372+0000] {taskinstance.py:1279} INFO - 
--------------------------------------------------------------------------------
[2024-01-17T10:21:35.372+0000] {taskinstance.py:1280} INFO - Starting attempt 1 of 1
[2024-01-17T10:21:35.372+0000] {taskinstance.py:1281} INFO - 
--------------------------------------------------------------------------------
[2024-01-17T10:21:35.387+0000] {taskinstance.py:1300} INFO - Executing <Task(PythonOperator): s3_to_rds> on 2024-01-17 10:18:16.250938+00:00
[2024-01-17T10:21:35.394+0000] {standard_task_runner.py:55} INFO - Started process 8576 to run task
[2024-01-17T10:21:35.396+0000] {standard_task_runner.py:82} INFO - Running: ['***', 'tasks', 'run', 'jobinfo_jobplanet', 's3_to_rds', 'manual__2024-01-17T10:18:16.250938+00:00', '--job-id', '4743', '--raw', '--subdir', 'DAGS_FOLDER/jobinfo_jobplanet.py', '--cfg-path', '/tmp/tmp1qmi_a_l']
[2024-01-17T10:21:35.396+0000] {standard_task_runner.py:83} INFO - Job 4743: Subtask s3_to_rds
[2024-01-17T10:21:35.446+0000] {task_command.py:388} INFO - Running <TaskInstance: jobinfo_jobplanet.s3_to_rds manual__2024-01-17T10:18:16.250938+00:00 [running]> on host 565f6bcc10b6
[2024-01-17T10:21:35.514+0000] {taskinstance.py:1509} INFO - Exporting the following env vars:
AIRFLOW_CTX_DAG_OWNER=***
AIRFLOW_CTX_DAG_ID=jobinfo_jobplanet
AIRFLOW_CTX_TASK_ID=s3_to_rds
AIRFLOW_CTX_EXECUTION_DATE=2024-01-17T10:18:16.250938+00:00
AIRFLOW_CTX_TRY_NUMBER=1
AIRFLOW_CTX_DAG_RUN_ID=manual__2024-01-17T10:18:16.250938+00:00
[2024-01-17T10:21:35.695+0000] {base.py:73} INFO - Using connection ID 'rds_conn' for task execution.
[2024-01-17T10:21:35.790+0000] {jobinfo_jobplanet.py:753} INFO - sql insert start
[2024-01-17T10:21:35.793+0000] {jobinfo_jobplanet.py:753} INFO - sql insert start
[2024-01-17T10:21:35.797+0000] {jobinfo_jobplanet.py:753} INFO - sql insert start
[2024-01-17T10:21:35.800+0000] {jobinfo_jobplanet.py:753} INFO - sql insert start
[2024-01-17T10:21:35.803+0000] {jobinfo_jobplanet.py:753} INFO - sql insert start
[2024-01-17T10:21:35.806+0000] {jobinfo_jobplanet.py:753} INFO - sql insert start
[2024-01-17T10:21:35.809+0000] {jobinfo_jobplanet.py:753} INFO - sql insert start
[2024-01-17T10:21:35.812+0000] {jobinfo_jobplanet.py:753} INFO - sql insert start
[2024-01-17T10:21:35.816+0000] {jobinfo_jobplanet.py:753} INFO - sql insert start
[2024-01-17T10:21:35.819+0000] {jobinfo_jobplanet.py:753} INFO - sql insert start
[2024-01-17T10:21:35.822+0000] {jobinfo_jobplanet.py:753} INFO - sql insert start
[2024-01-17T10:21:35.826+0000] {jobinfo_jobplanet.py:753} INFO - sql insert start
[2024-01-17T10:21:35.829+0000] {jobinfo_jobplanet.py:753} INFO - sql insert start
[2024-01-17T10:21:35.832+0000] {jobinfo_jobplanet.py:753} INFO - sql insert start
[2024-01-17T10:21:35.835+0000] {jobinfo_jobplanet.py:753} INFO - sql insert start
[2024-01-17T10:21:35.838+0000] {jobinfo_jobplanet.py:753} INFO - sql insert start
[2024-01-17T10:21:35.841+0000] {jobinfo_jobplanet.py:753} INFO - sql insert start
[2024-01-17T10:21:35.844+0000] {jobinfo_jobplanet.py:753} INFO - sql insert start
[2024-01-17T10:21:35.849+0000] {jobinfo_jobplanet.py:753} INFO - sql insert start
[2024-01-17T10:21:35.854+0000] {python.py:177} INFO - Done. Returned value was: None
[2024-01-17T10:21:35.863+0000] {taskinstance.py:1323} INFO - Marking task as SUCCESS. dag_id=jobinfo_jobplanet, task_id=s3_to_rds, execution_date=20240117T101816, start_date=20240117T102135, end_date=20240117T102135
[2024-01-17T10:21:35.889+0000] {local_task_job.py:208} INFO - Task exited with return code 0
[2024-01-17T10:21:35.904+0000] {taskinstance.py:2578} INFO - 0 downstream tasks scheduled from follow-on schedule check
