[2024-01-17T05:32:53.984+0000] {taskinstance.py:1083} INFO - Dependencies all met for <TaskInstance: jumpit_jobinfo.s3_to_rds manual__2024-01-17T05:32:38.908351+00:00 [queued]>
[2024-01-17T05:32:54.020+0000] {taskinstance.py:1083} INFO - Dependencies all met for <TaskInstance: jumpit_jobinfo.s3_to_rds manual__2024-01-17T05:32:38.908351+00:00 [queued]>
[2024-01-17T05:32:54.021+0000] {taskinstance.py:1279} INFO - 
--------------------------------------------------------------------------------
[2024-01-17T05:32:54.021+0000] {taskinstance.py:1280} INFO - Starting attempt 1 of 2
[2024-01-17T05:32:54.022+0000] {taskinstance.py:1281} INFO - 
--------------------------------------------------------------------------------
[2024-01-17T05:32:54.064+0000] {taskinstance.py:1300} INFO - Executing <Task(PythonOperator): s3_to_rds> on 2024-01-17 05:32:38.908351+00:00
[2024-01-17T05:32:54.077+0000] {standard_task_runner.py:55} INFO - Started process 27364 to run task
[2024-01-17T05:32:54.081+0000] {standard_task_runner.py:82} INFO - Running: ['***', 'tasks', 'run', 'jumpit_jobinfo', 's3_to_rds', 'manual__2024-01-17T05:32:38.908351+00:00', '--job-id', '4369', '--raw', '--subdir', 'DAGS_FOLDER/jobinfo_jumpit.py', '--cfg-path', '/tmp/tmp_ld3syct']
[2024-01-17T05:32:54.082+0000] {standard_task_runner.py:83} INFO - Job 4369: Subtask s3_to_rds
[2024-01-17T05:32:54.193+0000] {task_command.py:388} INFO - Running <TaskInstance: jumpit_jobinfo.s3_to_rds manual__2024-01-17T05:32:38.908351+00:00 [running]> on host 565f6bcc10b6
[2024-01-17T05:32:54.332+0000] {taskinstance.py:1509} INFO - Exporting the following env vars:
AIRFLOW_CTX_DAG_OWNER=***
AIRFLOW_CTX_DAG_ID=jumpit_jobinfo
AIRFLOW_CTX_TASK_ID=s3_to_rds
AIRFLOW_CTX_EXECUTION_DATE=2024-01-17T05:32:38.908351+00:00
AIRFLOW_CTX_TRY_NUMBER=1
AIRFLOW_CTX_DAG_RUN_ID=manual__2024-01-17T05:32:38.908351+00:00
[2024-01-17T05:32:54.341+0000] {base.py:73} INFO - Using connection ID 's3_conn' for task execution.
[2024-01-17T05:32:54.585+0000] {base.py:73} INFO - Using connection ID 'rds_conn' for task execution.
[2024-01-17T05:32:54.813+0000] {python.py:177} INFO - Done. Returned value was: None
[2024-01-17T05:32:54.830+0000] {taskinstance.py:1323} INFO - Marking task as SUCCESS. dag_id=jumpit_jobinfo, task_id=s3_to_rds, execution_date=20240117T053238, start_date=20240117T053253, end_date=20240117T053254
[2024-01-17T05:32:54.919+0000] {local_task_job.py:208} INFO - Task exited with return code 0
[2024-01-17T05:32:54.950+0000] {taskinstance.py:2578} INFO - 0 downstream tasks scheduled from follow-on schedule check
