[2024-01-13T10:53:51.326+0000] {taskinstance.py:1083} INFO - Dependencies all met for <TaskInstance: jobinfo_jobplanet.read_s3_file manual__2024-01-13T10:53:46.342093+00:00 [queued]>
[2024-01-13T10:53:51.335+0000] {taskinstance.py:1083} INFO - Dependencies all met for <TaskInstance: jobinfo_jobplanet.read_s3_file manual__2024-01-13T10:53:46.342093+00:00 [queued]>
[2024-01-13T10:53:51.336+0000] {taskinstance.py:1279} INFO - 
--------------------------------------------------------------------------------
[2024-01-13T10:53:51.336+0000] {taskinstance.py:1280} INFO - Starting attempt 1 of 1
[2024-01-13T10:53:51.336+0000] {taskinstance.py:1281} INFO - 
--------------------------------------------------------------------------------
[2024-01-13T10:53:51.354+0000] {taskinstance.py:1300} INFO - Executing <Task(PythonOperator): read_s3_file> on 2024-01-13 10:53:46.342093+00:00
[2024-01-13T10:53:51.367+0000] {standard_task_runner.py:55} INFO - Started process 2844 to run task
[2024-01-13T10:53:51.372+0000] {standard_task_runner.py:82} INFO - Running: ['***', 'tasks', 'run', 'jobinfo_jobplanet', 'read_s3_file', 'manual__2024-01-13T10:53:46.342093+00:00', '--job-id', '341', '--raw', '--subdir', 'DAGS_FOLDER/jobinfo_jobplanet.py', '--cfg-path', '/tmp/tmpgcus9px1']
[2024-01-13T10:53:51.373+0000] {standard_task_runner.py:83} INFO - Job 341: Subtask read_s3_file
[2024-01-13T10:53:51.592+0000] {task_command.py:388} INFO - Running <TaskInstance: jobinfo_jobplanet.read_s3_file manual__2024-01-13T10:53:46.342093+00:00 [running]> on host 9d92fdf7265b
[2024-01-13T10:53:51.677+0000] {taskinstance.py:1509} INFO - Exporting the following env vars:
AIRFLOW_CTX_DAG_OWNER=***
AIRFLOW_CTX_DAG_ID=jobinfo_jobplanet
AIRFLOW_CTX_TASK_ID=read_s3_file
AIRFLOW_CTX_EXECUTION_DATE=2024-01-13T10:53:46.342093+00:00
AIRFLOW_CTX_TRY_NUMBER=1
AIRFLOW_CTX_DAG_RUN_ID=manual__2024-01-13T10:53:46.342093+00:00
[2024-01-13T10:53:51.831+0000] {python.py:177} INFO - Done. Returned value was: ['path/in/s3/bucket/jobinfo_jumpit.csv', 'path/in/s3/bucket/jobinfo_jumpit_v2.csv']
[2024-01-13T10:53:51.874+0000] {taskinstance.py:1323} INFO - Marking task as SUCCESS. dag_id=jobinfo_jobplanet, task_id=read_s3_file, execution_date=20240113T105346, start_date=20240113T105351, end_date=20240113T105351
[2024-01-13T10:53:51.946+0000] {local_task_job.py:208} INFO - Task exited with return code 0
[2024-01-13T10:53:52.309+0000] {taskinstance.py:2578} INFO - 1 downstream tasks scheduled from follow-on schedule check
