[2024-01-13T01:53:04.598+0000] {taskinstance.py:1083} INFO - Dependencies all met for <TaskInstance: jobinfo_jobplanet.read_s3_file scheduled__2024-01-10T00:00:00+00:00 [queued]>
[2024-01-13T01:53:04.635+0000] {taskinstance.py:1083} INFO - Dependencies all met for <TaskInstance: jobinfo_jobplanet.read_s3_file scheduled__2024-01-10T00:00:00+00:00 [queued]>
[2024-01-13T01:53:04.635+0000] {taskinstance.py:1279} INFO - 
--------------------------------------------------------------------------------
[2024-01-13T01:53:04.635+0000] {taskinstance.py:1280} INFO - Starting attempt 1 of 1
[2024-01-13T01:53:04.635+0000] {taskinstance.py:1281} INFO - 
--------------------------------------------------------------------------------
[2024-01-13T01:53:04.694+0000] {taskinstance.py:1300} INFO - Executing <Task(PythonOperator): read_s3_file> on 2024-01-10 00:00:00+00:00
[2024-01-13T01:53:04.699+0000] {standard_task_runner.py:55} INFO - Started process 457 to run task
[2024-01-13T01:53:04.706+0000] {standard_task_runner.py:82} INFO - Running: ['***', 'tasks', 'run', 'jobinfo_jobplanet', 'read_s3_file', 'scheduled__2024-01-10T00:00:00+00:00', '--job-id', '46', '--raw', '--subdir', 'DAGS_FOLDER/jobinfo_jobplanet.py', '--cfg-path', '/tmp/tmpu0of7_q_']
[2024-01-13T01:53:04.707+0000] {standard_task_runner.py:83} INFO - Job 46: Subtask read_s3_file
[2024-01-13T01:53:05.449+0000] {task_command.py:388} INFO - Running <TaskInstance: jobinfo_jobplanet.read_s3_file scheduled__2024-01-10T00:00:00+00:00 [running]> on host 9efe593e960f
[2024-01-13T01:53:05.684+0000] {taskinstance.py:1509} INFO - Exporting the following env vars:
AIRFLOW_CTX_DAG_OWNER=***
AIRFLOW_CTX_DAG_ID=jobinfo_jobplanet
AIRFLOW_CTX_TASK_ID=read_s3_file
AIRFLOW_CTX_EXECUTION_DATE=2024-01-10T00:00:00+00:00
AIRFLOW_CTX_TRY_NUMBER=1
AIRFLOW_CTX_DAG_RUN_ID=scheduled__2024-01-10T00:00:00+00:00
[2024-01-13T01:53:05.927+0000] {python.py:177} INFO - Done. Returned value was: ['path/in/s3/bucket/jobinfo_jumpit.csv', 'path/in/s3/bucket/jobinfo_jumpit_v2.csv']
[2024-01-13T01:53:05.967+0000] {taskinstance.py:1323} INFO - Marking task as SUCCESS. dag_id=jobinfo_jobplanet, task_id=read_s3_file, execution_date=20240110T000000, start_date=20240113T015304, end_date=20240113T015305
[2024-01-13T01:53:06.042+0000] {local_task_job.py:208} INFO - Task exited with return code 0
[2024-01-13T01:53:06.303+0000] {taskinstance.py:2578} INFO - 1 downstream tasks scheduled from follow-on schedule check
[2024-01-13T07:16:45.046+0000] {taskinstance.py:1083} INFO - Dependencies all met for <TaskInstance: jobinfo_jobplanet.read_s3_file scheduled__2024-01-10T00:00:00+00:00 [queued]>
[2024-01-13T07:16:45.069+0000] {taskinstance.py:1083} INFO - Dependencies all met for <TaskInstance: jobinfo_jobplanet.read_s3_file scheduled__2024-01-10T00:00:00+00:00 [queued]>
[2024-01-13T07:16:45.069+0000] {taskinstance.py:1279} INFO - 
--------------------------------------------------------------------------------
[2024-01-13T07:16:45.069+0000] {taskinstance.py:1280} INFO - Starting attempt 1 of 1
[2024-01-13T07:16:45.070+0000] {taskinstance.py:1281} INFO - 
--------------------------------------------------------------------------------
[2024-01-13T07:16:45.089+0000] {taskinstance.py:1300} INFO - Executing <Task(PythonOperator): read_s3_file> on 2024-01-10 00:00:00+00:00
[2024-01-13T07:16:45.096+0000] {standard_task_runner.py:55} INFO - Started process 340 to run task
[2024-01-13T07:16:45.098+0000] {standard_task_runner.py:82} INFO - Running: ['***', 'tasks', 'run', 'jobinfo_jobplanet', 'read_s3_file', 'scheduled__2024-01-10T00:00:00+00:00', '--job-id', '260', '--raw', '--subdir', 'DAGS_FOLDER/jobinfo_jobplanet.py', '--cfg-path', '/tmp/tmpnaffi72f']
[2024-01-13T07:16:45.099+0000] {standard_task_runner.py:83} INFO - Job 260: Subtask read_s3_file
[2024-01-13T07:16:45.386+0000] {task_command.py:388} INFO - Running <TaskInstance: jobinfo_jobplanet.read_s3_file scheduled__2024-01-10T00:00:00+00:00 [running]> on host ae96a963b918
[2024-01-13T07:16:45.466+0000] {taskinstance.py:1509} INFO - Exporting the following env vars:
AIRFLOW_CTX_DAG_OWNER=***
AIRFLOW_CTX_DAG_ID=jobinfo_jobplanet
AIRFLOW_CTX_TASK_ID=read_s3_file
AIRFLOW_CTX_EXECUTION_DATE=2024-01-10T00:00:00+00:00
AIRFLOW_CTX_TRY_NUMBER=1
AIRFLOW_CTX_DAG_RUN_ID=scheduled__2024-01-10T00:00:00+00:00
[2024-01-13T07:16:45.644+0000] {python.py:177} INFO - Done. Returned value was: ['path/in/s3/bucket/jobinfo_jumpit.csv', 'path/in/s3/bucket/jobinfo_jumpit_v2.csv']
[2024-01-13T07:16:45.677+0000] {taskinstance.py:1323} INFO - Marking task as SUCCESS. dag_id=jobinfo_jobplanet, task_id=read_s3_file, execution_date=20240110T000000, start_date=20240113T071645, end_date=20240113T071645
[2024-01-13T07:16:45.725+0000] {local_task_job.py:208} INFO - Task exited with return code 0
[2024-01-13T07:16:46.076+0000] {taskinstance.py:2578} INFO - 1 downstream tasks scheduled from follow-on schedule check
